2025-05-07 14:26:51,828 - INFO - [logger.py:31] - === Démarrage de Destiny Hub ===
2025-05-07 14:26:51,828 - INFO - [logger.py:32] - Version Python: 3.11.6 (tags/v3.11.6:8b6ee5b, Oct  2 2023, 14:57:12) [MSC v.1935 64 bit (AMD64)]
2025-05-07 14:26:51,829 - INFO - [logger.py:33] - Système d'exploitation: win32
2025-05-07 14:26:51,829 - INFO - [logger.py:34] - Fichier de log créé: logs/destiny_hub_20250507_142651.log
2025-05-07 14:26:51,829 - INFO - [logger.py:55] - === Informations Système ===
2025-05-07 14:26:51,830 - INFO - [logger.py:56] - OS: Windows 10
2025-05-07 14:26:51,848 - INFO - [logger.py:57] - Architecture: AMD64
2025-05-07 14:26:51,850 - INFO - [logger.py:58] - Processeur: AMD64 Family 25 Model 68 Stepping 1, AuthenticAMD
2025-05-07 14:26:51,861 - INFO - [logger.py:62] - Mémoire totale: 31.25 GB
2025-05-07 14:26:51,862 - INFO - [logger.py:63] - Mémoire disponible: 16.35 GB
2025-05-07 14:26:51,862 - INFO - [logger.py:64] - Utilisation mémoire: 47.7%
2025-05-07 14:26:51,863 - INFO - [logger.py:68] - Espace disque total: 952.48 GB
2025-05-07 14:26:51,864 - INFO - [logger.py:69] - Espace disque libre: 219.92 GB
2025-05-07 14:26:51,864 - INFO - [logger.py:70] - Utilisation disque: 76.9%
2025-05-07 14:26:51,864 - INFO - [logger.py:77] - === Vérification de l'environnement ===
2025-05-07 14:26:51,866 - INFO - [logger.py:93] - ✓ BUNGIE_API_KEY trouvée
2025-05-07 14:26:51,866 - DEBUG - [logger.py:94] - Longueur de BUNGIE_API_KEY: 32
2025-05-07 14:26:51,868 - ERROR - [logger.py:96] - ✗ CLIENT_ID non trouvée dans .env
2025-05-07 14:26:51,868 - ERROR - [logger.py:96] - ✗ CLIENT_SECRET non trouvée dans .env
2025-05-07 14:26:51,868 - INFO - [logger.py:105] - === Vérification des dépendances ===
2025-05-07 14:26:51,868 - INFO - [logger.py:119] - ✓ PyQt6 version: Version inconnue
2025-05-07 14:26:51,868 - INFO - [logger.py:119] - ✓ requests version: 2.32.3
2025-05-07 14:26:51,868 - INFO - [logger.py:119] - ✓ python-dotenv version: Version inconnue
2025-05-07 14:26:51,868 - INFO - [logger.py:119] - ✓ psutil version: 5.9.5
2025-05-07 14:26:51,869 - INFO - [logger.py:119] - ✓ beautifulsoup4 version: 4.13.4
2025-05-07 14:26:51,869 - INFO - [logger.py:126] - === Vérification des fichiers ===
2025-05-07 14:26:51,869 - INFO - [logger.py:148] - ✓ .env trouvé (Configuration)
2025-05-07 14:26:51,869 - INFO - [logger.py:148] - ✓ main.py trouvé (Point d'entrée)
2025-05-07 14:26:51,870 - INFO - [logger.py:148] - ✓ requirements.txt trouvé (Dépendances)
2025-05-07 14:26:51,870 - DEBUG - [logger.py:173] - === Contenu de requirements.txt ===
2025-05-07 14:26:51,872 - DEBUG - [logger.py:177] - - requests==2.31.0
2025-05-07 14:26:51,872 - DEBUG - [logger.py:177] - - customtkinter==5.2.1
2025-05-07 14:26:51,872 - DEBUG - [logger.py:177] - - pillow==10.2.0
2025-05-07 14:26:51,872 - DEBUG - [logger.py:177] - - python-dotenv==1.0.0
2025-05-07 14:26:51,873 - INFO - [logger.py:158] - ✓ Dossier ui trouvé (Interface utilisateur) - 4 fichiers
2025-05-07 14:26:51,873 - DEBUG - [logger.py:159] - Contenu de ui: main_window.py, pages, styles.py, __pycache__
2025-05-07 14:26:51,873 - INFO - [logger.py:158] - ✓ Dossier ui/pages trouvé (Pages de l'interface) - 5 fichiers
2025-05-07 14:26:51,873 - DEBUG - [logger.py:159] - Contenu de ui/pages: account_page.py, equipment_page.py, meta_page.py, missions_page.py, __pycache__
2025-05-07 14:26:51,873 - INFO - [logger.py:158] - ✓ Dossier api trouvé (API Bungie) - 3 fichiers
2025-05-07 14:26:51,875 - DEBUG - [logger.py:159] - Contenu de api: bungie_client.py, oauth_handler.py, __pycache__
2025-05-07 14:26:51,875 - INFO - [logger.py:158] - ✓ Dossier utils trouvé (Utilitaires) - 3 fichiers
2025-05-07 14:26:51,875 - DEBUG - [logger.py:159] - Contenu de utils: config.py, logger.py, __pycache__
2025-05-07 14:26:51,876 - INFO - [logger.py:158] - ✓ Dossier data trouvé (Données) - 4 fichiers
2025-05-07 14:26:51,876 - DEBUG - [logger.py:159] - Contenu de data: account.json, full_account.json, icons, profile_data.json
2025-05-07 14:26:51,876 - INFO - [logger.py:158] - ✓ Dossier icons trouvé (Icônes) - 70 fichiers
2025-05-07 14:26:51,877 - DEBUG - [logger.py:159] - Contenu de icons: 1003860281.png, 1183187516.png, 1197771438.png, 129332559.png, 1320342774.png, 1457394908.png, 1484009400.png, 1522633034.png, 152583919.png, 1533314821.png, 1616346845.png, 1762785662.png, 1896309757.png, 1907110519.png, 1911060537.png, 1958630864.png, 2012043039.png, 2134769653.png, 2151724216.png, 2185244404.png, 2190967049.png, 2198166292.png, 2286507447.png, 241462142.png, 2441435355.png, 2550323932.png, 2591586261.png, 2629014079.png, 266021826.png, 2738060683.png, 2741258862.png, 2742930797.png, 2763843898.png, 2783831726.png, 2809120022.png, 2827764482.png, 287888126.png, 2907129557.png, 2949538030.png, 2962546549.png, 3001229473.png, 3158812152.png, 3183180185.png, 3264721770.png, 331602521.png, 3434301337.png, 3569802112.png, 3628991658.png, 3733702440.png, 3797572280.png, 3828080585.png, 3844610113.png, 3906357376.png, 3947966653.png, 4026763349.png, 4062934448.png, 4146702548.png, 4282591831.png, 4293588774.png, 431721920.png, 537041732.png, 557165046.png, 568611923.png, 643145875.png, 788073488.png, 810612804.png, 814876685.png, 952431286.png, 991314988.png, spectre.gif
2025-05-07 14:26:51,878 - INFO - [logger.py:158] - ✓ Dossier logs trouvé (Fichiers de log) - 52 fichiers
2025-05-07 14:26:51,878 - DEBUG - [logger.py:159] - Contenu de logs: destiny_hub_20250417_090308.log, destiny_hub_20250417_090501.log, destiny_hub_20250417_091449.log, destiny_hub_20250417_091744.log, destiny_hub_20250417_092047.log, destiny_hub_20250417_092453.log, destiny_hub_20250417_093036.log, destiny_hub_20250417_093355.log, destiny_hub_20250417_093518.log, destiny_hub_20250417_093701.log, destiny_hub_20250417_094459.log, destiny_hub_20250417_094915.log, destiny_hub_20250417_095450.log, destiny_hub_20250417_095800.log, destiny_hub_20250417_100013.log, destiny_hub_20250417_101050.log, destiny_hub_20250417_101112.log, destiny_hub_20250417_101728.log, destiny_hub_20250417_101938.log, destiny_hub_20250417_102126.log, destiny_hub_20250417_102514.log, destiny_hub_20250417_102736.log, destiny_hub_20250417_103000.log, destiny_hub_20250417_103209.log, destiny_hub_20250417_103307.log, destiny_hub_20250417_103545.log, destiny_hub_20250507_114434.log, destiny_hub_20250507_114815.log, destiny_hub_20250507_114838.log, destiny_hub_20250507_115102.log, destiny_hub_20250507_115217.log, destiny_hub_20250507_135035.log, destiny_hub_20250507_135311.log, destiny_hub_20250507_135523.log, destiny_hub_20250507_135724.log, destiny_hub_20250507_135955.log, destiny_hub_20250507_140048.log, destiny_hub_20250507_140128.log, destiny_hub_20250507_140251.log, destiny_hub_20250507_140627.log, destiny_hub_20250507_140642.log, destiny_hub_20250507_140654.log, destiny_hub_20250507_141253.log, destiny_hub_20250507_141602.log, destiny_hub_20250507_141617.log, destiny_hub_20250507_141823.log, destiny_hub_20250507_142031.log, destiny_hub_20250507_142224.log, destiny_hub_20250507_142429.log, destiny_hub_20250507_142436.log, destiny_hub_20250507_142454.log, destiny_hub_20250507_142651.log
2025-05-07 14:26:51,881 - INFO - [logger.py:158] - ✓ Dossier cache trouvé (Cache des images) - 0 fichiers
2025-05-07 14:26:51,881 - DEBUG - [logger.py:159] - Contenu de cache: 
2025-05-07 14:26:51,923 - INFO - [main_window.py:17] - === Initialisation de la fenêtre principale ===
2025-05-07 14:26:51,923 - INFO - [main_window.py:32] - Configuration de l'interface utilisateur
2025-05-07 14:26:51,932 - DEBUG - [main_window.py:110] - Création des pages...
2025-05-07 14:26:51,945 - DEBUG - [main_window.py:112] - ✓ Page compte créée
2025-05-07 14:26:51,989 - INFO - [equipment_page.py:199] - === Chargement des personnages ===
2025-05-07 14:26:51,995 - DEBUG - [connectionpool.py:1049] - Starting new HTTPS connection (1): www.bungie.net:443
2025-05-07 14:26:55,362 - DEBUG - [connectionpool.py:544] - https://www.bungie.net:443 "GET /Platform/Destiny2/3/Profile/4611686018536948250/?components=200%2C205 HTTP/1.1" 200 2459
2025-05-07 14:26:55,386 - INFO - [equipment_page.py:384] - Changement de personnage vers ID: 2305843010596444327
2025-05-07 14:26:55,389 - DEBUG - [connectionpool.py:1049] - Starting new HTTPS connection (1): www.bungie.net:443
2025-05-07 14:26:56,373 - DEBUG - [connectionpool.py:544] - https://www.bungie.net:443 "GET /Platform/Destiny2/3/Profile/4611686018536948250/?components=200 HTTP/1.1" 200 990
2025-05-07 14:26:56,375 - INFO - [equipment_page.py:415] - Lumière mise à jour pour le nouveau personnage: 2018
2025-05-07 14:26:56,375 - INFO - [equipment_page.py:254] - === Chargement de l'équipement pour le personnage 2305843010596444327 ===
2025-05-07 14:26:56,378 - DEBUG - [connectionpool.py:1049] - Starting new HTTPS connection (1): www.bungie.net:443
2025-05-07 14:26:57,321 - DEBUG - [connectionpool.py:544] - https://www.bungie.net:443 "GET /Platform/Destiny2/3/Profile/4611686018536948250/Character/2305843010596444327/?components=205%2C300%2C302 HTTP/1.1" 200 3058
2025-05-07 14:26:57,324 - INFO - [equipment_page.py:309] - === Affichage de l'équipement ===
2025-05-07 14:26:57,326 - DEBUG - [connectionpool.py:1049] - Starting new HTTPS connection (1): www.bungie.net:443
2025-05-07 14:26:57,587 - DEBUG - [connectionpool.py:544] - https://www.bungie.net:443 "GET /Platform/Destiny2/Manifest/DestinyInventoryItemDefinition/2763843898/ HTTP/1.1" 200 3859
2025-05-07 14:26:57,615 - DEBUG - [connectionpool.py:1049] - Starting new HTTPS connection (1): www.bungie.net:443
2025-05-07 14:26:57,909 - DEBUG - [connectionpool.py:544] - https://www.bungie.net:443 "GET /Platform/Destiny2/Manifest/DestinyInventoryItemDefinition/814876685/ HTTP/1.1" 200 2386
2025-05-07 14:26:57,914 - DEBUG - [connectionpool.py:1049] - Starting new HTTPS connection (1): www.bungie.net:443
2025-05-07 14:26:58,184 - DEBUG - [connectionpool.py:544] - https://www.bungie.net:443 "GET /Platform/Destiny2/Manifest/DestinyInventoryItemDefinition/1896309757/ HTTP/1.1" 200 3821
2025-05-07 14:26:58,188 - DEBUG - [connectionpool.py:1049] - Starting new HTTPS connection (1): www.bungie.net:443
2025-05-07 14:26:58,435 - DEBUG - [connectionpool.py:544] - https://www.bungie.net:443 "GET /Platform/Destiny2/Manifest/DestinyInventoryItemDefinition/2134769653/ HTTP/1.1" 200 2578
2025-05-07 14:26:58,440 - DEBUG - [connectionpool.py:1049] - Starting new HTTPS connection (1): www.bungie.net:443
2025-05-07 14:26:58,697 - DEBUG - [connectionpool.py:544] - https://www.bungie.net:443 "GET /Platform/Destiny2/Manifest/DestinyInventoryItemDefinition/810612804/ HTTP/1.1" 200 2584
2025-05-07 14:26:58,701 - DEBUG - [connectionpool.py:1049] - Starting new HTTPS connection (1): www.bungie.net:443
2025-05-07 14:26:59,041 - DEBUG - [connectionpool.py:544] - https://www.bungie.net:443 "GET /Platform/Destiny2/Manifest/DestinyInventoryItemDefinition/1183187516/ HTTP/1.1" 200 2582
2025-05-07 14:26:59,046 - DEBUG - [connectionpool.py:1049] - Starting new HTTPS connection (1): www.bungie.net:443
2025-05-07 14:26:59,314 - DEBUG - [connectionpool.py:544] - https://www.bungie.net:443 "GET /Platform/Destiny2/Manifest/DestinyInventoryItemDefinition/2741258862/ HTTP/1.1" 200 2583
2025-05-07 14:26:59,319 - DEBUG - [connectionpool.py:1049] - Starting new HTTPS connection (1): www.bungie.net:443
2025-05-07 14:26:59,572 - DEBUG - [connectionpool.py:544] - https://www.bungie.net:443 "GET /Platform/Destiny2/Manifest/DestinyInventoryItemDefinition/266021826/ HTTP/1.1" 200 2348
2025-05-07 14:26:59,576 - INFO - [equipment_page.py:356] - Affichage terminé - 3 armes, 5 pièces d'armure
2025-05-07 14:26:59,577 - INFO - [equipment_page.py:254] - === Chargement de l'équipement pour le personnage 2305843010596444327 ===
2025-05-07 14:26:59,579 - DEBUG - [connectionpool.py:1049] - Starting new HTTPS connection (1): www.bungie.net:443
2025-05-07 14:26:59,658 - DEBUG - [connectionpool.py:544] - https://www.bungie.net:443 "GET /Platform/Destiny2/3/Profile/4611686018536948250/Character/2305843010596444327/?components=205%2C300%2C302 HTTP/1.1" 200 3058
2025-05-07 14:26:59,660 - INFO - [equipment_page.py:309] - === Affichage de l'équipement ===
2025-05-07 14:26:59,662 - DEBUG - [connectionpool.py:1049] - Starting new HTTPS connection (1): www.bungie.net:443
2025-05-07 14:26:59,748 - DEBUG - [connectionpool.py:544] - https://www.bungie.net:443 "GET /Platform/Destiny2/Manifest/DestinyInventoryItemDefinition/2763843898/ HTTP/1.1" 200 3859
2025-05-07 14:26:59,751 - DEBUG - [connectionpool.py:1049] - Starting new HTTPS connection (1): www.bungie.net:443
2025-05-07 14:26:59,841 - DEBUG - [connectionpool.py:544] - https://www.bungie.net:443 "GET /Platform/Destiny2/Manifest/DestinyInventoryItemDefinition/814876685/ HTTP/1.1" 200 2386
2025-05-07 14:26:59,845 - DEBUG - [connectionpool.py:1049] - Starting new HTTPS connection (1): www.bungie.net:443
2025-05-07 14:26:59,926 - DEBUG - [connectionpool.py:544] - https://www.bungie.net:443 "GET /Platform/Destiny2/Manifest/DestinyInventoryItemDefinition/1896309757/ HTTP/1.1" 200 3821
2025-05-07 14:26:59,930 - DEBUG - [connectionpool.py:1049] - Starting new HTTPS connection (1): www.bungie.net:443
2025-05-07 14:27:00,018 - DEBUG - [connectionpool.py:544] - https://www.bungie.net:443 "GET /Platform/Destiny2/Manifest/DestinyInventoryItemDefinition/2134769653/ HTTP/1.1" 200 2578
2025-05-07 14:27:00,022 - DEBUG - [connectionpool.py:1049] - Starting new HTTPS connection (1): www.bungie.net:443
2025-05-07 14:27:00,102 - DEBUG - [connectionpool.py:544] - https://www.bungie.net:443 "GET /Platform/Destiny2/Manifest/DestinyInventoryItemDefinition/810612804/ HTTP/1.1" 200 2584
2025-05-07 14:27:00,106 - DEBUG - [connectionpool.py:1049] - Starting new HTTPS connection (1): www.bungie.net:443
2025-05-07 14:27:00,198 - DEBUG - [connectionpool.py:544] - https://www.bungie.net:443 "GET /Platform/Destiny2/Manifest/DestinyInventoryItemDefinition/1183187516/ HTTP/1.1" 200 2582
2025-05-07 14:27:00,202 - DEBUG - [connectionpool.py:1049] - Starting new HTTPS connection (1): www.bungie.net:443
2025-05-07 14:27:00,290 - DEBUG - [connectionpool.py:544] - https://www.bungie.net:443 "GET /Platform/Destiny2/Manifest/DestinyInventoryItemDefinition/2741258862/ HTTP/1.1" 200 2583
2025-05-07 14:27:00,293 - DEBUG - [connectionpool.py:1049] - Starting new HTTPS connection (1): www.bungie.net:443
2025-05-07 14:27:00,394 - DEBUG - [connectionpool.py:544] - https://www.bungie.net:443 "GET /Platform/Destiny2/Manifest/DestinyInventoryItemDefinition/266021826/ HTTP/1.1" 200 2348
2025-05-07 14:27:00,397 - INFO - [equipment_page.py:356] - Affichage terminé - 3 armes, 5 pièces d'armure
2025-05-07 14:27:00,398 - DEBUG - [main_window.py:115] - ✓ Page équipement créée
2025-05-07 14:27:00,400 - DEBUG - [main_window.py:118] - ✓ Page missions créée
2025-05-07 14:27:00,405 - DEBUG - [main_window.py:121] - ✓ Page meta créée
2025-05-07 14:27:00,408 - INFO - [meta_page.py:28] - === Début du scraping des armes meta ===
2025-05-07 14:27:00,409 - INFO - [main_window.py:134] - ✅ Pages ajoutées avec succès
2025-05-07 14:27:00,409 - INFO - [meta_page.py:41] - === Début de l'extraction avec authentification manuelle ===
2025-05-07 14:27:00,409 - INFO - [main_window.py:141] - Configuration de la barre de statut
2025-05-07 14:27:00,411 - INFO - [main_window.py:154] - ✅ Barre de statut configurée
2025-05-07 14:27:00,411 - INFO - [main_window.py:160] - Application des styles
2025-05-07 14:27:00,422 - INFO - [main_window.py:165] - ✅ Styles appliqués
2025-05-07 14:27:00,423 - INFO - [main_window.py:26] - ✅ Interface principale initialisée avec succès
2025-05-07 14:27:00,518 - DEBUG - [selenium_manager.py:101] - Selenium Manager binary found at: C:\Users\perio\AppData\Local\Programs\Python\Python311\Lib\site-packages\selenium\webdriver\common\windows\selenium-manager.exe
2025-05-07 14:27:00,519 - DEBUG - [selenium_manager.py:114] - Executing process: C:\Users\perio\AppData\Local\Programs\Python\Python311\Lib\site-packages\selenium\webdriver\common\windows\selenium-manager.exe --browser chrome --debug --language-binding python --output json
2025-05-07 14:27:00,963 - DEBUG - [selenium_manager.py:140] - chromedriver not found in PATH
2025-05-07 14:27:00,964 - DEBUG - [selenium_manager.py:140] - chrome detected at C:\Program Files\Google\Chrome\Application\chrome.exe
2025-05-07 14:27:00,964 - DEBUG - [selenium_manager.py:140] - Running command: wmic datafile where name='C:\\Program Files\\Google\\Chrome\\Application\\chrome.exe' get Version /value
2025-05-07 14:27:00,964 - DEBUG - [selenium_manager.py:140] - Output: "\r\r\n\r\r\nVersion=136.0.7103.93\r\r\n\r\r\n\r\r\n\r"
2025-05-07 14:27:00,965 - DEBUG - [selenium_manager.py:140] - Detected browser: chrome 136.0.7103.93
2025-05-07 14:27:00,965 - DEBUG - [selenium_manager.py:140] - Required driver: chromedriver 136.0.7103.92
2025-05-07 14:27:00,965 - DEBUG - [selenium_manager.py:140] - chromedriver 136.0.7103.92 already in the cache
2025-05-07 14:27:00,966 - DEBUG - [selenium_manager.py:140] - Driver path: C:\Users\perio\.cache\selenium\chromedriver\win64\136.0.7103.92\chromedriver.exe
2025-05-07 14:27:00,966 - DEBUG - [selenium_manager.py:140] - Browser path: C:\Program Files\Google\Chrome\Application\chrome.exe
2025-05-07 14:27:00,975 - DEBUG - [service.py:231] - Started executable: `C:\Users\perio\.cache\selenium\chromedriver\win64\136.0.7103.92\chromedriver.exe` in a child process with pid: 27680 using 0 to output -3
2025-05-07 14:27:01,485 - DEBUG - [remote_connection.py:403] - POST http://localhost:64479/session {'capabilities': {'firstMatch': [{}], 'alwaysMatch': {'browserName': 'chrome', 'pageLoadStrategy': <PageLoadStrategy.normal: 'normal'>, 'browserVersion': None, 'goog:chromeOptions': {'excludeSwitches': ['enable-automation'], 'useAutomationExtension': False, 'extensions': [], 'binary': 'C:\\Program Files\\Google\\Chrome\\Application\\chrome.exe', 'args': ['--start-maximized', '--disable-blink-features=AutomationControlled']}}}}
2025-05-07 14:27:01,486 - DEBUG - [connectionpool.py:241] - Starting new HTTP connection (1): localhost:64479
2025-05-07 14:27:01,572 - INFO - [main_window.py:171] - Changement de page vers l'index 1
2025-05-07 14:27:01,575 - DEBUG - [main_window.py:178] - ✓ Page changée avec succès vers 1
2025-05-07 14:27:02,176 - DEBUG - [connectionpool.py:544] - http://localhost:64479 "POST /session HTTP/1.1" 200 0
2025-05-07 14:27:02,177 - DEBUG - [remote_connection.py:436] - Remote response: status=200 | data={"value":{"capabilities":{"acceptInsecureCerts":false,"browserName":"chrome","browserVersion":"136.0.7103.93","chrome":{"chromedriverVersion":"136.0.7103.92 (cb81a4cc5087a8303a6c8827ee2b80b71d26e334-refs/branch-heads/7103@{#1840})","userDataDir":"C:\\Users\\perio\\AppData\\Local\\Temp\\scoped_dir27680_1983077299"},"fedcm:accounts":true,"goog:chromeOptions":{"debuggerAddress":"localhost:64482"},"networkConnectionEnabled":false,"pageLoadStrategy":"normal","platformName":"windows","proxy":{},"setWindowRect":true,"strictFileInteractability":false,"timeouts":{"implicit":0,"pageLoad":300000,"script":30000},"unhandledPromptBehavior":"dismiss and notify","webauthn:extension:credBlob":true,"webauthn:extension:largeBlob":true,"webauthn:extension:minPinLength":true,"webauthn:extension:prf":true,"webauthn:virtualAuthenticators":true},"sessionId":"3bf1a36ae754ddb88c04f0c888515a61"}} | headers=HTTPHeaderDict({'Content-Length': '882', 'Content-Type': 'application/json; charset=utf-8', 'cache-control': 'no-cache'})
2025-05-07 14:27:02,177 - DEBUG - [remote_connection.py:465] - Finished Request
2025-05-07 14:27:02,178 - DEBUG - [remote_connection.py:403] - GET http://localhost:64479/session/3bf1a36ae754ddb88c04f0c888515a61/url {}
2025-05-07 14:27:02,186 - DEBUG - [connectionpool.py:544] - http://localhost:64479 "GET /session/3bf1a36ae754ddb88c04f0c888515a61/url HTTP/1.1" 200 0
2025-05-07 14:27:02,187 - DEBUG - [remote_connection.py:436] - Remote response: status=200 | data={"value":"data:,"} | headers=HTTPHeaderDict({'Content-Length': '18', 'Content-Type': 'application/json; charset=utf-8', 'cache-control': 'no-cache'})
2025-05-07 14:27:02,187 - DEBUG - [remote_connection.py:465] - Finished Request
2025-05-07 14:27:03,604 - INFO - [equipment_page.py:384] - Changement de personnage vers ID: 2305843010696344032
2025-05-07 14:27:03,607 - DEBUG - [connectionpool.py:1049] - Starting new HTTPS connection (1): www.bungie.net:443
2025-05-07 14:27:03,686 - DEBUG - [connectionpool.py:544] - https://www.bungie.net:443 "GET /Platform/Destiny2/3/Profile/4611686018536948250/?components=200 HTTP/1.1" 200 990
2025-05-07 14:27:03,688 - INFO - [equipment_page.py:415] - Lumière mise à jour pour le nouveau personnage: 2017
2025-05-07 14:27:03,689 - INFO - [equipment_page.py:254] - === Chargement de l'équipement pour le personnage 2305843010696344032 ===
2025-05-07 14:27:03,691 - DEBUG - [connectionpool.py:1049] - Starting new HTTPS connection (1): www.bungie.net:443
2025-05-07 14:27:03,967 - DEBUG - [connectionpool.py:544] - https://www.bungie.net:443 "GET /Platform/Destiny2/3/Profile/4611686018536948250/Character/2305843010696344032/?components=205%2C300%2C302 HTTP/1.1" 200 3027
2025-05-07 14:27:03,969 - INFO - [equipment_page.py:309] - === Affichage de l'équipement ===
2025-05-07 14:27:03,971 - DEBUG - [connectionpool.py:1049] - Starting new HTTPS connection (1): www.bungie.net:443
2025-05-07 14:27:04,701 - DEBUG - [connectionpool.py:544] - https://www.bungie.net:443 "GET /Platform/Destiny2/Manifest/DestinyInventoryItemDefinition/557165046/ HTTP/1.1" 200 3896
2025-05-07 14:27:04,705 - DEBUG - [connectionpool.py:1049] - Starting new HTTPS connection (1): www.bungie.net:443
2025-05-07 14:27:04,969 - DEBUG - [connectionpool.py:544] - https://www.bungie.net:443 "GET /Platform/Destiny2/Manifest/DestinyInventoryItemDefinition/2907129557/ HTTP/1.1" 200 2549
2025-05-07 14:27:04,974 - DEBUG - [connectionpool.py:1049] - Starting new HTTPS connection (1): www.bungie.net:443
2025-05-07 14:27:05,715 - DEBUG - [connectionpool.py:544] - https://www.bungie.net:443 "GET /Platform/Destiny2/Manifest/DestinyInventoryItemDefinition/568611923/ HTTP/1.1" 200 3763
2025-05-07 14:27:05,719 - DEBUG - [connectionpool.py:1049] - Starting new HTTPS connection (1): www.bungie.net:443
2025-05-07 14:27:05,996 - DEBUG - [connectionpool.py:544] - https://www.bungie.net:443 "GET /Platform/Destiny2/Manifest/DestinyInventoryItemDefinition/2783831726/ HTTP/1.1" 200 2623
2025-05-07 14:27:06,002 - DEBUG - [connectionpool.py:1049] - Starting new HTTPS connection (1): www.bungie.net:443
2025-05-07 14:27:06,732 - DEBUG - [connectionpool.py:544] - https://www.bungie.net:443 "GET /Platform/Destiny2/Manifest/DestinyInventoryItemDefinition/287888126/ HTTP/1.1" 200 2639
2025-05-07 14:27:06,738 - DEBUG - [connectionpool.py:1049] - Starting new HTTPS connection (1): www.bungie.net:443
2025-05-07 14:27:07,006 - DEBUG - [connectionpool.py:544] - https://www.bungie.net:443 "GET /Platform/Destiny2/Manifest/DestinyInventoryItemDefinition/331602521/ HTTP/1.1" 200 2629
2025-05-07 14:27:07,011 - DEBUG - [connectionpool.py:1049] - Starting new HTTPS connection (1): www.bungie.net:443
2025-05-07 14:27:07,762 - DEBUG - [connectionpool.py:544] - https://www.bungie.net:443 "GET /Platform/Destiny2/Manifest/DestinyInventoryItemDefinition/3264721770/ HTTP/1.1" 200 2610
2025-05-07 14:27:07,768 - DEBUG - [connectionpool.py:1049] - Starting new HTTPS connection (1): www.bungie.net:443
2025-05-07 14:27:07,865 - DEBUG - [connectionpool.py:544] - https://www.bungie.net:443 "GET /Platform/Destiny2/Manifest/DestinyInventoryItemDefinition/266021826/ HTTP/1.1" 200 2348
2025-05-07 14:27:07,868 - INFO - [equipment_page.py:356] - Affichage terminé - 3 armes, 5 pièces d'armure
2025-05-07 14:27:17,189 - DEBUG - [remote_connection.py:403] - POST http://localhost:64479/session/3bf1a36ae754ddb88c04f0c888515a61/execute/sync {'script': "\n                    return Array.from(document.querySelectorAll('.weapon-name')).map(el => ({\n     ...", 'args': []}
2025-05-07 14:27:17,195 - DEBUG - [connectionpool.py:544] - http://localhost:64479 "POST /session/3bf1a36ae754ddb88c04f0c888515a61/execute/sync HTTP/1.1" 404 0
2025-05-07 14:27:17,196 - DEBUG - [remote_connection.py:436] - Remote response: status=404 | data={"value":{"error":"invalid session id","message":"invalid session id: session deleted as the browser has closed the connection\nfrom disconnected: not connected to DevTools\n  (Session info: chrome=136.0.7103.93)","stacktrace":"\tGetHandleVerifier [0x00007FF7A05ACF25+75717]\n\tGetHandleVerifier [0x00007FF7A05ACF80+75808]\n\t(No symbol) [0x00007FF7A0378F9A]\n\t(No symbol) [0x00007FF7A0364E35]\n\t(No symbol) [0x00007FF7A0389DB4]\n\t(No symbol) [0x00007FF7A03FEE75]\n\t(No symbol) [0x00007FF7A041ECC2]\n\t(No symbol) [0x00007FF7A03F7153]\n\t(No symbol) [0x00007FF7A03C0421]\n\t(No symbol) [0x00007FF7A03C11B3]\n\tGetHandleVerifier [0x00007FF7A08AD6FD+3223453]\n\tGetHandleVerifier [0x00007FF7A08A7CA2+3200322]\n\tGetHandleVerifier [0x00007FF7A08C5AD3+3322739]\n\tGetHandleVerifier [0x00007FF7A05C69FA+180890]\n\tGetHandleVerifier [0x00007FF7A05CE0FF+211359]\n\tGetHandleVerifier [0x00007FF7A05B5274+109332]\n\tGetHandleVerifier [0x00007FF7A05B5422+109762]\n\tGetHandleVerifier [0x00007FF7A059BA39+4825]\n\tBaseThreadInitThunk [0x00007FFE30E7E8D7+23]\n\tRtlUserThreadStart [0x00007FFE32D914FC+44]\n"}} | headers=HTTPHeaderDict({'Content-Length': '1101', 'Content-Type': 'application/json; charset=utf-8', 'cache-control': 'no-cache'})
2025-05-07 14:27:17,196 - DEBUG - [remote_connection.py:465] - Finished Request
2025-05-07 14:27:17,197 - DEBUG - [remote_connection.py:403] - DELETE http://localhost:64479/session/3bf1a36ae754ddb88c04f0c888515a61 {}
2025-05-07 14:27:17,300 - DEBUG - [connectionpool.py:544] - http://localhost:64479 "DELETE /session/3bf1a36ae754ddb88c04f0c888515a61 HTTP/1.1" 200 0
2025-05-07 14:27:17,301 - DEBUG - [remote_connection.py:436] - Remote response: status=200 | data={"value":null} | headers=HTTPHeaderDict({'Content-Length': '14', 'Content-Type': 'application/json; charset=utf-8', 'cache-control': 'no-cache'})
2025-05-07 14:27:17,301 - DEBUG - [remote_connection.py:465] - Finished Request
2025-05-07 14:27:19,325 - ERROR - [meta_page.py:100] - Erreur critique: Message: invalid session id: session deleted as the browser has closed the connection
from disconnected: not connected to DevTools
  (Session info: chrome=136.0.7103.93)
Stacktrace:
	GetHandleVerifier [0x00007FF7A05ACF25+75717]
	GetHandleVerifier [0x00007FF7A05ACF80+75808]
	(No symbol) [0x00007FF7A0378F9A]
	(No symbol) [0x00007FF7A0364E35]
	(No symbol) [0x00007FF7A0389DB4]
	(No symbol) [0x00007FF7A03FEE75]
	(No symbol) [0x00007FF7A041ECC2]
	(No symbol) [0x00007FF7A03F7153]
	(No symbol) [0x00007FF7A03C0421]
	(No symbol) [0x00007FF7A03C11B3]
	GetHandleVerifier [0x00007FF7A08AD6FD+3223453]
	GetHandleVerifier [0x00007FF7A08A7CA2+3200322]
	GetHandleVerifier [0x00007FF7A08C5AD3+3322739]
	GetHandleVerifier [0x00007FF7A05C69FA+180890]
	GetHandleVerifier [0x00007FF7A05CE0FF+211359]
	GetHandleVerifier [0x00007FF7A05B5274+109332]
	GetHandleVerifier [0x00007FF7A05B5422+109762]
	GetHandleVerifier [0x00007FF7A059BA39+4825]
	BaseThreadInitThunk [0x00007FFE30E7E8D7+23]
	RtlUserThreadStart [0x00007FFE32D914FC+44]

2025-05-07 14:27:19,326 - ERROR - [meta_page.py:36] - Erreur critique: Aucune arme n'a pu être récupérée
