2025-05-07 16:38:53,238 - INFO - [logger.py:31] - === Démarrage de Destiny Hub ===
2025-05-07 16:38:53,238 - INFO - [logger.py:32] - Version Python: 3.11.6 (tags/v3.11.6:8b6ee5b, Oct  2 2023, 14:57:12) [MSC v.1935 64 bit (AMD64)]
2025-05-07 16:38:53,238 - INFO - [logger.py:33] - Système d'exploitation: win32
2025-05-07 16:38:53,238 - INFO - [logger.py:34] - Fichier de log créé: logs/destiny_hub_20250507_163853.log
2025-05-07 16:38:53,240 - INFO - [logger.py:55] - === Informations Système ===
2025-05-07 16:38:53,240 - INFO - [logger.py:56] - OS: Windows 10
2025-05-07 16:38:53,240 - INFO - [logger.py:57] - Architecture: AMD64
2025-05-07 16:38:53,240 - INFO - [logger.py:58] - Processeur: AMD64 Family 25 Model 68 Stepping 1, AuthenticAMD
2025-05-07 16:38:53,248 - INFO - [logger.py:62] - Mémoire totale: 31.25 GB
2025-05-07 16:38:53,249 - INFO - [logger.py:63] - Mémoire disponible: 16.75 GB
2025-05-07 16:38:53,249 - INFO - [logger.py:64] - Utilisation mémoire: 46.4%
2025-05-07 16:38:53,249 - INFO - [logger.py:68] - Espace disque total: 952.48 GB
2025-05-07 16:38:53,249 - INFO - [logger.py:69] - Espace disque libre: 219.77 GB
2025-05-07 16:38:53,250 - INFO - [logger.py:70] - Utilisation disque: 76.9%
2025-05-07 16:38:53,250 - INFO - [logger.py:77] - === Vérification de l'environnement ===
2025-05-07 16:38:53,251 - INFO - [logger.py:93] - ✓ BUNGIE_API_KEY trouvée
2025-05-07 16:38:53,251 - DEBUG - [logger.py:94] - Longueur de BUNGIE_API_KEY: 32
2025-05-07 16:38:53,251 - ERROR - [logger.py:96] - ✗ CLIENT_ID non trouvée dans .env
2025-05-07 16:38:53,251 - ERROR - [logger.py:96] - ✗ CLIENT_SECRET non trouvée dans .env
2025-05-07 16:38:53,252 - INFO - [logger.py:105] - === Vérification des dépendances ===
2025-05-07 16:38:53,252 - INFO - [logger.py:119] - ✓ PyQt6 version: Version inconnue
2025-05-07 16:38:53,252 - INFO - [logger.py:119] - ✓ requests version: 2.32.3
2025-05-07 16:38:53,252 - INFO - [logger.py:119] - ✓ python-dotenv version: Version inconnue
2025-05-07 16:38:53,252 - INFO - [logger.py:119] - ✓ psutil version: 5.9.5
2025-05-07 16:38:53,252 - INFO - [logger.py:119] - ✓ beautifulsoup4 version: 4.13.4
2025-05-07 16:38:53,254 - INFO - [logger.py:126] - === Vérification des fichiers ===
2025-05-07 16:38:53,254 - INFO - [logger.py:148] - ✓ .env trouvé (Configuration)
2025-05-07 16:38:53,254 - INFO - [logger.py:148] - ✓ main.py trouvé (Point d'entrée)
2025-05-07 16:38:53,255 - INFO - [logger.py:148] - ✓ requirements.txt trouvé (Dépendances)
2025-05-07 16:38:53,255 - DEBUG - [logger.py:173] - === Contenu de requirements.txt ===
2025-05-07 16:38:53,255 - DEBUG - [logger.py:177] - - requests==2.31.0
2025-05-07 16:38:53,256 - DEBUG - [logger.py:177] - - customtkinter==5.2.1
2025-05-07 16:38:53,256 - DEBUG - [logger.py:177] - - pillow==10.2.0
2025-05-07 16:38:53,256 - DEBUG - [logger.py:177] - - python-dotenv==1.0.0
2025-05-07 16:38:53,257 - INFO - [logger.py:158] - ✓ Dossier ui trouvé (Interface utilisateur) - 4 fichiers
2025-05-07 16:38:53,257 - DEBUG - [logger.py:159] - Contenu de ui: main_window.py, pages, styles.py, __pycache__
2025-05-07 16:38:53,257 - INFO - [logger.py:158] - ✓ Dossier ui/pages trouvé (Pages de l'interface) - 5 fichiers
2025-05-07 16:38:53,257 - DEBUG - [logger.py:159] - Contenu de ui/pages: account_page.py, equipment_page.py, meta_page.py, missions_page.py, __pycache__
2025-05-07 16:38:53,258 - INFO - [logger.py:158] - ✓ Dossier api trouvé (API Bungie) - 3 fichiers
2025-05-07 16:38:53,258 - DEBUG - [logger.py:159] - Contenu de api: bungie_client.py, oauth_handler.py, __pycache__
2025-05-07 16:38:53,258 - INFO - [logger.py:158] - ✓ Dossier utils trouvé (Utilitaires) - 3 fichiers
2025-05-07 16:38:53,258 - DEBUG - [logger.py:159] - Contenu de utils: config.py, logger.py, __pycache__
2025-05-07 16:38:53,258 - INFO - [logger.py:158] - ✓ Dossier data trouvé (Données) - 4 fichiers
2025-05-07 16:38:53,259 - DEBUG - [logger.py:159] - Contenu de data: account.json, full_account.json, icons, profile_data.json
2025-05-07 16:38:53,259 - INFO - [logger.py:158] - ✓ Dossier icons trouvé (Icônes) - 71 fichiers
2025-05-07 16:38:53,259 - DEBUG - [logger.py:159] - Contenu de icons: 1003860281.png, 1183187516.png, 1197771438.png, 129332559.png, 1320342774.png, 1457394908.png, 1484009400.png, 1522633034.png, 152583919.png, 1533314821.png, 1616346845.png, 1762785662.png, 1896309757.png, 1907110519.png, 1911060537.png, 1958630864.png, 2012043039.png, 2134769653.png, 2151724216.png, 2185244404.png, 2190967049.png, 2198166292.png, 2286507447.png, 241462142.png, 2441435355.png, 2550323932.png, 2591586261.png, 2629014079.png, 266021826.png, 2738060683.png, 2741258862.png, 2742930797.png, 2763843898.png, 2783831726.png, 2809120022.png, 2827764482.png, 287888126.png, 2907129557.png, 2949538030.png, 2962546549.png, 3001229473.png, 3158812152.png, 3183180185.png, 3264721770.png, 331602521.png, 3434301337.png, 3569802112.png, 3628991658.png, 3733702440.png, 3797572280.png, 3828080585.png, 3844610113.png, 3906357376.png, 3947966653.png, 4026763349.png, 4062934448.png, 4146702548.png, 4282591831.png, 4293588774.png, 431721920.png, 537041732.png, 557165046.png, 568611923.png, 643145875.png, 788073488.png, 810612804.png, 814876685.png, 952431286.png, 991314988.png, spectre.gif, stat_1935470627.png
2025-05-07 16:38:53,264 - INFO - [logger.py:158] - ✓ Dossier logs trouvé (Fichiers de log) - 76 fichiers
2025-05-07 16:38:53,265 - DEBUG - [logger.py:159] - Contenu de logs: destiny_hub_20250417_090308.log, destiny_hub_20250417_090501.log, destiny_hub_20250417_091449.log, destiny_hub_20250417_091744.log, destiny_hub_20250417_092047.log, destiny_hub_20250417_092453.log, destiny_hub_20250417_093036.log, destiny_hub_20250417_093355.log, destiny_hub_20250417_093518.log, destiny_hub_20250417_093701.log, destiny_hub_20250417_094459.log, destiny_hub_20250417_094915.log, destiny_hub_20250417_095450.log, destiny_hub_20250417_095800.log, destiny_hub_20250417_100013.log, destiny_hub_20250417_101050.log, destiny_hub_20250417_101112.log, destiny_hub_20250417_101728.log, destiny_hub_20250417_101938.log, destiny_hub_20250417_102126.log, destiny_hub_20250417_102514.log, destiny_hub_20250417_102736.log, destiny_hub_20250417_103000.log, destiny_hub_20250417_103209.log, destiny_hub_20250417_103307.log, destiny_hub_20250417_103545.log, destiny_hub_20250507_114434.log, destiny_hub_20250507_114815.log, destiny_hub_20250507_114838.log, destiny_hub_20250507_115102.log, destiny_hub_20250507_115217.log, destiny_hub_20250507_135035.log, destiny_hub_20250507_135311.log, destiny_hub_20250507_135523.log, destiny_hub_20250507_135724.log, destiny_hub_20250507_135955.log, destiny_hub_20250507_140048.log, destiny_hub_20250507_140128.log, destiny_hub_20250507_140251.log, destiny_hub_20250507_140627.log, destiny_hub_20250507_140642.log, destiny_hub_20250507_140654.log, destiny_hub_20250507_141253.log, destiny_hub_20250507_141602.log, destiny_hub_20250507_141617.log, destiny_hub_20250507_141823.log, destiny_hub_20250507_142031.log, destiny_hub_20250507_142224.log, destiny_hub_20250507_142429.log, destiny_hub_20250507_142436.log, destiny_hub_20250507_142454.log, destiny_hub_20250507_142651.log, destiny_hub_20250507_142811.log, destiny_hub_20250507_142939.log, destiny_hub_20250507_143243.log, destiny_hub_20250507_143515.log, destiny_hub_20250507_144051.log, destiny_hub_20250507_144159.log, destiny_hub_20250507_145705.log, destiny_hub_20250507_145935.log, destiny_hub_20250507_154447.log, destiny_hub_20250507_155149.log, destiny_hub_20250507_155315.log, destiny_hub_20250507_155447.log, destiny_hub_20250507_160412.log, destiny_hub_20250507_160637.log, destiny_hub_20250507_160827.log, destiny_hub_20250507_161249.log, destiny_hub_20250507_161443.log, destiny_hub_20250507_161544.log, destiny_hub_20250507_161814.log, destiny_hub_20250507_162735.log, destiny_hub_20250507_163135.log, destiny_hub_20250507_163311.log, destiny_hub_20250507_163650.log, destiny_hub_20250507_163853.log
2025-05-07 16:38:53,266 - INFO - [logger.py:158] - ✓ Dossier cache trouvé (Cache des images) - 0 fichiers
2025-05-07 16:38:53,266 - DEBUG - [logger.py:159] - Contenu de cache: 
2025-05-07 16:38:53,299 - INFO - [main_window.py:17] - === Initialisation de la fenêtre principale ===
2025-05-07 16:38:53,299 - INFO - [main_window.py:33] - Configuration de l'interface utilisateur
2025-05-07 16:38:53,676 - DEBUG - [main_window.py:128] - Création des pages...
2025-05-07 16:38:53,680 - DEBUG - [main_window.py:130] - ✓ Page compte créée
2025-05-07 16:38:53,702 - INFO - [equipment_page.py:188] - === Chargement des personnages ===
2025-05-07 16:38:53,708 - DEBUG - [connectionpool.py:1049] - Starting new HTTPS connection (1): www.bungie.net:443
2025-05-07 16:38:54,684 - DEBUG - [connectionpool.py:544] - https://www.bungie.net:443 "GET /Platform/Destiny2/3/Profile/4611686018536948250/?components=200%2C205 HTTP/1.1" 200 2459
2025-05-07 16:38:54,692 - INFO - [equipment_page.py:368] - Changement de personnage vers ID: 2305843010596444327
2025-05-07 16:38:54,695 - DEBUG - [connectionpool.py:1049] - Starting new HTTPS connection (1): www.bungie.net:443
2025-05-07 16:38:55,606 - DEBUG - [connectionpool.py:544] - https://www.bungie.net:443 "GET /Platform/Destiny2/3/Profile/4611686018536948250/?components=200 HTTP/1.1" 200 992
2025-05-07 16:38:55,607 - INFO - [equipment_page.py:393] - Lumière mise à jour pour le nouveau personnage: 2018
2025-05-07 16:38:55,607 - INFO - [equipment_page.py:243] - === Chargement de l'équipement pour le personnage 2305843010596444327 ===
2025-05-07 16:38:55,609 - DEBUG - [connectionpool.py:1049] - Starting new HTTPS connection (1): www.bungie.net:443
2025-05-07 16:38:56,427 - DEBUG - [connectionpool.py:544] - https://www.bungie.net:443 "GET /Platform/Destiny2/3/Profile/4611686018536948250/Character/2305843010596444327/?components=205%2C300%2C302%2C304 HTTP/1.1" 200 3576
2025-05-07 16:38:56,429 - INFO - [equipment_page.py:296] - === Affichage de l'équipement ===
2025-05-07 16:38:56,430 - DEBUG - [connectionpool.py:1049] - Starting new HTTPS connection (1): www.bungie.net:443
2025-05-07 16:38:56,712 - DEBUG - [connectionpool.py:544] - https://www.bungie.net:443 "GET /Platform/Destiny2/Manifest/DestinyInventoryItemDefinition/2763843898/ HTTP/1.1" 200 3859
2025-05-07 16:38:56,743 - DEBUG - [connectionpool.py:1049] - Starting new HTTPS connection (1): www.bungie.net:443
2025-05-07 16:38:56,993 - DEBUG - [connectionpool.py:544] - https://www.bungie.net:443 "GET /Platform/Destiny2/Manifest/DestinyStatDefinition/1480404414/ HTTP/1.1" 200 275
2025-05-07 16:38:56,996 - DEBUG - [connectionpool.py:1049] - Starting new HTTPS connection (1): www.bungie.net:443
2025-05-07 16:38:57,288 - DEBUG - [connectionpool.py:544] - https://www.bungie.net:443 "GET /Platform/Destiny2/Manifest/DestinyStatDefinition/1935470627/ HTTP/1.1" 200 348
2025-05-07 16:38:57,291 - DEBUG - [connectionpool.py:1049] - Starting new HTTPS connection (1): www.bungie.net:443
2025-05-07 16:38:57,561 - DEBUG - [connectionpool.py:544] - https://www.bungie.net:443 "GET /Platform/Destiny2/Manifest/DestinyStatDefinition/1885944937/ HTTP/1.1" 200 230
2025-05-07 16:38:57,563 - DEBUG - [connectionpool.py:1049] - Starting new HTTPS connection (1): www.bungie.net:443
2025-05-07 16:38:57,820 - DEBUG - [connectionpool.py:544] - https://www.bungie.net:443 "GET /Platform/Destiny2/Manifest/DestinyStatDefinition/3555269338/ HTTP/1.1" 200 271
2025-05-07 16:38:57,824 - DEBUG - [connectionpool.py:1049] - Starting new HTTPS connection (1): www.bungie.net:443
2025-05-07 16:38:58,590 - DEBUG - [connectionpool.py:544] - https://www.bungie.net:443 "GET /Platform/Destiny2/Manifest/DestinyStatDefinition/4284893193/ HTTP/1.1" 200 277
2025-05-07 16:38:58,592 - DEBUG - [connectionpool.py:1049] - Starting new HTTPS connection (1): www.bungie.net:443
2025-05-07 16:38:58,873 - DEBUG - [connectionpool.py:544] - https://www.bungie.net:443 "GET /Platform/Destiny2/Manifest/DestinyStatDefinition/4043523819/ HTTP/1.1" 200 266
2025-05-07 16:38:58,874 - DEBUG - [connectionpool.py:1049] - Starting new HTTPS connection (1): www.bungie.net:443
2025-05-07 16:38:59,532 - DEBUG - [connectionpool.py:544] - https://www.bungie.net:443 "GET /Platform/Destiny2/Manifest/DestinyStatDefinition/1240592695/ HTTP/1.1" 200 264
2025-05-07 16:38:59,534 - DEBUG - [connectionpool.py:1049] - Starting new HTTPS connection (1): www.bungie.net:443
2025-05-07 16:38:59,861 - DEBUG - [connectionpool.py:544] - https://www.bungie.net:443 "GET /Platform/Destiny2/Manifest/DestinyStatDefinition/155624089/ HTTP/1.1" 200 282
2025-05-07 16:38:59,863 - DEBUG - [connectionpool.py:1049] - Starting new HTTPS connection (1): www.bungie.net:443
2025-05-07 16:39:00,136 - DEBUG - [connectionpool.py:544] - https://www.bungie.net:443 "GET /Platform/Destiny2/Manifest/DestinyStatDefinition/3871231066/ HTTP/1.1" 200 277
2025-05-07 16:39:00,138 - DEBUG - [connectionpool.py:1049] - Starting new HTTPS connection (1): www.bungie.net:443
2025-05-07 16:39:00,856 - DEBUG - [connectionpool.py:544] - https://www.bungie.net:443 "GET /Platform/Destiny2/Manifest/DestinyStatDefinition/4188031367/ HTTP/1.1" 200 265
2025-05-07 16:39:00,858 - DEBUG - [connectionpool.py:1049] - Starting new HTTPS connection (1): www.bungie.net:443
2025-05-07 16:39:01,116 - DEBUG - [connectionpool.py:544] - https://www.bungie.net:443 "GET /Platform/Destiny2/Manifest/DestinyStatDefinition/1931675084/ HTTP/1.1" 200 272
2025-05-07 16:39:01,119 - DEBUG - [connectionpool.py:1049] - Starting new HTTPS connection (1): www.bungie.net:443
2025-05-07 16:39:01,379 - DEBUG - [connectionpool.py:544] - https://www.bungie.net:443 "GET /Platform/Destiny2/Manifest/DestinyStatDefinition/943549884/ HTTP/1.1" 200 276
2025-05-07 16:39:01,382 - DEBUG - [connectionpool.py:1049] - Starting new HTTPS connection (1): www.bungie.net:443
2025-05-07 16:39:01,768 - DEBUG - [connectionpool.py:544] - https://www.bungie.net:443 "GET /Platform/Destiny2/Manifest/DestinyStatDefinition/1345609583/ HTTP/1.1" 200 275
2025-05-07 16:39:01,770 - DEBUG - [connectionpool.py:1049] - Starting new HTTPS connection (1): www.bungie.net:443
2025-05-07 16:39:02,060 - DEBUG - [connectionpool.py:544] - https://www.bungie.net:443 "GET /Platform/Destiny2/Manifest/DestinyStatDefinition/2715839340/ HTTP/1.1" 200 272
2025-05-07 16:39:02,064 - DEBUG - [connectionpool.py:1049] - Starting new HTTPS connection (1): www.bungie.net:443
2025-05-07 16:39:02,293 - DEBUG - [connectionpool.py:544] - https://www.bungie.net:443 "GET /Platform/Destiny2/Manifest/DestinyStatDefinition/2714457168/ HTTP/1.1" 200 281
2025-05-07 16:39:02,294 - ERROR - [equipment_page.py:551] - Erreur update_equipment_slot: 'list' object has no attribute 'get'
2025-05-07 16:39:02,297 - DEBUG - [connectionpool.py:1049] - Starting new HTTPS connection (1): www.bungie.net:443
2025-05-07 16:39:02,583 - DEBUG - [connectionpool.py:544] - https://www.bungie.net:443 "GET /Platform/Destiny2/Manifest/DestinyInventoryItemDefinition/814876685/ HTTP/1.1" 200 2386
2025-05-07 16:39:02,587 - DEBUG - [connectionpool.py:1049] - Starting new HTTPS connection (1): www.bungie.net:443
2025-05-07 16:39:02,681 - DEBUG - [connectionpool.py:544] - https://www.bungie.net:443 "GET /Platform/Destiny2/Manifest/DestinyStatDefinition/1480404414/ HTTP/1.1" 200 275
2025-05-07 16:39:02,683 - DEBUG - [connectionpool.py:1049] - Starting new HTTPS connection (1): www.bungie.net:443
2025-05-07 16:39:02,781 - DEBUG - [connectionpool.py:544] - https://www.bungie.net:443 "GET /Platform/Destiny2/Manifest/DestinyStatDefinition/1935470627/ HTTP/1.1" 200 348
2025-05-07 16:39:02,783 - DEBUG - [connectionpool.py:1049] - Starting new HTTPS connection (1): www.bungie.net:443
2025-05-07 16:39:02,865 - DEBUG - [connectionpool.py:544] - https://www.bungie.net:443 "GET /Platform/Destiny2/Manifest/DestinyStatDefinition/1885944937/ HTTP/1.1" 200 230
2025-05-07 16:39:02,867 - DEBUG - [connectionpool.py:1049] - Starting new HTTPS connection (1): www.bungie.net:443
2025-05-07 16:39:02,949 - DEBUG - [connectionpool.py:544] - https://www.bungie.net:443 "GET /Platform/Destiny2/Manifest/DestinyStatDefinition/3555269338/ HTTP/1.1" 200 271
2025-05-07 16:39:02,951 - DEBUG - [connectionpool.py:1049] - Starting new HTTPS connection (1): www.bungie.net:443
2025-05-07 16:39:03,195 - DEBUG - [connectionpool.py:544] - https://www.bungie.net:443 "GET /Platform/Destiny2/Manifest/DestinyStatDefinition/2961396640/ HTTP/1.1" 200 270
2025-05-07 16:39:03,197 - DEBUG - [connectionpool.py:1049] - Starting new HTTPS connection (1): www.bungie.net:443
2025-05-07 16:39:03,281 - DEBUG - [connectionpool.py:544] - https://www.bungie.net:443 "GET /Platform/Destiny2/Manifest/DestinyStatDefinition/4043523819/ HTTP/1.1" 200 266
2025-05-07 16:39:03,283 - DEBUG - [connectionpool.py:1049] - Starting new HTTPS connection (1): www.bungie.net:443
2025-05-07 16:39:03,527 - DEBUG - [connectionpool.py:544] - https://www.bungie.net:443 "GET /Platform/Destiny2/Manifest/DestinyStatDefinition/1591432999/ HTTP/1.1" 200 273
2025-05-07 16:39:03,529 - DEBUG - [connectionpool.py:1049] - Starting new HTTPS connection (1): www.bungie.net:443
2025-05-07 16:39:03,607 - DEBUG - [connectionpool.py:544] - https://www.bungie.net:443 "GET /Platform/Destiny2/Manifest/DestinyStatDefinition/155624089/ HTTP/1.1" 200 282
2025-05-07 16:39:03,609 - DEBUG - [connectionpool.py:1049] - Starting new HTTPS connection (1): www.bungie.net:443
2025-05-07 16:39:04,388 - DEBUG - [connectionpool.py:544] - https://www.bungie.net:443 "GET /Platform/Destiny2/Manifest/DestinyStatDefinition/447667954/ HTTP/1.1" 200 306
2025-05-07 16:39:04,390 - DEBUG - [connectionpool.py:1049] - Starting new HTTPS connection (1): www.bungie.net:443
2025-05-07 16:39:04,472 - DEBUG - [connectionpool.py:544] - https://www.bungie.net:443 "GET /Platform/Destiny2/Manifest/DestinyStatDefinition/4188031367/ HTTP/1.1" 200 265
2025-05-07 16:39:04,474 - DEBUG - [connectionpool.py:1049] - Starting new HTTPS connection (1): www.bungie.net:443
2025-05-07 16:39:04,556 - DEBUG - [connectionpool.py:544] - https://www.bungie.net:443 "GET /Platform/Destiny2/Manifest/DestinyStatDefinition/1931675084/ HTTP/1.1" 200 272
2025-05-07 16:39:04,558 - DEBUG - [connectionpool.py:1049] - Starting new HTTPS connection (1): www.bungie.net:443
2025-05-07 16:39:04,645 - DEBUG - [connectionpool.py:544] - https://www.bungie.net:443 "GET /Platform/Destiny2/Manifest/DestinyStatDefinition/943549884/ HTTP/1.1" 200 276
2025-05-07 16:39:04,647 - DEBUG - [connectionpool.py:1049] - Starting new HTTPS connection (1): www.bungie.net:443
2025-05-07 16:39:04,723 - DEBUG - [connectionpool.py:544] - https://www.bungie.net:443 "GET /Platform/Destiny2/Manifest/DestinyStatDefinition/1345609583/ HTTP/1.1" 200 275
2025-05-07 16:39:04,727 - DEBUG - [connectionpool.py:1049] - Starting new HTTPS connection (1): www.bungie.net:443
2025-05-07 16:39:04,809 - DEBUG - [connectionpool.py:544] - https://www.bungie.net:443 "GET /Platform/Destiny2/Manifest/DestinyStatDefinition/2715839340/ HTTP/1.1" 200 272
2025-05-07 16:39:04,811 - DEBUG - [connectionpool.py:1049] - Starting new HTTPS connection (1): www.bungie.net:443
2025-05-07 16:39:04,895 - DEBUG - [connectionpool.py:544] - https://www.bungie.net:443 "GET /Platform/Destiny2/Manifest/DestinyStatDefinition/2714457168/ HTTP/1.1" 200 281
2025-05-07 16:39:04,896 - ERROR - [equipment_page.py:551] - Erreur update_equipment_slot: 'list' object has no attribute 'get'
2025-05-07 16:39:04,898 - DEBUG - [connectionpool.py:1049] - Starting new HTTPS connection (1): www.bungie.net:443
2025-05-07 16:39:05,147 - DEBUG - [connectionpool.py:544] - https://www.bungie.net:443 "GET /Platform/Destiny2/Manifest/DestinyInventoryItemDefinition/1896309757/ HTTP/1.1" 200 3821
2025-05-07 16:39:05,150 - DEBUG - [connectionpool.py:1049] - Starting new HTTPS connection (1): www.bungie.net:443
2025-05-07 16:39:05,239 - DEBUG - [connectionpool.py:544] - https://www.bungie.net:443 "GET /Platform/Destiny2/Manifest/DestinyStatDefinition/1480404414/ HTTP/1.1" 200 275
2025-05-07 16:39:05,241 - DEBUG - [connectionpool.py:1049] - Starting new HTTPS connection (1): www.bungie.net:443
2025-05-07 16:39:05,332 - DEBUG - [connectionpool.py:544] - https://www.bungie.net:443 "GET /Platform/Destiny2/Manifest/DestinyStatDefinition/1935470627/ HTTP/1.1" 200 348
2025-05-07 16:39:05,335 - DEBUG - [connectionpool.py:1049] - Starting new HTTPS connection (1): www.bungie.net:443
2025-05-07 16:39:05,421 - DEBUG - [connectionpool.py:544] - https://www.bungie.net:443 "GET /Platform/Destiny2/Manifest/DestinyStatDefinition/1885944937/ HTTP/1.1" 200 230
2025-05-07 16:39:05,423 - DEBUG - [connectionpool.py:1049] - Starting new HTTPS connection (1): www.bungie.net:443
2025-05-07 16:39:05,512 - DEBUG - [connectionpool.py:544] - https://www.bungie.net:443 "GET /Platform/Destiny2/Manifest/DestinyStatDefinition/3555269338/ HTTP/1.1" 200 271
2025-05-07 16:39:05,515 - DEBUG - [connectionpool.py:1049] - Starting new HTTPS connection (1): www.bungie.net:443
2025-05-07 16:39:05,592 - DEBUG - [connectionpool.py:544] - https://www.bungie.net:443 "GET /Platform/Destiny2/Manifest/DestinyStatDefinition/4284893193/ HTTP/1.1" 200 277
2025-05-07 16:39:05,594 - DEBUG - [connectionpool.py:1049] - Starting new HTTPS connection (1): www.bungie.net:443
2025-05-07 16:39:05,671 - DEBUG - [connectionpool.py:544] - https://www.bungie.net:443 "GET /Platform/Destiny2/Manifest/DestinyStatDefinition/4043523819/ HTTP/1.1" 200 266
2025-05-07 16:39:05,673 - DEBUG - [connectionpool.py:1049] - Starting new HTTPS connection (1): www.bungie.net:443
2025-05-07 16:39:05,752 - DEBUG - [connectionpool.py:544] - https://www.bungie.net:443 "GET /Platform/Destiny2/Manifest/DestinyStatDefinition/1240592695/ HTTP/1.1" 200 264
2025-05-07 16:39:05,754 - DEBUG - [connectionpool.py:1049] - Starting new HTTPS connection (1): www.bungie.net:443
2025-05-07 16:39:05,838 - DEBUG - [connectionpool.py:544] - https://www.bungie.net:443 "GET /Platform/Destiny2/Manifest/DestinyStatDefinition/155624089/ HTTP/1.1" 200 282
2025-05-07 16:39:05,841 - DEBUG - [connectionpool.py:1049] - Starting new HTTPS connection (1): www.bungie.net:443
2025-05-07 16:39:05,945 - DEBUG - [connectionpool.py:544] - https://www.bungie.net:443 "GET /Platform/Destiny2/Manifest/DestinyStatDefinition/3871231066/ HTTP/1.1" 200 277
2025-05-07 16:39:05,947 - DEBUG - [connectionpool.py:1049] - Starting new HTTPS connection (1): www.bungie.net:443
2025-05-07 16:39:06,035 - DEBUG - [connectionpool.py:544] - https://www.bungie.net:443 "GET /Platform/Destiny2/Manifest/DestinyStatDefinition/4188031367/ HTTP/1.1" 200 265
2025-05-07 16:39:06,036 - DEBUG - [connectionpool.py:1049] - Starting new HTTPS connection (1): www.bungie.net:443
2025-05-07 16:39:06,118 - DEBUG - [connectionpool.py:544] - https://www.bungie.net:443 "GET /Platform/Destiny2/Manifest/DestinyStatDefinition/1931675084/ HTTP/1.1" 200 272
2025-05-07 16:39:06,120 - DEBUG - [connectionpool.py:1049] - Starting new HTTPS connection (1): www.bungie.net:443
2025-05-07 16:39:06,200 - DEBUG - [connectionpool.py:544] - https://www.bungie.net:443 "GET /Platform/Destiny2/Manifest/DestinyStatDefinition/943549884/ HTTP/1.1" 200 276
2025-05-07 16:39:06,203 - DEBUG - [connectionpool.py:1049] - Starting new HTTPS connection (1): www.bungie.net:443
2025-05-07 16:39:06,295 - DEBUG - [connectionpool.py:544] - https://www.bungie.net:443 "GET /Platform/Destiny2/Manifest/DestinyStatDefinition/1345609583/ HTTP/1.1" 200 275
2025-05-07 16:39:06,297 - DEBUG - [connectionpool.py:1049] - Starting new HTTPS connection (1): www.bungie.net:443
2025-05-07 16:39:06,372 - DEBUG - [connectionpool.py:544] - https://www.bungie.net:443 "GET /Platform/Destiny2/Manifest/DestinyStatDefinition/2715839340/ HTTP/1.1" 200 272
2025-05-07 16:39:06,374 - DEBUG - [connectionpool.py:1049] - Starting new HTTPS connection (1): www.bungie.net:443
2025-05-07 16:39:06,452 - DEBUG - [connectionpool.py:544] - https://www.bungie.net:443 "GET /Platform/Destiny2/Manifest/DestinyStatDefinition/2714457168/ HTTP/1.1" 200 281
2025-05-07 16:39:06,454 - ERROR - [equipment_page.py:551] - Erreur update_equipment_slot: 'list' object has no attribute 'get'
2025-05-07 16:39:06,455 - DEBUG - [connectionpool.py:1049] - Starting new HTTPS connection (1): www.bungie.net:443
2025-05-07 16:39:06,709 - DEBUG - [connectionpool.py:544] - https://www.bungie.net:443 "GET /Platform/Destiny2/Manifest/DestinyInventoryItemDefinition/2134769653/ HTTP/1.1" 200 2578
2025-05-07 16:39:06,712 - DEBUG - [connectionpool.py:1049] - Starting new HTTPS connection (1): www.bungie.net:443
2025-05-07 16:39:07,031 - DEBUG - [connectionpool.py:544] - https://www.bungie.net:443 "GET /Platform/Destiny2/Manifest/DestinyStatDefinition/3897883278/ HTTP/1.1" 200 264
2025-05-07 16:39:07,034 - DEBUG - [connectionpool.py:1049] - Starting new HTTPS connection (1): www.bungie.net:443
2025-05-07 16:39:07,115 - DEBUG - [connectionpool.py:544] - https://www.bungie.net:443 "GET /Platform/Destiny2/Manifest/DestinyStatDefinition/1935470627/ HTTP/1.1" 200 348
2025-05-07 16:39:07,118 - DEBUG - [connectionpool.py:1049] - Starting new HTTPS connection (1): www.bungie.net:443
2025-05-07 16:39:07,204 - DEBUG - [connectionpool.py:544] - https://www.bungie.net:443 "GET /Platform/Destiny2/Manifest/DestinyStatDefinition/1885944937/ HTTP/1.1" 200 230
2025-05-07 16:39:07,204 - ERROR - [equipment_page.py:551] - Erreur update_equipment_slot: 'list' object has no attribute 'get'
2025-05-07 16:39:07,206 - DEBUG - [connectionpool.py:1049] - Starting new HTTPS connection (1): www.bungie.net:443
2025-05-07 16:39:07,503 - DEBUG - [connectionpool.py:544] - https://www.bungie.net:443 "GET /Platform/Destiny2/Manifest/DestinyInventoryItemDefinition/810612804/ HTTP/1.1" 200 2584
2025-05-07 16:39:07,507 - DEBUG - [connectionpool.py:1049] - Starting new HTTPS connection (1): www.bungie.net:443
2025-05-07 16:39:07,589 - DEBUG - [connectionpool.py:544] - https://www.bungie.net:443 "GET /Platform/Destiny2/Manifest/DestinyStatDefinition/3897883278/ HTTP/1.1" 200 264
2025-05-07 16:39:07,593 - DEBUG - [connectionpool.py:1049] - Starting new HTTPS connection (1): www.bungie.net:443
2025-05-07 16:39:07,670 - DEBUG - [connectionpool.py:544] - https://www.bungie.net:443 "GET /Platform/Destiny2/Manifest/DestinyStatDefinition/1935470627/ HTTP/1.1" 200 348
2025-05-07 16:39:07,672 - DEBUG - [connectionpool.py:1049] - Starting new HTTPS connection (1): www.bungie.net:443
2025-05-07 16:39:07,758 - DEBUG - [connectionpool.py:544] - https://www.bungie.net:443 "GET /Platform/Destiny2/Manifest/DestinyStatDefinition/1885944937/ HTTP/1.1" 200 230
2025-05-07 16:39:07,759 - ERROR - [equipment_page.py:551] - Erreur update_equipment_slot: 'list' object has no attribute 'get'
2025-05-07 16:39:07,761 - DEBUG - [connectionpool.py:1049] - Starting new HTTPS connection (1): www.bungie.net:443
2025-05-07 16:39:08,004 - DEBUG - [connectionpool.py:544] - https://www.bungie.net:443 "GET /Platform/Destiny2/Manifest/DestinyInventoryItemDefinition/1183187516/ HTTP/1.1" 200 2582
2025-05-07 16:39:08,007 - DEBUG - [connectionpool.py:1049] - Starting new HTTPS connection (1): www.bungie.net:443
2025-05-07 16:39:08,086 - DEBUG - [connectionpool.py:544] - https://www.bungie.net:443 "GET /Platform/Destiny2/Manifest/DestinyStatDefinition/3897883278/ HTTP/1.1" 200 264
2025-05-07 16:39:08,088 - DEBUG - [connectionpool.py:1049] - Starting new HTTPS connection (1): www.bungie.net:443
2025-05-07 16:39:08,166 - DEBUG - [connectionpool.py:544] - https://www.bungie.net:443 "GET /Platform/Destiny2/Manifest/DestinyStatDefinition/1935470627/ HTTP/1.1" 200 348
2025-05-07 16:39:08,168 - DEBUG - [connectionpool.py:1049] - Starting new HTTPS connection (1): www.bungie.net:443
2025-05-07 16:39:08,252 - DEBUG - [connectionpool.py:544] - https://www.bungie.net:443 "GET /Platform/Destiny2/Manifest/DestinyStatDefinition/1885944937/ HTTP/1.1" 200 230
2025-05-07 16:39:08,254 - ERROR - [equipment_page.py:551] - Erreur update_equipment_slot: 'list' object has no attribute 'get'
2025-05-07 16:39:08,256 - DEBUG - [connectionpool.py:1049] - Starting new HTTPS connection (1): www.bungie.net:443
2025-05-07 16:39:08,522 - DEBUG - [connectionpool.py:544] - https://www.bungie.net:443 "GET /Platform/Destiny2/Manifest/DestinyInventoryItemDefinition/2741258862/ HTTP/1.1" 200 2583
2025-05-07 16:39:08,524 - DEBUG - [connectionpool.py:1049] - Starting new HTTPS connection (1): www.bungie.net:443
2025-05-07 16:39:08,604 - DEBUG - [connectionpool.py:544] - https://www.bungie.net:443 "GET /Platform/Destiny2/Manifest/DestinyStatDefinition/3897883278/ HTTP/1.1" 200 264
2025-05-07 16:39:08,607 - DEBUG - [connectionpool.py:1049] - Starting new HTTPS connection (1): www.bungie.net:443
2025-05-07 16:39:08,710 - DEBUG - [connectionpool.py:544] - https://www.bungie.net:443 "GET /Platform/Destiny2/Manifest/DestinyStatDefinition/1935470627/ HTTP/1.1" 200 348
2025-05-07 16:39:08,712 - DEBUG - [connectionpool.py:1049] - Starting new HTTPS connection (1): www.bungie.net:443
2025-05-07 16:39:08,802 - DEBUG - [connectionpool.py:544] - https://www.bungie.net:443 "GET /Platform/Destiny2/Manifest/DestinyStatDefinition/1885944937/ HTTP/1.1" 200 230
2025-05-07 16:39:08,803 - ERROR - [equipment_page.py:551] - Erreur update_equipment_slot: 'list' object has no attribute 'get'
2025-05-07 16:39:08,805 - DEBUG - [connectionpool.py:1049] - Starting new HTTPS connection (1): www.bungie.net:443
2025-05-07 16:39:09,475 - DEBUG - [connectionpool.py:544] - https://www.bungie.net:443 "GET /Platform/Destiny2/Manifest/DestinyInventoryItemDefinition/266021826/ HTTP/1.1" 200 2348
2025-05-07 16:39:09,479 - DEBUG - [connectionpool.py:1049] - Starting new HTTPS connection (1): www.bungie.net:443
2025-05-07 16:39:09,562 - DEBUG - [connectionpool.py:544] - https://www.bungie.net:443 "GET /Platform/Destiny2/Manifest/DestinyStatDefinition/3897883278/ HTTP/1.1" 200 264
2025-05-07 16:39:09,564 - DEBUG - [connectionpool.py:1049] - Starting new HTTPS connection (1): www.bungie.net:443
2025-05-07 16:39:09,646 - DEBUG - [connectionpool.py:544] - https://www.bungie.net:443 "GET /Platform/Destiny2/Manifest/DestinyStatDefinition/1935470627/ HTTP/1.1" 200 348
2025-05-07 16:39:09,648 - DEBUG - [connectionpool.py:1049] - Starting new HTTPS connection (1): www.bungie.net:443
2025-05-07 16:39:09,739 - DEBUG - [connectionpool.py:544] - https://www.bungie.net:443 "GET /Platform/Destiny2/Manifest/DestinyStatDefinition/1885944937/ HTTP/1.1" 200 230
2025-05-07 16:39:09,741 - ERROR - [equipment_page.py:551] - Erreur update_equipment_slot: 'list' object has no attribute 'get'
2025-05-07 16:39:09,741 - INFO - [equipment_page.py:343] - Affichage terminé - 3 armes, 5 pièces d'armure
2025-05-07 16:39:09,742 - INFO - [equipment_page.py:243] - === Chargement de l'équipement pour le personnage 2305843010596444327 ===
2025-05-07 16:39:09,743 - DEBUG - [connectionpool.py:1049] - Starting new HTTPS connection (1): www.bungie.net:443
2025-05-07 16:39:09,899 - DEBUG - [connectionpool.py:544] - https://www.bungie.net:443 "GET /Platform/Destiny2/3/Profile/4611686018536948250/Character/2305843010596444327/?components=205%2C300%2C302%2C304 HTTP/1.1" 200 3576
2025-05-07 16:39:09,900 - INFO - [equipment_page.py:296] - === Affichage de l'équipement ===
2025-05-07 16:39:09,902 - DEBUG - [connectionpool.py:1049] - Starting new HTTPS connection (1): www.bungie.net:443
2025-05-07 16:39:09,985 - DEBUG - [connectionpool.py:544] - https://www.bungie.net:443 "GET /Platform/Destiny2/Manifest/DestinyInventoryItemDefinition/2763843898/ HTTP/1.1" 200 3859
2025-05-07 16:39:09,987 - DEBUG - [connectionpool.py:1049] - Starting new HTTPS connection (1): www.bungie.net:443
2025-05-07 16:39:10,073 - DEBUG - [connectionpool.py:544] - https://www.bungie.net:443 "GET /Platform/Destiny2/Manifest/DestinyStatDefinition/1480404414/ HTTP/1.1" 200 275
2025-05-07 16:39:10,075 - DEBUG - [connectionpool.py:1049] - Starting new HTTPS connection (1): www.bungie.net:443
2025-05-07 16:39:10,177 - DEBUG - [connectionpool.py:544] - https://www.bungie.net:443 "GET /Platform/Destiny2/Manifest/DestinyStatDefinition/1935470627/ HTTP/1.1" 200 348
2025-05-07 16:39:10,180 - DEBUG - [connectionpool.py:1049] - Starting new HTTPS connection (1): www.bungie.net:443
2025-05-07 16:39:10,260 - DEBUG - [connectionpool.py:544] - https://www.bungie.net:443 "GET /Platform/Destiny2/Manifest/DestinyStatDefinition/1885944937/ HTTP/1.1" 200 230
2025-05-07 16:39:10,263 - DEBUG - [connectionpool.py:1049] - Starting new HTTPS connection (1): www.bungie.net:443
2025-05-07 16:39:10,344 - DEBUG - [connectionpool.py:544] - https://www.bungie.net:443 "GET /Platform/Destiny2/Manifest/DestinyStatDefinition/3555269338/ HTTP/1.1" 200 271
2025-05-07 16:39:10,346 - DEBUG - [connectionpool.py:1049] - Starting new HTTPS connection (1): www.bungie.net:443
2025-05-07 16:39:10,427 - DEBUG - [connectionpool.py:544] - https://www.bungie.net:443 "GET /Platform/Destiny2/Manifest/DestinyStatDefinition/4284893193/ HTTP/1.1" 200 277
2025-05-07 16:39:10,429 - DEBUG - [connectionpool.py:1049] - Starting new HTTPS connection (1): www.bungie.net:443
2025-05-07 16:39:10,513 - DEBUG - [connectionpool.py:544] - https://www.bungie.net:443 "GET /Platform/Destiny2/Manifest/DestinyStatDefinition/4043523819/ HTTP/1.1" 200 266
2025-05-07 16:39:10,514 - DEBUG - [connectionpool.py:1049] - Starting new HTTPS connection (1): www.bungie.net:443
2025-05-07 16:39:10,591 - DEBUG - [connectionpool.py:544] - https://www.bungie.net:443 "GET /Platform/Destiny2/Manifest/DestinyStatDefinition/1240592695/ HTTP/1.1" 200 264
2025-05-07 16:39:10,594 - DEBUG - [connectionpool.py:1049] - Starting new HTTPS connection (1): www.bungie.net:443
2025-05-07 16:39:10,674 - DEBUG - [connectionpool.py:544] - https://www.bungie.net:443 "GET /Platform/Destiny2/Manifest/DestinyStatDefinition/155624089/ HTTP/1.1" 200 282
2025-05-07 16:39:10,675 - DEBUG - [connectionpool.py:1049] - Starting new HTTPS connection (1): www.bungie.net:443
2025-05-07 16:39:10,754 - DEBUG - [connectionpool.py:544] - https://www.bungie.net:443 "GET /Platform/Destiny2/Manifest/DestinyStatDefinition/3871231066/ HTTP/1.1" 200 277
2025-05-07 16:39:10,756 - DEBUG - [connectionpool.py:1049] - Starting new HTTPS connection (1): www.bungie.net:443
2025-05-07 16:39:10,842 - DEBUG - [connectionpool.py:544] - https://www.bungie.net:443 "GET /Platform/Destiny2/Manifest/DestinyStatDefinition/4188031367/ HTTP/1.1" 200 265
2025-05-07 16:39:10,844 - DEBUG - [connectionpool.py:1049] - Starting new HTTPS connection (1): www.bungie.net:443
2025-05-07 16:39:10,932 - DEBUG - [connectionpool.py:544] - https://www.bungie.net:443 "GET /Platform/Destiny2/Manifest/DestinyStatDefinition/1931675084/ HTTP/1.1" 200 272
2025-05-07 16:39:10,935 - DEBUG - [connectionpool.py:1049] - Starting new HTTPS connection (1): www.bungie.net:443
2025-05-07 16:39:11,021 - DEBUG - [connectionpool.py:544] - https://www.bungie.net:443 "GET /Platform/Destiny2/Manifest/DestinyStatDefinition/943549884/ HTTP/1.1" 200 276
2025-05-07 16:39:11,024 - DEBUG - [connectionpool.py:1049] - Starting new HTTPS connection (1): www.bungie.net:443
2025-05-07 16:39:11,110 - DEBUG - [connectionpool.py:544] - https://www.bungie.net:443 "GET /Platform/Destiny2/Manifest/DestinyStatDefinition/1345609583/ HTTP/1.1" 200 275
2025-05-07 16:39:11,113 - DEBUG - [connectionpool.py:1049] - Starting new HTTPS connection (1): www.bungie.net:443
2025-05-07 16:39:11,193 - DEBUG - [connectionpool.py:544] - https://www.bungie.net:443 "GET /Platform/Destiny2/Manifest/DestinyStatDefinition/2715839340/ HTTP/1.1" 200 272
2025-05-07 16:39:11,195 - DEBUG - [connectionpool.py:1049] - Starting new HTTPS connection (1): www.bungie.net:443
2025-05-07 16:39:11,284 - DEBUG - [connectionpool.py:544] - https://www.bungie.net:443 "GET /Platform/Destiny2/Manifest/DestinyStatDefinition/2714457168/ HTTP/1.1" 200 281
2025-05-07 16:39:11,285 - ERROR - [equipment_page.py:551] - Erreur update_equipment_slot: 'list' object has no attribute 'get'
2025-05-07 16:39:11,286 - DEBUG - [connectionpool.py:1049] - Starting new HTTPS connection (1): www.bungie.net:443
2025-05-07 16:39:11,372 - DEBUG - [connectionpool.py:544] - https://www.bungie.net:443 "GET /Platform/Destiny2/Manifest/DestinyInventoryItemDefinition/814876685/ HTTP/1.1" 200 2386
2025-05-07 16:39:11,374 - DEBUG - [connectionpool.py:1049] - Starting new HTTPS connection (1): www.bungie.net:443
2025-05-07 16:39:11,458 - DEBUG - [connectionpool.py:544] - https://www.bungie.net:443 "GET /Platform/Destiny2/Manifest/DestinyStatDefinition/1480404414/ HTTP/1.1" 200 275
2025-05-07 16:39:11,460 - DEBUG - [connectionpool.py:1049] - Starting new HTTPS connection (1): www.bungie.net:443
2025-05-07 16:39:11,545 - DEBUG - [connectionpool.py:544] - https://www.bungie.net:443 "GET /Platform/Destiny2/Manifest/DestinyStatDefinition/1935470627/ HTTP/1.1" 200 348
2025-05-07 16:39:11,547 - DEBUG - [connectionpool.py:1049] - Starting new HTTPS connection (1): www.bungie.net:443
2025-05-07 16:39:11,634 - DEBUG - [connectionpool.py:544] - https://www.bungie.net:443 "GET /Platform/Destiny2/Manifest/DestinyStatDefinition/1885944937/ HTTP/1.1" 200 230
2025-05-07 16:39:11,637 - DEBUG - [connectionpool.py:1049] - Starting new HTTPS connection (1): www.bungie.net:443
2025-05-07 16:39:11,731 - DEBUG - [connectionpool.py:544] - https://www.bungie.net:443 "GET /Platform/Destiny2/Manifest/DestinyStatDefinition/3555269338/ HTTP/1.1" 200 271
2025-05-07 16:39:11,733 - DEBUG - [connectionpool.py:1049] - Starting new HTTPS connection (1): www.bungie.net:443
2025-05-07 16:39:11,816 - DEBUG - [connectionpool.py:544] - https://www.bungie.net:443 "GET /Platform/Destiny2/Manifest/DestinyStatDefinition/2961396640/ HTTP/1.1" 200 270
2025-05-07 16:39:11,819 - DEBUG - [connectionpool.py:1049] - Starting new HTTPS connection (1): www.bungie.net:443
2025-05-07 16:39:11,900 - DEBUG - [connectionpool.py:544] - https://www.bungie.net:443 "GET /Platform/Destiny2/Manifest/DestinyStatDefinition/4043523819/ HTTP/1.1" 200 266
2025-05-07 16:39:11,902 - DEBUG - [connectionpool.py:1049] - Starting new HTTPS connection (1): www.bungie.net:443
2025-05-07 16:39:11,985 - DEBUG - [connectionpool.py:544] - https://www.bungie.net:443 "GET /Platform/Destiny2/Manifest/DestinyStatDefinition/1591432999/ HTTP/1.1" 200 273
2025-05-07 16:39:11,987 - DEBUG - [connectionpool.py:1049] - Starting new HTTPS connection (1): www.bungie.net:443
2025-05-07 16:39:12,068 - DEBUG - [connectionpool.py:544] - https://www.bungie.net:443 "GET /Platform/Destiny2/Manifest/DestinyStatDefinition/155624089/ HTTP/1.1" 200 282
2025-05-07 16:39:12,070 - DEBUG - [connectionpool.py:1049] - Starting new HTTPS connection (1): www.bungie.net:443
2025-05-07 16:39:12,153 - DEBUG - [connectionpool.py:544] - https://www.bungie.net:443 "GET /Platform/Destiny2/Manifest/DestinyStatDefinition/447667954/ HTTP/1.1" 200 306
2025-05-07 16:39:12,155 - DEBUG - [connectionpool.py:1049] - Starting new HTTPS connection (1): www.bungie.net:443
2025-05-07 16:39:12,240 - DEBUG - [connectionpool.py:544] - https://www.bungie.net:443 "GET /Platform/Destiny2/Manifest/DestinyStatDefinition/4188031367/ HTTP/1.1" 200 265
2025-05-07 16:39:12,243 - DEBUG - [connectionpool.py:1049] - Starting new HTTPS connection (1): www.bungie.net:443
2025-05-07 16:39:12,319 - DEBUG - [connectionpool.py:544] - https://www.bungie.net:443 "GET /Platform/Destiny2/Manifest/DestinyStatDefinition/1931675084/ HTTP/1.1" 200 272
2025-05-07 16:39:12,321 - DEBUG - [connectionpool.py:1049] - Starting new HTTPS connection (1): www.bungie.net:443
2025-05-07 16:39:12,402 - DEBUG - [connectionpool.py:544] - https://www.bungie.net:443 "GET /Platform/Destiny2/Manifest/DestinyStatDefinition/943549884/ HTTP/1.1" 200 276
2025-05-07 16:39:12,404 - DEBUG - [connectionpool.py:1049] - Starting new HTTPS connection (1): www.bungie.net:443
2025-05-07 16:39:12,482 - DEBUG - [connectionpool.py:544] - https://www.bungie.net:443 "GET /Platform/Destiny2/Manifest/DestinyStatDefinition/1345609583/ HTTP/1.1" 200 275
2025-05-07 16:39:12,483 - DEBUG - [connectionpool.py:1049] - Starting new HTTPS connection (1): www.bungie.net:443
2025-05-07 16:39:12,565 - DEBUG - [connectionpool.py:544] - https://www.bungie.net:443 "GET /Platform/Destiny2/Manifest/DestinyStatDefinition/2715839340/ HTTP/1.1" 200 272
2025-05-07 16:39:12,567 - DEBUG - [connectionpool.py:1049] - Starting new HTTPS connection (1): www.bungie.net:443
2025-05-07 16:39:12,652 - DEBUG - [connectionpool.py:544] - https://www.bungie.net:443 "GET /Platform/Destiny2/Manifest/DestinyStatDefinition/2714457168/ HTTP/1.1" 200 281
2025-05-07 16:39:12,653 - ERROR - [equipment_page.py:551] - Erreur update_equipment_slot: 'list' object has no attribute 'get'
2025-05-07 16:39:12,654 - DEBUG - [connectionpool.py:1049] - Starting new HTTPS connection (1): www.bungie.net:443
2025-05-07 16:39:12,735 - DEBUG - [connectionpool.py:544] - https://www.bungie.net:443 "GET /Platform/Destiny2/Manifest/DestinyInventoryItemDefinition/1896309757/ HTTP/1.1" 200 3821
2025-05-07 16:39:12,737 - DEBUG - [connectionpool.py:1049] - Starting new HTTPS connection (1): www.bungie.net:443
2025-05-07 16:39:12,817 - DEBUG - [connectionpool.py:544] - https://www.bungie.net:443 "GET /Platform/Destiny2/Manifest/DestinyStatDefinition/1480404414/ HTTP/1.1" 200 275
2025-05-07 16:39:12,818 - DEBUG - [connectionpool.py:1049] - Starting new HTTPS connection (1): www.bungie.net:443
2025-05-07 16:39:12,911 - DEBUG - [connectionpool.py:544] - https://www.bungie.net:443 "GET /Platform/Destiny2/Manifest/DestinyStatDefinition/1935470627/ HTTP/1.1" 200 348
2025-05-07 16:39:12,913 - DEBUG - [connectionpool.py:1049] - Starting new HTTPS connection (1): www.bungie.net:443
2025-05-07 16:39:12,998 - DEBUG - [connectionpool.py:544] - https://www.bungie.net:443 "GET /Platform/Destiny2/Manifest/DestinyStatDefinition/1885944937/ HTTP/1.1" 200 230
2025-05-07 16:39:13,000 - DEBUG - [connectionpool.py:1049] - Starting new HTTPS connection (1): www.bungie.net:443
2025-05-07 16:39:13,092 - DEBUG - [connectionpool.py:544] - https://www.bungie.net:443 "GET /Platform/Destiny2/Manifest/DestinyStatDefinition/3555269338/ HTTP/1.1" 200 271
2025-05-07 16:39:13,093 - DEBUG - [connectionpool.py:1049] - Starting new HTTPS connection (1): www.bungie.net:443
2025-05-07 16:39:13,183 - DEBUG - [connectionpool.py:544] - https://www.bungie.net:443 "GET /Platform/Destiny2/Manifest/DestinyStatDefinition/4284893193/ HTTP/1.1" 200 277
2025-05-07 16:39:13,185 - DEBUG - [connectionpool.py:1049] - Starting new HTTPS connection (1): www.bungie.net:443
2025-05-07 16:39:13,272 - DEBUG - [connectionpool.py:544] - https://www.bungie.net:443 "GET /Platform/Destiny2/Manifest/DestinyStatDefinition/4043523819/ HTTP/1.1" 200 266
2025-05-07 16:39:13,275 - DEBUG - [connectionpool.py:1049] - Starting new HTTPS connection (1): www.bungie.net:443
2025-05-07 16:39:13,356 - DEBUG - [connectionpool.py:544] - https://www.bungie.net:443 "GET /Platform/Destiny2/Manifest/DestinyStatDefinition/1240592695/ HTTP/1.1" 200 264
2025-05-07 16:39:13,359 - DEBUG - [connectionpool.py:1049] - Starting new HTTPS connection (1): www.bungie.net:443
2025-05-07 16:39:13,441 - DEBUG - [connectionpool.py:544] - https://www.bungie.net:443 "GET /Platform/Destiny2/Manifest/DestinyStatDefinition/155624089/ HTTP/1.1" 200 282
2025-05-07 16:39:13,444 - DEBUG - [connectionpool.py:1049] - Starting new HTTPS connection (1): www.bungie.net:443
2025-05-07 16:39:13,533 - DEBUG - [connectionpool.py:544] - https://www.bungie.net:443 "GET /Platform/Destiny2/Manifest/DestinyStatDefinition/3871231066/ HTTP/1.1" 200 277
2025-05-07 16:39:13,534 - DEBUG - [connectionpool.py:1049] - Starting new HTTPS connection (1): www.bungie.net:443
2025-05-07 16:39:13,609 - DEBUG - [connectionpool.py:544] - https://www.bungie.net:443 "GET /Platform/Destiny2/Manifest/DestinyStatDefinition/4188031367/ HTTP/1.1" 200 265
2025-05-07 16:39:13,611 - DEBUG - [connectionpool.py:1049] - Starting new HTTPS connection (1): www.bungie.net:443
2025-05-07 16:39:13,703 - DEBUG - [connectionpool.py:544] - https://www.bungie.net:443 "GET /Platform/Destiny2/Manifest/DestinyStatDefinition/1931675084/ HTTP/1.1" 200 272
2025-05-07 16:39:13,706 - DEBUG - [connectionpool.py:1049] - Starting new HTTPS connection (1): www.bungie.net:443
2025-05-07 16:39:13,785 - DEBUG - [connectionpool.py:544] - https://www.bungie.net:443 "GET /Platform/Destiny2/Manifest/DestinyStatDefinition/943549884/ HTTP/1.1" 200 276
2025-05-07 16:39:13,788 - DEBUG - [connectionpool.py:1049] - Starting new HTTPS connection (1): www.bungie.net:443
2025-05-07 16:39:13,865 - DEBUG - [connectionpool.py:544] - https://www.bungie.net:443 "GET /Platform/Destiny2/Manifest/DestinyStatDefinition/1345609583/ HTTP/1.1" 200 275
2025-05-07 16:39:13,869 - DEBUG - [connectionpool.py:1049] - Starting new HTTPS connection (1): www.bungie.net:443
2025-05-07 16:39:13,959 - DEBUG - [connectionpool.py:544] - https://www.bungie.net:443 "GET /Platform/Destiny2/Manifest/DestinyStatDefinition/2715839340/ HTTP/1.1" 200 272
2025-05-07 16:39:13,962 - DEBUG - [connectionpool.py:1049] - Starting new HTTPS connection (1): www.bungie.net:443
2025-05-07 16:39:14,084 - DEBUG - [connectionpool.py:544] - https://www.bungie.net:443 "GET /Platform/Destiny2/Manifest/DestinyStatDefinition/2714457168/ HTTP/1.1" 200 281
2025-05-07 16:39:14,085 - ERROR - [equipment_page.py:551] - Erreur update_equipment_slot: 'list' object has no attribute 'get'
2025-05-07 16:39:14,086 - DEBUG - [connectionpool.py:1049] - Starting new HTTPS connection (1): www.bungie.net:443
2025-05-07 16:39:14,163 - DEBUG - [connectionpool.py:544] - https://www.bungie.net:443 "GET /Platform/Destiny2/Manifest/DestinyInventoryItemDefinition/2134769653/ HTTP/1.1" 200 2578
2025-05-07 16:39:14,165 - DEBUG - [connectionpool.py:1049] - Starting new HTTPS connection (1): www.bungie.net:443
2025-05-07 16:39:14,265 - DEBUG - [connectionpool.py:544] - https://www.bungie.net:443 "GET /Platform/Destiny2/Manifest/DestinyStatDefinition/3897883278/ HTTP/1.1" 200 264
2025-05-07 16:39:14,268 - DEBUG - [connectionpool.py:1049] - Starting new HTTPS connection (1): www.bungie.net:443
2025-05-07 16:39:14,350 - DEBUG - [connectionpool.py:544] - https://www.bungie.net:443 "GET /Platform/Destiny2/Manifest/DestinyStatDefinition/1935470627/ HTTP/1.1" 200 348
2025-05-07 16:39:14,352 - DEBUG - [connectionpool.py:1049] - Starting new HTTPS connection (1): www.bungie.net:443
2025-05-07 16:39:14,451 - DEBUG - [connectionpool.py:544] - https://www.bungie.net:443 "GET /Platform/Destiny2/Manifest/DestinyStatDefinition/1885944937/ HTTP/1.1" 200 230
2025-05-07 16:39:14,451 - ERROR - [equipment_page.py:551] - Erreur update_equipment_slot: 'list' object has no attribute 'get'
2025-05-07 16:39:14,454 - DEBUG - [connectionpool.py:1049] - Starting new HTTPS connection (1): www.bungie.net:443
2025-05-07 16:39:14,547 - DEBUG - [connectionpool.py:544] - https://www.bungie.net:443 "GET /Platform/Destiny2/Manifest/DestinyInventoryItemDefinition/810612804/ HTTP/1.1" 200 2584
2025-05-07 16:39:14,549 - DEBUG - [connectionpool.py:1049] - Starting new HTTPS connection (1): www.bungie.net:443
2025-05-07 16:39:14,632 - DEBUG - [connectionpool.py:544] - https://www.bungie.net:443 "GET /Platform/Destiny2/Manifest/DestinyStatDefinition/3897883278/ HTTP/1.1" 200 264
2025-05-07 16:39:14,634 - DEBUG - [connectionpool.py:1049] - Starting new HTTPS connection (1): www.bungie.net:443
2025-05-07 16:39:14,720 - DEBUG - [connectionpool.py:544] - https://www.bungie.net:443 "GET /Platform/Destiny2/Manifest/DestinyStatDefinition/1935470627/ HTTP/1.1" 200 348
2025-05-07 16:39:14,723 - DEBUG - [connectionpool.py:1049] - Starting new HTTPS connection (1): www.bungie.net:443
2025-05-07 16:39:14,815 - DEBUG - [connectionpool.py:544] - https://www.bungie.net:443 "GET /Platform/Destiny2/Manifest/DestinyStatDefinition/1885944937/ HTTP/1.1" 200 230
2025-05-07 16:39:14,817 - ERROR - [equipment_page.py:551] - Erreur update_equipment_slot: 'list' object has no attribute 'get'
2025-05-07 16:39:14,819 - DEBUG - [connectionpool.py:1049] - Starting new HTTPS connection (1): www.bungie.net:443
2025-05-07 16:39:14,900 - DEBUG - [connectionpool.py:544] - https://www.bungie.net:443 "GET /Platform/Destiny2/Manifest/DestinyInventoryItemDefinition/1183187516/ HTTP/1.1" 200 2582
2025-05-07 16:39:14,902 - DEBUG - [connectionpool.py:1049] - Starting new HTTPS connection (1): www.bungie.net:443
2025-05-07 16:39:14,984 - DEBUG - [connectionpool.py:544] - https://www.bungie.net:443 "GET /Platform/Destiny2/Manifest/DestinyStatDefinition/3897883278/ HTTP/1.1" 200 264
2025-05-07 16:39:14,988 - DEBUG - [connectionpool.py:1049] - Starting new HTTPS connection (1): www.bungie.net:443
2025-05-07 16:39:15,065 - DEBUG - [connectionpool.py:544] - https://www.bungie.net:443 "GET /Platform/Destiny2/Manifest/DestinyStatDefinition/1935470627/ HTTP/1.1" 200 348
2025-05-07 16:39:15,068 - DEBUG - [connectionpool.py:1049] - Starting new HTTPS connection (1): www.bungie.net:443
2025-05-07 16:39:15,144 - DEBUG - [connectionpool.py:544] - https://www.bungie.net:443 "GET /Platform/Destiny2/Manifest/DestinyStatDefinition/1885944937/ HTTP/1.1" 200 230
2025-05-07 16:39:15,146 - ERROR - [equipment_page.py:551] - Erreur update_equipment_slot: 'list' object has no attribute 'get'
2025-05-07 16:39:15,147 - DEBUG - [connectionpool.py:1049] - Starting new HTTPS connection (1): www.bungie.net:443
2025-05-07 16:39:15,229 - DEBUG - [connectionpool.py:544] - https://www.bungie.net:443 "GET /Platform/Destiny2/Manifest/DestinyInventoryItemDefinition/2741258862/ HTTP/1.1" 200 2583
2025-05-07 16:39:15,232 - DEBUG - [connectionpool.py:1049] - Starting new HTTPS connection (1): www.bungie.net:443
2025-05-07 16:39:15,338 - DEBUG - [connectionpool.py:544] - https://www.bungie.net:443 "GET /Platform/Destiny2/Manifest/DestinyStatDefinition/3897883278/ HTTP/1.1" 200 264
2025-05-07 16:39:15,343 - DEBUG - [connectionpool.py:1049] - Starting new HTTPS connection (1): www.bungie.net:443
2025-05-07 16:39:15,424 - DEBUG - [connectionpool.py:544] - https://www.bungie.net:443 "GET /Platform/Destiny2/Manifest/DestinyStatDefinition/1935470627/ HTTP/1.1" 200 348
2025-05-07 16:39:15,427 - DEBUG - [connectionpool.py:1049] - Starting new HTTPS connection (1): www.bungie.net:443
2025-05-07 16:39:15,511 - DEBUG - [connectionpool.py:544] - https://www.bungie.net:443 "GET /Platform/Destiny2/Manifest/DestinyStatDefinition/1885944937/ HTTP/1.1" 200 230
2025-05-07 16:39:15,512 - ERROR - [equipment_page.py:551] - Erreur update_equipment_slot: 'list' object has no attribute 'get'
2025-05-07 16:39:15,514 - DEBUG - [connectionpool.py:1049] - Starting new HTTPS connection (1): www.bungie.net:443
2025-05-07 16:39:15,591 - DEBUG - [connectionpool.py:544] - https://www.bungie.net:443 "GET /Platform/Destiny2/Manifest/DestinyInventoryItemDefinition/266021826/ HTTP/1.1" 200 2348
2025-05-07 16:39:15,593 - DEBUG - [connectionpool.py:1049] - Starting new HTTPS connection (1): www.bungie.net:443
2025-05-07 16:39:15,671 - DEBUG - [connectionpool.py:544] - https://www.bungie.net:443 "GET /Platform/Destiny2/Manifest/DestinyStatDefinition/3897883278/ HTTP/1.1" 200 264
2025-05-07 16:39:15,674 - DEBUG - [connectionpool.py:1049] - Starting new HTTPS connection (1): www.bungie.net:443
2025-05-07 16:39:15,771 - DEBUG - [connectionpool.py:544] - https://www.bungie.net:443 "GET /Platform/Destiny2/Manifest/DestinyStatDefinition/1935470627/ HTTP/1.1" 200 348
2025-05-07 16:39:15,774 - DEBUG - [connectionpool.py:1049] - Starting new HTTPS connection (1): www.bungie.net:443
2025-05-07 16:39:15,854 - DEBUG - [connectionpool.py:544] - https://www.bungie.net:443 "GET /Platform/Destiny2/Manifest/DestinyStatDefinition/1885944937/ HTTP/1.1" 200 230
2025-05-07 16:39:15,855 - ERROR - [equipment_page.py:551] - Erreur update_equipment_slot: 'list' object has no attribute 'get'
2025-05-07 16:39:15,855 - INFO - [equipment_page.py:343] - Affichage terminé - 3 armes, 5 pièces d'armure
2025-05-07 16:39:15,856 - DEBUG - [main_window.py:133] - ✓ Page équipement créée
2025-05-07 16:39:15,857 - DEBUG - [main_window.py:136] - ✓ Page missions créée
2025-05-07 16:39:15,859 - INFO - [main_window.py:148] - ✅ Pages ajoutées avec succès
2025-05-07 16:39:15,859 - INFO - [main_window.py:155] - Configuration de la barre de statut
2025-05-07 16:39:15,860 - INFO - [main_window.py:168] - ✅ Barre de statut configurée
2025-05-07 16:39:15,860 - INFO - [main_window.py:174] - Application des styles
2025-05-07 16:39:15,868 - INFO - [main_window.py:179] - ✅ Styles appliqués
2025-05-07 16:39:15,869 - INFO - [main_window.py:27] - ✅ Interface principale initialisée avec succès
2025-05-07 16:39:16,963 - INFO - [main_window.py:185] - Changement de page vers l'index 1
2025-05-07 16:39:16,967 - DEBUG - [main_window.py:197] - ✓ Page changée avec succès vers 1
2025-05-07 16:39:17,739 - INFO - [equipment_page.py:439] - Ouverture des détails pour l'item : Midnight Coup
2025-05-07 16:39:17,739 - INFO - [equipment_page.py:451] - Affichage du template non-exotique.
2025-05-07 16:39:17,740 - DEBUG - [equipment_page.py:584] - Création du widget détail non-exotique pour : Midnight Coup
2025-05-07 16:39:22,863 - INFO - [equipment_page.py:439] - Ouverture des détails pour l'item : Trinity Ghoul
2025-05-07 16:39:22,863 - INFO - [equipment_page.py:451] - Affichage du template non-exotique.
2025-05-07 16:39:22,863 - DEBUG - [equipment_page.py:584] - Création du widget détail non-exotique pour : Trinity Ghoul
