2025-04-17 10:25:14,590 - INFO - [logger.py:31] - === Démarrage de Destiny Hub ===
2025-04-17 10:25:14,590 - INFO - [logger.py:32] - Version Python: 3.11.6 (tags/v3.11.6:8b6ee5b, Oct  2 2023, 14:57:12) [MSC v.1935 64 bit (AMD64)]
2025-04-17 10:25:14,591 - INFO - [logger.py:33] - Système d'exploitation: win32
2025-04-17 10:25:14,591 - INFO - [logger.py:34] - Fichier de log créé: logs/destiny_hub_20250417_102514.log
2025-04-17 10:25:14,591 - INFO - [logger.py:55] - === Informations Système ===
2025-04-17 10:25:14,591 - INFO - [logger.py:56] - OS: Windows 10
2025-04-17 10:25:14,609 - INFO - [logger.py:57] - Architecture: AMD64
2025-04-17 10:25:14,610 - INFO - [logger.py:58] - Processeur: AMD64 Family 25 Model 68 Stepping 1, AuthenticAMD
2025-04-17 10:25:14,621 - INFO - [logger.py:62] - Mémoire totale: 31.25 GB
2025-04-17 10:25:14,621 - INFO - [logger.py:63] - Mémoire disponible: 14.21 GB
2025-04-17 10:25:14,621 - INFO - [logger.py:64] - Utilisation mémoire: 54.5%
2025-04-17 10:25:14,622 - INFO - [logger.py:68] - Espace disque total: 952.48 GB
2025-04-17 10:25:14,622 - INFO - [logger.py:69] - Espace disque libre: 218.24 GB
2025-04-17 10:25:14,622 - INFO - [logger.py:70] - Utilisation disque: 77.1%
2025-04-17 10:25:14,622 - INFO - [logger.py:77] - === Vérification de l'environnement ===
2025-04-17 10:25:14,623 - INFO - [logger.py:93] - ✓ BUNGIE_API_KEY trouvée
2025-04-17 10:25:14,623 - DEBUG - [logger.py:94] - Longueur de BUNGIE_API_KEY: 32
2025-04-17 10:25:14,623 - ERROR - [logger.py:96] - ✗ CLIENT_ID non trouvée dans .env
2025-04-17 10:25:14,623 - ERROR - [logger.py:96] - ✗ CLIENT_SECRET non trouvée dans .env
2025-04-17 10:25:14,623 - INFO - [logger.py:105] - === Vérification des dépendances ===
2025-04-17 10:25:14,623 - INFO - [logger.py:119] - ✓ PyQt6 version: Version inconnue
2025-04-17 10:25:14,623 - INFO - [logger.py:119] - ✓ requests version: 2.32.3
2025-04-17 10:25:14,623 - INFO - [logger.py:119] - ✓ python-dotenv version: Version inconnue
2025-04-17 10:25:14,625 - INFO - [logger.py:119] - ✓ psutil version: 5.9.5
2025-04-17 10:25:14,625 - INFO - [logger.py:119] - ✓ beautifulsoup4 version: 4.13.4
2025-04-17 10:25:14,625 - INFO - [logger.py:126] - === Vérification des fichiers ===
2025-04-17 10:25:14,625 - INFO - [logger.py:148] - ✓ .env trouvé (Configuration)
2025-04-17 10:25:14,625 - INFO - [logger.py:148] - ✓ main.py trouvé (Point d'entrée)
2025-04-17 10:25:14,625 - INFO - [logger.py:148] - ✓ requirements.txt trouvé (Dépendances)
2025-04-17 10:25:14,626 - DEBUG - [logger.py:173] - === Contenu de requirements.txt ===
2025-04-17 10:25:14,626 - DEBUG - [logger.py:177] - - requests==2.31.0
2025-04-17 10:25:14,626 - DEBUG - [logger.py:177] - - customtkinter==5.2.1
2025-04-17 10:25:14,627 - DEBUG - [logger.py:177] - - pillow==10.2.0
2025-04-17 10:25:14,627 - DEBUG - [logger.py:177] - - python-dotenv==1.0.0
2025-04-17 10:25:14,627 - INFO - [logger.py:158] - ✓ Dossier ui trouvé (Interface utilisateur) - 4 fichiers
2025-04-17 10:25:14,627 - DEBUG - [logger.py:159] - Contenu de ui: main_window.py, pages, styles.py, __pycache__
2025-04-17 10:25:14,628 - INFO - [logger.py:158] - ✓ Dossier ui/pages trouvé (Pages de l'interface) - 5 fichiers
2025-04-17 10:25:14,628 - DEBUG - [logger.py:159] - Contenu de ui/pages: account_page.py, equipment_page.py, meta_page.py, missions_page.py, __pycache__
2025-04-17 10:25:14,628 - INFO - [logger.py:158] - ✓ Dossier api trouvé (API Bungie) - 3 fichiers
2025-04-17 10:25:14,628 - DEBUG - [logger.py:159] - Contenu de api: bungie_client.py, oauth_handler.py, __pycache__
2025-04-17 10:25:14,630 - INFO - [logger.py:158] - ✓ Dossier utils trouvé (Utilitaires) - 3 fichiers
2025-04-17 10:25:14,630 - DEBUG - [logger.py:159] - Contenu de utils: config.py, logger.py, __pycache__
2025-04-17 10:25:14,630 - INFO - [logger.py:158] - ✓ Dossier data trouvé (Données) - 4 fichiers
2025-04-17 10:25:14,630 - DEBUG - [logger.py:159] - Contenu de data: account.json, full_account.json, icons, profile_data.json
2025-04-17 10:25:14,630 - INFO - [logger.py:158] - ✓ Dossier icons trouvé (Icônes) - 64 fichiers
2025-04-17 10:25:14,631 - DEBUG - [logger.py:159] - Contenu de icons: 1003860281.png, 1183187516.png, 1197771438.png, 129332559.png, 1320342774.png, 1457394908.png, 1484009400.png, 1522633034.png, 152583919.png, 1533314821.png, 1616346845.png, 1907110519.png, 1911060537.png, 1958630864.png, 2012043039.png, 2134769653.png, 2151724216.png, 2185244404.png, 2190967049.png, 2198166292.png, 2286507447.png, 241462142.png, 2441435355.png, 2550323932.png, 2591586261.png, 2629014079.png, 266021826.png, 2738060683.png, 2741258862.png, 2742930797.png, 2783831726.png, 2809120022.png, 2827764482.png, 287888126.png, 2907129557.png, 2949538030.png, 2962546549.png, 3001229473.png, 3158812152.png, 3183180185.png, 3264721770.png, 331602521.png, 3434301337.png, 3569802112.png, 3628991658.png, 3733702440.png, 3797572280.png, 3828080585.png, 3844610113.png, 3906357376.png, 3947966653.png, 4026763349.png, 4062934448.png, 4146702548.png, 4282591831.png, 4293588774.png, 537041732.png, 557165046.png, 568611923.png, 643145875.png, 788073488.png, 810612804.png, 952431286.png, 991314988.png
2025-04-17 10:25:14,631 - INFO - [logger.py:158] - ✓ Dossier logs trouvé (Fichiers de log) - 21 fichiers
2025-04-17 10:25:14,631 - DEBUG - [logger.py:159] - Contenu de logs: destiny_hub_20250417_090308.log, destiny_hub_20250417_090501.log, destiny_hub_20250417_091449.log, destiny_hub_20250417_091744.log, destiny_hub_20250417_092047.log, destiny_hub_20250417_092453.log, destiny_hub_20250417_093036.log, destiny_hub_20250417_093355.log, destiny_hub_20250417_093518.log, destiny_hub_20250417_093701.log, destiny_hub_20250417_094459.log, destiny_hub_20250417_094915.log, destiny_hub_20250417_095450.log, destiny_hub_20250417_095800.log, destiny_hub_20250417_100013.log, destiny_hub_20250417_101050.log, destiny_hub_20250417_101112.log, destiny_hub_20250417_101728.log, destiny_hub_20250417_101938.log, destiny_hub_20250417_102126.log, destiny_hub_20250417_102514.log
2025-04-17 10:25:14,631 - INFO - [logger.py:158] - ✓ Dossier cache trouvé (Cache des images) - 0 fichiers
2025-04-17 10:25:14,633 - DEBUG - [logger.py:159] - Contenu de cache: 
2025-04-17 10:25:14,664 - INFO - [main_window.py:17] - === Initialisation de la fenêtre principale ===
2025-04-17 10:25:14,664 - INFO - [main_window.py:32] - Configuration de l'interface utilisateur
2025-04-17 10:25:14,670 - DEBUG - [main_window.py:112] - Création des pages...
2025-04-17 10:25:14,678 - DEBUG - [main_window.py:114] - ✓ Page compte créée
2025-04-17 10:25:14,701 - INFO - [equipment_page.py:164] - === Chargement des personnages ===
2025-04-17 10:25:14,706 - DEBUG - [connectionpool.py:1049] - Starting new HTTPS connection (1): www.bungie.net:443
2025-04-17 10:25:15,502 - DEBUG - [connectionpool.py:544] - https://www.bungie.net:443 "GET /Platform/Destiny2/3/Profile/4611686018536948250/?components=200%2C205 HTTP/1.1" 200 2478
2025-04-17 10:25:15,512 - INFO - [equipment_page.py:332] - Changement de personnage vers ID: 2305843010596444327
2025-04-17 10:25:15,514 - DEBUG - [connectionpool.py:1049] - Starting new HTTPS connection (1): www.bungie.net:443
2025-04-17 10:25:16,325 - DEBUG - [connectionpool.py:544] - https://www.bungie.net:443 "GET /Platform/Destiny2/3/Profile/4611686018536948250/?components=200 HTTP/1.1" 200 993
2025-04-17 10:25:16,326 - INFO - [equipment_page.py:361] - Lumière mise à jour pour le nouveau personnage: 2019
2025-04-17 10:25:16,326 - INFO - [equipment_page.py:219] - === Chargement de l'équipement pour le personnage 2305843010596444327 ===
2025-04-17 10:25:16,329 - DEBUG - [connectionpool.py:1049] - Starting new HTTPS connection (1): www.bungie.net:443
2025-04-17 10:25:16,670 - DEBUG - [connectionpool.py:544] - https://www.bungie.net:443 "GET /Platform/Destiny2/3/Profile/4611686018536948250/Character/2305843010596444327/?components=205%2C300%2C302 HTTP/1.1" 200 3083
2025-04-17 10:25:16,672 - INFO - [equipment_page.py:273] - === Affichage de l'équipement ===
2025-04-17 10:25:16,697 - INFO - [equipment_page.py:323] - Affichage terminé - 3 armes, 5 pièces d'armure
2025-04-17 10:25:16,698 - INFO - [equipment_page.py:219] - === Chargement de l'équipement pour le personnage 2305843010596444327 ===
2025-04-17 10:25:16,702 - DEBUG - [connectionpool.py:1049] - Starting new HTTPS connection (1): www.bungie.net:443
2025-04-17 10:25:16,874 - DEBUG - [connectionpool.py:544] - https://www.bungie.net:443 "GET /Platform/Destiny2/3/Profile/4611686018536948250/Character/2305843010596444327/?components=205%2C300%2C302 HTTP/1.1" 200 3083
2025-04-17 10:25:16,875 - INFO - [equipment_page.py:273] - === Affichage de l'équipement ===
2025-04-17 10:25:16,877 - INFO - [equipment_page.py:323] - Affichage terminé - 3 armes, 5 pièces d'armure
2025-04-17 10:25:16,877 - DEBUG - [main_window.py:117] - ✓ Page équipement créée
2025-04-17 10:25:16,880 - DEBUG - [main_window.py:120] - ✓ Page missions créée
2025-04-17 10:25:16,884 - DEBUG - [main_window.py:123] - ✓ Page meta créée
2025-04-17 10:25:16,886 - INFO - [meta_page.py:28] - === Début du scraping des armes meta ===
2025-04-17 10:25:16,886 - INFO - [main_window.py:141] - ✅ Pages ajoutées avec succès
2025-04-17 10:25:16,888 - INFO - [meta_page.py:41] - === Début de l'extraction avec méthode avancée ===
2025-04-17 10:25:16,888 - INFO - [main_window.py:148] - Configuration de la barre de statut
2025-04-17 10:25:16,889 - INFO - [main_window.py:161] - ✅ Barre de statut configurée
2025-04-17 10:25:16,889 - INFO - [main_window.py:167] - Application des styles
2025-04-17 10:25:16,898 - INFO - [main_window.py:172] - ✅ Styles appliqués
2025-04-17 10:25:16,898 - INFO - [main_window.py:26] - ✅ Interface principale initialisée avec succès
2025-04-17 10:25:16,998 - DEBUG - [selenium_manager.py:101] - Selenium Manager binary found at: C:\Users\perio\AppData\Local\Programs\Python\Python311\Lib\site-packages\selenium\webdriver\common\windows\selenium-manager.exe
2025-04-17 10:25:16,998 - DEBUG - [selenium_manager.py:114] - Executing process: C:\Users\perio\AppData\Local\Programs\Python\Python311\Lib\site-packages\selenium\webdriver\common\windows\selenium-manager.exe --browser chrome --debug --language-binding python --output json
2025-04-17 10:25:17,285 - DEBUG - [selenium_manager.py:140] - chromedriver not found in PATH
2025-04-17 10:25:17,285 - DEBUG - [selenium_manager.py:140] - chrome detected at C:\Program Files\Google\Chrome\Application\chrome.exe
2025-04-17 10:25:17,287 - DEBUG - [selenium_manager.py:140] - Running command: wmic datafile where name='C:\\Program Files\\Google\\Chrome\\Application\\chrome.exe' get Version /value
2025-04-17 10:25:17,287 - DEBUG - [selenium_manager.py:140] - Output: "\r\r\n\r\r\nVersion=135.0.7049.85\r\r\n\r\r\n\r\r\n\r"
2025-04-17 10:25:17,287 - DEBUG - [selenium_manager.py:140] - Detected browser: chrome 135.0.7049.85
2025-04-17 10:25:17,287 - DEBUG - [selenium_manager.py:140] - Required driver: chromedriver 135.0.7049.95
2025-04-17 10:25:17,287 - DEBUG - [selenium_manager.py:140] - chromedriver 135.0.7049.95 already in the cache
2025-04-17 10:25:17,287 - DEBUG - [selenium_manager.py:140] - Driver path: C:\Users\perio\.cache\selenium\chromedriver\win64\135.0.7049.95\chromedriver.exe
2025-04-17 10:25:17,287 - DEBUG - [selenium_manager.py:140] - Browser path: C:\Program Files\Google\Chrome\Application\chrome.exe
2025-04-17 10:25:17,295 - DEBUG - [service.py:231] - Started executable: `C:\Users\perio\.cache\selenium\chromedriver\win64\135.0.7049.95\chromedriver.exe` in a child process with pid: 29176 using 0 to output -3
2025-04-17 10:25:17,805 - DEBUG - [remote_connection.py:403] - POST http://localhost:53568/session {'capabilities': {'firstMatch': [{}], 'alwaysMatch': {'browserName': 'chrome', 'pageLoadStrategy': <PageLoadStrategy.normal: 'normal'>, 'browserVersion': None, 'goog:chromeOptions': {'excludeSwitches': ['enable-automation'], 'useAutomationExtension': False, 'extensions': [], 'binary': 'C:\\Program Files\\Google\\Chrome\\Application\\chrome.exe', 'args': ['--headless=new', '--no-sandbox', '--disable-blink-features=AutomationControlled', '--window-size=1920,1080', '--start-maximized']}}}}
2025-04-17 10:25:17,807 - DEBUG - [connectionpool.py:241] - Starting new HTTP connection (1): localhost:53568
2025-04-17 10:25:18,336 - INFO - [main_window.py:178] - Changement de page vers l'index 3
2025-04-17 10:25:18,337 - DEBUG - [main_window.py:187] - ✓ Page changée avec succès vers 3
2025-04-17 10:25:18,443 - DEBUG - [connectionpool.py:544] - http://localhost:53568 "POST /session HTTP/1.1" 200 0
2025-04-17 10:25:18,444 - DEBUG - [remote_connection.py:436] - Remote response: status=200 | data={"value":{"capabilities":{"acceptInsecureCerts":false,"browserName":"chrome","browserVersion":"135.0.7049.85","chrome":{"chromedriverVersion":"135.0.7049.95 (de2eb485a1951079e63bdb57ce25544d2dc79c15-refs/branch-heads/7049@{#1836})","userDataDir":"C:\\Users\\perio\\AppData\\Local\\Temp\\scoped_dir29176_1377369788"},"fedcm:accounts":true,"goog:chromeOptions":{"debuggerAddress":"localhost:53571"},"networkConnectionEnabled":false,"pageLoadStrategy":"normal","platformName":"windows","proxy":{},"setWindowRect":true,"strictFileInteractability":false,"timeouts":{"implicit":0,"pageLoad":300000,"script":30000},"unhandledPromptBehavior":"dismiss and notify","webauthn:extension:credBlob":true,"webauthn:extension:largeBlob":true,"webauthn:extension:minPinLength":true,"webauthn:extension:prf":true,"webauthn:virtualAuthenticators":true},"sessionId":"4b9881561c7dfa2c8e77d29004ea4e87"}} | headers=HTTPHeaderDict({'Content-Length': '882', 'Content-Type': 'application/json; charset=utf-8', 'cache-control': 'no-cache'})
2025-04-17 10:25:18,444 - DEBUG - [remote_connection.py:465] - Finished Request
2025-04-17 10:25:18,444 - DEBUG - [remote_connection.py:403] - POST http://localhost:53568/session/4b9881561c7dfa2c8e77d29004ea4e87/goog/cdp/execute {'cmd': 'Page.addScriptToEvaluateOnNewDocument', 'params': {'source': '\n                        // Masquer Selenium\n                        Object.defineProperty(navigator...'}}
2025-04-17 10:25:18,452 - DEBUG - [connectionpool.py:544] - http://localhost:53568 "POST /session/4b9881561c7dfa2c8e77d29004ea4e87/goog/cdp/execute HTTP/1.1" 200 0
2025-04-17 10:25:18,452 - DEBUG - [remote_connection.py:436] - Remote response: status=200 | data={"value":{"identifier":"2"}} | headers=HTTPHeaderDict({'Content-Length': '28', 'Content-Type': 'application/json; charset=utf-8', 'cache-control': 'no-cache'})
2025-04-17 10:25:18,452 - DEBUG - [remote_connection.py:465] - Finished Request
2025-04-17 10:25:18,453 - DEBUG - [remote_connection.py:403] - POST http://localhost:53568/session/4b9881561c7dfa2c8e77d29004ea4e87/url {'url': 'https://www.light.gg'}
2025-04-17 10:25:19,503 - DEBUG - [connectionpool.py:544] - http://localhost:53568 "POST /session/4b9881561c7dfa2c8e77d29004ea4e87/url HTTP/1.1" 200 0
2025-04-17 10:25:19,505 - DEBUG - [remote_connection.py:436] - Remote response: status=200 | data={"value":null} | headers=HTTPHeaderDict({'Content-Length': '14', 'Content-Type': 'application/json; charset=utf-8', 'cache-control': 'no-cache'})
2025-04-17 10:25:19,505 - DEBUG - [remote_connection.py:465] - Finished Request
2025-04-17 10:25:22,236 - DEBUG - [remote_connection.py:403] - POST http://localhost:53568/session/4b9881561c7dfa2c8e77d29004ea4e87/execute/sync {'script': 'window.scrollTo(0, document.body.scrollHeight/2);', 'args': []}
2025-04-17 10:25:22,404 - DEBUG - [connectionpool.py:544] - http://localhost:53568 "POST /session/4b9881561c7dfa2c8e77d29004ea4e87/execute/sync HTTP/1.1" 200 0
2025-04-17 10:25:22,433 - DEBUG - [remote_connection.py:436] - Remote response: status=200 | data={"value":null} | headers=HTTPHeaderDict({'Content-Length': '14', 'Content-Type': 'application/json; charset=utf-8', 'cache-control': 'no-cache'})
2025-04-17 10:25:22,462 - DEBUG - [remote_connection.py:465] - Finished Request
2025-04-17 10:25:24,447 - DEBUG - [remote_connection.py:403] - POST http://localhost:53568/session/4b9881561c7dfa2c8e77d29004ea4e87/goog/cdp/execute {'cmd': 'Network.setExtraHTTPHeaders', 'params': {'headers': {'X-API-Key': 'bd74382b0ed7419b94f2421909cfa0e9'}}}
2025-04-17 10:25:24,450 - DEBUG - [connectionpool.py:544] - http://localhost:53568 "POST /session/4b9881561c7dfa2c8e77d29004ea4e87/goog/cdp/execute HTTP/1.1" 200 0
2025-04-17 10:25:24,451 - DEBUG - [remote_connection.py:436] - Remote response: status=200 | data={"value":{}} | headers=HTTPHeaderDict({'Content-Length': '12', 'Content-Type': 'application/json; charset=utf-8', 'cache-control': 'no-cache'})
2025-04-17 10:25:24,452 - DEBUG - [remote_connection.py:465] - Finished Request
2025-04-17 10:25:24,452 - DEBUG - [remote_connection.py:403] - POST http://localhost:53568/session/4b9881561c7dfa2c8e77d29004ea4e87/url {'url': 'https://www.light.gg/god-roll/'}
2025-04-17 10:25:24,780 - DEBUG - [connectionpool.py:544] - http://localhost:53568 "POST /session/4b9881561c7dfa2c8e77d29004ea4e87/url HTTP/1.1" 200 0
2025-04-17 10:25:24,781 - DEBUG - [remote_connection.py:436] - Remote response: status=200 | data={"value":null} | headers=HTTPHeaderDict({'Content-Length': '14', 'Content-Type': 'application/json; charset=utf-8', 'cache-control': 'no-cache'})
2025-04-17 10:25:24,781 - DEBUG - [remote_connection.py:465] - Finished Request
2025-04-17 10:25:24,781 - DEBUG - [remote_connection.py:403] - POST http://localhost:53568/session/4b9881561c7dfa2c8e77d29004ea4e87/element {'using': 'css selector', 'value': '.item'}
2025-04-17 10:25:24,792 - DEBUG - [connectionpool.py:544] - http://localhost:53568 "POST /session/4b9881561c7dfa2c8e77d29004ea4e87/element HTTP/1.1" 404 0
2025-04-17 10:25:24,792 - DEBUG - [remote_connection.py:436] - Remote response: status=404 | data={"value":{"error":"no such element","message":"no such element: Unable to locate element: {\"method\":\"css selector\",\"selector\":\".item\"}\n  (Session info: chrome=135.0.7049.85)","stacktrace":"\tGetHandleVerifier [0x00007FF657335355+78597]\n\tGetHandleVerifier [0x00007FF6573353B0+78688]\n\t(No symbol) [0x00007FF6570E91AA]\n\t(No symbol) [0x00007FF65713F149]\n\t(No symbol) [0x00007FF65713F3FC]\n\t(No symbol) [0x00007FF657192467]\n\t(No symbol) [0x00007FF65716712F]\n\t(No symbol) [0x00007FF65718F2BB]\n\t(No symbol) [0x00007FF657166EC3]\n\t(No symbol) [0x00007FF6571303F8]\n\t(No symbol) [0x00007FF657131163]\n\tGetHandleVerifier [0x00007FF6575DEF0D+2870973]\n\tGetHandleVerifier [0x00007FF6575D96B8+2848360]\n\tGetHandleVerifier [0x00007FF6575F6993+2967875]\n\tGetHandleVerifier [0x00007FF65735019A+188746]\n\tGetHandleVerifier [0x00007FF65735847F+222255]\n\tGetHandleVerifier [0x00007FF65733D2D4+111236]\n\tGetHandleVerifier [0x00007FF65733D482+111666]\n\tGetHandleVerifier [0x00007FF6573235A9+5465]\n\tBaseThreadInitThunk [0x00007FFA9441E8D7+23]\n\tRtlUserThreadStart [0x00007FFA959314FC+44]\n"}} | headers=HTTPHeaderDict({'Content-Length': '1107', 'Content-Type': 'application/json; charset=utf-8', 'cache-control': 'no-cache'})
2025-04-17 10:25:24,792 - DEBUG - [remote_connection.py:465] - Finished Request
2025-04-17 10:25:25,294 - DEBUG - [remote_connection.py:403] - POST http://localhost:53568/session/4b9881561c7dfa2c8e77d29004ea4e87/element {'using': 'css selector', 'value': '.item'}
2025-04-17 10:25:25,306 - DEBUG - [connectionpool.py:544] - http://localhost:53568 "POST /session/4b9881561c7dfa2c8e77d29004ea4e87/element HTTP/1.1" 404 0
2025-04-17 10:25:25,306 - DEBUG - [remote_connection.py:436] - Remote response: status=404 | data={"value":{"error":"no such element","message":"no such element: Unable to locate element: {\"method\":\"css selector\",\"selector\":\".item\"}\n  (Session info: chrome=135.0.7049.85)","stacktrace":"\tGetHandleVerifier [0x00007FF657335355+78597]\n\tGetHandleVerifier [0x00007FF6573353B0+78688]\n\t(No symbol) [0x00007FF6570E91AA]\n\t(No symbol) [0x00007FF65713F149]\n\t(No symbol) [0x00007FF65713F3FC]\n\t(No symbol) [0x00007FF657192467]\n\t(No symbol) [0x00007FF65716712F]\n\t(No symbol) [0x00007FF65718F2BB]\n\t(No symbol) [0x00007FF657166EC3]\n\t(No symbol) [0x00007FF6571303F8]\n\t(No symbol) [0x00007FF657131163]\n\tGetHandleVerifier [0x00007FF6575DEF0D+2870973]\n\tGetHandleVerifier [0x00007FF6575D96B8+2848360]\n\tGetHandleVerifier [0x00007FF6575F6993+2967875]\n\tGetHandleVerifier [0x00007FF65735019A+188746]\n\tGetHandleVerifier [0x00007FF65735847F+222255]\n\tGetHandleVerifier [0x00007FF65733D2D4+111236]\n\tGetHandleVerifier [0x00007FF65733D482+111666]\n\tGetHandleVerifier [0x00007FF6573235A9+5465]\n\tBaseThreadInitThunk [0x00007FFA9441E8D7+23]\n\tRtlUserThreadStart [0x00007FFA959314FC+44]\n"}} | headers=HTTPHeaderDict({'Content-Length': '1107', 'Content-Type': 'application/json; charset=utf-8', 'cache-control': 'no-cache'})
2025-04-17 10:25:25,306 - DEBUG - [remote_connection.py:465] - Finished Request
2025-04-17 10:25:25,808 - DEBUG - [remote_connection.py:403] - POST http://localhost:53568/session/4b9881561c7dfa2c8e77d29004ea4e87/element {'using': 'css selector', 'value': '.item'}
2025-04-17 10:25:25,824 - DEBUG - [connectionpool.py:544] - http://localhost:53568 "POST /session/4b9881561c7dfa2c8e77d29004ea4e87/element HTTP/1.1" 404 0
2025-04-17 10:25:25,825 - DEBUG - [remote_connection.py:436] - Remote response: status=404 | data={"value":{"error":"no such element","message":"no such element: Unable to locate element: {\"method\":\"css selector\",\"selector\":\".item\"}\n  (Session info: chrome=135.0.7049.85)","stacktrace":"\tGetHandleVerifier [0x00007FF657335355+78597]\n\tGetHandleVerifier [0x00007FF6573353B0+78688]\n\t(No symbol) [0x00007FF6570E91AA]\n\t(No symbol) [0x00007FF65713F149]\n\t(No symbol) [0x00007FF65713F3FC]\n\t(No symbol) [0x00007FF657192467]\n\t(No symbol) [0x00007FF65716712F]\n\t(No symbol) [0x00007FF65718F2BB]\n\t(No symbol) [0x00007FF657166EC3]\n\t(No symbol) [0x00007FF6571303F8]\n\t(No symbol) [0x00007FF657131163]\n\tGetHandleVerifier [0x00007FF6575DEF0D+2870973]\n\tGetHandleVerifier [0x00007FF6575D96B8+2848360]\n\tGetHandleVerifier [0x00007FF6575F6993+2967875]\n\tGetHandleVerifier [0x00007FF65735019A+188746]\n\tGetHandleVerifier [0x00007FF65735847F+222255]\n\tGetHandleVerifier [0x00007FF65733D2D4+111236]\n\tGetHandleVerifier [0x00007FF65733D482+111666]\n\tGetHandleVerifier [0x00007FF6573235A9+5465]\n\tBaseThreadInitThunk [0x00007FFA9441E8D7+23]\n\tRtlUserThreadStart [0x00007FFA959314FC+44]\n"}} | headers=HTTPHeaderDict({'Content-Length': '1107', 'Content-Type': 'application/json; charset=utf-8', 'cache-control': 'no-cache'})
2025-04-17 10:25:25,825 - DEBUG - [remote_connection.py:465] - Finished Request
2025-04-17 10:25:26,326 - DEBUG - [remote_connection.py:403] - POST http://localhost:53568/session/4b9881561c7dfa2c8e77d29004ea4e87/element {'using': 'css selector', 'value': '.item'}
2025-04-17 10:25:26,337 - DEBUG - [connectionpool.py:544] - http://localhost:53568 "POST /session/4b9881561c7dfa2c8e77d29004ea4e87/element HTTP/1.1" 404 0
2025-04-17 10:25:26,339 - DEBUG - [remote_connection.py:436] - Remote response: status=404 | data={"value":{"error":"no such element","message":"no such element: Unable to locate element: {\"method\":\"css selector\",\"selector\":\".item\"}\n  (Session info: chrome=135.0.7049.85)","stacktrace":"\tGetHandleVerifier [0x00007FF657335355+78597]\n\tGetHandleVerifier [0x00007FF6573353B0+78688]\n\t(No symbol) [0x00007FF6570E91AA]\n\t(No symbol) [0x00007FF65713F149]\n\t(No symbol) [0x00007FF65713F3FC]\n\t(No symbol) [0x00007FF657192467]\n\t(No symbol) [0x00007FF65716712F]\n\t(No symbol) [0x00007FF65718F2BB]\n\t(No symbol) [0x00007FF657166EC3]\n\t(No symbol) [0x00007FF6571303F8]\n\t(No symbol) [0x00007FF657131163]\n\tGetHandleVerifier [0x00007FF6575DEF0D+2870973]\n\tGetHandleVerifier [0x00007FF6575D96B8+2848360]\n\tGetHandleVerifier [0x00007FF6575F6993+2967875]\n\tGetHandleVerifier [0x00007FF65735019A+188746]\n\tGetHandleVerifier [0x00007FF65735847F+222255]\n\tGetHandleVerifier [0x00007FF65733D2D4+111236]\n\tGetHandleVerifier [0x00007FF65733D482+111666]\n\tGetHandleVerifier [0x00007FF6573235A9+5465]\n\tBaseThreadInitThunk [0x00007FFA9441E8D7+23]\n\tRtlUserThreadStart [0x00007FFA959314FC+44]\n"}} | headers=HTTPHeaderDict({'Content-Length': '1107', 'Content-Type': 'application/json; charset=utf-8', 'cache-control': 'no-cache'})
2025-04-17 10:25:26,339 - DEBUG - [remote_connection.py:465] - Finished Request
2025-04-17 10:25:26,840 - DEBUG - [remote_connection.py:403] - POST http://localhost:53568/session/4b9881561c7dfa2c8e77d29004ea4e87/element {'using': 'css selector', 'value': '.item'}
2025-04-17 10:25:26,867 - DEBUG - [connectionpool.py:544] - http://localhost:53568 "POST /session/4b9881561c7dfa2c8e77d29004ea4e87/element HTTP/1.1" 404 0
2025-04-17 10:25:26,867 - DEBUG - [remote_connection.py:436] - Remote response: status=404 | data={"value":{"error":"no such element","message":"no such element: Unable to locate element: {\"method\":\"css selector\",\"selector\":\".item\"}\n  (Session info: chrome=135.0.7049.85)","stacktrace":"\tGetHandleVerifier [0x00007FF657335355+78597]\n\tGetHandleVerifier [0x00007FF6573353B0+78688]\n\t(No symbol) [0x00007FF6570E91AA]\n\t(No symbol) [0x00007FF65713F149]\n\t(No symbol) [0x00007FF65713F3FC]\n\t(No symbol) [0x00007FF657192467]\n\t(No symbol) [0x00007FF65716712F]\n\t(No symbol) [0x00007FF65718F2BB]\n\t(No symbol) [0x00007FF657166EC3]\n\t(No symbol) [0x00007FF6571303F8]\n\t(No symbol) [0x00007FF657131163]\n\tGetHandleVerifier [0x00007FF6575DEF0D+2870973]\n\tGetHandleVerifier [0x00007FF6575D96B8+2848360]\n\tGetHandleVerifier [0x00007FF6575F6993+2967875]\n\tGetHandleVerifier [0x00007FF65735019A+188746]\n\tGetHandleVerifier [0x00007FF65735847F+222255]\n\tGetHandleVerifier [0x00007FF65733D2D4+111236]\n\tGetHandleVerifier [0x00007FF65733D482+111666]\n\tGetHandleVerifier [0x00007FF6573235A9+5465]\n\tBaseThreadInitThunk [0x00007FFA9441E8D7+23]\n\tRtlUserThreadStart [0x00007FFA959314FC+44]\n"}} | headers=HTTPHeaderDict({'Content-Length': '1107', 'Content-Type': 'application/json; charset=utf-8', 'cache-control': 'no-cache'})
2025-04-17 10:25:26,868 - DEBUG - [remote_connection.py:465] - Finished Request
2025-04-17 10:25:27,392 - DEBUG - [remote_connection.py:403] - POST http://localhost:53568/session/4b9881561c7dfa2c8e77d29004ea4e87/element {'using': 'css selector', 'value': '.item'}
2025-04-17 10:25:27,558 - DEBUG - [connectionpool.py:544] - http://localhost:53568 "POST /session/4b9881561c7dfa2c8e77d29004ea4e87/element HTTP/1.1" 404 0
2025-04-17 10:25:27,592 - DEBUG - [remote_connection.py:436] - Remote response: status=404 | data={"value":{"error":"no such element","message":"no such element: Unable to locate element: {\"method\":\"css selector\",\"selector\":\".item\"}\n  (Session info: chrome=135.0.7049.85)","stacktrace":"\tGetHandleVerifier [0x00007FF657335355+78597]\n\tGetHandleVerifier [0x00007FF6573353B0+78688]\n\t(No symbol) [0x00007FF6570E91AA]\n\t(No symbol) [0x00007FF65713F149]\n\t(No symbol) [0x00007FF65713F3FC]\n\t(No symbol) [0x00007FF657192467]\n\t(No symbol) [0x00007FF65716712F]\n\t(No symbol) [0x00007FF65718F2BB]\n\t(No symbol) [0x00007FF657166EC3]\n\t(No symbol) [0x00007FF6571303F8]\n\t(No symbol) [0x00007FF657131163]\n\tGetHandleVerifier [0x00007FF6575DEF0D+2870973]\n\tGetHandleVerifier [0x00007FF6575D96B8+2848360]\n\tGetHandleVerifier [0x00007FF6575F6993+2967875]\n\tGetHandleVerifier [0x00007FF65735019A+188746]\n\tGetHandleVerifier [0x00007FF65735847F+222255]\n\tGetHandleVerifier [0x00007FF65733D2D4+111236]\n\tGetHandleVerifier [0x00007FF65733D482+111666]\n\tGetHandleVerifier [0x00007FF6573235A9+5465]\n\tBaseThreadInitThunk [0x00007FFA9441E8D7+23]\n\tRtlUserThreadStart [0x00007FFA959314FC+44]\n"}} | headers=HTTPHeaderDict({'Content-Length': '1107', 'Content-Type': 'application/json; charset=utf-8', 'cache-control': 'no-cache'})
2025-04-17 10:25:27,620 - DEBUG - [remote_connection.py:465] - Finished Request
2025-04-17 10:25:28,168 - DEBUG - [remote_connection.py:403] - POST http://localhost:53568/session/4b9881561c7dfa2c8e77d29004ea4e87/element {'using': 'css selector', 'value': '.item'}
2025-04-17 10:25:28,332 - DEBUG - [connectionpool.py:544] - http://localhost:53568 "POST /session/4b9881561c7dfa2c8e77d29004ea4e87/element HTTP/1.1" 404 0
2025-04-17 10:25:28,368 - DEBUG - [remote_connection.py:436] - Remote response: status=404 | data={"value":{"error":"no such element","message":"no such element: Unable to locate element: {\"method\":\"css selector\",\"selector\":\".item\"}\n  (Session info: chrome=135.0.7049.85)","stacktrace":"\tGetHandleVerifier [0x00007FF657335355+78597]\n\tGetHandleVerifier [0x00007FF6573353B0+78688]\n\t(No symbol) [0x00007FF6570E91AA]\n\t(No symbol) [0x00007FF65713F149]\n\t(No symbol) [0x00007FF65713F3FC]\n\t(No symbol) [0x00007FF657192467]\n\t(No symbol) [0x00007FF65716712F]\n\t(No symbol) [0x00007FF65718F2BB]\n\t(No symbol) [0x00007FF657166EC3]\n\t(No symbol) [0x00007FF6571303F8]\n\t(No symbol) [0x00007FF657131163]\n\tGetHandleVerifier [0x00007FF6575DEF0D+2870973]\n\tGetHandleVerifier [0x00007FF6575D96B8+2848360]\n\tGetHandleVerifier [0x00007FF6575F6993+2967875]\n\tGetHandleVerifier [0x00007FF65735019A+188746]\n\tGetHandleVerifier [0x00007FF65735847F+222255]\n\tGetHandleVerifier [0x00007FF65733D2D4+111236]\n\tGetHandleVerifier [0x00007FF65733D482+111666]\n\tGetHandleVerifier [0x00007FF6573235A9+5465]\n\tBaseThreadInitThunk [0x00007FFA9441E8D7+23]\n\tRtlUserThreadStart [0x00007FFA959314FC+44]\n"}} | headers=HTTPHeaderDict({'Content-Length': '1107', 'Content-Type': 'application/json; charset=utf-8', 'cache-control': 'no-cache'})
2025-04-17 10:25:28,387 - DEBUG - [remote_connection.py:465] - Finished Request
2025-04-17 10:25:28,889 - DEBUG - [remote_connection.py:403] - POST http://localhost:53568/session/4b9881561c7dfa2c8e77d29004ea4e87/element {'using': 'css selector', 'value': '.item'}
2025-04-17 10:25:28,897 - DEBUG - [connectionpool.py:544] - http://localhost:53568 "POST /session/4b9881561c7dfa2c8e77d29004ea4e87/element HTTP/1.1" 404 0
2025-04-17 10:25:28,898 - DEBUG - [remote_connection.py:436] - Remote response: status=404 | data={"value":{"error":"no such element","message":"no such element: Unable to locate element: {\"method\":\"css selector\",\"selector\":\".item\"}\n  (Session info: chrome=135.0.7049.85)","stacktrace":"\tGetHandleVerifier [0x00007FF657335355+78597]\n\tGetHandleVerifier [0x00007FF6573353B0+78688]\n\t(No symbol) [0x00007FF6570E91AA]\n\t(No symbol) [0x00007FF65713F149]\n\t(No symbol) [0x00007FF65713F3FC]\n\t(No symbol) [0x00007FF657192467]\n\t(No symbol) [0x00007FF65716712F]\n\t(No symbol) [0x00007FF65718F2BB]\n\t(No symbol) [0x00007FF657166EC3]\n\t(No symbol) [0x00007FF6571303F8]\n\t(No symbol) [0x00007FF657131163]\n\tGetHandleVerifier [0x00007FF6575DEF0D+2870973]\n\tGetHandleVerifier [0x00007FF6575D96B8+2848360]\n\tGetHandleVerifier [0x00007FF6575F6993+2967875]\n\tGetHandleVerifier [0x00007FF65735019A+188746]\n\tGetHandleVerifier [0x00007FF65735847F+222255]\n\tGetHandleVerifier [0x00007FF65733D2D4+111236]\n\tGetHandleVerifier [0x00007FF65733D482+111666]\n\tGetHandleVerifier [0x00007FF6573235A9+5465]\n\tBaseThreadInitThunk [0x00007FFA9441E8D7+23]\n\tRtlUserThreadStart [0x00007FFA959314FC+44]\n"}} | headers=HTTPHeaderDict({'Content-Length': '1107', 'Content-Type': 'application/json; charset=utf-8', 'cache-control': 'no-cache'})
2025-04-17 10:25:28,898 - DEBUG - [remote_connection.py:465] - Finished Request
2025-04-17 10:25:29,400 - DEBUG - [remote_connection.py:403] - POST http://localhost:53568/session/4b9881561c7dfa2c8e77d29004ea4e87/element {'using': 'css selector', 'value': '.item'}
2025-04-17 10:25:29,409 - DEBUG - [connectionpool.py:544] - http://localhost:53568 "POST /session/4b9881561c7dfa2c8e77d29004ea4e87/element HTTP/1.1" 404 0
2025-04-17 10:25:29,409 - DEBUG - [remote_connection.py:436] - Remote response: status=404 | data={"value":{"error":"no such element","message":"no such element: Unable to locate element: {\"method\":\"css selector\",\"selector\":\".item\"}\n  (Session info: chrome=135.0.7049.85)","stacktrace":"\tGetHandleVerifier [0x00007FF657335355+78597]\n\tGetHandleVerifier [0x00007FF6573353B0+78688]\n\t(No symbol) [0x00007FF6570E91AA]\n\t(No symbol) [0x00007FF65713F149]\n\t(No symbol) [0x00007FF65713F3FC]\n\t(No symbol) [0x00007FF657192467]\n\t(No symbol) [0x00007FF65716712F]\n\t(No symbol) [0x00007FF65718F2BB]\n\t(No symbol) [0x00007FF657166EC3]\n\t(No symbol) [0x00007FF6571303F8]\n\t(No symbol) [0x00007FF657131163]\n\tGetHandleVerifier [0x00007FF6575DEF0D+2870973]\n\tGetHandleVerifier [0x00007FF6575D96B8+2848360]\n\tGetHandleVerifier [0x00007FF6575F6993+2967875]\n\tGetHandleVerifier [0x00007FF65735019A+188746]\n\tGetHandleVerifier [0x00007FF65735847F+222255]\n\tGetHandleVerifier [0x00007FF65733D2D4+111236]\n\tGetHandleVerifier [0x00007FF65733D482+111666]\n\tGetHandleVerifier [0x00007FF6573235A9+5465]\n\tBaseThreadInitThunk [0x00007FFA9441E8D7+23]\n\tRtlUserThreadStart [0x00007FFA959314FC+44]\n"}} | headers=HTTPHeaderDict({'Content-Length': '1107', 'Content-Type': 'application/json; charset=utf-8', 'cache-control': 'no-cache'})
2025-04-17 10:25:29,409 - DEBUG - [remote_connection.py:465] - Finished Request
2025-04-17 10:25:29,910 - DEBUG - [remote_connection.py:403] - POST http://localhost:53568/session/4b9881561c7dfa2c8e77d29004ea4e87/element {'using': 'css selector', 'value': '.item'}
2025-04-17 10:25:29,916 - DEBUG - [connectionpool.py:544] - http://localhost:53568 "POST /session/4b9881561c7dfa2c8e77d29004ea4e87/element HTTP/1.1" 404 0
2025-04-17 10:25:29,917 - DEBUG - [remote_connection.py:436] - Remote response: status=404 | data={"value":{"error":"no such element","message":"no such element: Unable to locate element: {\"method\":\"css selector\",\"selector\":\".item\"}\n  (Session info: chrome=135.0.7049.85)","stacktrace":"\tGetHandleVerifier [0x00007FF657335355+78597]\n\tGetHandleVerifier [0x00007FF6573353B0+78688]\n\t(No symbol) [0x00007FF6570E91AA]\n\t(No symbol) [0x00007FF65713F149]\n\t(No symbol) [0x00007FF65713F3FC]\n\t(No symbol) [0x00007FF657192467]\n\t(No symbol) [0x00007FF65716712F]\n\t(No symbol) [0x00007FF65718F2BB]\n\t(No symbol) [0x00007FF657166EC3]\n\t(No symbol) [0x00007FF6571303F8]\n\t(No symbol) [0x00007FF657131163]\n\tGetHandleVerifier [0x00007FF6575DEF0D+2870973]\n\tGetHandleVerifier [0x00007FF6575D96B8+2848360]\n\tGetHandleVerifier [0x00007FF6575F6993+2967875]\n\tGetHandleVerifier [0x00007FF65735019A+188746]\n\tGetHandleVerifier [0x00007FF65735847F+222255]\n\tGetHandleVerifier [0x00007FF65733D2D4+111236]\n\tGetHandleVerifier [0x00007FF65733D482+111666]\n\tGetHandleVerifier [0x00007FF6573235A9+5465]\n\tBaseThreadInitThunk [0x00007FFA9441E8D7+23]\n\tRtlUserThreadStart [0x00007FFA959314FC+44]\n"}} | headers=HTTPHeaderDict({'Content-Length': '1107', 'Content-Type': 'application/json; charset=utf-8', 'cache-control': 'no-cache'})
2025-04-17 10:25:29,917 - DEBUG - [remote_connection.py:465] - Finished Request
2025-04-17 10:25:30,419 - DEBUG - [remote_connection.py:403] - POST http://localhost:53568/session/4b9881561c7dfa2c8e77d29004ea4e87/element {'using': 'css selector', 'value': '.item'}
2025-04-17 10:25:30,426 - DEBUG - [connectionpool.py:544] - http://localhost:53568 "POST /session/4b9881561c7dfa2c8e77d29004ea4e87/element HTTP/1.1" 404 0
2025-04-17 10:25:30,426 - DEBUG - [remote_connection.py:436] - Remote response: status=404 | data={"value":{"error":"no such element","message":"no such element: Unable to locate element: {\"method\":\"css selector\",\"selector\":\".item\"}\n  (Session info: chrome=135.0.7049.85)","stacktrace":"\tGetHandleVerifier [0x00007FF657335355+78597]\n\tGetHandleVerifier [0x00007FF6573353B0+78688]\n\t(No symbol) [0x00007FF6570E91AA]\n\t(No symbol) [0x00007FF65713F149]\n\t(No symbol) [0x00007FF65713F3FC]\n\t(No symbol) [0x00007FF657192467]\n\t(No symbol) [0x00007FF65716712F]\n\t(No symbol) [0x00007FF65718F2BB]\n\t(No symbol) [0x00007FF657166EC3]\n\t(No symbol) [0x00007FF6571303F8]\n\t(No symbol) [0x00007FF657131163]\n\tGetHandleVerifier [0x00007FF6575DEF0D+2870973]\n\tGetHandleVerifier [0x00007FF6575D96B8+2848360]\n\tGetHandleVerifier [0x00007FF6575F6993+2967875]\n\tGetHandleVerifier [0x00007FF65735019A+188746]\n\tGetHandleVerifier [0x00007FF65735847F+222255]\n\tGetHandleVerifier [0x00007FF65733D2D4+111236]\n\tGetHandleVerifier [0x00007FF65733D482+111666]\n\tGetHandleVerifier [0x00007FF6573235A9+5465]\n\tBaseThreadInitThunk [0x00007FFA9441E8D7+23]\n\tRtlUserThreadStart [0x00007FFA959314FC+44]\n"}} | headers=HTTPHeaderDict({'Content-Length': '1107', 'Content-Type': 'application/json; charset=utf-8', 'cache-control': 'no-cache'})
2025-04-17 10:25:30,427 - DEBUG - [remote_connection.py:465] - Finished Request
2025-04-17 10:25:30,928 - DEBUG - [remote_connection.py:403] - POST http://localhost:53568/session/4b9881561c7dfa2c8e77d29004ea4e87/element {'using': 'css selector', 'value': '.item'}
2025-04-17 10:25:30,936 - DEBUG - [connectionpool.py:544] - http://localhost:53568 "POST /session/4b9881561c7dfa2c8e77d29004ea4e87/element HTTP/1.1" 404 0
2025-04-17 10:25:30,937 - DEBUG - [remote_connection.py:436] - Remote response: status=404 | data={"value":{"error":"no such element","message":"no such element: Unable to locate element: {\"method\":\"css selector\",\"selector\":\".item\"}\n  (Session info: chrome=135.0.7049.85)","stacktrace":"\tGetHandleVerifier [0x00007FF657335355+78597]\n\tGetHandleVerifier [0x00007FF6573353B0+78688]\n\t(No symbol) [0x00007FF6570E91AA]\n\t(No symbol) [0x00007FF65713F149]\n\t(No symbol) [0x00007FF65713F3FC]\n\t(No symbol) [0x00007FF657192467]\n\t(No symbol) [0x00007FF65716712F]\n\t(No symbol) [0x00007FF65718F2BB]\n\t(No symbol) [0x00007FF657166EC3]\n\t(No symbol) [0x00007FF6571303F8]\n\t(No symbol) [0x00007FF657131163]\n\tGetHandleVerifier [0x00007FF6575DEF0D+2870973]\n\tGetHandleVerifier [0x00007FF6575D96B8+2848360]\n\tGetHandleVerifier [0x00007FF6575F6993+2967875]\n\tGetHandleVerifier [0x00007FF65735019A+188746]\n\tGetHandleVerifier [0x00007FF65735847F+222255]\n\tGetHandleVerifier [0x00007FF65733D2D4+111236]\n\tGetHandleVerifier [0x00007FF65733D482+111666]\n\tGetHandleVerifier [0x00007FF6573235A9+5465]\n\tBaseThreadInitThunk [0x00007FFA9441E8D7+23]\n\tRtlUserThreadStart [0x00007FFA959314FC+44]\n"}} | headers=HTTPHeaderDict({'Content-Length': '1107', 'Content-Type': 'application/json; charset=utf-8', 'cache-control': 'no-cache'})
2025-04-17 10:25:30,937 - DEBUG - [remote_connection.py:465] - Finished Request
2025-04-17 10:25:31,438 - DEBUG - [remote_connection.py:403] - POST http://localhost:53568/session/4b9881561c7dfa2c8e77d29004ea4e87/element {'using': 'css selector', 'value': '.item'}
2025-04-17 10:25:31,446 - DEBUG - [connectionpool.py:544] - http://localhost:53568 "POST /session/4b9881561c7dfa2c8e77d29004ea4e87/element HTTP/1.1" 404 0
2025-04-17 10:25:31,446 - DEBUG - [remote_connection.py:436] - Remote response: status=404 | data={"value":{"error":"no such element","message":"no such element: Unable to locate element: {\"method\":\"css selector\",\"selector\":\".item\"}\n  (Session info: chrome=135.0.7049.85)","stacktrace":"\tGetHandleVerifier [0x00007FF657335355+78597]\n\tGetHandleVerifier [0x00007FF6573353B0+78688]\n\t(No symbol) [0x00007FF6570E91AA]\n\t(No symbol) [0x00007FF65713F149]\n\t(No symbol) [0x00007FF65713F3FC]\n\t(No symbol) [0x00007FF657192467]\n\t(No symbol) [0x00007FF65716712F]\n\t(No symbol) [0x00007FF65718F2BB]\n\t(No symbol) [0x00007FF657166EC3]\n\t(No symbol) [0x00007FF6571303F8]\n\t(No symbol) [0x00007FF657131163]\n\tGetHandleVerifier [0x00007FF6575DEF0D+2870973]\n\tGetHandleVerifier [0x00007FF6575D96B8+2848360]\n\tGetHandleVerifier [0x00007FF6575F6993+2967875]\n\tGetHandleVerifier [0x00007FF65735019A+188746]\n\tGetHandleVerifier [0x00007FF65735847F+222255]\n\tGetHandleVerifier [0x00007FF65733D2D4+111236]\n\tGetHandleVerifier [0x00007FF65733D482+111666]\n\tGetHandleVerifier [0x00007FF6573235A9+5465]\n\tBaseThreadInitThunk [0x00007FFA9441E8D7+23]\n\tRtlUserThreadStart [0x00007FFA959314FC+44]\n"}} | headers=HTTPHeaderDict({'Content-Length': '1107', 'Content-Type': 'application/json; charset=utf-8', 'cache-control': 'no-cache'})
2025-04-17 10:25:31,446 - DEBUG - [remote_connection.py:465] - Finished Request
2025-04-17 10:25:31,962 - DEBUG - [remote_connection.py:403] - POST http://localhost:53568/session/4b9881561c7dfa2c8e77d29004ea4e87/element {'using': 'css selector', 'value': '.item'}
2025-04-17 10:25:32,129 - DEBUG - [connectionpool.py:544] - http://localhost:53568 "POST /session/4b9881561c7dfa2c8e77d29004ea4e87/element HTTP/1.1" 404 0
2025-04-17 10:25:32,138 - DEBUG - [remote_connection.py:436] - Remote response: status=404 | data={"value":{"error":"no such element","message":"no such element: Unable to locate element: {\"method\":\"css selector\",\"selector\":\".item\"}\n  (Session info: chrome=135.0.7049.85)","stacktrace":"\tGetHandleVerifier [0x00007FF657335355+78597]\n\tGetHandleVerifier [0x00007FF6573353B0+78688]\n\t(No symbol) [0x00007FF6570E91AA]\n\t(No symbol) [0x00007FF65713F149]\n\t(No symbol) [0x00007FF65713F3FC]\n\t(No symbol) [0x00007FF657192467]\n\t(No symbol) [0x00007FF65716712F]\n\t(No symbol) [0x00007FF65718F2BB]\n\t(No symbol) [0x00007FF657166EC3]\n\t(No symbol) [0x00007FF6571303F8]\n\t(No symbol) [0x00007FF657131163]\n\tGetHandleVerifier [0x00007FF6575DEF0D+2870973]\n\tGetHandleVerifier [0x00007FF6575D96B8+2848360]\n\tGetHandleVerifier [0x00007FF6575F6993+2967875]\n\tGetHandleVerifier [0x00007FF65735019A+188746]\n\tGetHandleVerifier [0x00007FF65735847F+222255]\n\tGetHandleVerifier [0x00007FF65733D2D4+111236]\n\tGetHandleVerifier [0x00007FF65733D482+111666]\n\tGetHandleVerifier [0x00007FF6573235A9+5465]\n\tBaseThreadInitThunk [0x00007FFA9441E8D7+23]\n\tRtlUserThreadStart [0x00007FFA959314FC+44]\n"}} | headers=HTTPHeaderDict({'Content-Length': '1107', 'Content-Type': 'application/json; charset=utf-8', 'cache-control': 'no-cache'})
2025-04-17 10:25:32,168 - DEBUG - [remote_connection.py:465] - Finished Request
2025-04-17 10:25:32,743 - DEBUG - [remote_connection.py:403] - POST http://localhost:53568/session/4b9881561c7dfa2c8e77d29004ea4e87/element {'using': 'css selector', 'value': '.item'}
2025-04-17 10:25:32,914 - DEBUG - [connectionpool.py:544] - http://localhost:53568 "POST /session/4b9881561c7dfa2c8e77d29004ea4e87/element HTTP/1.1" 404 0
2025-04-17 10:25:32,941 - DEBUG - [remote_connection.py:436] - Remote response: status=404 | data={"value":{"error":"no such element","message":"no such element: Unable to locate element: {\"method\":\"css selector\",\"selector\":\".item\"}\n  (Session info: chrome=135.0.7049.85)","stacktrace":"\tGetHandleVerifier [0x00007FF657335355+78597]\n\tGetHandleVerifier [0x00007FF6573353B0+78688]\n\t(No symbol) [0x00007FF6570E91AA]\n\t(No symbol) [0x00007FF65713F149]\n\t(No symbol) [0x00007FF65713F3FC]\n\t(No symbol) [0x00007FF657192467]\n\t(No symbol) [0x00007FF65716712F]\n\t(No symbol) [0x00007FF65718F2BB]\n\t(No symbol) [0x00007FF657166EC3]\n\t(No symbol) [0x00007FF6571303F8]\n\t(No symbol) [0x00007FF657131163]\n\tGetHandleVerifier [0x00007FF6575DEF0D+2870973]\n\tGetHandleVerifier [0x00007FF6575D96B8+2848360]\n\tGetHandleVerifier [0x00007FF6575F6993+2967875]\n\tGetHandleVerifier [0x00007FF65735019A+188746]\n\tGetHandleVerifier [0x00007FF65735847F+222255]\n\tGetHandleVerifier [0x00007FF65733D2D4+111236]\n\tGetHandleVerifier [0x00007FF65733D482+111666]\n\tGetHandleVerifier [0x00007FF6573235A9+5465]\n\tBaseThreadInitThunk [0x00007FFA9441E8D7+23]\n\tRtlUserThreadStart [0x00007FFA959314FC+44]\n"}} | headers=HTTPHeaderDict({'Content-Length': '1107', 'Content-Type': 'application/json; charset=utf-8', 'cache-control': 'no-cache'})
2025-04-17 10:25:32,976 - DEBUG - [remote_connection.py:465] - Finished Request
2025-04-17 10:25:33,507 - DEBUG - [remote_connection.py:403] - POST http://localhost:53568/session/4b9881561c7dfa2c8e77d29004ea4e87/element {'using': 'css selector', 'value': '.item'}
2025-04-17 10:25:33,515 - DEBUG - [connectionpool.py:544] - http://localhost:53568 "POST /session/4b9881561c7dfa2c8e77d29004ea4e87/element HTTP/1.1" 404 0
2025-04-17 10:25:33,516 - DEBUG - [remote_connection.py:436] - Remote response: status=404 | data={"value":{"error":"no such element","message":"no such element: Unable to locate element: {\"method\":\"css selector\",\"selector\":\".item\"}\n  (Session info: chrome=135.0.7049.85)","stacktrace":"\tGetHandleVerifier [0x00007FF657335355+78597]\n\tGetHandleVerifier [0x00007FF6573353B0+78688]\n\t(No symbol) [0x00007FF6570E91AA]\n\t(No symbol) [0x00007FF65713F149]\n\t(No symbol) [0x00007FF65713F3FC]\n\t(No symbol) [0x00007FF657192467]\n\t(No symbol) [0x00007FF65716712F]\n\t(No symbol) [0x00007FF65718F2BB]\n\t(No symbol) [0x00007FF657166EC3]\n\t(No symbol) [0x00007FF6571303F8]\n\t(No symbol) [0x00007FF657131163]\n\tGetHandleVerifier [0x00007FF6575DEF0D+2870973]\n\tGetHandleVerifier [0x00007FF6575D96B8+2848360]\n\tGetHandleVerifier [0x00007FF6575F6993+2967875]\n\tGetHandleVerifier [0x00007FF65735019A+188746]\n\tGetHandleVerifier [0x00007FF65735847F+222255]\n\tGetHandleVerifier [0x00007FF65733D2D4+111236]\n\tGetHandleVerifier [0x00007FF65733D482+111666]\n\tGetHandleVerifier [0x00007FF6573235A9+5465]\n\tBaseThreadInitThunk [0x00007FFA9441E8D7+23]\n\tRtlUserThreadStart [0x00007FFA959314FC+44]\n"}} | headers=HTTPHeaderDict({'Content-Length': '1107', 'Content-Type': 'application/json; charset=utf-8', 'cache-control': 'no-cache'})
2025-04-17 10:25:33,517 - DEBUG - [remote_connection.py:465] - Finished Request
2025-04-17 10:25:34,018 - DEBUG - [remote_connection.py:403] - POST http://localhost:53568/session/4b9881561c7dfa2c8e77d29004ea4e87/element {'using': 'css selector', 'value': '.item'}
2025-04-17 10:25:34,024 - DEBUG - [connectionpool.py:544] - http://localhost:53568 "POST /session/4b9881561c7dfa2c8e77d29004ea4e87/element HTTP/1.1" 404 0
2025-04-17 10:25:34,026 - DEBUG - [remote_connection.py:436] - Remote response: status=404 | data={"value":{"error":"no such element","message":"no such element: Unable to locate element: {\"method\":\"css selector\",\"selector\":\".item\"}\n  (Session info: chrome=135.0.7049.85)","stacktrace":"\tGetHandleVerifier [0x00007FF657335355+78597]\n\tGetHandleVerifier [0x00007FF6573353B0+78688]\n\t(No symbol) [0x00007FF6570E91AA]\n\t(No symbol) [0x00007FF65713F149]\n\t(No symbol) [0x00007FF65713F3FC]\n\t(No symbol) [0x00007FF657192467]\n\t(No symbol) [0x00007FF65716712F]\n\t(No symbol) [0x00007FF65718F2BB]\n\t(No symbol) [0x00007FF657166EC3]\n\t(No symbol) [0x00007FF6571303F8]\n\t(No symbol) [0x00007FF657131163]\n\tGetHandleVerifier [0x00007FF6575DEF0D+2870973]\n\tGetHandleVerifier [0x00007FF6575D96B8+2848360]\n\tGetHandleVerifier [0x00007FF6575F6993+2967875]\n\tGetHandleVerifier [0x00007FF65735019A+188746]\n\tGetHandleVerifier [0x00007FF65735847F+222255]\n\tGetHandleVerifier [0x00007FF65733D2D4+111236]\n\tGetHandleVerifier [0x00007FF65733D482+111666]\n\tGetHandleVerifier [0x00007FF6573235A9+5465]\n\tBaseThreadInitThunk [0x00007FFA9441E8D7+23]\n\tRtlUserThreadStart [0x00007FFA959314FC+44]\n"}} | headers=HTTPHeaderDict({'Content-Length': '1107', 'Content-Type': 'application/json; charset=utf-8', 'cache-control': 'no-cache'})
2025-04-17 10:25:34,026 - DEBUG - [remote_connection.py:465] - Finished Request
2025-04-17 10:25:34,527 - DEBUG - [remote_connection.py:403] - POST http://localhost:53568/session/4b9881561c7dfa2c8e77d29004ea4e87/element {'using': 'css selector', 'value': '.item'}
2025-04-17 10:25:34,535 - DEBUG - [connectionpool.py:544] - http://localhost:53568 "POST /session/4b9881561c7dfa2c8e77d29004ea4e87/element HTTP/1.1" 404 0
2025-04-17 10:25:34,536 - DEBUG - [remote_connection.py:436] - Remote response: status=404 | data={"value":{"error":"no such element","message":"no such element: Unable to locate element: {\"method\":\"css selector\",\"selector\":\".item\"}\n  (Session info: chrome=135.0.7049.85)","stacktrace":"\tGetHandleVerifier [0x00007FF657335355+78597]\n\tGetHandleVerifier [0x00007FF6573353B0+78688]\n\t(No symbol) [0x00007FF6570E91AA]\n\t(No symbol) [0x00007FF65713F149]\n\t(No symbol) [0x00007FF65713F3FC]\n\t(No symbol) [0x00007FF657192467]\n\t(No symbol) [0x00007FF65716712F]\n\t(No symbol) [0x00007FF65718F2BB]\n\t(No symbol) [0x00007FF657166EC3]\n\t(No symbol) [0x00007FF6571303F8]\n\t(No symbol) [0x00007FF657131163]\n\tGetHandleVerifier [0x00007FF6575DEF0D+2870973]\n\tGetHandleVerifier [0x00007FF6575D96B8+2848360]\n\tGetHandleVerifier [0x00007FF6575F6993+2967875]\n\tGetHandleVerifier [0x00007FF65735019A+188746]\n\tGetHandleVerifier [0x00007FF65735847F+222255]\n\tGetHandleVerifier [0x00007FF65733D2D4+111236]\n\tGetHandleVerifier [0x00007FF65733D482+111666]\n\tGetHandleVerifier [0x00007FF6573235A9+5465]\n\tBaseThreadInitThunk [0x00007FFA9441E8D7+23]\n\tRtlUserThreadStart [0x00007FFA959314FC+44]\n"}} | headers=HTTPHeaderDict({'Content-Length': '1107', 'Content-Type': 'application/json; charset=utf-8', 'cache-control': 'no-cache'})
2025-04-17 10:25:34,536 - DEBUG - [remote_connection.py:465] - Finished Request
2025-04-17 10:25:35,038 - DEBUG - [remote_connection.py:403] - POST http://localhost:53568/session/4b9881561c7dfa2c8e77d29004ea4e87/element {'using': 'css selector', 'value': '.item'}
2025-04-17 10:25:35,048 - DEBUG - [connectionpool.py:544] - http://localhost:53568 "POST /session/4b9881561c7dfa2c8e77d29004ea4e87/element HTTP/1.1" 404 0
2025-04-17 10:25:35,048 - DEBUG - [remote_connection.py:436] - Remote response: status=404 | data={"value":{"error":"no such element","message":"no such element: Unable to locate element: {\"method\":\"css selector\",\"selector\":\".item\"}\n  (Session info: chrome=135.0.7049.85)","stacktrace":"\tGetHandleVerifier [0x00007FF657335355+78597]\n\tGetHandleVerifier [0x00007FF6573353B0+78688]\n\t(No symbol) [0x00007FF6570E91AA]\n\t(No symbol) [0x00007FF65713F149]\n\t(No symbol) [0x00007FF65713F3FC]\n\t(No symbol) [0x00007FF657192467]\n\t(No symbol) [0x00007FF65716712F]\n\t(No symbol) [0x00007FF65718F2BB]\n\t(No symbol) [0x00007FF657166EC3]\n\t(No symbol) [0x00007FF6571303F8]\n\t(No symbol) [0x00007FF657131163]\n\tGetHandleVerifier [0x00007FF6575DEF0D+2870973]\n\tGetHandleVerifier [0x00007FF6575D96B8+2848360]\n\tGetHandleVerifier [0x00007FF6575F6993+2967875]\n\tGetHandleVerifier [0x00007FF65735019A+188746]\n\tGetHandleVerifier [0x00007FF65735847F+222255]\n\tGetHandleVerifier [0x00007FF65733D2D4+111236]\n\tGetHandleVerifier [0x00007FF65733D482+111666]\n\tGetHandleVerifier [0x00007FF6573235A9+5465]\n\tBaseThreadInitThunk [0x00007FFA9441E8D7+23]\n\tRtlUserThreadStart [0x00007FFA959314FC+44]\n"}} | headers=HTTPHeaderDict({'Content-Length': '1107', 'Content-Type': 'application/json; charset=utf-8', 'cache-control': 'no-cache'})
2025-04-17 10:25:35,050 - DEBUG - [remote_connection.py:465] - Finished Request
2025-04-17 10:25:35,551 - DEBUG - [remote_connection.py:403] - POST http://localhost:53568/session/4b9881561c7dfa2c8e77d29004ea4e87/element {'using': 'css selector', 'value': '.item'}
2025-04-17 10:25:35,557 - DEBUG - [connectionpool.py:544] - http://localhost:53568 "POST /session/4b9881561c7dfa2c8e77d29004ea4e87/element HTTP/1.1" 404 0
2025-04-17 10:25:35,557 - DEBUG - [remote_connection.py:436] - Remote response: status=404 | data={"value":{"error":"no such element","message":"no such element: Unable to locate element: {\"method\":\"css selector\",\"selector\":\".item\"}\n  (Session info: chrome=135.0.7049.85)","stacktrace":"\tGetHandleVerifier [0x00007FF657335355+78597]\n\tGetHandleVerifier [0x00007FF6573353B0+78688]\n\t(No symbol) [0x00007FF6570E91AA]\n\t(No symbol) [0x00007FF65713F149]\n\t(No symbol) [0x00007FF65713F3FC]\n\t(No symbol) [0x00007FF657192467]\n\t(No symbol) [0x00007FF65716712F]\n\t(No symbol) [0x00007FF65718F2BB]\n\t(No symbol) [0x00007FF657166EC3]\n\t(No symbol) [0x00007FF6571303F8]\n\t(No symbol) [0x00007FF657131163]\n\tGetHandleVerifier [0x00007FF6575DEF0D+2870973]\n\tGetHandleVerifier [0x00007FF6575D96B8+2848360]\n\tGetHandleVerifier [0x00007FF6575F6993+2967875]\n\tGetHandleVerifier [0x00007FF65735019A+188746]\n\tGetHandleVerifier [0x00007FF65735847F+222255]\n\tGetHandleVerifier [0x00007FF65733D2D4+111236]\n\tGetHandleVerifier [0x00007FF65733D482+111666]\n\tGetHandleVerifier [0x00007FF6573235A9+5465]\n\tBaseThreadInitThunk [0x00007FFA9441E8D7+23]\n\tRtlUserThreadStart [0x00007FFA959314FC+44]\n"}} | headers=HTTPHeaderDict({'Content-Length': '1107', 'Content-Type': 'application/json; charset=utf-8', 'cache-control': 'no-cache'})
2025-04-17 10:25:35,558 - DEBUG - [remote_connection.py:465] - Finished Request
2025-04-17 10:25:36,060 - DEBUG - [remote_connection.py:403] - POST http://localhost:53568/session/4b9881561c7dfa2c8e77d29004ea4e87/element {'using': 'css selector', 'value': '.item'}
2025-04-17 10:25:36,067 - DEBUG - [connectionpool.py:544] - http://localhost:53568 "POST /session/4b9881561c7dfa2c8e77d29004ea4e87/element HTTP/1.1" 404 0
2025-04-17 10:25:36,067 - DEBUG - [remote_connection.py:436] - Remote response: status=404 | data={"value":{"error":"no such element","message":"no such element: Unable to locate element: {\"method\":\"css selector\",\"selector\":\".item\"}\n  (Session info: chrome=135.0.7049.85)","stacktrace":"\tGetHandleVerifier [0x00007FF657335355+78597]\n\tGetHandleVerifier [0x00007FF6573353B0+78688]\n\t(No symbol) [0x00007FF6570E91AA]\n\t(No symbol) [0x00007FF65713F149]\n\t(No symbol) [0x00007FF65713F3FC]\n\t(No symbol) [0x00007FF657192467]\n\t(No symbol) [0x00007FF65716712F]\n\t(No symbol) [0x00007FF65718F2BB]\n\t(No symbol) [0x00007FF657166EC3]\n\t(No symbol) [0x00007FF6571303F8]\n\t(No symbol) [0x00007FF657131163]\n\tGetHandleVerifier [0x00007FF6575DEF0D+2870973]\n\tGetHandleVerifier [0x00007FF6575D96B8+2848360]\n\tGetHandleVerifier [0x00007FF6575F6993+2967875]\n\tGetHandleVerifier [0x00007FF65735019A+188746]\n\tGetHandleVerifier [0x00007FF65735847F+222255]\n\tGetHandleVerifier [0x00007FF65733D2D4+111236]\n\tGetHandleVerifier [0x00007FF65733D482+111666]\n\tGetHandleVerifier [0x00007FF6573235A9+5465]\n\tBaseThreadInitThunk [0x00007FFA9441E8D7+23]\n\tRtlUserThreadStart [0x00007FFA959314FC+44]\n"}} | headers=HTTPHeaderDict({'Content-Length': '1107', 'Content-Type': 'application/json; charset=utf-8', 'cache-control': 'no-cache'})
2025-04-17 10:25:36,067 - DEBUG - [remote_connection.py:465] - Finished Request
2025-04-17 10:25:36,569 - DEBUG - [remote_connection.py:403] - POST http://localhost:53568/session/4b9881561c7dfa2c8e77d29004ea4e87/element {'using': 'css selector', 'value': '.item'}
2025-04-17 10:25:36,591 - DEBUG - [connectionpool.py:544] - http://localhost:53568 "POST /session/4b9881561c7dfa2c8e77d29004ea4e87/element HTTP/1.1" 404 0
2025-04-17 10:25:36,591 - DEBUG - [remote_connection.py:436] - Remote response: status=404 | data={"value":{"error":"no such element","message":"no such element: Unable to locate element: {\"method\":\"css selector\",\"selector\":\".item\"}\n  (Session info: chrome=135.0.7049.85)","stacktrace":"\tGetHandleVerifier [0x00007FF657335355+78597]\n\tGetHandleVerifier [0x00007FF6573353B0+78688]\n\t(No symbol) [0x00007FF6570E91AA]\n\t(No symbol) [0x00007FF65713F149]\n\t(No symbol) [0x00007FF65713F3FC]\n\t(No symbol) [0x00007FF657192467]\n\t(No symbol) [0x00007FF65716712F]\n\t(No symbol) [0x00007FF65718F2BB]\n\t(No symbol) [0x00007FF657166EC3]\n\t(No symbol) [0x00007FF6571303F8]\n\t(No symbol) [0x00007FF657131163]\n\tGetHandleVerifier [0x00007FF6575DEF0D+2870973]\n\tGetHandleVerifier [0x00007FF6575D96B8+2848360]\n\tGetHandleVerifier [0x00007FF6575F6993+2967875]\n\tGetHandleVerifier [0x00007FF65735019A+188746]\n\tGetHandleVerifier [0x00007FF65735847F+222255]\n\tGetHandleVerifier [0x00007FF65733D2D4+111236]\n\tGetHandleVerifier [0x00007FF65733D482+111666]\n\tGetHandleVerifier [0x00007FF6573235A9+5465]\n\tBaseThreadInitThunk [0x00007FFA9441E8D7+23]\n\tRtlUserThreadStart [0x00007FFA959314FC+44]\n"}} | headers=HTTPHeaderDict({'Content-Length': '1107', 'Content-Type': 'application/json; charset=utf-8', 'cache-control': 'no-cache'})
2025-04-17 10:25:36,592 - DEBUG - [remote_connection.py:465] - Finished Request
2025-04-17 10:25:37,108 - DEBUG - [remote_connection.py:403] - POST http://localhost:53568/session/4b9881561c7dfa2c8e77d29004ea4e87/element {'using': 'css selector', 'value': '.item'}
2025-04-17 10:25:37,290 - DEBUG - [connectionpool.py:544] - http://localhost:53568 "POST /session/4b9881561c7dfa2c8e77d29004ea4e87/element HTTP/1.1" 404 0
2025-04-17 10:25:37,330 - DEBUG - [remote_connection.py:436] - Remote response: status=404 | data={"value":{"error":"no such element","message":"no such element: Unable to locate element: {\"method\":\"css selector\",\"selector\":\".item\"}\n  (Session info: chrome=135.0.7049.85)","stacktrace":"\tGetHandleVerifier [0x00007FF657335355+78597]\n\tGetHandleVerifier [0x00007FF6573353B0+78688]\n\t(No symbol) [0x00007FF6570E91AA]\n\t(No symbol) [0x00007FF65713F149]\n\t(No symbol) [0x00007FF65713F3FC]\n\t(No symbol) [0x00007FF657192467]\n\t(No symbol) [0x00007FF65716712F]\n\t(No symbol) [0x00007FF65718F2BB]\n\t(No symbol) [0x00007FF657166EC3]\n\t(No symbol) [0x00007FF6571303F8]\n\t(No symbol) [0x00007FF657131163]\n\tGetHandleVerifier [0x00007FF6575DEF0D+2870973]\n\tGetHandleVerifier [0x00007FF6575D96B8+2848360]\n\tGetHandleVerifier [0x00007FF6575F6993+2967875]\n\tGetHandleVerifier [0x00007FF65735019A+188746]\n\tGetHandleVerifier [0x00007FF65735847F+222255]\n\tGetHandleVerifier [0x00007FF65733D2D4+111236]\n\tGetHandleVerifier [0x00007FF65733D482+111666]\n\tGetHandleVerifier [0x00007FF6573235A9+5465]\n\tBaseThreadInitThunk [0x00007FFA9441E8D7+23]\n\tRtlUserThreadStart [0x00007FFA959314FC+44]\n"}} | headers=HTTPHeaderDict({'Content-Length': '1107', 'Content-Type': 'application/json; charset=utf-8', 'cache-control': 'no-cache'})
2025-04-17 10:25:37,361 - DEBUG - [remote_connection.py:465] - Finished Request
2025-04-17 10:25:37,928 - DEBUG - [remote_connection.py:403] - POST http://localhost:53568/session/4b9881561c7dfa2c8e77d29004ea4e87/element {'using': 'css selector', 'value': '.item'}
2025-04-17 10:25:38,097 - DEBUG - [connectionpool.py:544] - http://localhost:53568 "POST /session/4b9881561c7dfa2c8e77d29004ea4e87/element HTTP/1.1" 404 0
2025-04-17 10:25:38,125 - DEBUG - [remote_connection.py:436] - Remote response: status=404 | data={"value":{"error":"no such element","message":"no such element: Unable to locate element: {\"method\":\"css selector\",\"selector\":\".item\"}\n  (Session info: chrome=135.0.7049.85)","stacktrace":"\tGetHandleVerifier [0x00007FF657335355+78597]\n\tGetHandleVerifier [0x00007FF6573353B0+78688]\n\t(No symbol) [0x00007FF6570E91AA]\n\t(No symbol) [0x00007FF65713F149]\n\t(No symbol) [0x00007FF65713F3FC]\n\t(No symbol) [0x00007FF657192467]\n\t(No symbol) [0x00007FF65716712F]\n\t(No symbol) [0x00007FF65718F2BB]\n\t(No symbol) [0x00007FF657166EC3]\n\t(No symbol) [0x00007FF6571303F8]\n\t(No symbol) [0x00007FF657131163]\n\tGetHandleVerifier [0x00007FF6575DEF0D+2870973]\n\tGetHandleVerifier [0x00007FF6575D96B8+2848360]\n\tGetHandleVerifier [0x00007FF6575F6993+2967875]\n\tGetHandleVerifier [0x00007FF65735019A+188746]\n\tGetHandleVerifier [0x00007FF65735847F+222255]\n\tGetHandleVerifier [0x00007FF65733D2D4+111236]\n\tGetHandleVerifier [0x00007FF65733D482+111666]\n\tGetHandleVerifier [0x00007FF6573235A9+5465]\n\tBaseThreadInitThunk [0x00007FFA9441E8D7+23]\n\tRtlUserThreadStart [0x00007FFA959314FC+44]\n"}} | headers=HTTPHeaderDict({'Content-Length': '1107', 'Content-Type': 'application/json; charset=utf-8', 'cache-control': 'no-cache'})
2025-04-17 10:25:38,155 - DEBUG - [remote_connection.py:465] - Finished Request
2025-04-17 10:25:38,687 - DEBUG - [remote_connection.py:403] - POST http://localhost:53568/session/4b9881561c7dfa2c8e77d29004ea4e87/element {'using': 'css selector', 'value': '.item'}
2025-04-17 10:25:38,694 - DEBUG - [connectionpool.py:544] - http://localhost:53568 "POST /session/4b9881561c7dfa2c8e77d29004ea4e87/element HTTP/1.1" 404 0
2025-04-17 10:25:38,695 - DEBUG - [remote_connection.py:436] - Remote response: status=404 | data={"value":{"error":"no such element","message":"no such element: Unable to locate element: {\"method\":\"css selector\",\"selector\":\".item\"}\n  (Session info: chrome=135.0.7049.85)","stacktrace":"\tGetHandleVerifier [0x00007FF657335355+78597]\n\tGetHandleVerifier [0x00007FF6573353B0+78688]\n\t(No symbol) [0x00007FF6570E91AA]\n\t(No symbol) [0x00007FF65713F149]\n\t(No symbol) [0x00007FF65713F3FC]\n\t(No symbol) [0x00007FF657192467]\n\t(No symbol) [0x00007FF65716712F]\n\t(No symbol) [0x00007FF65718F2BB]\n\t(No symbol) [0x00007FF657166EC3]\n\t(No symbol) [0x00007FF6571303F8]\n\t(No symbol) [0x00007FF657131163]\n\tGetHandleVerifier [0x00007FF6575DEF0D+2870973]\n\tGetHandleVerifier [0x00007FF6575D96B8+2848360]\n\tGetHandleVerifier [0x00007FF6575F6993+2967875]\n\tGetHandleVerifier [0x00007FF65735019A+188746]\n\tGetHandleVerifier [0x00007FF65735847F+222255]\n\tGetHandleVerifier [0x00007FF65733D2D4+111236]\n\tGetHandleVerifier [0x00007FF65733D482+111666]\n\tGetHandleVerifier [0x00007FF6573235A9+5465]\n\tBaseThreadInitThunk [0x00007FFA9441E8D7+23]\n\tRtlUserThreadStart [0x00007FFA959314FC+44]\n"}} | headers=HTTPHeaderDict({'Content-Length': '1107', 'Content-Type': 'application/json; charset=utf-8', 'cache-control': 'no-cache'})
2025-04-17 10:25:38,695 - DEBUG - [remote_connection.py:465] - Finished Request
2025-04-17 10:25:39,196 - DEBUG - [remote_connection.py:403] - POST http://localhost:53568/session/4b9881561c7dfa2c8e77d29004ea4e87/element {'using': 'css selector', 'value': '.item'}
2025-04-17 10:25:39,228 - DEBUG - [connectionpool.py:544] - http://localhost:53568 "POST /session/4b9881561c7dfa2c8e77d29004ea4e87/element HTTP/1.1" 404 0
2025-04-17 10:25:39,228 - DEBUG - [remote_connection.py:436] - Remote response: status=404 | data={"value":{"error":"no such element","message":"no such element: Unable to locate element: {\"method\":\"css selector\",\"selector\":\".item\"}\n  (Session info: chrome=135.0.7049.85)","stacktrace":"\tGetHandleVerifier [0x00007FF657335355+78597]\n\tGetHandleVerifier [0x00007FF6573353B0+78688]\n\t(No symbol) [0x00007FF6570E91AA]\n\t(No symbol) [0x00007FF65713F149]\n\t(No symbol) [0x00007FF65713F3FC]\n\t(No symbol) [0x00007FF657192467]\n\t(No symbol) [0x00007FF65716712F]\n\t(No symbol) [0x00007FF65718F2BB]\n\t(No symbol) [0x00007FF657166EC3]\n\t(No symbol) [0x00007FF6571303F8]\n\t(No symbol) [0x00007FF657131163]\n\tGetHandleVerifier [0x00007FF6575DEF0D+2870973]\n\tGetHandleVerifier [0x00007FF6575D96B8+2848360]\n\tGetHandleVerifier [0x00007FF6575F6993+2967875]\n\tGetHandleVerifier [0x00007FF65735019A+188746]\n\tGetHandleVerifier [0x00007FF65735847F+222255]\n\tGetHandleVerifier [0x00007FF65733D2D4+111236]\n\tGetHandleVerifier [0x00007FF65733D482+111666]\n\tGetHandleVerifier [0x00007FF6573235A9+5465]\n\tBaseThreadInitThunk [0x00007FFA9441E8D7+23]\n\tRtlUserThreadStart [0x00007FFA959314FC+44]\n"}} | headers=HTTPHeaderDict({'Content-Length': '1107', 'Content-Type': 'application/json; charset=utf-8', 'cache-control': 'no-cache'})
2025-04-17 10:25:39,229 - DEBUG - [remote_connection.py:465] - Finished Request
2025-04-17 10:25:39,730 - DEBUG - [remote_connection.py:403] - POST http://localhost:53568/session/4b9881561c7dfa2c8e77d29004ea4e87/element {'using': 'css selector', 'value': '.item'}
2025-04-17 10:25:39,736 - DEBUG - [connectionpool.py:544] - http://localhost:53568 "POST /session/4b9881561c7dfa2c8e77d29004ea4e87/element HTTP/1.1" 404 0
2025-04-17 10:25:39,736 - DEBUG - [remote_connection.py:436] - Remote response: status=404 | data={"value":{"error":"no such element","message":"no such element: Unable to locate element: {\"method\":\"css selector\",\"selector\":\".item\"}\n  (Session info: chrome=135.0.7049.85)","stacktrace":"\tGetHandleVerifier [0x00007FF657335355+78597]\n\tGetHandleVerifier [0x00007FF6573353B0+78688]\n\t(No symbol) [0x00007FF6570E91AA]\n\t(No symbol) [0x00007FF65713F149]\n\t(No symbol) [0x00007FF65713F3FC]\n\t(No symbol) [0x00007FF657192467]\n\t(No symbol) [0x00007FF65716712F]\n\t(No symbol) [0x00007FF65718F2BB]\n\t(No symbol) [0x00007FF657166EC3]\n\t(No symbol) [0x00007FF6571303F8]\n\t(No symbol) [0x00007FF657131163]\n\tGetHandleVerifier [0x00007FF6575DEF0D+2870973]\n\tGetHandleVerifier [0x00007FF6575D96B8+2848360]\n\tGetHandleVerifier [0x00007FF6575F6993+2967875]\n\tGetHandleVerifier [0x00007FF65735019A+188746]\n\tGetHandleVerifier [0x00007FF65735847F+222255]\n\tGetHandleVerifier [0x00007FF65733D2D4+111236]\n\tGetHandleVerifier [0x00007FF65733D482+111666]\n\tGetHandleVerifier [0x00007FF6573235A9+5465]\n\tBaseThreadInitThunk [0x00007FFA9441E8D7+23]\n\tRtlUserThreadStart [0x00007FFA959314FC+44]\n"}} | headers=HTTPHeaderDict({'Content-Length': '1107', 'Content-Type': 'application/json; charset=utf-8', 'cache-control': 'no-cache'})
2025-04-17 10:25:39,737 - DEBUG - [remote_connection.py:465] - Finished Request
2025-04-17 10:25:40,239 - DEBUG - [remote_connection.py:403] - POST http://localhost:53568/session/4b9881561c7dfa2c8e77d29004ea4e87/element {'using': 'css selector', 'value': '.item'}
2025-04-17 10:25:40,245 - DEBUG - [connectionpool.py:544] - http://localhost:53568 "POST /session/4b9881561c7dfa2c8e77d29004ea4e87/element HTTP/1.1" 404 0
2025-04-17 10:25:40,245 - DEBUG - [remote_connection.py:436] - Remote response: status=404 | data={"value":{"error":"no such element","message":"no such element: Unable to locate element: {\"method\":\"css selector\",\"selector\":\".item\"}\n  (Session info: chrome=135.0.7049.85)","stacktrace":"\tGetHandleVerifier [0x00007FF657335355+78597]\n\tGetHandleVerifier [0x00007FF6573353B0+78688]\n\t(No symbol) [0x00007FF6570E91AA]\n\t(No symbol) [0x00007FF65713F149]\n\t(No symbol) [0x00007FF65713F3FC]\n\t(No symbol) [0x00007FF657192467]\n\t(No symbol) [0x00007FF65716712F]\n\t(No symbol) [0x00007FF65718F2BB]\n\t(No symbol) [0x00007FF657166EC3]\n\t(No symbol) [0x00007FF6571303F8]\n\t(No symbol) [0x00007FF657131163]\n\tGetHandleVerifier [0x00007FF6575DEF0D+2870973]\n\tGetHandleVerifier [0x00007FF6575D96B8+2848360]\n\tGetHandleVerifier [0x00007FF6575F6993+2967875]\n\tGetHandleVerifier [0x00007FF65735019A+188746]\n\tGetHandleVerifier [0x00007FF65735847F+222255]\n\tGetHandleVerifier [0x00007FF65733D2D4+111236]\n\tGetHandleVerifier [0x00007FF65733D482+111666]\n\tGetHandleVerifier [0x00007FF6573235A9+5465]\n\tBaseThreadInitThunk [0x00007FFA9441E8D7+23]\n\tRtlUserThreadStart [0x00007FFA959314FC+44]\n"}} | headers=HTTPHeaderDict({'Content-Length': '1107', 'Content-Type': 'application/json; charset=utf-8', 'cache-control': 'no-cache'})
2025-04-17 10:25:40,245 - DEBUG - [remote_connection.py:465] - Finished Request
2025-04-17 10:25:40,245 - DEBUG - [remote_connection.py:403] - DELETE http://localhost:53568/session/4b9881561c7dfa2c8e77d29004ea4e87 {}
2025-04-17 10:25:40,317 - DEBUG - [connectionpool.py:544] - http://localhost:53568 "DELETE /session/4b9881561c7dfa2c8e77d29004ea4e87 HTTP/1.1" 200 0
2025-04-17 10:25:40,318 - DEBUG - [remote_connection.py:436] - Remote response: status=200 | data={"value":null} | headers=HTTPHeaderDict({'Content-Length': '14', 'Content-Type': 'application/json; charset=utf-8', 'cache-control': 'no-cache'})
2025-04-17 10:25:40,318 - DEBUG - [remote_connection.py:465] - Finished Request
2025-04-17 10:25:42,494 - ERROR - [meta_page.py:173] - Erreur critique: Message: 
Stacktrace:
	GetHandleVerifier [0x00007FF657335355+78597]
	GetHandleVerifier [0x00007FF6573353B0+78688]
	(No symbol) [0x00007FF6570E91AA]
	(No symbol) [0x00007FF65713F149]
	(No symbol) [0x00007FF65713F3FC]
	(No symbol) [0x00007FF657192467]
	(No symbol) [0x00007FF65716712F]
	(No symbol) [0x00007FF65718F2BB]
	(No symbol) [0x00007FF657166EC3]
	(No symbol) [0x00007FF6571303F8]
	(No symbol) [0x00007FF657131163]
	GetHandleVerifier [0x00007FF6575DEF0D+2870973]
	GetHandleVerifier [0x00007FF6575D96B8+2848360]
	GetHandleVerifier [0x00007FF6575F6993+2967875]
	GetHandleVerifier [0x00007FF65735019A+188746]
	GetHandleVerifier [0x00007FF65735847F+222255]
	GetHandleVerifier [0x00007FF65733D2D4+111236]
	GetHandleVerifier [0x00007FF65733D482+111666]
	GetHandleVerifier [0x00007FF6573235A9+5465]
	BaseThreadInitThunk [0x00007FFA9441E8D7+23]
	RtlUserThreadStart [0x00007FFA959314FC+44]

2025-04-17 10:25:42,522 - ERROR - [meta_page.py:36] - Erreur critique: 'ScrapingThread' object has no attribute 'load_cached_data'
