2025-05-07 15:54:47,451 - INFO - [logger.py:31] - === Démarrage de Destiny Hub ===
2025-05-07 15:54:47,452 - INFO - [logger.py:32] - Version Python: 3.11.6 (tags/v3.11.6:8b6ee5b, Oct  2 2023, 14:57:12) [MSC v.1935 64 bit (AMD64)]
2025-05-07 15:54:47,452 - INFO - [logger.py:33] - Système d'exploitation: win32
2025-05-07 15:54:47,452 - INFO - [logger.py:34] - Fichier de log créé: logs/destiny_hub_20250507_155447.log
2025-05-07 15:54:47,453 - INFO - [logger.py:55] - === Informations Système ===
2025-05-07 15:54:47,453 - INFO - [logger.py:56] - OS: Windows 10
2025-05-07 15:54:47,454 - INFO - [logger.py:57] - Architecture: AMD64
2025-05-07 15:54:47,454 - INFO - [logger.py:58] - Processeur: AMD64 Family 25 Model 68 Stepping 1, AuthenticAMD
2025-05-07 15:54:47,462 - INFO - [logger.py:62] - Mémoire totale: 31.25 GB
2025-05-07 15:54:47,462 - INFO - [logger.py:63] - Mémoire disponible: 16.07 GB
2025-05-07 15:54:47,462 - INFO - [logger.py:64] - Utilisation mémoire: 48.6%
2025-05-07 15:54:47,462 - INFO - [logger.py:68] - Espace disque total: 952.48 GB
2025-05-07 15:54:47,462 - INFO - [logger.py:69] - Espace disque libre: 219.89 GB
2025-05-07 15:54:47,463 - INFO - [logger.py:70] - Utilisation disque: 76.9%
2025-05-07 15:54:47,463 - INFO - [logger.py:77] - === Vérification de l'environnement ===
2025-05-07 15:54:47,464 - INFO - [logger.py:93] - ✓ BUNGIE_API_KEY trouvée
2025-05-07 15:54:47,464 - DEBUG - [logger.py:94] - Longueur de BUNGIE_API_KEY: 32
2025-05-07 15:54:47,464 - ERROR - [logger.py:96] - ✗ CLIENT_ID non trouvée dans .env
2025-05-07 15:54:47,465 - ERROR - [logger.py:96] - ✗ CLIENT_SECRET non trouvée dans .env
2025-05-07 15:54:47,465 - INFO - [logger.py:105] - === Vérification des dépendances ===
2025-05-07 15:54:47,465 - INFO - [logger.py:119] - ✓ PyQt6 version: Version inconnue
2025-05-07 15:54:47,465 - INFO - [logger.py:119] - ✓ requests version: 2.32.3
2025-05-07 15:54:47,465 - INFO - [logger.py:119] - ✓ python-dotenv version: Version inconnue
2025-05-07 15:54:47,465 - INFO - [logger.py:119] - ✓ psutil version: 5.9.5
2025-05-07 15:54:47,466 - INFO - [logger.py:119] - ✓ beautifulsoup4 version: 4.13.4
2025-05-07 15:54:47,466 - INFO - [logger.py:126] - === Vérification des fichiers ===
2025-05-07 15:54:47,466 - INFO - [logger.py:148] - ✓ .env trouvé (Configuration)
2025-05-07 15:54:47,466 - INFO - [logger.py:148] - ✓ main.py trouvé (Point d'entrée)
2025-05-07 15:54:47,468 - INFO - [logger.py:148] - ✓ requirements.txt trouvé (Dépendances)
2025-05-07 15:54:47,468 - DEBUG - [logger.py:173] - === Contenu de requirements.txt ===
2025-05-07 15:54:47,468 - DEBUG - [logger.py:177] - - requests==2.31.0
2025-05-07 15:54:47,469 - DEBUG - [logger.py:177] - - customtkinter==5.2.1
2025-05-07 15:54:47,469 - DEBUG - [logger.py:177] - - pillow==10.2.0
2025-05-07 15:54:47,469 - DEBUG - [logger.py:177] - - python-dotenv==1.0.0
2025-05-07 15:54:47,469 - INFO - [logger.py:158] - ✓ Dossier ui trouvé (Interface utilisateur) - 4 fichiers
2025-05-07 15:54:47,469 - DEBUG - [logger.py:159] - Contenu de ui: main_window.py, pages, styles.py, __pycache__
2025-05-07 15:54:47,470 - INFO - [logger.py:158] - ✓ Dossier ui/pages trouvé (Pages de l'interface) - 5 fichiers
2025-05-07 15:54:47,470 - DEBUG - [logger.py:159] - Contenu de ui/pages: account_page.py, equipment_page.py, meta_page.py, missions_page.py, __pycache__
2025-05-07 15:54:47,470 - INFO - [logger.py:158] - ✓ Dossier api trouvé (API Bungie) - 3 fichiers
2025-05-07 15:54:47,471 - DEBUG - [logger.py:159] - Contenu de api: bungie_client.py, oauth_handler.py, __pycache__
2025-05-07 15:54:47,471 - INFO - [logger.py:158] - ✓ Dossier utils trouvé (Utilitaires) - 3 fichiers
2025-05-07 15:54:47,471 - DEBUG - [logger.py:159] - Contenu de utils: config.py, logger.py, __pycache__
2025-05-07 15:54:47,471 - INFO - [logger.py:158] - ✓ Dossier data trouvé (Données) - 4 fichiers
2025-05-07 15:54:47,471 - DEBUG - [logger.py:159] - Contenu de data: account.json, full_account.json, icons, profile_data.json
2025-05-07 15:54:47,472 - INFO - [logger.py:158] - ✓ Dossier icons trouvé (Icônes) - 70 fichiers
2025-05-07 15:54:47,472 - DEBUG - [logger.py:159] - Contenu de icons: 1003860281.png, 1183187516.png, 1197771438.png, 129332559.png, 1320342774.png, 1457394908.png, 1484009400.png, 1522633034.png, 152583919.png, 1533314821.png, 1616346845.png, 1762785662.png, 1896309757.png, 1907110519.png, 1911060537.png, 1958630864.png, 2012043039.png, 2134769653.png, 2151724216.png, 2185244404.png, 2190967049.png, 2198166292.png, 2286507447.png, 241462142.png, 2441435355.png, 2550323932.png, 2591586261.png, 2629014079.png, 266021826.png, 2738060683.png, 2741258862.png, 2742930797.png, 2763843898.png, 2783831726.png, 2809120022.png, 2827764482.png, 287888126.png, 2907129557.png, 2949538030.png, 2962546549.png, 3001229473.png, 3158812152.png, 3183180185.png, 3264721770.png, 331602521.png, 3434301337.png, 3569802112.png, 3628991658.png, 3733702440.png, 3797572280.png, 3828080585.png, 3844610113.png, 3906357376.png, 3947966653.png, 4026763349.png, 4062934448.png, 4146702548.png, 4282591831.png, 4293588774.png, 431721920.png, 537041732.png, 557165046.png, 568611923.png, 643145875.png, 788073488.png, 810612804.png, 814876685.png, 952431286.png, 991314988.png, spectre.gif
2025-05-07 15:54:47,474 - INFO - [logger.py:158] - ✓ Dossier logs trouvé (Fichiers de log) - 64 fichiers
2025-05-07 15:54:47,474 - DEBUG - [logger.py:159] - Contenu de logs: destiny_hub_20250417_090308.log, destiny_hub_20250417_090501.log, destiny_hub_20250417_091449.log, destiny_hub_20250417_091744.log, destiny_hub_20250417_092047.log, destiny_hub_20250417_092453.log, destiny_hub_20250417_093036.log, destiny_hub_20250417_093355.log, destiny_hub_20250417_093518.log, destiny_hub_20250417_093701.log, destiny_hub_20250417_094459.log, destiny_hub_20250417_094915.log, destiny_hub_20250417_095450.log, destiny_hub_20250417_095800.log, destiny_hub_20250417_100013.log, destiny_hub_20250417_101050.log, destiny_hub_20250417_101112.log, destiny_hub_20250417_101728.log, destiny_hub_20250417_101938.log, destiny_hub_20250417_102126.log, destiny_hub_20250417_102514.log, destiny_hub_20250417_102736.log, destiny_hub_20250417_103000.log, destiny_hub_20250417_103209.log, destiny_hub_20250417_103307.log, destiny_hub_20250417_103545.log, destiny_hub_20250507_114434.log, destiny_hub_20250507_114815.log, destiny_hub_20250507_114838.log, destiny_hub_20250507_115102.log, destiny_hub_20250507_115217.log, destiny_hub_20250507_135035.log, destiny_hub_20250507_135311.log, destiny_hub_20250507_135523.log, destiny_hub_20250507_135724.log, destiny_hub_20250507_135955.log, destiny_hub_20250507_140048.log, destiny_hub_20250507_140128.log, destiny_hub_20250507_140251.log, destiny_hub_20250507_140627.log, destiny_hub_20250507_140642.log, destiny_hub_20250507_140654.log, destiny_hub_20250507_141253.log, destiny_hub_20250507_141602.log, destiny_hub_20250507_141617.log, destiny_hub_20250507_141823.log, destiny_hub_20250507_142031.log, destiny_hub_20250507_142224.log, destiny_hub_20250507_142429.log, destiny_hub_20250507_142436.log, destiny_hub_20250507_142454.log, destiny_hub_20250507_142651.log, destiny_hub_20250507_142811.log, destiny_hub_20250507_142939.log, destiny_hub_20250507_143243.log, destiny_hub_20250507_143515.log, destiny_hub_20250507_144051.log, destiny_hub_20250507_144159.log, destiny_hub_20250507_145705.log, destiny_hub_20250507_145935.log, destiny_hub_20250507_154447.log, destiny_hub_20250507_155149.log, destiny_hub_20250507_155315.log, destiny_hub_20250507_155447.log
2025-05-07 15:54:47,475 - INFO - [logger.py:158] - ✓ Dossier cache trouvé (Cache des images) - 0 fichiers
2025-05-07 15:54:47,475 - DEBUG - [logger.py:159] - Contenu de cache: 
2025-05-07 15:54:47,508 - INFO - [main_window.py:17] - === Initialisation de la fenêtre principale ===
2025-05-07 15:54:47,509 - INFO - [main_window.py:33] - Configuration de l'interface utilisateur
2025-05-07 15:54:47,890 - DEBUG - [main_window.py:128] - Création des pages...
2025-05-07 15:54:47,895 - DEBUG - [main_window.py:130] - ✓ Page compte créée
2025-05-07 15:54:47,920 - INFO - [equipment_page.py:188] - === Chargement des personnages ===
2025-05-07 15:54:47,927 - DEBUG - [connectionpool.py:1049] - Starting new HTTPS connection (1): www.bungie.net:443
2025-05-07 15:54:49,328 - DEBUG - [connectionpool.py:544] - https://www.bungie.net:443 "GET /Platform/Destiny2/3/Profile/4611686018536948250/?components=200%2C205 HTTP/1.1" 200 2459
2025-05-07 15:54:49,336 - INFO - [equipment_page.py:370] - Changement de personnage vers ID: 2305843010596444327
2025-05-07 15:54:49,338 - DEBUG - [connectionpool.py:1049] - Starting new HTTPS connection (1): www.bungie.net:443
2025-05-07 15:54:49,827 - DEBUG - [connectionpool.py:544] - https://www.bungie.net:443 "GET /Platform/Destiny2/3/Profile/4611686018536948250/?components=200 HTTP/1.1" 200 992
2025-05-07 15:54:49,829 - INFO - [equipment_page.py:401] - Lumière mise à jour pour le nouveau personnage: 2018
2025-05-07 15:54:49,829 - INFO - [equipment_page.py:243] - === Chargement de l'équipement pour le personnage 2305843010596444327 ===
2025-05-07 15:54:49,831 - DEBUG - [connectionpool.py:1049] - Starting new HTTPS connection (1): www.bungie.net:443
2025-05-07 15:54:50,891 - DEBUG - [connectionpool.py:544] - https://www.bungie.net:443 "GET /Platform/Destiny2/3/Profile/4611686018536948250/Character/2305843010596444327/?components=205%2C300%2C302 HTTP/1.1" 200 3058
2025-05-07 15:54:50,893 - INFO - [equipment_page.py:298] - === Affichage de l'équipement ===
2025-05-07 15:54:50,895 - DEBUG - [connectionpool.py:1049] - Starting new HTTPS connection (1): www.bungie.net:443
2025-05-07 15:54:51,581 - DEBUG - [connectionpool.py:544] - https://www.bungie.net:443 "GET /Platform/Destiny2/Manifest/DestinyInventoryItemDefinition/2763843898/ HTTP/1.1" 200 3859
2025-05-07 15:54:51,604 - ERROR - [equipment_page.py:527] - Erreur update_equipment_slot: 'list' object has no attribute 'get'
2025-05-07 15:54:51,606 - DEBUG - [connectionpool.py:1049] - Starting new HTTPS connection (1): www.bungie.net:443
2025-05-07 15:54:51,893 - DEBUG - [connectionpool.py:544] - https://www.bungie.net:443 "GET /Platform/Destiny2/Manifest/DestinyInventoryItemDefinition/814876685/ HTTP/1.1" 200 2386
2025-05-07 15:54:51,895 - ERROR - [equipment_page.py:527] - Erreur update_equipment_slot: 'list' object has no attribute 'get'
2025-05-07 15:54:51,897 - DEBUG - [connectionpool.py:1049] - Starting new HTTPS connection (1): www.bungie.net:443
2025-05-07 15:54:52,234 - DEBUG - [connectionpool.py:544] - https://www.bungie.net:443 "GET /Platform/Destiny2/Manifest/DestinyInventoryItemDefinition/1896309757/ HTTP/1.1" 200 3821
2025-05-07 15:54:52,236 - ERROR - [equipment_page.py:527] - Erreur update_equipment_slot: 'list' object has no attribute 'get'
2025-05-07 15:54:52,238 - DEBUG - [connectionpool.py:1049] - Starting new HTTPS connection (1): www.bungie.net:443
2025-05-07 15:54:52,498 - DEBUG - [connectionpool.py:544] - https://www.bungie.net:443 "GET /Platform/Destiny2/Manifest/DestinyInventoryItemDefinition/2134769653/ HTTP/1.1" 200 2578
2025-05-07 15:54:52,501 - ERROR - [equipment_page.py:527] - Erreur update_equipment_slot: 'list' object has no attribute 'get'
2025-05-07 15:54:52,502 - DEBUG - [connectionpool.py:1049] - Starting new HTTPS connection (1): www.bungie.net:443
2025-05-07 15:54:52,778 - DEBUG - [connectionpool.py:544] - https://www.bungie.net:443 "GET /Platform/Destiny2/Manifest/DestinyInventoryItemDefinition/810612804/ HTTP/1.1" 200 2584
2025-05-07 15:54:52,780 - ERROR - [equipment_page.py:527] - Erreur update_equipment_slot: 'list' object has no attribute 'get'
2025-05-07 15:54:52,781 - DEBUG - [connectionpool.py:1049] - Starting new HTTPS connection (1): www.bungie.net:443
2025-05-07 15:54:53,036 - DEBUG - [connectionpool.py:544] - https://www.bungie.net:443 "GET /Platform/Destiny2/Manifest/DestinyInventoryItemDefinition/1183187516/ HTTP/1.1" 200 2582
2025-05-07 15:54:53,038 - ERROR - [equipment_page.py:527] - Erreur update_equipment_slot: 'list' object has no attribute 'get'
2025-05-07 15:54:53,040 - DEBUG - [connectionpool.py:1049] - Starting new HTTPS connection (1): www.bungie.net:443
2025-05-07 15:54:53,332 - DEBUG - [connectionpool.py:544] - https://www.bungie.net:443 "GET /Platform/Destiny2/Manifest/DestinyInventoryItemDefinition/2741258862/ HTTP/1.1" 200 2583
2025-05-07 15:54:53,333 - ERROR - [equipment_page.py:527] - Erreur update_equipment_slot: 'list' object has no attribute 'get'
2025-05-07 15:54:53,335 - DEBUG - [connectionpool.py:1049] - Starting new HTTPS connection (1): www.bungie.net:443
2025-05-07 15:54:53,582 - DEBUG - [connectionpool.py:544] - https://www.bungie.net:443 "GET /Platform/Destiny2/Manifest/DestinyInventoryItemDefinition/266021826/ HTTP/1.1" 200 2348
2025-05-07 15:54:53,584 - ERROR - [equipment_page.py:527] - Erreur update_equipment_slot: 'list' object has no attribute 'get'
2025-05-07 15:54:53,585 - INFO - [equipment_page.py:345] - Affichage terminé - 3 armes, 5 pièces d'armure
2025-05-07 15:54:53,586 - INFO - [equipment_page.py:243] - === Chargement de l'équipement pour le personnage 2305843010596444327 ===
2025-05-07 15:54:53,587 - DEBUG - [connectionpool.py:1049] - Starting new HTTPS connection (1): www.bungie.net:443
2025-05-07 15:54:53,680 - DEBUG - [connectionpool.py:544] - https://www.bungie.net:443 "GET /Platform/Destiny2/3/Profile/4611686018536948250/Character/2305843010596444327/?components=205%2C300%2C302 HTTP/1.1" 200 3058
2025-05-07 15:54:53,681 - INFO - [equipment_page.py:298] - === Affichage de l'équipement ===
2025-05-07 15:54:53,683 - DEBUG - [connectionpool.py:1049] - Starting new HTTPS connection (1): www.bungie.net:443
2025-05-07 15:54:53,761 - DEBUG - [connectionpool.py:544] - https://www.bungie.net:443 "GET /Platform/Destiny2/Manifest/DestinyInventoryItemDefinition/2763843898/ HTTP/1.1" 200 3859
2025-05-07 15:54:53,762 - ERROR - [equipment_page.py:527] - Erreur update_equipment_slot: 'list' object has no attribute 'get'
2025-05-07 15:54:53,764 - DEBUG - [connectionpool.py:1049] - Starting new HTTPS connection (1): www.bungie.net:443
2025-05-07 15:54:53,850 - DEBUG - [connectionpool.py:544] - https://www.bungie.net:443 "GET /Platform/Destiny2/Manifest/DestinyInventoryItemDefinition/814876685/ HTTP/1.1" 200 2386
2025-05-07 15:54:53,851 - ERROR - [equipment_page.py:527] - Erreur update_equipment_slot: 'list' object has no attribute 'get'
2025-05-07 15:54:53,853 - DEBUG - [connectionpool.py:1049] - Starting new HTTPS connection (1): www.bungie.net:443
2025-05-07 15:54:53,938 - DEBUG - [connectionpool.py:544] - https://www.bungie.net:443 "GET /Platform/Destiny2/Manifest/DestinyInventoryItemDefinition/1896309757/ HTTP/1.1" 200 3821
2025-05-07 15:54:53,939 - ERROR - [equipment_page.py:527] - Erreur update_equipment_slot: 'list' object has no attribute 'get'
2025-05-07 15:54:53,942 - DEBUG - [connectionpool.py:1049] - Starting new HTTPS connection (1): www.bungie.net:443
2025-05-07 15:54:54,054 - DEBUG - [connectionpool.py:544] - https://www.bungie.net:443 "GET /Platform/Destiny2/Manifest/DestinyInventoryItemDefinition/2134769653/ HTTP/1.1" 200 2578
2025-05-07 15:54:54,056 - ERROR - [equipment_page.py:527] - Erreur update_equipment_slot: 'list' object has no attribute 'get'
2025-05-07 15:54:54,058 - DEBUG - [connectionpool.py:1049] - Starting new HTTPS connection (1): www.bungie.net:443
2025-05-07 15:54:54,136 - DEBUG - [connectionpool.py:544] - https://www.bungie.net:443 "GET /Platform/Destiny2/Manifest/DestinyInventoryItemDefinition/810612804/ HTTP/1.1" 200 2584
2025-05-07 15:54:54,137 - ERROR - [equipment_page.py:527] - Erreur update_equipment_slot: 'list' object has no attribute 'get'
2025-05-07 15:54:54,139 - DEBUG - [connectionpool.py:1049] - Starting new HTTPS connection (1): www.bungie.net:443
2025-05-07 15:54:54,228 - DEBUG - [connectionpool.py:544] - https://www.bungie.net:443 "GET /Platform/Destiny2/Manifest/DestinyInventoryItemDefinition/1183187516/ HTTP/1.1" 200 2582
2025-05-07 15:54:54,230 - ERROR - [equipment_page.py:527] - Erreur update_equipment_slot: 'list' object has no attribute 'get'
2025-05-07 15:54:54,232 - DEBUG - [connectionpool.py:1049] - Starting new HTTPS connection (1): www.bungie.net:443
2025-05-07 15:54:54,308 - DEBUG - [connectionpool.py:544] - https://www.bungie.net:443 "GET /Platform/Destiny2/Manifest/DestinyInventoryItemDefinition/2741258862/ HTTP/1.1" 200 2583
2025-05-07 15:54:54,310 - ERROR - [equipment_page.py:527] - Erreur update_equipment_slot: 'list' object has no attribute 'get'
2025-05-07 15:54:54,312 - DEBUG - [connectionpool.py:1049] - Starting new HTTPS connection (1): www.bungie.net:443
2025-05-07 15:54:54,403 - DEBUG - [connectionpool.py:544] - https://www.bungie.net:443 "GET /Platform/Destiny2/Manifest/DestinyInventoryItemDefinition/266021826/ HTTP/1.1" 200 2348
2025-05-07 15:54:54,405 - ERROR - [equipment_page.py:527] - Erreur update_equipment_slot: 'list' object has no attribute 'get'
2025-05-07 15:54:54,406 - INFO - [equipment_page.py:345] - Affichage terminé - 3 armes, 5 pièces d'armure
2025-05-07 15:54:54,407 - DEBUG - [main_window.py:133] - ✓ Page équipement créée
2025-05-07 15:54:54,409 - DEBUG - [main_window.py:136] - ✓ Page missions créée
2025-05-07 15:54:54,412 - INFO - [main_window.py:148] - ✅ Pages ajoutées avec succès
2025-05-07 15:54:54,412 - INFO - [main_window.py:155] - Configuration de la barre de statut
2025-05-07 15:54:54,413 - INFO - [main_window.py:168] - ✅ Barre de statut configurée
2025-05-07 15:54:54,413 - INFO - [main_window.py:174] - Application des styles
2025-05-07 15:54:54,422 - INFO - [main_window.py:179] - ✅ Styles appliqués
2025-05-07 15:54:54,422 - INFO - [main_window.py:27] - ✅ Interface principale initialisée avec succès
2025-05-07 15:55:06,163 - INFO - [main_window.py:185] - Changement de page vers l'index 1
2025-05-07 15:55:06,166 - DEBUG - [main_window.py:197] - ✓ Page changée avec succès vers 1
2025-05-07 15:55:11,303 - INFO - [equipment_page.py:449] - Ouverture des détails pour l'item : Midnight Coup
2025-05-07 15:55:11,303 - INFO - [equipment_page.py:461] - Affichage du template non-exotique.
2025-05-07 15:55:11,303 - DEBUG - [equipment_page.py:670] - Création du widget détail non-exotique pour : Midnight Coup
2025-05-07 15:55:11,307 - DEBUG - [equipment_page.py:790] - Stats : {'1480404414': 0, '1935470627': 0, '1885944937': 0, '3555269338': 14, '4284893193': 140, '4043523819': 84, '1240592695': 40, '155624089': 45, '3871231066': 12, '4188031367': 56, '1931675084': 60, '943549884': 60, '1345609583': 90, '2715839340': 80, '2714457168': 24}
2025-05-07 15:55:11,308 - DEBUG - [equipment_page.py:791] - Perks : []
2025-05-07 15:55:11,308 - DEBUG - [equipment_page.py:792] - Sockets : []
2025-05-07 15:55:16,280 - INFO - [main_window.py:185] - Changement de page vers l'index 0
2025-05-07 15:55:16,281 - DEBUG - [main_window.py:197] - ✓ Page changée avec succès vers 0
2025-05-07 15:55:16,663 - INFO - [main_window.py:185] - Changement de page vers l'index 1
2025-05-07 15:55:16,663 - DEBUG - [main_window.py:197] - ✓ Page changée avec succès vers 1
2025-05-07 15:55:18,818 - INFO - [equipment_page.py:449] - Ouverture des détails pour l'item : Midnight Coup
2025-05-07 15:55:18,818 - INFO - [equipment_page.py:461] - Affichage du template non-exotique.
2025-05-07 15:55:18,819 - DEBUG - [equipment_page.py:670] - Création du widget détail non-exotique pour : Midnight Coup
2025-05-07 15:55:18,823 - DEBUG - [equipment_page.py:790] - Stats : {'1480404414': 0, '1935470627': 0, '1885944937': 0, '3555269338': 14, '4284893193': 140, '4043523819': 84, '1240592695': 40, '155624089': 45, '3871231066': 12, '4188031367': 56, '1931675084': 60, '943549884': 60, '1345609583': 90, '2715839340': 80, '2714457168': 24}
2025-05-07 15:55:18,823 - DEBUG - [equipment_page.py:791] - Perks : []
2025-05-07 15:55:18,823 - DEBUG - [equipment_page.py:792] - Sockets : []
2025-05-07 15:55:21,220 - INFO - [equipment_page.py:449] - Ouverture des détails pour l'item : Midnight Coup
2025-05-07 15:55:21,220 - INFO - [equipment_page.py:461] - Affichage du template non-exotique.
2025-05-07 15:55:21,220 - DEBUG - [equipment_page.py:670] - Création du widget détail non-exotique pour : Midnight Coup
2025-05-07 15:55:21,224 - DEBUG - [equipment_page.py:790] - Stats : {'1480404414': 0, '1935470627': 0, '1885944937': 0, '3555269338': 14, '4284893193': 140, '4043523819': 84, '1240592695': 40, '155624089': 45, '3871231066': 12, '4188031367': 56, '1931675084': 60, '943549884': 60, '1345609583': 90, '2715839340': 80, '2714457168': 24}
2025-05-07 15:55:21,224 - DEBUG - [equipment_page.py:791] - Perks : []
2025-05-07 15:55:21,225 - DEBUG - [equipment_page.py:792] - Sockets : []
2025-05-07 15:55:23,785 - INFO - [equipment_page.py:370] - Changement de personnage vers ID: 2305843010617604833
2025-05-07 15:55:23,787 - DEBUG - [connectionpool.py:1049] - Starting new HTTPS connection (1): www.bungie.net:443
2025-05-07 15:55:24,054 - DEBUG - [connectionpool.py:544] - https://www.bungie.net:443 "GET /Platform/Destiny2/3/Profile/4611686018536948250/?components=200 HTTP/1.1" 200 992
2025-05-07 15:55:24,056 - INFO - [equipment_page.py:401] - Lumière mise à jour pour le nouveau personnage: 2017
2025-05-07 15:55:24,056 - INFO - [equipment_page.py:243] - === Chargement de l'équipement pour le personnage 2305843010617604833 ===
2025-05-07 15:55:24,058 - DEBUG - [connectionpool.py:1049] - Starting new HTTPS connection (1): www.bungie.net:443
2025-05-07 15:55:24,888 - DEBUG - [connectionpool.py:544] - https://www.bungie.net:443 "GET /Platform/Destiny2/3/Profile/4611686018536948250/Character/2305843010617604833/?components=205%2C300%2C302 HTTP/1.1" 200 3157
2025-05-07 15:55:24,889 - INFO - [equipment_page.py:298] - === Affichage de l'équipement ===
2025-05-07 15:55:24,891 - DEBUG - [connectionpool.py:1049] - Starting new HTTPS connection (1): www.bungie.net:443
2025-05-07 15:55:25,149 - DEBUG - [connectionpool.py:544] - https://www.bungie.net:443 "GET /Platform/Destiny2/Manifest/DestinyInventoryItemDefinition/3947966653/ HTTP/1.1" 200 3777
2025-05-07 15:55:25,152 - ERROR - [equipment_page.py:527] - Erreur update_equipment_slot: 'list' object has no attribute 'get'
2025-05-07 15:55:25,154 - DEBUG - [connectionpool.py:1049] - Starting new HTTPS connection (1): www.bungie.net:443
2025-05-07 15:55:25,414 - DEBUG - [connectionpool.py:544] - https://www.bungie.net:443 "GET /Platform/Destiny2/Manifest/DestinyInventoryItemDefinition/431721920/ HTTP/1.1" 200 3791
2025-05-07 15:55:25,416 - ERROR - [equipment_page.py:527] - Erreur update_equipment_slot: 'list' object has no attribute 'get'
2025-05-07 15:55:25,418 - DEBUG - [connectionpool.py:1049] - Starting new HTTPS connection (1): www.bungie.net:443
2025-05-07 15:55:26,062 - DEBUG - [connectionpool.py:544] - https://www.bungie.net:443 "GET /Platform/Destiny2/Manifest/DestinyInventoryItemDefinition/1762785662/ HTTP/1.1" 200 3767
2025-05-07 15:55:26,064 - ERROR - [equipment_page.py:527] - Erreur update_equipment_slot: 'list' object has no attribute 'get'
2025-05-07 15:55:26,065 - DEBUG - [connectionpool.py:1049] - Starting new HTTPS connection (1): www.bungie.net:443
2025-05-07 15:55:26,480 - DEBUG - [connectionpool.py:544] - https://www.bungie.net:443 "GET /Platform/Destiny2/Manifest/DestinyInventoryItemDefinition/3001229473/ HTTP/1.1" 200 2584
2025-05-07 15:55:26,482 - ERROR - [equipment_page.py:527] - Erreur update_equipment_slot: 'list' object has no attribute 'get'
2025-05-07 15:55:26,484 - DEBUG - [connectionpool.py:1049] - Starting new HTTPS connection (1): www.bungie.net:443
2025-05-07 15:55:26,758 - DEBUG - [connectionpool.py:544] - https://www.bungie.net:443 "GET /Platform/Destiny2/Manifest/DestinyInventoryItemDefinition/3797572280/ HTTP/1.1" 200 2591
2025-05-07 15:55:26,761 - ERROR - [equipment_page.py:527] - Erreur update_equipment_slot: 'list' object has no attribute 'get'
2025-05-07 15:55:26,761 - DEBUG - [connectionpool.py:1049] - Starting new HTTPS connection (1): www.bungie.net:443
2025-05-07 15:55:27,021 - DEBUG - [connectionpool.py:544] - https://www.bungie.net:443 "GET /Platform/Destiny2/Manifest/DestinyInventoryItemDefinition/1958630864/ HTTP/1.1" 200 2591
2025-05-07 15:55:27,023 - ERROR - [equipment_page.py:527] - Erreur update_equipment_slot: 'list' object has no attribute 'get'
2025-05-07 15:55:27,024 - DEBUG - [connectionpool.py:1049] - Starting new HTTPS connection (1): www.bungie.net:443
2025-05-07 15:55:27,280 - DEBUG - [connectionpool.py:544] - https://www.bungie.net:443 "GET /Platform/Destiny2/Manifest/DestinyInventoryItemDefinition/129332559/ HTTP/1.1" 200 2690
2025-05-07 15:55:27,282 - ERROR - [equipment_page.py:527] - Erreur update_equipment_slot: 'list' object has no attribute 'get'
2025-05-07 15:55:27,284 - DEBUG - [connectionpool.py:1049] - Starting new HTTPS connection (1): www.bungie.net:443
2025-05-07 15:55:27,541 - DEBUG - [connectionpool.py:544] - https://www.bungie.net:443 "GET /Platform/Destiny2/Manifest/DestinyInventoryItemDefinition/2809120022/ HTTP/1.1" 200 2377
2025-05-07 15:55:27,543 - ERROR - [equipment_page.py:527] - Erreur update_equipment_slot: 'list' object has no attribute 'get'
2025-05-07 15:55:27,544 - INFO - [equipment_page.py:345] - Affichage terminé - 3 armes, 5 pièces d'armure
2025-05-07 15:55:33,112 - INFO - [equipment_page.py:370] - Changement de personnage vers ID: 2305843010696344032
2025-05-07 15:55:33,115 - DEBUG - [connectionpool.py:1049] - Starting new HTTPS connection (1): www.bungie.net:443
2025-05-07 15:55:33,206 - DEBUG - [connectionpool.py:544] - https://www.bungie.net:443 "GET /Platform/Destiny2/3/Profile/4611686018536948250/?components=200 HTTP/1.1" 200 992
2025-05-07 15:55:33,207 - INFO - [equipment_page.py:401] - Lumière mise à jour pour le nouveau personnage: 2017
2025-05-07 15:55:33,208 - INFO - [equipment_page.py:243] - === Chargement de l'équipement pour le personnage 2305843010696344032 ===
2025-05-07 15:55:33,209 - DEBUG - [connectionpool.py:1049] - Starting new HTTPS connection (1): www.bungie.net:443
2025-05-07 15:55:33,455 - DEBUG - [connectionpool.py:544] - https://www.bungie.net:443 "GET /Platform/Destiny2/3/Profile/4611686018536948250/Character/2305843010696344032/?components=205%2C300%2C302 HTTP/1.1" 200 3027
2025-05-07 15:55:33,457 - INFO - [equipment_page.py:298] - === Affichage de l'équipement ===
2025-05-07 15:55:33,459 - DEBUG - [connectionpool.py:1049] - Starting new HTTPS connection (1): www.bungie.net:443
2025-05-07 15:55:34,128 - DEBUG - [connectionpool.py:544] - https://www.bungie.net:443 "GET /Platform/Destiny2/Manifest/DestinyInventoryItemDefinition/557165046/ HTTP/1.1" 200 3896
2025-05-07 15:55:34,130 - ERROR - [equipment_page.py:527] - Erreur update_equipment_slot: 'list' object has no attribute 'get'
2025-05-07 15:55:34,132 - DEBUG - [connectionpool.py:1049] - Starting new HTTPS connection (1): www.bungie.net:443
2025-05-07 15:55:34,408 - DEBUG - [connectionpool.py:544] - https://www.bungie.net:443 "GET /Platform/Destiny2/Manifest/DestinyInventoryItemDefinition/2907129557/ HTTP/1.1" 200 2549
2025-05-07 15:55:34,410 - ERROR - [equipment_page.py:527] - Erreur update_equipment_slot: 'list' object has no attribute 'get'
2025-05-07 15:55:34,412 - DEBUG - [connectionpool.py:1049] - Starting new HTTPS connection (1): www.bungie.net:443
2025-05-07 15:55:34,681 - DEBUG - [connectionpool.py:544] - https://www.bungie.net:443 "GET /Platform/Destiny2/Manifest/DestinyInventoryItemDefinition/568611923/ HTTP/1.1" 200 3763
2025-05-07 15:55:34,684 - ERROR - [equipment_page.py:527] - Erreur update_equipment_slot: 'list' object has no attribute 'get'
2025-05-07 15:55:34,686 - DEBUG - [connectionpool.py:1049] - Starting new HTTPS connection (1): www.bungie.net:443
2025-05-07 15:55:34,926 - DEBUG - [connectionpool.py:544] - https://www.bungie.net:443 "GET /Platform/Destiny2/Manifest/DestinyInventoryItemDefinition/2783831726/ HTTP/1.1" 200 2623
2025-05-07 15:55:34,928 - ERROR - [equipment_page.py:527] - Erreur update_equipment_slot: 'list' object has no attribute 'get'
2025-05-07 15:55:34,929 - DEBUG - [connectionpool.py:1049] - Starting new HTTPS connection (1): www.bungie.net:443
2025-05-07 15:55:35,192 - DEBUG - [connectionpool.py:544] - https://www.bungie.net:443 "GET /Platform/Destiny2/Manifest/DestinyInventoryItemDefinition/287888126/ HTTP/1.1" 200 2639
2025-05-07 15:55:35,194 - ERROR - [equipment_page.py:527] - Erreur update_equipment_slot: 'list' object has no attribute 'get'
2025-05-07 15:55:35,197 - DEBUG - [connectionpool.py:1049] - Starting new HTTPS connection (1): www.bungie.net:443
2025-05-07 15:55:35,495 - DEBUG - [connectionpool.py:544] - https://www.bungie.net:443 "GET /Platform/Destiny2/Manifest/DestinyInventoryItemDefinition/331602521/ HTTP/1.1" 200 2629
2025-05-07 15:55:35,497 - ERROR - [equipment_page.py:527] - Erreur update_equipment_slot: 'list' object has no attribute 'get'
2025-05-07 15:55:35,499 - DEBUG - [connectionpool.py:1049] - Starting new HTTPS connection (1): www.bungie.net:443
2025-05-07 15:55:35,776 - DEBUG - [connectionpool.py:544] - https://www.bungie.net:443 "GET /Platform/Destiny2/Manifest/DestinyInventoryItemDefinition/3264721770/ HTTP/1.1" 200 2610
2025-05-07 15:55:35,779 - ERROR - [equipment_page.py:527] - Erreur update_equipment_slot: 'list' object has no attribute 'get'
2025-05-07 15:55:35,782 - DEBUG - [connectionpool.py:1049] - Starting new HTTPS connection (1): www.bungie.net:443
2025-05-07 15:55:35,869 - DEBUG - [connectionpool.py:544] - https://www.bungie.net:443 "GET /Platform/Destiny2/Manifest/DestinyInventoryItemDefinition/266021826/ HTTP/1.1" 200 2348
2025-05-07 15:55:35,871 - ERROR - [equipment_page.py:527] - Erreur update_equipment_slot: 'list' object has no attribute 'get'
2025-05-07 15:55:35,872 - INFO - [equipment_page.py:345] - Affichage terminé - 3 armes, 5 pièces d'armure
2025-05-07 15:55:38,446 - INFO - [main_window.py:185] - Changement de page vers l'index 0
2025-05-07 15:55:38,447 - DEBUG - [main_window.py:197] - ✓ Page changée avec succès vers 0
2025-05-07 15:55:44,283 - INFO - [main_window.py:185] - Changement de page vers l'index 2
2025-05-07 15:55:44,284 - DEBUG - [main_window.py:197] - ✓ Page changée avec succès vers 2
2025-05-07 15:55:50,407 - INFO - [main_window.py:185] - Changement de page vers l'index 0
2025-05-07 15:55:50,408 - DEBUG - [main_window.py:197] - ✓ Page changée avec succès vers 0
2025-05-07 15:57:57,741 - INFO - [main_window.py:185] - Changement de page vers l'index 1
2025-05-07 15:57:57,742 - DEBUG - [main_window.py:197] - ✓ Page changée avec succès vers 1
2025-05-07 15:57:58,493 - INFO - [equipment_page.py:449] - Ouverture des détails pour l'item : Riiswalker
2025-05-07 15:57:58,493 - INFO - [equipment_page.py:461] - Affichage du template non-exotique.
2025-05-07 15:57:58,493 - DEBUG - [equipment_page.py:670] - Création du widget détail non-exotique pour : Riiswalker
2025-05-07 15:57:58,498 - DEBUG - [equipment_page.py:790] - Stats : {'1480404414': 0, '1935470627': 0, '1885944937': 0, '3555269338': 12, '4284893193': 80, '4043523819': 65, '1240592695': 45, '155624089': 43, '3871231066': 6, '4188031367': 62, '1931675084': 25, '943549884': 71, '1345609583': 52, '2715839340': 54, '2714457168': 2}
2025-05-07 15:57:58,498 - DEBUG - [equipment_page.py:791] - Perks : []
2025-05-07 15:57:58,498 - DEBUG - [equipment_page.py:792] - Sockets : []
2025-05-07 15:59:47,917 - INFO - [equipment_page.py:415] - === Actualisation des données du personnage ===
2025-05-07 15:59:47,918 - INFO - [equipment_page.py:188] - === Chargement des personnages ===
2025-05-07 15:59:47,920 - DEBUG - [connectionpool.py:1049] - Starting new HTTPS connection (1): www.bungie.net:443
2025-05-07 15:59:48,932 - DEBUG - [connectionpool.py:544] - https://www.bungie.net:443 "GET /Platform/Destiny2/3/Profile/4611686018536948250/?components=200%2C205 HTTP/1.1" 200 2459
2025-05-07 15:59:48,939 - INFO - [equipment_page.py:370] - Changement de personnage vers ID: 2305843010596444327
2025-05-07 15:59:48,942 - DEBUG - [connectionpool.py:1049] - Starting new HTTPS connection (1): www.bungie.net:443
2025-05-07 15:59:50,609 - DEBUG - [connectionpool.py:544] - https://www.bungie.net:443 "GET /Platform/Destiny2/3/Profile/4611686018536948250/?components=200 HTTP/1.1" 200 992
2025-05-07 15:59:50,611 - INFO - [equipment_page.py:401] - Lumière mise à jour pour le nouveau personnage: 2018
2025-05-07 15:59:50,611 - INFO - [equipment_page.py:243] - === Chargement de l'équipement pour le personnage 2305843010596444327 ===
2025-05-07 15:59:50,614 - DEBUG - [connectionpool.py:1049] - Starting new HTTPS connection (1): www.bungie.net:443
2025-05-07 15:59:50,887 - DEBUG - [connectionpool.py:544] - https://www.bungie.net:443 "GET /Platform/Destiny2/3/Profile/4611686018536948250/Character/2305843010596444327/?components=205%2C300%2C302 HTTP/1.1" 200 3058
2025-05-07 15:59:50,889 - INFO - [equipment_page.py:298] - === Affichage de l'équipement ===
2025-05-07 15:59:50,890 - DEBUG - [connectionpool.py:1049] - Starting new HTTPS connection (1): www.bungie.net:443
2025-05-07 15:59:51,149 - DEBUG - [connectionpool.py:544] - https://www.bungie.net:443 "GET /Platform/Destiny2/Manifest/DestinyInventoryItemDefinition/2763843898/ HTTP/1.1" 200 3859
2025-05-07 15:59:51,151 - ERROR - [equipment_page.py:527] - Erreur update_equipment_slot: 'list' object has no attribute 'get'
2025-05-07 15:59:51,152 - DEBUG - [connectionpool.py:1049] - Starting new HTTPS connection (1): www.bungie.net:443
2025-05-07 15:59:51,927 - DEBUG - [connectionpool.py:544] - https://www.bungie.net:443 "GET /Platform/Destiny2/Manifest/DestinyInventoryItemDefinition/814876685/ HTTP/1.1" 200 2386
2025-05-07 15:59:51,929 - ERROR - [equipment_page.py:527] - Erreur update_equipment_slot: 'list' object has no attribute 'get'
2025-05-07 15:59:51,931 - DEBUG - [connectionpool.py:1049] - Starting new HTTPS connection (1): www.bungie.net:443
2025-05-07 15:59:52,184 - DEBUG - [connectionpool.py:544] - https://www.bungie.net:443 "GET /Platform/Destiny2/Manifest/DestinyInventoryItemDefinition/1896309757/ HTTP/1.1" 200 3821
2025-05-07 15:59:52,186 - ERROR - [equipment_page.py:527] - Erreur update_equipment_slot: 'list' object has no attribute 'get'
2025-05-07 15:59:52,187 - DEBUG - [connectionpool.py:1049] - Starting new HTTPS connection (1): www.bungie.net:443
2025-05-07 15:59:52,547 - DEBUG - [connectionpool.py:544] - https://www.bungie.net:443 "GET /Platform/Destiny2/Manifest/DestinyInventoryItemDefinition/2134769653/ HTTP/1.1" 200 2578
2025-05-07 15:59:52,549 - ERROR - [equipment_page.py:527] - Erreur update_equipment_slot: 'list' object has no attribute 'get'
2025-05-07 15:59:52,551 - DEBUG - [connectionpool.py:1049] - Starting new HTTPS connection (1): www.bungie.net:443
2025-05-07 15:59:52,881 - DEBUG - [connectionpool.py:544] - https://www.bungie.net:443 "GET /Platform/Destiny2/Manifest/DestinyInventoryItemDefinition/810612804/ HTTP/1.1" 200 2584
2025-05-07 15:59:52,884 - ERROR - [equipment_page.py:527] - Erreur update_equipment_slot: 'list' object has no attribute 'get'
2025-05-07 15:59:52,886 - DEBUG - [connectionpool.py:1049] - Starting new HTTPS connection (1): www.bungie.net:443
2025-05-07 15:59:53,157 - DEBUG - [connectionpool.py:544] - https://www.bungie.net:443 "GET /Platform/Destiny2/Manifest/DestinyInventoryItemDefinition/1183187516/ HTTP/1.1" 200 2582
2025-05-07 15:59:53,160 - ERROR - [equipment_page.py:527] - Erreur update_equipment_slot: 'list' object has no attribute 'get'
2025-05-07 15:59:53,162 - DEBUG - [connectionpool.py:1049] - Starting new HTTPS connection (1): www.bungie.net:443
2025-05-07 15:59:53,413 - DEBUG - [connectionpool.py:544] - https://www.bungie.net:443 "GET /Platform/Destiny2/Manifest/DestinyInventoryItemDefinition/2741258862/ HTTP/1.1" 200 2583
2025-05-07 15:59:53,416 - ERROR - [equipment_page.py:527] - Erreur update_equipment_slot: 'list' object has no attribute 'get'
2025-05-07 15:59:53,417 - DEBUG - [connectionpool.py:1049] - Starting new HTTPS connection (1): www.bungie.net:443
2025-05-07 15:59:54,136 - DEBUG - [connectionpool.py:544] - https://www.bungie.net:443 "GET /Platform/Destiny2/Manifest/DestinyInventoryItemDefinition/266021826/ HTTP/1.1" 200 2348
2025-05-07 15:59:54,139 - ERROR - [equipment_page.py:527] - Erreur update_equipment_slot: 'list' object has no attribute 'get'
2025-05-07 15:59:54,140 - INFO - [equipment_page.py:345] - Affichage terminé - 3 armes, 5 pièces d'armure
2025-05-07 15:59:55,310 - INFO - [equipment_page.py:243] - === Chargement de l'équipement pour le personnage 2305843010596444327 ===
2025-05-07 15:59:55,312 - DEBUG - [connectionpool.py:1049] - Starting new HTTPS connection (1): www.bungie.net:443
2025-05-07 15:59:55,394 - DEBUG - [connectionpool.py:544] - https://www.bungie.net:443 "GET /Platform/Destiny2/3/Profile/4611686018536948250/Character/2305843010596444327/?components=205%2C300%2C302 HTTP/1.1" 200 3058
2025-05-07 15:59:55,395 - INFO - [equipment_page.py:298] - === Affichage de l'équipement ===
2025-05-07 15:59:55,396 - DEBUG - [connectionpool.py:1049] - Starting new HTTPS connection (1): www.bungie.net:443
2025-05-07 15:59:55,485 - DEBUG - [connectionpool.py:544] - https://www.bungie.net:443 "GET /Platform/Destiny2/Manifest/DestinyInventoryItemDefinition/2763843898/ HTTP/1.1" 200 3859
2025-05-07 15:59:55,487 - ERROR - [equipment_page.py:527] - Erreur update_equipment_slot: 'list' object has no attribute 'get'
2025-05-07 15:59:55,489 - DEBUG - [connectionpool.py:1049] - Starting new HTTPS connection (1): www.bungie.net:443
2025-05-07 15:59:55,574 - DEBUG - [connectionpool.py:544] - https://www.bungie.net:443 "GET /Platform/Destiny2/Manifest/DestinyInventoryItemDefinition/814876685/ HTTP/1.1" 200 2386
2025-05-07 15:59:55,576 - ERROR - [equipment_page.py:527] - Erreur update_equipment_slot: 'list' object has no attribute 'get'
2025-05-07 15:59:55,579 - DEBUG - [connectionpool.py:1049] - Starting new HTTPS connection (1): www.bungie.net:443
2025-05-07 15:59:55,662 - DEBUG - [connectionpool.py:544] - https://www.bungie.net:443 "GET /Platform/Destiny2/Manifest/DestinyInventoryItemDefinition/1896309757/ HTTP/1.1" 200 3821
2025-05-07 15:59:55,664 - ERROR - [equipment_page.py:527] - Erreur update_equipment_slot: 'list' object has no attribute 'get'
2025-05-07 15:59:55,666 - DEBUG - [connectionpool.py:1049] - Starting new HTTPS connection (1): www.bungie.net:443
2025-05-07 15:59:55,743 - DEBUG - [connectionpool.py:544] - https://www.bungie.net:443 "GET /Platform/Destiny2/Manifest/DestinyInventoryItemDefinition/2134769653/ HTTP/1.1" 200 2578
2025-05-07 15:59:55,744 - ERROR - [equipment_page.py:527] - Erreur update_equipment_slot: 'list' object has no attribute 'get'
2025-05-07 15:59:55,746 - DEBUG - [connectionpool.py:1049] - Starting new HTTPS connection (1): www.bungie.net:443
2025-05-07 15:59:55,829 - DEBUG - [connectionpool.py:544] - https://www.bungie.net:443 "GET /Platform/Destiny2/Manifest/DestinyInventoryItemDefinition/810612804/ HTTP/1.1" 200 2584
2025-05-07 15:59:55,830 - ERROR - [equipment_page.py:527] - Erreur update_equipment_slot: 'list' object has no attribute 'get'
2025-05-07 15:59:55,832 - DEBUG - [connectionpool.py:1049] - Starting new HTTPS connection (1): www.bungie.net:443
2025-05-07 15:59:55,958 - DEBUG - [connectionpool.py:544] - https://www.bungie.net:443 "GET /Platform/Destiny2/Manifest/DestinyInventoryItemDefinition/1183187516/ HTTP/1.1" 200 2582
2025-05-07 15:59:55,959 - ERROR - [equipment_page.py:527] - Erreur update_equipment_slot: 'list' object has no attribute 'get'
2025-05-07 15:59:55,961 - DEBUG - [connectionpool.py:1049] - Starting new HTTPS connection (1): www.bungie.net:443
2025-05-07 15:59:56,051 - DEBUG - [connectionpool.py:544] - https://www.bungie.net:443 "GET /Platform/Destiny2/Manifest/DestinyInventoryItemDefinition/2741258862/ HTTP/1.1" 200 2583
2025-05-07 15:59:56,053 - ERROR - [equipment_page.py:527] - Erreur update_equipment_slot: 'list' object has no attribute 'get'
2025-05-07 15:59:56,055 - DEBUG - [connectionpool.py:1049] - Starting new HTTPS connection (1): www.bungie.net:443
2025-05-07 15:59:56,135 - DEBUG - [connectionpool.py:544] - https://www.bungie.net:443 "GET /Platform/Destiny2/Manifest/DestinyInventoryItemDefinition/266021826/ HTTP/1.1" 200 2348
2025-05-07 15:59:56,136 - ERROR - [equipment_page.py:527] - Erreur update_equipment_slot: 'list' object has no attribute 'get'
2025-05-07 15:59:56,137 - INFO - [equipment_page.py:345] - Affichage terminé - 3 armes, 5 pièces d'armure
