2025-04-17 09:17:44,943 - INFO - [logger.py:31] - === Démarrage de Destiny Hub ===
2025-04-17 09:17:44,943 - INFO - [logger.py:32] - Version Python: 3.11.6 (tags/v3.11.6:8b6ee5b, Oct  2 2023, 14:57:12) [MSC v.1935 64 bit (AMD64)]
2025-04-17 09:17:44,943 - INFO - [logger.py:33] - Système d'exploitation: win32
2025-04-17 09:17:44,944 - INFO - [logger.py:34] - Fichier de log créé: logs/destiny_hub_20250417_091744.log
2025-04-17 09:17:44,944 - INFO - [logger.py:55] - === Informations Système ===
2025-04-17 09:17:44,944 - INFO - [logger.py:56] - OS: Windows 10
2025-04-17 09:17:44,962 - INFO - [logger.py:57] - Architecture: AMD64
2025-04-17 09:17:44,962 - INFO - [logger.py:58] - Processeur: AMD64 Family 25 Model 68 Stepping 1, AuthenticAMD
2025-04-17 09:17:44,972 - INFO - [logger.py:62] - Mémoire totale: 31.25 GB
2025-04-17 09:17:44,972 - INFO - [logger.py:63] - Mémoire disponible: 16.52 GB
2025-04-17 09:17:44,972 - INFO - [logger.py:64] - Utilisation mémoire: 47.1%
2025-04-17 09:17:44,973 - INFO - [logger.py:68] - Espace disque total: 952.48 GB
2025-04-17 09:17:44,973 - INFO - [logger.py:69] - Espace disque libre: 219.53 GB
2025-04-17 09:17:44,973 - INFO - [logger.py:70] - Utilisation disque: 77.0%
2025-04-17 09:17:44,974 - INFO - [logger.py:77] - === Vérification de l'environnement ===
2025-04-17 09:17:44,975 - INFO - [logger.py:93] - ✓ BUNGIE_API_KEY trouvée
2025-04-17 09:17:44,975 - DEBUG - [logger.py:94] - Longueur de BUNGIE_API_KEY: 32
2025-04-17 09:17:44,975 - ERROR - [logger.py:96] - ✗ CLIENT_ID non trouvée dans .env
2025-04-17 09:17:44,975 - ERROR - [logger.py:96] - ✗ CLIENT_SECRET non trouvée dans .env
2025-04-17 09:17:44,976 - INFO - [logger.py:105] - === Vérification des dépendances ===
2025-04-17 09:17:44,976 - INFO - [logger.py:119] - ✓ PyQt6 version: Version inconnue
2025-04-17 09:17:44,976 - INFO - [logger.py:119] - ✓ requests version: 2.32.3
2025-04-17 09:17:44,976 - INFO - [logger.py:119] - ✓ python-dotenv version: Version inconnue
2025-04-17 09:17:44,976 - INFO - [logger.py:119] - ✓ psutil version: 5.9.5
2025-04-17 09:17:44,977 - INFO - [logger.py:119] - ✓ beautifulsoup4 version: 4.13.4
2025-04-17 09:17:44,977 - INFO - [logger.py:126] - === Vérification des fichiers ===
2025-04-17 09:17:44,977 - INFO - [logger.py:148] - ✓ .env trouvé (Configuration)
2025-04-17 09:17:44,978 - INFO - [logger.py:148] - ✓ main.py trouvé (Point d'entrée)
2025-04-17 09:17:44,978 - INFO - [logger.py:148] - ✓ requirements.txt trouvé (Dépendances)
2025-04-17 09:17:44,978 - DEBUG - [logger.py:173] - === Contenu de requirements.txt ===
2025-04-17 09:17:44,978 - DEBUG - [logger.py:177] - - requests==2.31.0
2025-04-17 09:17:44,978 - DEBUG - [logger.py:177] - - customtkinter==5.2.1
2025-04-17 09:17:44,978 - DEBUG - [logger.py:177] - - pillow==10.2.0
2025-04-17 09:17:44,980 - DEBUG - [logger.py:177] - - python-dotenv==1.0.0
2025-04-17 09:17:44,980 - INFO - [logger.py:158] - ✓ Dossier ui trouvé (Interface utilisateur) - 4 fichiers
2025-04-17 09:17:44,980 - DEBUG - [logger.py:159] - Contenu de ui: main_window.py, pages, styles.py, __pycache__
2025-04-17 09:17:44,981 - INFO - [logger.py:158] - ✓ Dossier ui/pages trouvé (Pages de l'interface) - 5 fichiers
2025-04-17 09:17:44,981 - DEBUG - [logger.py:159] - Contenu de ui/pages: account_page.py, equipment_page.py, meta_page.py, missions_page.py, __pycache__
2025-04-17 09:17:44,981 - INFO - [logger.py:158] - ✓ Dossier api trouvé (API Bungie) - 3 fichiers
2025-04-17 09:17:44,981 - DEBUG - [logger.py:159] - Contenu de api: bungie_client.py, oauth_handler.py, __pycache__
2025-04-17 09:17:44,981 - INFO - [logger.py:158] - ✓ Dossier utils trouvé (Utilitaires) - 3 fichiers
2025-04-17 09:17:44,982 - DEBUG - [logger.py:159] - Contenu de utils: config.py, logger.py, __pycache__
2025-04-17 09:17:44,982 - INFO - [logger.py:158] - ✓ Dossier data trouvé (Données) - 4 fichiers
2025-04-17 09:17:44,982 - DEBUG - [logger.py:159] - Contenu de data: account.json, full_account.json, icons, profile_data.json
2025-04-17 09:17:44,983 - INFO - [logger.py:158] - ✓ Dossier icons trouvé (Icônes) - 64 fichiers
2025-04-17 09:17:44,983 - DEBUG - [logger.py:159] - Contenu de icons: 1003860281.png, 1183187516.png, 1197771438.png, 129332559.png, 1320342774.png, 1457394908.png, 1484009400.png, 1522633034.png, 152583919.png, 1533314821.png, 1616346845.png, 1907110519.png, 1911060537.png, 1958630864.png, 2012043039.png, 2134769653.png, 2151724216.png, 2185244404.png, 2190967049.png, 2198166292.png, 2286507447.png, 241462142.png, 2441435355.png, 2550323932.png, 2591586261.png, 2629014079.png, 266021826.png, 2738060683.png, 2741258862.png, 2742930797.png, 2783831726.png, 2809120022.png, 2827764482.png, 287888126.png, 2907129557.png, 2949538030.png, 2962546549.png, 3001229473.png, 3158812152.png, 3183180185.png, 3264721770.png, 331602521.png, 3434301337.png, 3569802112.png, 3628991658.png, 3733702440.png, 3797572280.png, 3828080585.png, 3844610113.png, 3906357376.png, 3947966653.png, 4026763349.png, 4062934448.png, 4146702548.png, 4282591831.png, 4293588774.png, 537041732.png, 557165046.png, 568611923.png, 643145875.png, 788073488.png, 810612804.png, 952431286.png, 991314988.png
2025-04-17 09:17:44,984 - INFO - [logger.py:158] - ✓ Dossier logs trouvé (Fichiers de log) - 4 fichiers
2025-04-17 09:17:44,984 - DEBUG - [logger.py:159] - Contenu de logs: destiny_hub_20250417_090308.log, destiny_hub_20250417_090501.log, destiny_hub_20250417_091449.log, destiny_hub_20250417_091744.log
2025-04-17 09:17:44,985 - INFO - [logger.py:158] - ✓ Dossier cache trouvé (Cache des images) - 0 fichiers
2025-04-17 09:17:44,985 - DEBUG - [logger.py:159] - Contenu de cache: 
2025-04-17 09:17:45,014 - INFO - [main_window.py:17] - === Initialisation de la fenêtre principale ===
2025-04-17 09:17:45,015 - INFO - [main_window.py:32] - Configuration de l'interface utilisateur
2025-04-17 09:17:45,022 - DEBUG - [main_window.py:112] - Création des pages...
2025-04-17 09:17:45,038 - DEBUG - [main_window.py:114] - ✓ Page compte créée
2025-04-17 09:17:45,066 - INFO - [equipment_page.py:164] - === Chargement des personnages ===
2025-04-17 09:17:45,072 - DEBUG - [connectionpool.py:1049] - Starting new HTTPS connection (1): www.bungie.net:443
2025-04-17 09:17:45,878 - DEBUG - [connectionpool.py:544] - https://www.bungie.net:443 "GET /Platform/Destiny2/3/Profile/4611686018536948250/?components=200%2C205 HTTP/1.1" 200 2478
2025-04-17 09:17:45,887 - INFO - [equipment_page.py:332] - Changement de personnage vers ID: 2305843010596444327
2025-04-17 09:17:45,889 - DEBUG - [connectionpool.py:1049] - Starting new HTTPS connection (1): www.bungie.net:443
2025-04-17 09:17:47,752 - DEBUG - [connectionpool.py:544] - https://www.bungie.net:443 "GET /Platform/Destiny2/3/Profile/4611686018536948250/?components=200 HTTP/1.1" 200 993
2025-04-17 09:17:47,754 - INFO - [equipment_page.py:361] - Lumière mise à jour pour le nouveau personnage: 2019
2025-04-17 09:17:47,754 - INFO - [equipment_page.py:219] - === Chargement de l'équipement pour le personnage 2305843010596444327 ===
2025-04-17 09:17:47,756 - DEBUG - [connectionpool.py:1049] - Starting new HTTPS connection (1): www.bungie.net:443
2025-04-17 09:17:49,192 - DEBUG - [connectionpool.py:544] - https://www.bungie.net:443 "GET /Platform/Destiny2/3/Profile/4611686018536948250/Character/2305843010596444327/?components=205%2C300%2C302 HTTP/1.1" 200 3083
2025-04-17 09:17:49,194 - INFO - [equipment_page.py:273] - === Affichage de l'équipement ===
2025-04-17 09:17:49,218 - INFO - [equipment_page.py:323] - Affichage terminé - 3 armes, 5 pièces d'armure
2025-04-17 09:17:49,219 - INFO - [equipment_page.py:219] - === Chargement de l'équipement pour le personnage 2305843010596444327 ===
2025-04-17 09:17:49,222 - DEBUG - [connectionpool.py:1049] - Starting new HTTPS connection (1): www.bungie.net:443
2025-04-17 09:17:49,333 - DEBUG - [connectionpool.py:544] - https://www.bungie.net:443 "GET /Platform/Destiny2/3/Profile/4611686018536948250/Character/2305843010596444327/?components=205%2C300%2C302 HTTP/1.1" 200 3083
2025-04-17 09:17:49,334 - INFO - [equipment_page.py:273] - === Affichage de l'équipement ===
2025-04-17 09:17:49,336 - INFO - [equipment_page.py:323] - Affichage terminé - 3 armes, 5 pièces d'armure
2025-04-17 09:17:49,337 - DEBUG - [main_window.py:117] - ✓ Page équipement créée
2025-04-17 09:17:49,338 - DEBUG - [main_window.py:120] - ✓ Page missions créée
2025-04-17 09:17:49,343 - DEBUG - [main_window.py:123] - ✓ Page meta créée
2025-04-17 09:17:49,346 - INFO - [meta_page.py:28] - === Début du scraping des armes meta ===
2025-04-17 09:17:49,346 - INFO - [main_window.py:141] - ✅ Pages ajoutées avec succès
2025-04-17 09:17:49,346 - INFO - [meta_page.py:41] - === Début de la récupération des stats depuis light.gg ===
2025-04-17 09:17:49,346 - INFO - [main_window.py:148] - Configuration de la barre de statut
2025-04-17 09:17:49,347 - INFO - [meta_page.py:56] - Initialisation du navigateur en mode headless
2025-04-17 09:17:49,347 - INFO - [main_window.py:161] - ✅ Barre de statut configurée
2025-04-17 09:17:49,348 - INFO - [main_window.py:167] - Application des styles
2025-04-17 09:17:49,355 - INFO - [main_window.py:172] - ✅ Styles appliqués
2025-04-17 09:17:49,356 - INFO - [main_window.py:26] - ✅ Interface principale initialisée avec succès
2025-04-17 09:17:49,422 - DEBUG - [selenium_manager.py:101] - Selenium Manager binary found at: C:\Users\perio\AppData\Local\Programs\Python\Python311\Lib\site-packages\selenium\webdriver\common\windows\selenium-manager.exe
2025-04-17 09:17:49,423 - DEBUG - [selenium_manager.py:114] - Executing process: C:\Users\perio\AppData\Local\Programs\Python\Python311\Lib\site-packages\selenium\webdriver\common\windows\selenium-manager.exe --browser chrome --debug --language-binding python --output json
2025-04-17 09:17:49,696 - DEBUG - [selenium_manager.py:140] - chromedriver not found in PATH
2025-04-17 09:17:49,696 - DEBUG - [selenium_manager.py:140] - chrome detected at C:\Program Files\Google\Chrome\Application\chrome.exe
2025-04-17 09:17:49,696 - DEBUG - [selenium_manager.py:140] - Running command: wmic datafile where name='C:\\Program Files\\Google\\Chrome\\Application\\chrome.exe' get Version /value
2025-04-17 09:17:49,697 - DEBUG - [selenium_manager.py:140] - Output: "\r\r\n\r\r\nVersion=135.0.7049.85\r\r\n\r\r\n\r\r\n\r"
2025-04-17 09:17:49,697 - DEBUG - [selenium_manager.py:140] - Detected browser: chrome 135.0.7049.85
2025-04-17 09:17:49,697 - DEBUG - [selenium_manager.py:140] - Required driver: chromedriver 135.0.7049.95
2025-04-17 09:17:49,697 - DEBUG - [selenium_manager.py:140] - chromedriver 135.0.7049.95 already in the cache
2025-04-17 09:17:49,697 - DEBUG - [selenium_manager.py:140] - Driver path: C:\Users\perio\.cache\selenium\chromedriver\win64\135.0.7049.95\chromedriver.exe
2025-04-17 09:17:49,697 - DEBUG - [selenium_manager.py:140] - Browser path: C:\Program Files\Google\Chrome\Application\chrome.exe
2025-04-17 09:17:49,704 - DEBUG - [service.py:231] - Started executable: `C:\Users\perio\.cache\selenium\chromedriver\win64\135.0.7049.95\chromedriver.exe` in a child process with pid: 34728 using 0 to output -3
2025-04-17 09:17:50,226 - DEBUG - [remote_connection.py:403] - POST http://localhost:60158/session {'capabilities': {'firstMatch': [{}], 'alwaysMatch': {'browserName': 'chrome', 'pageLoadStrategy': <PageLoadStrategy.normal: 'normal'>, 'browserVersion': None, 'goog:chromeOptions': {'excludeSwitches': ['enable-automation'], 'useAutomationExtension': False, 'extensions': [], 'binary': 'C:\\Program Files\\Google\\Chrome\\Application\\chrome.exe', 'args': ['--headless=new', '--disable-gpu', '--no-sandbox', '--disable-dev-shm-usage', '--window-size=1920,1080', '--disable-blink-features=AutomationControlled', 'user-agent=Mozilla/5.0 (Windows NT 10.0; Win64; x64) AppleWebKit/537.36 (KHTML, like Gecko) Chrome/122.0.0.0 Safari/537.36']}}}}
2025-04-17 09:17:50,227 - DEBUG - [connectionpool.py:241] - Starting new HTTP connection (1): localhost:60158
2025-04-17 09:17:50,950 - DEBUG - [connectionpool.py:544] - http://localhost:60158 "POST /session HTTP/1.1" 200 0
2025-04-17 09:17:50,951 - DEBUG - [remote_connection.py:436] - Remote response: status=200 | data={"value":{"capabilities":{"acceptInsecureCerts":false,"browserName":"chrome","browserVersion":"135.0.7049.85","chrome":{"chromedriverVersion":"135.0.7049.95 (de2eb485a1951079e63bdb57ce25544d2dc79c15-refs/branch-heads/7049@{#1836})","userDataDir":"C:\\Users\\perio\\AppData\\Local\\Temp\\scoped_dir34728_1274103664"},"fedcm:accounts":true,"goog:chromeOptions":{"debuggerAddress":"localhost:60163"},"networkConnectionEnabled":false,"pageLoadStrategy":"normal","platformName":"windows","proxy":{},"setWindowRect":true,"strictFileInteractability":false,"timeouts":{"implicit":0,"pageLoad":300000,"script":30000},"unhandledPromptBehavior":"dismiss and notify","webauthn:extension:credBlob":true,"webauthn:extension:largeBlob":true,"webauthn:extension:minPinLength":true,"webauthn:extension:prf":true,"webauthn:virtualAuthenticators":true},"sessionId":"92486c16e5ff952bcc25126b1f91fc03"}} | headers=HTTPHeaderDict({'Content-Length': '882', 'Content-Type': 'application/json; charset=utf-8', 'cache-control': 'no-cache'})
2025-04-17 09:17:50,951 - DEBUG - [remote_connection.py:465] - Finished Request
2025-04-17 09:17:50,951 - INFO - [meta_page.py:62] - Accès à https://www.light.gg/db/items/weapon/?page=1&sort=popularity
2025-04-17 09:17:50,951 - DEBUG - [remote_connection.py:403] - POST http://localhost:60158/session/92486c16e5ff952bcc25126b1f91fc03/url {'url': 'https://www.light.gg/db/items/weapon/?page=1&sort=popularity'}
2025-04-17 09:17:51,752 - INFO - [main_window.py:178] - Changement de page vers l'index 3
2025-04-17 09:17:51,752 - DEBUG - [main_window.py:187] - ✓ Page changée avec succès vers 3
2025-04-17 09:17:52,334 - DEBUG - [connectionpool.py:544] - http://localhost:60158 "POST /session/92486c16e5ff952bcc25126b1f91fc03/url HTTP/1.1" 200 0
2025-04-17 09:17:52,334 - DEBUG - [remote_connection.py:436] - Remote response: status=200 | data={"value":null} | headers=HTTPHeaderDict({'Content-Length': '14', 'Content-Type': 'application/json; charset=utf-8', 'cache-control': 'no-cache'})
2025-04-17 09:17:52,334 - DEBUG - [remote_connection.py:465] - Finished Request
2025-04-17 09:18:07,335 - DEBUG - [remote_connection.py:403] - POST http://localhost:60158/session/92486c16e5ff952bcc25126b1f91fc03/elements {'using': 'css selector', 'value': 'table.weapons-table tbody tr'}
2025-04-17 09:18:07,348 - DEBUG - [connectionpool.py:544] - http://localhost:60158 "POST /session/92486c16e5ff952bcc25126b1f91fc03/elements HTTP/1.1" 200 0
2025-04-17 09:18:07,348 - DEBUG - [remote_connection.py:436] - Remote response: status=200 | data={"value":[]} | headers=HTTPHeaderDict({'Content-Length': '12', 'Content-Type': 'application/json; charset=utf-8', 'cache-control': 'no-cache'})
2025-04-17 09:18:07,348 - DEBUG - [remote_connection.py:465] - Finished Request
2025-04-17 09:18:07,349 - DEBUG - [remote_connection.py:403] - DELETE http://localhost:60158/session/92486c16e5ff952bcc25126b1f91fc03 {}
2025-04-17 09:18:07,417 - DEBUG - [connectionpool.py:544] - http://localhost:60158 "DELETE /session/92486c16e5ff952bcc25126b1f91fc03 HTTP/1.1" 200 0
2025-04-17 09:18:07,417 - DEBUG - [remote_connection.py:436] - Remote response: status=200 | data={"value":null} | headers=HTTPHeaderDict({'Content-Length': '14', 'Content-Type': 'application/json; charset=utf-8', 'cache-control': 'no-cache'})
2025-04-17 09:18:07,418 - DEBUG - [remote_connection.py:465] - Finished Request
2025-04-17 09:18:09,596 - INFO - [meta_page.py:121] - Navigateur fermé
2025-04-17 09:18:09,641 - ERROR - [meta_page.py:36] - Erreur critique: Aucune arme n'a pu être récupérée
2025-04-17 09:18:10,701 - INFO - [meta_page.py:28] - === Début du scraping des armes meta ===
2025-04-17 09:18:10,702 - INFO - [meta_page.py:41] - === Début de la récupération des stats depuis light.gg ===
2025-04-17 09:18:10,702 - INFO - [meta_page.py:56] - Initialisation du navigateur en mode headless
2025-04-17 09:18:10,703 - DEBUG - [selenium_manager.py:101] - Selenium Manager binary found at: C:\Users\perio\AppData\Local\Programs\Python\Python311\Lib\site-packages\selenium\webdriver\common\windows\selenium-manager.exe
2025-04-17 09:18:10,703 - DEBUG - [selenium_manager.py:114] - Executing process: C:\Users\perio\AppData\Local\Programs\Python\Python311\Lib\site-packages\selenium\webdriver\common\windows\selenium-manager.exe --browser chrome --debug --language-binding python --output json
2025-04-17 09:18:10,945 - DEBUG - [selenium_manager.py:140] - chromedriver not found in PATH
2025-04-17 09:18:10,945 - DEBUG - [selenium_manager.py:140] - chrome detected at C:\Program Files\Google\Chrome\Application\chrome.exe
2025-04-17 09:18:10,945 - DEBUG - [selenium_manager.py:140] - Running command: wmic datafile where name='C:\\Program Files\\Google\\Chrome\\Application\\chrome.exe' get Version /value
2025-04-17 09:18:10,946 - DEBUG - [selenium_manager.py:140] - Output: "\r\r\n\r\r\nVersion=135.0.7049.85\r\r\n\r\r\n\r\r\n\r"
2025-04-17 09:18:10,946 - DEBUG - [selenium_manager.py:140] - Detected browser: chrome 135.0.7049.85
2025-04-17 09:18:10,946 - DEBUG - [selenium_manager.py:140] - Required driver: chromedriver 135.0.7049.95
2025-04-17 09:18:10,946 - DEBUG - [selenium_manager.py:140] - chromedriver 135.0.7049.95 already in the cache
2025-04-17 09:18:10,946 - DEBUG - [selenium_manager.py:140] - Driver path: C:\Users\perio\.cache\selenium\chromedriver\win64\135.0.7049.95\chromedriver.exe
2025-04-17 09:18:10,946 - DEBUG - [selenium_manager.py:140] - Browser path: C:\Program Files\Google\Chrome\Application\chrome.exe
2025-04-17 09:18:10,953 - DEBUG - [service.py:231] - Started executable: `C:\Users\perio\.cache\selenium\chromedriver\win64\135.0.7049.95\chromedriver.exe` in a child process with pid: 19240 using 0 to output -3
2025-04-17 09:18:11,468 - DEBUG - [remote_connection.py:403] - POST http://localhost:60243/session {'capabilities': {'firstMatch': [{}], 'alwaysMatch': {'browserName': 'chrome', 'pageLoadStrategy': <PageLoadStrategy.normal: 'normal'>, 'browserVersion': None, 'goog:chromeOptions': {'excludeSwitches': ['enable-automation'], 'useAutomationExtension': False, 'extensions': [], 'binary': 'C:\\Program Files\\Google\\Chrome\\Application\\chrome.exe', 'args': ['--headless=new', '--disable-gpu', '--no-sandbox', '--disable-dev-shm-usage', '--window-size=1920,1080', '--disable-blink-features=AutomationControlled', 'user-agent=Mozilla/5.0 (Windows NT 10.0; Win64; x64) AppleWebKit/537.36 (KHTML, like Gecko) Chrome/122.0.0.0 Safari/537.36']}}}}
2025-04-17 09:18:11,469 - DEBUG - [connectionpool.py:241] - Starting new HTTP connection (1): localhost:60243
2025-04-17 09:18:12,092 - DEBUG - [connectionpool.py:544] - http://localhost:60243 "POST /session HTTP/1.1" 200 0
2025-04-17 09:18:12,092 - DEBUG - [remote_connection.py:436] - Remote response: status=200 | data={"value":{"capabilities":{"acceptInsecureCerts":false,"browserName":"chrome","browserVersion":"135.0.7049.85","chrome":{"chromedriverVersion":"135.0.7049.95 (de2eb485a1951079e63bdb57ce25544d2dc79c15-refs/branch-heads/7049@{#1836})","userDataDir":"C:\\Users\\perio\\AppData\\Local\\Temp\\scoped_dir19240_152689787"},"fedcm:accounts":true,"goog:chromeOptions":{"debuggerAddress":"localhost:60248"},"networkConnectionEnabled":false,"pageLoadStrategy":"normal","platformName":"windows","proxy":{},"setWindowRect":true,"strictFileInteractability":false,"timeouts":{"implicit":0,"pageLoad":300000,"script":30000},"unhandledPromptBehavior":"dismiss and notify","webauthn:extension:credBlob":true,"webauthn:extension:largeBlob":true,"webauthn:extension:minPinLength":true,"webauthn:extension:prf":true,"webauthn:virtualAuthenticators":true},"sessionId":"ffdee4cd50fca9058207b23adcbad221"}} | headers=HTTPHeaderDict({'Content-Length': '881', 'Content-Type': 'application/json; charset=utf-8', 'cache-control': 'no-cache'})
2025-04-17 09:18:12,092 - DEBUG - [remote_connection.py:465] - Finished Request
2025-04-17 09:18:12,093 - INFO - [meta_page.py:62] - Accès à https://www.light.gg/db/items/weapon/?page=1&sort=popularity
2025-04-17 09:18:12,093 - DEBUG - [remote_connection.py:403] - POST http://localhost:60243/session/ffdee4cd50fca9058207b23adcbad221/url {'url': 'https://www.light.gg/db/items/weapon/?page=1&sort=popularity'}
2025-04-17 09:18:15,342 - DEBUG - [connectionpool.py:544] - http://localhost:60243 "POST /session/ffdee4cd50fca9058207b23adcbad221/url HTTP/1.1" 200 0
2025-04-17 09:18:15,377 - DEBUG - [remote_connection.py:436] - Remote response: status=200 | data={"value":null} | headers=HTTPHeaderDict({'Content-Length': '14', 'Content-Type': 'application/json; charset=utf-8', 'cache-control': 'no-cache'})
2025-04-17 09:18:15,403 - DEBUG - [remote_connection.py:465] - Finished Request
2025-04-17 09:18:30,452 - DEBUG - [remote_connection.py:403] - POST http://localhost:60243/session/ffdee4cd50fca9058207b23adcbad221/elements {'using': 'css selector', 'value': 'table.weapons-table tbody tr'}
2025-04-17 09:18:30,598 - DEBUG - [connectionpool.py:544] - http://localhost:60243 "POST /session/ffdee4cd50fca9058207b23adcbad221/elements HTTP/1.1" 200 0
2025-04-17 09:18:30,599 - DEBUG - [remote_connection.py:436] - Remote response: status=200 | data={"value":[]} | headers=HTTPHeaderDict({'Content-Length': '12', 'Content-Type': 'application/json; charset=utf-8', 'cache-control': 'no-cache'})
2025-04-17 09:18:30,599 - DEBUG - [remote_connection.py:465] - Finished Request
2025-04-17 09:18:30,600 - DEBUG - [remote_connection.py:403] - DELETE http://localhost:60243/session/ffdee4cd50fca9058207b23adcbad221 {}
2025-04-17 09:18:30,678 - DEBUG - [connectionpool.py:544] - http://localhost:60243 "DELETE /session/ffdee4cd50fca9058207b23adcbad221 HTTP/1.1" 200 0
2025-04-17 09:18:30,679 - DEBUG - [remote_connection.py:436] - Remote response: status=200 | data={"value":null} | headers=HTTPHeaderDict({'Content-Length': '14', 'Content-Type': 'application/json; charset=utf-8', 'cache-control': 'no-cache'})
2025-04-17 09:18:30,680 - DEBUG - [remote_connection.py:465] - Finished Request
2025-04-17 09:18:32,811 - INFO - [meta_page.py:121] - Navigateur fermé
2025-04-17 09:18:32,812 - ERROR - [meta_page.py:36] - Erreur critique: Aucune arme n'a pu être récupérée
