2025-05-07 16:12:49,412 - INFO - [logger.py:31] - === Démarrage de Destiny Hub ===
2025-05-07 16:12:49,412 - INFO - [logger.py:32] - Version Python: 3.11.6 (tags/v3.11.6:8b6ee5b, Oct  2 2023, 14:57:12) [MSC v.1935 64 bit (AMD64)]
2025-05-07 16:12:49,412 - INFO - [logger.py:33] - Système d'exploitation: win32
2025-05-07 16:12:49,413 - INFO - [logger.py:34] - Fichier de log créé: logs/destiny_hub_20250507_161249.log
2025-05-07 16:12:49,413 - INFO - [logger.py:55] - === Informations Système ===
2025-05-07 16:12:49,413 - INFO - [logger.py:56] - OS: Windows 10
2025-05-07 16:12:49,414 - INFO - [logger.py:57] - Architecture: AMD64
2025-05-07 16:12:49,414 - INFO - [logger.py:58] - Processeur: AMD64 Family 25 Model 68 Stepping 1, AuthenticAMD
2025-05-07 16:12:49,421 - INFO - [logger.py:62] - Mémoire totale: 31.25 GB
2025-05-07 16:12:49,421 - INFO - [logger.py:63] - Mémoire disponible: 17.53 GB
2025-05-07 16:12:49,422 - INFO - [logger.py:64] - Utilisation mémoire: 43.9%
2025-05-07 16:12:49,422 - INFO - [logger.py:68] - Espace disque total: 952.48 GB
2025-05-07 16:12:49,422 - INFO - [logger.py:69] - Espace disque libre: 219.85 GB
2025-05-07 16:12:49,423 - INFO - [logger.py:70] - Utilisation disque: 76.9%
2025-05-07 16:12:49,423 - INFO - [logger.py:77] - === Vérification de l'environnement ===
2025-05-07 16:12:49,424 - INFO - [logger.py:93] - ✓ BUNGIE_API_KEY trouvée
2025-05-07 16:12:49,424 - DEBUG - [logger.py:94] - Longueur de BUNGIE_API_KEY: 32
2025-05-07 16:12:49,424 - ERROR - [logger.py:96] - ✗ CLIENT_ID non trouvée dans .env
2025-05-07 16:12:49,424 - ERROR - [logger.py:96] - ✗ CLIENT_SECRET non trouvée dans .env
2025-05-07 16:12:49,424 - INFO - [logger.py:105] - === Vérification des dépendances ===
2025-05-07 16:12:49,425 - INFO - [logger.py:119] - ✓ PyQt6 version: Version inconnue
2025-05-07 16:12:49,425 - INFO - [logger.py:119] - ✓ requests version: 2.32.3
2025-05-07 16:12:49,425 - INFO - [logger.py:119] - ✓ python-dotenv version: Version inconnue
2025-05-07 16:12:49,425 - INFO - [logger.py:119] - ✓ psutil version: 5.9.5
2025-05-07 16:12:49,426 - INFO - [logger.py:119] - ✓ beautifulsoup4 version: 4.13.4
2025-05-07 16:12:49,426 - INFO - [logger.py:126] - === Vérification des fichiers ===
2025-05-07 16:12:49,426 - INFO - [logger.py:148] - ✓ .env trouvé (Configuration)
2025-05-07 16:12:49,426 - INFO - [logger.py:148] - ✓ main.py trouvé (Point d'entrée)
2025-05-07 16:12:49,428 - INFO - [logger.py:148] - ✓ requirements.txt trouvé (Dépendances)
2025-05-07 16:12:49,428 - DEBUG - [logger.py:173] - === Contenu de requirements.txt ===
2025-05-07 16:12:49,428 - DEBUG - [logger.py:177] - - requests==2.31.0
2025-05-07 16:12:49,428 - DEBUG - [logger.py:177] - - customtkinter==5.2.1
2025-05-07 16:12:49,429 - DEBUG - [logger.py:177] - - pillow==10.2.0
2025-05-07 16:12:49,429 - DEBUG - [logger.py:177] - - python-dotenv==1.0.0
2025-05-07 16:12:49,429 - INFO - [logger.py:158] - ✓ Dossier ui trouvé (Interface utilisateur) - 4 fichiers
2025-05-07 16:12:49,429 - DEBUG - [logger.py:159] - Contenu de ui: main_window.py, pages, styles.py, __pycache__
2025-05-07 16:12:49,429 - INFO - [logger.py:158] - ✓ Dossier ui/pages trouvé (Pages de l'interface) - 5 fichiers
2025-05-07 16:12:49,430 - DEBUG - [logger.py:159] - Contenu de ui/pages: account_page.py, equipment_page.py, meta_page.py, missions_page.py, __pycache__
2025-05-07 16:12:49,430 - INFO - [logger.py:158] - ✓ Dossier api trouvé (API Bungie) - 3 fichiers
2025-05-07 16:12:49,430 - DEBUG - [logger.py:159] - Contenu de api: bungie_client.py, oauth_handler.py, __pycache__
2025-05-07 16:12:49,430 - INFO - [logger.py:158] - ✓ Dossier utils trouvé (Utilitaires) - 3 fichiers
2025-05-07 16:12:49,430 - DEBUG - [logger.py:159] - Contenu de utils: config.py, logger.py, __pycache__
2025-05-07 16:12:49,431 - INFO - [logger.py:158] - ✓ Dossier data trouvé (Données) - 4 fichiers
2025-05-07 16:12:49,431 - DEBUG - [logger.py:159] - Contenu de data: account.json, full_account.json, icons, profile_data.json
2025-05-07 16:12:49,431 - INFO - [logger.py:158] - ✓ Dossier icons trouvé (Icônes) - 70 fichiers
2025-05-07 16:12:49,431 - DEBUG - [logger.py:159] - Contenu de icons: 1003860281.png, 1183187516.png, 1197771438.png, 129332559.png, 1320342774.png, 1457394908.png, 1484009400.png, 1522633034.png, 152583919.png, 1533314821.png, 1616346845.png, 1762785662.png, 1896309757.png, 1907110519.png, 1911060537.png, 1958630864.png, 2012043039.png, 2134769653.png, 2151724216.png, 2185244404.png, 2190967049.png, 2198166292.png, 2286507447.png, 241462142.png, 2441435355.png, 2550323932.png, 2591586261.png, 2629014079.png, 266021826.png, 2738060683.png, 2741258862.png, 2742930797.png, 2763843898.png, 2783831726.png, 2809120022.png, 2827764482.png, 287888126.png, 2907129557.png, 2949538030.png, 2962546549.png, 3001229473.png, 3158812152.png, 3183180185.png, 3264721770.png, 331602521.png, 3434301337.png, 3569802112.png, 3628991658.png, 3733702440.png, 3797572280.png, 3828080585.png, 3844610113.png, 3906357376.png, 3947966653.png, 4026763349.png, 4062934448.png, 4146702548.png, 4282591831.png, 4293588774.png, 431721920.png, 537041732.png, 557165046.png, 568611923.png, 643145875.png, 788073488.png, 810612804.png, 814876685.png, 952431286.png, 991314988.png, spectre.gif
2025-05-07 16:12:49,432 - INFO - [logger.py:158] - ✓ Dossier logs trouvé (Fichiers de log) - 68 fichiers
2025-05-07 16:12:49,433 - DEBUG - [logger.py:159] - Contenu de logs: destiny_hub_20250417_090308.log, destiny_hub_20250417_090501.log, destiny_hub_20250417_091449.log, destiny_hub_20250417_091744.log, destiny_hub_20250417_092047.log, destiny_hub_20250417_092453.log, destiny_hub_20250417_093036.log, destiny_hub_20250417_093355.log, destiny_hub_20250417_093518.log, destiny_hub_20250417_093701.log, destiny_hub_20250417_094459.log, destiny_hub_20250417_094915.log, destiny_hub_20250417_095450.log, destiny_hub_20250417_095800.log, destiny_hub_20250417_100013.log, destiny_hub_20250417_101050.log, destiny_hub_20250417_101112.log, destiny_hub_20250417_101728.log, destiny_hub_20250417_101938.log, destiny_hub_20250417_102126.log, destiny_hub_20250417_102514.log, destiny_hub_20250417_102736.log, destiny_hub_20250417_103000.log, destiny_hub_20250417_103209.log, destiny_hub_20250417_103307.log, destiny_hub_20250417_103545.log, destiny_hub_20250507_114434.log, destiny_hub_20250507_114815.log, destiny_hub_20250507_114838.log, destiny_hub_20250507_115102.log, destiny_hub_20250507_115217.log, destiny_hub_20250507_135035.log, destiny_hub_20250507_135311.log, destiny_hub_20250507_135523.log, destiny_hub_20250507_135724.log, destiny_hub_20250507_135955.log, destiny_hub_20250507_140048.log, destiny_hub_20250507_140128.log, destiny_hub_20250507_140251.log, destiny_hub_20250507_140627.log, destiny_hub_20250507_140642.log, destiny_hub_20250507_140654.log, destiny_hub_20250507_141253.log, destiny_hub_20250507_141602.log, destiny_hub_20250507_141617.log, destiny_hub_20250507_141823.log, destiny_hub_20250507_142031.log, destiny_hub_20250507_142224.log, destiny_hub_20250507_142429.log, destiny_hub_20250507_142436.log, destiny_hub_20250507_142454.log, destiny_hub_20250507_142651.log, destiny_hub_20250507_142811.log, destiny_hub_20250507_142939.log, destiny_hub_20250507_143243.log, destiny_hub_20250507_143515.log, destiny_hub_20250507_144051.log, destiny_hub_20250507_144159.log, destiny_hub_20250507_145705.log, destiny_hub_20250507_145935.log, destiny_hub_20250507_154447.log, destiny_hub_20250507_155149.log, destiny_hub_20250507_155315.log, destiny_hub_20250507_155447.log, destiny_hub_20250507_160412.log, destiny_hub_20250507_160637.log, destiny_hub_20250507_160827.log, destiny_hub_20250507_161249.log
2025-05-07 16:12:49,433 - INFO - [logger.py:158] - ✓ Dossier cache trouvé (Cache des images) - 0 fichiers
2025-05-07 16:12:49,433 - DEBUG - [logger.py:159] - Contenu de cache: 
2025-05-07 16:12:49,464 - INFO - [main_window.py:17] - === Initialisation de la fenêtre principale ===
2025-05-07 16:12:49,465 - INFO - [main_window.py:33] - Configuration de l'interface utilisateur
2025-05-07 16:12:49,833 - DEBUG - [main_window.py:128] - Création des pages...
2025-05-07 16:12:49,838 - DEBUG - [main_window.py:130] - ✓ Page compte créée
2025-05-07 16:12:49,867 - INFO - [equipment_page.py:188] - === Chargement des personnages ===
2025-05-07 16:12:49,872 - DEBUG - [connectionpool.py:1049] - Starting new HTTPS connection (1): www.bungie.net:443
2025-05-07 16:12:50,914 - DEBUG - [connectionpool.py:544] - https://www.bungie.net:443 "GET /Platform/Destiny2/3/Profile/4611686018536948250/?components=200%2C205 HTTP/1.1" 200 2459
2025-05-07 16:12:50,921 - INFO - [equipment_page.py:366] - Changement de personnage vers ID: 2305843010596444327
2025-05-07 16:12:50,924 - DEBUG - [connectionpool.py:1049] - Starting new HTTPS connection (1): www.bungie.net:443
2025-05-07 16:12:52,646 - DEBUG - [connectionpool.py:544] - https://www.bungie.net:443 "GET /Platform/Destiny2/3/Profile/4611686018536948250/?components=200 HTTP/1.1" 200 992
2025-05-07 16:12:52,647 - INFO - [equipment_page.py:397] - Lumière mise à jour pour le nouveau personnage: 2018
2025-05-07 16:12:52,647 - INFO - [equipment_page.py:243] - === Chargement de l'équipement pour le personnage 2305843010596444327 ===
2025-05-07 16:12:52,649 - DEBUG - [connectionpool.py:1049] - Starting new HTTPS connection (1): www.bungie.net:443
2025-05-07 16:12:54,816 - DEBUG - [connectionpool.py:544] - https://www.bungie.net:443 "GET /Platform/Destiny2/3/Profile/4611686018536948250/Character/2305843010596444327/?components=205%2C300%2C302 HTTP/1.1" 200 3058
2025-05-07 16:12:54,818 - ERROR - [equipment_page.py:287] - Erreur lors du chargement de l'équipement: 'stats'
2025-05-07 16:12:54,818 - ERROR - [equipment_page.py:288] - Détails de l'erreur:
Traceback (most recent call last):
  File "C:\Users\perio\OneDrive\Documents\GitHub\ORY\ui\pages\equipment_page.py", line 268, in load_character_equipment
    stats_data = data['Response']['itemComponents']['stats']['data']
                 ~~~~~~~~~~~~~~~~~~~~~~~~~~~~~~~~~~^^^^^^^^^
KeyError: 'stats'
2025-05-07 16:12:54,819 - ERROR - [equipment_page.py:403] - Erreur lors du changement de personnage: 'stats'
2025-05-07 16:12:58,431 - INFO - [equipment_page.py:243] - === Chargement de l'équipement pour le personnage 2305843010596444327 ===
2025-05-07 16:12:58,433 - DEBUG - [connectionpool.py:1049] - Starting new HTTPS connection (1): www.bungie.net:443
2025-05-07 16:12:58,520 - DEBUG - [connectionpool.py:544] - https://www.bungie.net:443 "GET /Platform/Destiny2/3/Profile/4611686018536948250/Character/2305843010596444327/?components=205%2C300%2C302 HTTP/1.1" 200 3058
2025-05-07 16:12:58,521 - ERROR - [equipment_page.py:287] - Erreur lors du chargement de l'équipement: 'stats'
2025-05-07 16:12:58,521 - ERROR - [equipment_page.py:288] - Détails de l'erreur:
Traceback (most recent call last):
  File "C:\Users\perio\OneDrive\Documents\GitHub\ORY\ui\pages\equipment_page.py", line 268, in load_character_equipment
    stats_data = data['Response']['itemComponents']['stats']['data']
                 ~~~~~~~~~~~~~~~~~~~~~~~~~~~~~~~~~~^^^^^^^^^
KeyError: 'stats'
2025-05-07 16:12:58,521 - ERROR - [equipment_page.py:237] - Erreur lors du chargement des personnages: 'stats'
2025-05-07 16:12:58,522 - ERROR - [equipment_page.py:238] - Détails de l'erreur:
Traceback (most recent call last):
  File "C:\Users\perio\OneDrive\Documents\GitHub\ORY\ui\pages\equipment_page.py", line 231, in load_characters
    self.load_character_equipment(self.character_selector.currentData())
  File "C:\Users\perio\OneDrive\Documents\GitHub\ORY\ui\pages\equipment_page.py", line 268, in load_character_equipment
    stats_data = data['Response']['itemComponents']['stats']['data']
                 ~~~~~~~~~~~~~~~~~~~~~~~~~~~~~~~~~~^^^^^^^^^
KeyError: 'stats'
2025-05-07 16:12:58,523 - DEBUG - [main_window.py:133] - ✓ Page équipement créée
2025-05-07 16:12:58,525 - DEBUG - [main_window.py:136] - ✓ Page missions créée
2025-05-07 16:12:58,527 - INFO - [main_window.py:148] - ✅ Pages ajoutées avec succès
2025-05-07 16:12:58,527 - INFO - [main_window.py:155] - Configuration de la barre de statut
2025-05-07 16:12:58,528 - INFO - [main_window.py:168] - ✅ Barre de statut configurée
2025-05-07 16:12:58,528 - INFO - [main_window.py:174] - Application des styles
2025-05-07 16:12:58,535 - INFO - [main_window.py:179] - ✅ Styles appliqués
2025-05-07 16:12:58,536 - INFO - [main_window.py:27] - ✅ Interface principale initialisée avec succès
2025-05-07 16:12:59,496 - INFO - [main_window.py:185] - Changement de page vers l'index 1
2025-05-07 16:12:59,499 - DEBUG - [main_window.py:197] - ✓ Page changée avec succès vers 1
