2025-04-17 09:33:55,801 - INFO - [logger.py:31] - === Démarrage de Destiny Hub ===
2025-04-17 09:33:55,801 - INFO - [logger.py:32] - Version Python: 3.11.6 (tags/v3.11.6:8b6ee5b, Oct  2 2023, 14:57:12) [MSC v.1935 64 bit (AMD64)]
2025-04-17 09:33:55,802 - INFO - [logger.py:33] - Système d'exploitation: win32
2025-04-17 09:33:55,802 - INFO - [logger.py:34] - Fichier de log créé: logs/destiny_hub_20250417_093355.log
2025-04-17 09:33:55,802 - INFO - [logger.py:55] - === Informations Système ===
2025-04-17 09:33:55,802 - INFO - [logger.py:56] - OS: Windows 10
2025-04-17 09:33:55,820 - INFO - [logger.py:57] - Architecture: AMD64
2025-04-17 09:33:55,820 - INFO - [logger.py:58] - Processeur: AMD64 Family 25 Model 68 Stepping 1, AuthenticAMD
2025-04-17 09:33:55,830 - INFO - [logger.py:62] - Mémoire totale: 31.25 GB
2025-04-17 09:33:55,830 - INFO - [logger.py:63] - Mémoire disponible: 15.67 GB
2025-04-17 09:33:55,830 - INFO - [logger.py:64] - Utilisation mémoire: 49.9%
2025-04-17 09:33:55,830 - INFO - [logger.py:68] - Espace disque total: 952.48 GB
2025-04-17 09:33:55,831 - INFO - [logger.py:69] - Espace disque libre: 219.11 GB
2025-04-17 09:33:55,831 - INFO - [logger.py:70] - Utilisation disque: 77.0%
2025-04-17 09:33:55,832 - INFO - [logger.py:77] - === Vérification de l'environnement ===
2025-04-17 09:33:55,832 - INFO - [logger.py:93] - ✓ BUNGIE_API_KEY trouvée
2025-04-17 09:33:55,833 - DEBUG - [logger.py:94] - Longueur de BUNGIE_API_KEY: 32
2025-04-17 09:33:55,833 - ERROR - [logger.py:96] - ✗ CLIENT_ID non trouvée dans .env
2025-04-17 09:33:55,833 - ERROR - [logger.py:96] - ✗ CLIENT_SECRET non trouvée dans .env
2025-04-17 09:33:55,833 - INFO - [logger.py:105] - === Vérification des dépendances ===
2025-04-17 09:33:55,833 - INFO - [logger.py:119] - ✓ PyQt6 version: Version inconnue
2025-04-17 09:33:55,833 - INFO - [logger.py:119] - ✓ requests version: 2.32.3
2025-04-17 09:33:55,834 - INFO - [logger.py:119] - ✓ python-dotenv version: Version inconnue
2025-04-17 09:33:55,834 - INFO - [logger.py:119] - ✓ psutil version: 5.9.5
2025-04-17 09:33:55,834 - INFO - [logger.py:119] - ✓ beautifulsoup4 version: 4.13.4
2025-04-17 09:33:55,834 - INFO - [logger.py:126] - === Vérification des fichiers ===
2025-04-17 09:33:55,834 - INFO - [logger.py:148] - ✓ .env trouvé (Configuration)
2025-04-17 09:33:55,834 - INFO - [logger.py:148] - ✓ main.py trouvé (Point d'entrée)
2025-04-17 09:33:55,835 - INFO - [logger.py:148] - ✓ requirements.txt trouvé (Dépendances)
2025-04-17 09:33:55,835 - DEBUG - [logger.py:173] - === Contenu de requirements.txt ===
2025-04-17 09:33:55,835 - DEBUG - [logger.py:177] - - requests==2.31.0
2025-04-17 09:33:55,835 - DEBUG - [logger.py:177] - - customtkinter==5.2.1
2025-04-17 09:33:55,835 - DEBUG - [logger.py:177] - - pillow==10.2.0
2025-04-17 09:33:55,836 - DEBUG - [logger.py:177] - - python-dotenv==1.0.0
2025-04-17 09:33:55,836 - INFO - [logger.py:158] - ✓ Dossier ui trouvé (Interface utilisateur) - 4 fichiers
2025-04-17 09:33:55,836 - DEBUG - [logger.py:159] - Contenu de ui: main_window.py, pages, styles.py, __pycache__
2025-04-17 09:33:55,836 - INFO - [logger.py:158] - ✓ Dossier ui/pages trouvé (Pages de l'interface) - 5 fichiers
2025-04-17 09:33:55,837 - DEBUG - [logger.py:159] - Contenu de ui/pages: account_page.py, equipment_page.py, meta_page.py, missions_page.py, __pycache__
2025-04-17 09:33:55,837 - INFO - [logger.py:158] - ✓ Dossier api trouvé (API Bungie) - 3 fichiers
2025-04-17 09:33:55,837 - DEBUG - [logger.py:159] - Contenu de api: bungie_client.py, oauth_handler.py, __pycache__
2025-04-17 09:33:55,837 - INFO - [logger.py:158] - ✓ Dossier utils trouvé (Utilitaires) - 3 fichiers
2025-04-17 09:33:55,838 - DEBUG - [logger.py:159] - Contenu de utils: config.py, logger.py, __pycache__
2025-04-17 09:33:55,838 - INFO - [logger.py:158] - ✓ Dossier data trouvé (Données) - 4 fichiers
2025-04-17 09:33:55,838 - DEBUG - [logger.py:159] - Contenu de data: account.json, full_account.json, icons, profile_data.json
2025-04-17 09:33:55,838 - INFO - [logger.py:158] - ✓ Dossier icons trouvé (Icônes) - 64 fichiers
2025-04-17 09:33:55,838 - DEBUG - [logger.py:159] - Contenu de icons: 1003860281.png, 1183187516.png, 1197771438.png, 129332559.png, 1320342774.png, 1457394908.png, 1484009400.png, 1522633034.png, 152583919.png, 1533314821.png, 1616346845.png, 1907110519.png, 1911060537.png, 1958630864.png, 2012043039.png, 2134769653.png, 2151724216.png, 2185244404.png, 2190967049.png, 2198166292.png, 2286507447.png, 241462142.png, 2441435355.png, 2550323932.png, 2591586261.png, 2629014079.png, 266021826.png, 2738060683.png, 2741258862.png, 2742930797.png, 2783831726.png, 2809120022.png, 2827764482.png, 287888126.png, 2907129557.png, 2949538030.png, 2962546549.png, 3001229473.png, 3158812152.png, 3183180185.png, 3264721770.png, 331602521.png, 3434301337.png, 3569802112.png, 3628991658.png, 3733702440.png, 3797572280.png, 3828080585.png, 3844610113.png, 3906357376.png, 3947966653.png, 4026763349.png, 4062934448.png, 4146702548.png, 4282591831.png, 4293588774.png, 537041732.png, 557165046.png, 568611923.png, 643145875.png, 788073488.png, 810612804.png, 952431286.png, 991314988.png
2025-04-17 09:33:55,840 - INFO - [logger.py:158] - ✓ Dossier logs trouvé (Fichiers de log) - 8 fichiers
2025-04-17 09:33:55,840 - DEBUG - [logger.py:159] - Contenu de logs: destiny_hub_20250417_090308.log, destiny_hub_20250417_090501.log, destiny_hub_20250417_091449.log, destiny_hub_20250417_091744.log, destiny_hub_20250417_092047.log, destiny_hub_20250417_092453.log, destiny_hub_20250417_093036.log, destiny_hub_20250417_093355.log
2025-04-17 09:33:55,840 - INFO - [logger.py:158] - ✓ Dossier cache trouvé (Cache des images) - 0 fichiers
2025-04-17 09:33:55,840 - DEBUG - [logger.py:159] - Contenu de cache: 
2025-04-17 09:33:55,870 - INFO - [main_window.py:17] - === Initialisation de la fenêtre principale ===
2025-04-17 09:33:55,871 - INFO - [main_window.py:32] - Configuration de l'interface utilisateur
2025-04-17 09:33:55,876 - DEBUG - [main_window.py:112] - Création des pages...
2025-04-17 09:33:55,892 - DEBUG - [main_window.py:114] - ✓ Page compte créée
2025-04-17 09:33:55,914 - INFO - [equipment_page.py:164] - === Chargement des personnages ===
2025-04-17 09:33:55,919 - DEBUG - [connectionpool.py:1049] - Starting new HTTPS connection (1): www.bungie.net:443
2025-04-17 09:33:56,957 - DEBUG - [connectionpool.py:544] - https://www.bungie.net:443 "GET /Platform/Destiny2/3/Profile/4611686018536948250/?components=200%2C205 HTTP/1.1" 200 2477
2025-04-17 09:33:56,964 - INFO - [equipment_page.py:332] - Changement de personnage vers ID: 2305843010596444327
2025-04-17 09:33:56,966 - DEBUG - [connectionpool.py:1049] - Starting new HTTPS connection (1): www.bungie.net:443
2025-04-17 09:33:58,047 - DEBUG - [connectionpool.py:544] - https://www.bungie.net:443 "GET /Platform/Destiny2/3/Profile/4611686018536948250/?components=200 HTTP/1.1" 200 993
2025-04-17 09:33:58,048 - INFO - [equipment_page.py:361] - Lumière mise à jour pour le nouveau personnage: 2019
2025-04-17 09:33:58,049 - INFO - [equipment_page.py:219] - === Chargement de l'équipement pour le personnage 2305843010596444327 ===
2025-04-17 09:33:58,050 - DEBUG - [connectionpool.py:1049] - Starting new HTTPS connection (1): www.bungie.net:443
2025-04-17 09:33:58,847 - DEBUG - [connectionpool.py:544] - https://www.bungie.net:443 "GET /Platform/Destiny2/3/Profile/4611686018536948250/Character/2305843010596444327/?components=205%2C300%2C302 HTTP/1.1" 200 3083
2025-04-17 09:33:58,848 - INFO - [equipment_page.py:273] - === Affichage de l'équipement ===
2025-04-17 09:33:58,874 - INFO - [equipment_page.py:323] - Affichage terminé - 3 armes, 5 pièces d'armure
2025-04-17 09:33:58,875 - INFO - [equipment_page.py:219] - === Chargement de l'équipement pour le personnage 2305843010596444327 ===
2025-04-17 09:33:58,877 - DEBUG - [connectionpool.py:1049] - Starting new HTTPS connection (1): www.bungie.net:443
2025-04-17 09:33:59,060 - DEBUG - [connectionpool.py:544] - https://www.bungie.net:443 "GET /Platform/Destiny2/3/Profile/4611686018536948250/Character/2305843010596444327/?components=205%2C300%2C302 HTTP/1.1" 200 3083
2025-04-17 09:33:59,061 - INFO - [equipment_page.py:273] - === Affichage de l'équipement ===
2025-04-17 09:33:59,063 - INFO - [equipment_page.py:323] - Affichage terminé - 3 armes, 5 pièces d'armure
2025-04-17 09:33:59,063 - DEBUG - [main_window.py:117] - ✓ Page équipement créée
2025-04-17 09:33:59,065 - DEBUG - [main_window.py:120] - ✓ Page missions créée
2025-04-17 09:33:59,070 - DEBUG - [main_window.py:123] - ✓ Page meta créée
2025-04-17 09:33:59,073 - INFO - [meta_page.py:28] - === Début du scraping des armes meta ===
2025-04-17 09:33:59,073 - INFO - [main_window.py:141] - ✅ Pages ajoutées avec succès
2025-04-17 09:33:59,073 - INFO - [meta_page.py:41] - === Début de la récupération des stats depuis light.gg ===
2025-04-17 09:33:59,073 - INFO - [main_window.py:148] - Configuration de la barre de statut
2025-04-17 09:33:59,073 - INFO - [meta_page.py:56] - Initialisation du navigateur en mode headless
2025-04-17 09:33:59,075 - INFO - [main_window.py:161] - ✅ Barre de statut configurée
2025-04-17 09:33:59,075 - INFO - [main_window.py:167] - Application des styles
2025-04-17 09:33:59,082 - INFO - [main_window.py:172] - ✅ Styles appliqués
2025-04-17 09:33:59,082 - INFO - [main_window.py:26] - ✅ Interface principale initialisée avec succès
2025-04-17 09:33:59,150 - DEBUG - [selenium_manager.py:101] - Selenium Manager binary found at: C:\Users\perio\AppData\Local\Programs\Python\Python311\Lib\site-packages\selenium\webdriver\common\windows\selenium-manager.exe
2025-04-17 09:33:59,151 - DEBUG - [selenium_manager.py:114] - Executing process: C:\Users\perio\AppData\Local\Programs\Python\Python311\Lib\site-packages\selenium\webdriver\common\windows\selenium-manager.exe --browser chrome --debug --language-binding python --output json
2025-04-17 09:33:59,438 - DEBUG - [selenium_manager.py:140] - chromedriver not found in PATH
2025-04-17 09:33:59,438 - DEBUG - [selenium_manager.py:140] - chrome detected at C:\Program Files\Google\Chrome\Application\chrome.exe
2025-04-17 09:33:59,438 - DEBUG - [selenium_manager.py:140] - Running command: wmic datafile where name='C:\\Program Files\\Google\\Chrome\\Application\\chrome.exe' get Version /value
2025-04-17 09:33:59,438 - DEBUG - [selenium_manager.py:140] - Output: "\r\r\n\r\r\nVersion=135.0.7049.85\r\r\n\r\r\n\r\r\n\r"
2025-04-17 09:33:59,440 - DEBUG - [selenium_manager.py:140] - Detected browser: chrome 135.0.7049.85
2025-04-17 09:33:59,440 - DEBUG - [selenium_manager.py:140] - Required driver: chromedriver 135.0.7049.95
2025-04-17 09:33:59,440 - DEBUG - [selenium_manager.py:140] - chromedriver 135.0.7049.95 already in the cache
2025-04-17 09:33:59,440 - DEBUG - [selenium_manager.py:140] - Driver path: C:\Users\perio\.cache\selenium\chromedriver\win64\135.0.7049.95\chromedriver.exe
2025-04-17 09:33:59,441 - DEBUG - [selenium_manager.py:140] - Browser path: C:\Program Files\Google\Chrome\Application\chrome.exe
2025-04-17 09:33:59,447 - DEBUG - [service.py:231] - Started executable: `C:\Users\perio\.cache\selenium\chromedriver\win64\135.0.7049.95\chromedriver.exe` in a child process with pid: 21616 using 0 to output -3
2025-04-17 09:33:59,964 - DEBUG - [remote_connection.py:403] - POST http://localhost:63011/session {'capabilities': {'firstMatch': [{}], 'alwaysMatch': {'browserName': 'chrome', 'pageLoadStrategy': <PageLoadStrategy.normal: 'normal'>, 'browserVersion': None, 'goog:chromeOptions': {'excludeSwitches': ['enable-automation'], 'useAutomationExtension': False, 'extensions': [], 'binary': 'C:\\Program Files\\Google\\Chrome\\Application\\chrome.exe', 'args': ['--headless=new', '--disable-gpu', '--no-sandbox', '--disable-dev-shm-usage', '--window-size=1920,1080', '--disable-blink-features=AutomationControlled', 'user-agent=Mozilla/5.0 (Windows NT 10.0; Win64; x64) AppleWebKit/537.36']}}}}
2025-04-17 09:33:59,966 - DEBUG - [connectionpool.py:241] - Starting new HTTP connection (1): localhost:63011
2025-04-17 09:34:00,581 - DEBUG - [connectionpool.py:544] - http://localhost:63011 "POST /session HTTP/1.1" 200 0
2025-04-17 09:34:00,581 - DEBUG - [remote_connection.py:436] - Remote response: status=200 | data={"value":{"capabilities":{"acceptInsecureCerts":false,"browserName":"chrome","browserVersion":"135.0.7049.85","chrome":{"chromedriverVersion":"135.0.7049.95 (de2eb485a1951079e63bdb57ce25544d2dc79c15-refs/branch-heads/7049@{#1836})","userDataDir":"C:\\Users\\perio\\AppData\\Local\\Temp\\scoped_dir21616_490792167"},"fedcm:accounts":true,"goog:chromeOptions":{"debuggerAddress":"localhost:63016"},"networkConnectionEnabled":false,"pageLoadStrategy":"normal","platformName":"windows","proxy":{},"setWindowRect":true,"strictFileInteractability":false,"timeouts":{"implicit":0,"pageLoad":300000,"script":30000},"unhandledPromptBehavior":"dismiss and notify","webauthn:extension:credBlob":true,"webauthn:extension:largeBlob":true,"webauthn:extension:minPinLength":true,"webauthn:extension:prf":true,"webauthn:virtualAuthenticators":true},"sessionId":"a884340a689f65da6ee6acb9dc70f89a"}} | headers=HTTPHeaderDict({'Content-Length': '881', 'Content-Type': 'application/json; charset=utf-8', 'cache-control': 'no-cache'})
2025-04-17 09:34:00,582 - DEBUG - [remote_connection.py:465] - Finished Request
2025-04-17 09:34:00,582 - INFO - [meta_page.py:62] - Accès à https://www.light.gg/god-roll/
2025-04-17 09:34:00,582 - DEBUG - [remote_connection.py:403] - POST http://localhost:63011/session/a884340a689f65da6ee6acb9dc70f89a/url {'url': 'https://www.light.gg/god-roll/'}
2025-04-17 09:34:01,170 - INFO - [main_window.py:178] - Changement de page vers l'index 3
2025-04-17 09:34:01,171 - DEBUG - [main_window.py:187] - ✓ Page changée avec succès vers 3
2025-04-17 09:34:02,476 - INFO - [meta_page.py:28] - === Début du scraping des armes meta ===
2025-04-17 09:34:02,477 - INFO - [meta_page.py:41] - === Début de la récupération des stats depuis light.gg ===
2025-04-17 09:34:02,478 - INFO - [meta_page.py:56] - Initialisation du navigateur en mode headless
2025-04-17 09:34:02,480 - DEBUG - [selenium_manager.py:101] - Selenium Manager binary found at: C:\Users\perio\AppData\Local\Programs\Python\Python311\Lib\site-packages\selenium\webdriver\common\windows\selenium-manager.exe
2025-04-17 09:34:02,480 - DEBUG - [selenium_manager.py:114] - Executing process: C:\Users\perio\AppData\Local\Programs\Python\Python311\Lib\site-packages\selenium\webdriver\common\windows\selenium-manager.exe --browser chrome --debug --language-binding python --output json
2025-04-17 09:34:02,780 - DEBUG - [selenium_manager.py:140] - chromedriver not found in PATH
2025-04-17 09:34:02,780 - DEBUG - [selenium_manager.py:140] - chrome detected at C:\Program Files\Google\Chrome\Application\chrome.exe
2025-04-17 09:34:02,780 - DEBUG - [selenium_manager.py:140] - Running command: wmic datafile where name='C:\\Program Files\\Google\\Chrome\\Application\\chrome.exe' get Version /value
2025-04-17 09:34:02,780 - DEBUG - [selenium_manager.py:140] - Output: "\r\r\n\r\r\nVersion=135.0.7049.85\r\r\n\r\r\n\r\r\n\r"
2025-04-17 09:34:02,780 - DEBUG - [selenium_manager.py:140] - Detected browser: chrome 135.0.7049.85
2025-04-17 09:34:02,781 - DEBUG - [selenium_manager.py:140] - Required driver: chromedriver 135.0.7049.95
2025-04-17 09:34:02,781 - DEBUG - [selenium_manager.py:140] - chromedriver 135.0.7049.95 already in the cache
2025-04-17 09:34:02,781 - DEBUG - [selenium_manager.py:140] - Driver path: C:\Users\perio\.cache\selenium\chromedriver\win64\135.0.7049.95\chromedriver.exe
2025-04-17 09:34:02,781 - DEBUG - [selenium_manager.py:140] - Browser path: C:\Program Files\Google\Chrome\Application\chrome.exe
2025-04-17 09:34:02,790 - DEBUG - [service.py:231] - Started executable: `C:\Users\perio\.cache\selenium\chromedriver\win64\135.0.7049.95\chromedriver.exe` in a child process with pid: 12008 using 0 to output -3
2025-04-17 09:34:02,807 - DEBUG - [connectionpool.py:544] - http://localhost:63011 "POST /session/a884340a689f65da6ee6acb9dc70f89a/url HTTP/1.1" 200 0
2025-04-17 09:34:02,808 - DEBUG - [remote_connection.py:436] - Remote response: status=200 | data={"value":null} | headers=HTTPHeaderDict({'Content-Length': '14', 'Content-Type': 'application/json; charset=utf-8', 'cache-control': 'no-cache'})
2025-04-17 09:34:02,808 - DEBUG - [remote_connection.py:465] - Finished Request
2025-04-17 09:34:02,809 - INFO - [meta_page.py:67] - Attente du chargement des données...
2025-04-17 09:34:02,809 - DEBUG - [remote_connection.py:403] - POST http://localhost:63011/session/a884340a689f65da6ee6acb9dc70f89a/element {'using': 'css selector', 'value': '.trending-weapons .weapon-row'}
2025-04-17 09:34:02,825 - DEBUG - [connectionpool.py:544] - http://localhost:63011 "POST /session/a884340a689f65da6ee6acb9dc70f89a/element HTTP/1.1" 404 0
2025-04-17 09:34:02,825 - DEBUG - [remote_connection.py:436] - Remote response: status=404 | data={"value":{"error":"no such element","message":"no such element: Unable to locate element: {\"method\":\"css selector\",\"selector\":\".trending-weapons .weapon-row\"}\n  (Session info: chrome=135.0.7049.85)","stacktrace":"\tGetHandleVerifier [0x00007FF657335355+78597]\n\tGetHandleVerifier [0x00007FF6573353B0+78688]\n\t(No symbol) [0x00007FF6570E91AA]\n\t(No symbol) [0x00007FF65713F149]\n\t(No symbol) [0x00007FF65713F3FC]\n\t(No symbol) [0x00007FF657192467]\n\t(No symbol) [0x00007FF65716712F]\n\t(No symbol) [0x00007FF65718F2BB]\n\t(No symbol) [0x00007FF657166EC3]\n\t(No symbol) [0x00007FF6571303F8]\n\t(No symbol) [0x00007FF657131163]\n\tGetHandleVerifier [0x00007FF6575DEF0D+2870973]\n\tGetHandleVerifier [0x00007FF6575D96B8+2848360]\n\tGetHandleVerifier [0x00007FF6575F6993+2967875]\n\tGetHandleVerifier [0x00007FF65735019A+188746]\n\tGetHandleVerifier [0x00007FF65735847F+222255]\n\tGetHandleVerifier [0x00007FF65733D2D4+111236]\n\tGetHandleVerifier [0x00007FF65733D482+111666]\n\tGetHandleVerifier [0x00007FF6573235A9+5465]\n\tBaseThreadInitThunk [0x00007FFA9441E8D7+23]\n\tRtlUserThreadStart [0x00007FFA959314FC+44]\n"}} | headers=HTTPHeaderDict({'Content-Length': '1131', 'Content-Type': 'application/json; charset=utf-8', 'cache-control': 'no-cache'})
2025-04-17 09:34:02,826 - DEBUG - [remote_connection.py:465] - Finished Request
2025-04-17 09:34:03,294 - DEBUG - [remote_connection.py:403] - POST http://localhost:63040/session {'capabilities': {'firstMatch': [{}], 'alwaysMatch': {'browserName': 'chrome', 'pageLoadStrategy': <PageLoadStrategy.normal: 'normal'>, 'browserVersion': None, 'goog:chromeOptions': {'excludeSwitches': ['enable-automation'], 'useAutomationExtension': False, 'extensions': [], 'binary': 'C:\\Program Files\\Google\\Chrome\\Application\\chrome.exe', 'args': ['--headless=new', '--disable-gpu', '--no-sandbox', '--disable-dev-shm-usage', '--window-size=1920,1080', '--disable-blink-features=AutomationControlled', 'user-agent=Mozilla/5.0 (Windows NT 10.0; Win64; x64) AppleWebKit/537.36']}}}}
2025-04-17 09:34:03,294 - DEBUG - [connectionpool.py:241] - Starting new HTTP connection (1): localhost:63040
2025-04-17 09:34:03,327 - DEBUG - [remote_connection.py:403] - POST http://localhost:63011/session/a884340a689f65da6ee6acb9dc70f89a/element {'using': 'css selector', 'value': '.trending-weapons .weapon-row'}
2025-04-17 09:34:03,344 - DEBUG - [connectionpool.py:544] - http://localhost:63011 "POST /session/a884340a689f65da6ee6acb9dc70f89a/element HTTP/1.1" 404 0
2025-04-17 09:34:03,344 - DEBUG - [remote_connection.py:436] - Remote response: status=404 | data={"value":{"error":"no such element","message":"no such element: Unable to locate element: {\"method\":\"css selector\",\"selector\":\".trending-weapons .weapon-row\"}\n  (Session info: chrome=135.0.7049.85)","stacktrace":"\tGetHandleVerifier [0x00007FF657335355+78597]\n\tGetHandleVerifier [0x00007FF6573353B0+78688]\n\t(No symbol) [0x00007FF6570E91AA]\n\t(No symbol) [0x00007FF65713F149]\n\t(No symbol) [0x00007FF65713F3FC]\n\t(No symbol) [0x00007FF657192467]\n\t(No symbol) [0x00007FF65716712F]\n\t(No symbol) [0x00007FF65718F2BB]\n\t(No symbol) [0x00007FF657166EC3]\n\t(No symbol) [0x00007FF6571303F8]\n\t(No symbol) [0x00007FF657131163]\n\tGetHandleVerifier [0x00007FF6575DEF0D+2870973]\n\tGetHandleVerifier [0x00007FF6575D96B8+2848360]\n\tGetHandleVerifier [0x00007FF6575F6993+2967875]\n\tGetHandleVerifier [0x00007FF65735019A+188746]\n\tGetHandleVerifier [0x00007FF65735847F+222255]\n\tGetHandleVerifier [0x00007FF65733D2D4+111236]\n\tGetHandleVerifier [0x00007FF65733D482+111666]\n\tGetHandleVerifier [0x00007FF6573235A9+5465]\n\tBaseThreadInitThunk [0x00007FFA9441E8D7+23]\n\tRtlUserThreadStart [0x00007FFA959314FC+44]\n"}} | headers=HTTPHeaderDict({'Content-Length': '1131', 'Content-Type': 'application/json; charset=utf-8', 'cache-control': 'no-cache'})
2025-04-17 09:34:03,344 - DEBUG - [remote_connection.py:465] - Finished Request
2025-04-17 09:34:03,845 - DEBUG - [remote_connection.py:403] - POST http://localhost:63011/session/a884340a689f65da6ee6acb9dc70f89a/element {'using': 'css selector', 'value': '.trending-weapons .weapon-row'}
2025-04-17 09:34:03,913 - DEBUG - [connectionpool.py:544] - http://localhost:63011 "POST /session/a884340a689f65da6ee6acb9dc70f89a/element HTTP/1.1" 404 0
2025-04-17 09:34:03,913 - DEBUG - [remote_connection.py:436] - Remote response: status=404 | data={"value":{"error":"no such element","message":"no such element: Unable to locate element: {\"method\":\"css selector\",\"selector\":\".trending-weapons .weapon-row\"}\n  (Session info: chrome=135.0.7049.85)","stacktrace":"\tGetHandleVerifier [0x00007FF657335355+78597]\n\tGetHandleVerifier [0x00007FF6573353B0+78688]\n\t(No symbol) [0x00007FF6570E91AA]\n\t(No symbol) [0x00007FF65713F149]\n\t(No symbol) [0x00007FF65713F3FC]\n\t(No symbol) [0x00007FF657192467]\n\t(No symbol) [0x00007FF65716712F]\n\t(No symbol) [0x00007FF65718F2BB]\n\t(No symbol) [0x00007FF657166EC3]\n\t(No symbol) [0x00007FF6571303F8]\n\t(No symbol) [0x00007FF657131163]\n\tGetHandleVerifier [0x00007FF6575DEF0D+2870973]\n\tGetHandleVerifier [0x00007FF6575D96B8+2848360]\n\tGetHandleVerifier [0x00007FF6575F6993+2967875]\n\tGetHandleVerifier [0x00007FF65735019A+188746]\n\tGetHandleVerifier [0x00007FF65735847F+222255]\n\tGetHandleVerifier [0x00007FF65733D2D4+111236]\n\tGetHandleVerifier [0x00007FF65733D482+111666]\n\tGetHandleVerifier [0x00007FF6573235A9+5465]\n\tBaseThreadInitThunk [0x00007FFA9441E8D7+23]\n\tRtlUserThreadStart [0x00007FFA959314FC+44]\n"}} | headers=HTTPHeaderDict({'Content-Length': '1131', 'Content-Type': 'application/json; charset=utf-8', 'cache-control': 'no-cache'})
2025-04-17 09:34:03,914 - DEBUG - [remote_connection.py:465] - Finished Request
2025-04-17 09:34:03,952 - DEBUG - [connectionpool.py:544] - http://localhost:63040 "POST /session HTTP/1.1" 200 0
2025-04-17 09:34:03,953 - DEBUG - [remote_connection.py:436] - Remote response: status=200 | data={"value":{"capabilities":{"acceptInsecureCerts":false,"browserName":"chrome","browserVersion":"135.0.7049.85","chrome":{"chromedriverVersion":"135.0.7049.95 (de2eb485a1951079e63bdb57ce25544d2dc79c15-refs/branch-heads/7049@{#1836})","userDataDir":"C:\\Users\\perio\\AppData\\Local\\Temp\\scoped_dir12008_1058794807"},"fedcm:accounts":true,"goog:chromeOptions":{"debuggerAddress":"localhost:63045"},"networkConnectionEnabled":false,"pageLoadStrategy":"normal","platformName":"windows","proxy":{},"setWindowRect":true,"strictFileInteractability":false,"timeouts":{"implicit":0,"pageLoad":300000,"script":30000},"unhandledPromptBehavior":"dismiss and notify","webauthn:extension:credBlob":true,"webauthn:extension:largeBlob":true,"webauthn:extension:minPinLength":true,"webauthn:extension:prf":true,"webauthn:virtualAuthenticators":true},"sessionId":"4ffe61e8299309c14cc12d6551744862"}} | headers=HTTPHeaderDict({'Content-Length': '882', 'Content-Type': 'application/json; charset=utf-8', 'cache-control': 'no-cache'})
2025-04-17 09:34:03,953 - DEBUG - [remote_connection.py:465] - Finished Request
2025-04-17 09:34:03,953 - INFO - [meta_page.py:62] - Accès à https://www.light.gg/god-roll/
2025-04-17 09:34:03,953 - DEBUG - [remote_connection.py:403] - POST http://localhost:63040/session/4ffe61e8299309c14cc12d6551744862/url {'url': 'https://www.light.gg/god-roll/'}
2025-04-17 09:34:04,429 - DEBUG - [remote_connection.py:403] - POST http://localhost:63011/session/a884340a689f65da6ee6acb9dc70f89a/element {'using': 'css selector', 'value': '.trending-weapons .weapon-row'}
2025-04-17 09:34:04,570 - DEBUG - [connectionpool.py:544] - http://localhost:63011 "POST /session/a884340a689f65da6ee6acb9dc70f89a/element HTTP/1.1" 404 0
2025-04-17 09:34:04,601 - DEBUG - [remote_connection.py:436] - Remote response: status=404 | data={"value":{"error":"no such element","message":"no such element: Unable to locate element: {\"method\":\"css selector\",\"selector\":\".trending-weapons .weapon-row\"}\n  (Session info: chrome=135.0.7049.85)","stacktrace":"\tGetHandleVerifier [0x00007FF657335355+78597]\n\tGetHandleVerifier [0x00007FF6573353B0+78688]\n\t(No symbol) [0x00007FF6570E91AA]\n\t(No symbol) [0x00007FF65713F149]\n\t(No symbol) [0x00007FF65713F3FC]\n\t(No symbol) [0x00007FF657192467]\n\t(No symbol) [0x00007FF65716712F]\n\t(No symbol) [0x00007FF65718F2BB]\n\t(No symbol) [0x00007FF657166EC3]\n\t(No symbol) [0x00007FF6571303F8]\n\t(No symbol) [0x00007FF657131163]\n\tGetHandleVerifier [0x00007FF6575DEF0D+2870973]\n\tGetHandleVerifier [0x00007FF6575D96B8+2848360]\n\tGetHandleVerifier [0x00007FF6575F6993+2967875]\n\tGetHandleVerifier [0x00007FF65735019A+188746]\n\tGetHandleVerifier [0x00007FF65735847F+222255]\n\tGetHandleVerifier [0x00007FF65733D2D4+111236]\n\tGetHandleVerifier [0x00007FF65733D482+111666]\n\tGetHandleVerifier [0x00007FF6573235A9+5465]\n\tBaseThreadInitThunk [0x00007FFA9441E8D7+23]\n\tRtlUserThreadStart [0x00007FFA959314FC+44]\n"}} | headers=HTTPHeaderDict({'Content-Length': '1131', 'Content-Type': 'application/json; charset=utf-8', 'cache-control': 'no-cache'})
2025-04-17 09:34:04,629 - DEBUG - [remote_connection.py:465] - Finished Request
2025-04-17 09:34:05,187 - DEBUG - [remote_connection.py:403] - POST http://localhost:63011/session/a884340a689f65da6ee6acb9dc70f89a/element {'using': 'css selector', 'value': '.trending-weapons .weapon-row'}
2025-04-17 09:34:05,340 - DEBUG - [connectionpool.py:544] - http://localhost:63011 "POST /session/a884340a689f65da6ee6acb9dc70f89a/element HTTP/1.1" 404 0
2025-04-17 09:34:05,376 - DEBUG - [remote_connection.py:436] - Remote response: status=404 | data={"value":{"error":"no such element","message":"no such element: Unable to locate element: {\"method\":\"css selector\",\"selector\":\".trending-weapons .weapon-row\"}\n  (Session info: chrome=135.0.7049.85)","stacktrace":"\tGetHandleVerifier [0x00007FF657335355+78597]\n\tGetHandleVerifier [0x00007FF6573353B0+78688]\n\t(No symbol) [0x00007FF6570E91AA]\n\t(No symbol) [0x00007FF65713F149]\n\t(No symbol) [0x00007FF65713F3FC]\n\t(No symbol) [0x00007FF657192467]\n\t(No symbol) [0x00007FF65716712F]\n\t(No symbol) [0x00007FF65718F2BB]\n\t(No symbol) [0x00007FF657166EC3]\n\t(No symbol) [0x00007FF6571303F8]\n\t(No symbol) [0x00007FF657131163]\n\tGetHandleVerifier [0x00007FF6575DEF0D+2870973]\n\tGetHandleVerifier [0x00007FF6575D96B8+2848360]\n\tGetHandleVerifier [0x00007FF6575F6993+2967875]\n\tGetHandleVerifier [0x00007FF65735019A+188746]\n\tGetHandleVerifier [0x00007FF65735847F+222255]\n\tGetHandleVerifier [0x00007FF65733D2D4+111236]\n\tGetHandleVerifier [0x00007FF65733D482+111666]\n\tGetHandleVerifier [0x00007FF6573235A9+5465]\n\tBaseThreadInitThunk [0x00007FFA9441E8D7+23]\n\tRtlUserThreadStart [0x00007FFA959314FC+44]\n"}} | headers=HTTPHeaderDict({'Content-Length': '1131', 'Content-Type': 'application/json; charset=utf-8', 'cache-control': 'no-cache'})
2025-04-17 09:34:05,407 - DEBUG - [remote_connection.py:465] - Finished Request
2025-04-17 09:34:05,937 - DEBUG - [remote_connection.py:403] - POST http://localhost:63011/session/a884340a689f65da6ee6acb9dc70f89a/element {'using': 'css selector', 'value': '.trending-weapons .weapon-row'}
2025-04-17 09:34:05,946 - DEBUG - [connectionpool.py:544] - http://localhost:63011 "POST /session/a884340a689f65da6ee6acb9dc70f89a/element HTTP/1.1" 404 0
2025-04-17 09:34:05,947 - DEBUG - [remote_connection.py:436] - Remote response: status=404 | data={"value":{"error":"no such element","message":"no such element: Unable to locate element: {\"method\":\"css selector\",\"selector\":\".trending-weapons .weapon-row\"}\n  (Session info: chrome=135.0.7049.85)","stacktrace":"\tGetHandleVerifier [0x00007FF657335355+78597]\n\tGetHandleVerifier [0x00007FF6573353B0+78688]\n\t(No symbol) [0x00007FF6570E91AA]\n\t(No symbol) [0x00007FF65713F149]\n\t(No symbol) [0x00007FF65713F3FC]\n\t(No symbol) [0x00007FF657192467]\n\t(No symbol) [0x00007FF65716712F]\n\t(No symbol) [0x00007FF65718F2BB]\n\t(No symbol) [0x00007FF657166EC3]\n\t(No symbol) [0x00007FF6571303F8]\n\t(No symbol) [0x00007FF657131163]\n\tGetHandleVerifier [0x00007FF6575DEF0D+2870973]\n\tGetHandleVerifier [0x00007FF6575D96B8+2848360]\n\tGetHandleVerifier [0x00007FF6575F6993+2967875]\n\tGetHandleVerifier [0x00007FF65735019A+188746]\n\tGetHandleVerifier [0x00007FF65735847F+222255]\n\tGetHandleVerifier [0x00007FF65733D2D4+111236]\n\tGetHandleVerifier [0x00007FF65733D482+111666]\n\tGetHandleVerifier [0x00007FF6573235A9+5465]\n\tBaseThreadInitThunk [0x00007FFA9441E8D7+23]\n\tRtlUserThreadStart [0x00007FFA959314FC+44]\n"}} | headers=HTTPHeaderDict({'Content-Length': '1131', 'Content-Type': 'application/json; charset=utf-8', 'cache-control': 'no-cache'})
2025-04-17 09:34:05,947 - DEBUG - [remote_connection.py:465] - Finished Request
2025-04-17 09:34:06,091 - DEBUG - [connectionpool.py:544] - http://localhost:63040 "POST /session/4ffe61e8299309c14cc12d6551744862/url HTTP/1.1" 200 0
2025-04-17 09:34:06,092 - DEBUG - [remote_connection.py:436] - Remote response: status=200 | data={"value":null} | headers=HTTPHeaderDict({'Content-Length': '14', 'Content-Type': 'application/json; charset=utf-8', 'cache-control': 'no-cache'})
2025-04-17 09:34:06,092 - DEBUG - [remote_connection.py:465] - Finished Request
2025-04-17 09:34:06,092 - INFO - [meta_page.py:67] - Attente du chargement des données...
2025-04-17 09:34:06,093 - DEBUG - [remote_connection.py:403] - POST http://localhost:63040/session/4ffe61e8299309c14cc12d6551744862/element {'using': 'css selector', 'value': '.trending-weapons .weapon-row'}
2025-04-17 09:34:06,101 - DEBUG - [connectionpool.py:544] - http://localhost:63040 "POST /session/4ffe61e8299309c14cc12d6551744862/element HTTP/1.1" 404 0
2025-04-17 09:34:06,102 - DEBUG - [remote_connection.py:436] - Remote response: status=404 | data={"value":{"error":"no such element","message":"no such element: Unable to locate element: {\"method\":\"css selector\",\"selector\":\".trending-weapons .weapon-row\"}\n  (Session info: chrome=135.0.7049.85)","stacktrace":"\tGetHandleVerifier [0x00007FF657335355+78597]\n\tGetHandleVerifier [0x00007FF6573353B0+78688]\n\t(No symbol) [0x00007FF6570E91AA]\n\t(No symbol) [0x00007FF65713F149]\n\t(No symbol) [0x00007FF65713F3FC]\n\t(No symbol) [0x00007FF657192467]\n\t(No symbol) [0x00007FF65716712F]\n\t(No symbol) [0x00007FF65718F2BB]\n\t(No symbol) [0x00007FF657166EC3]\n\t(No symbol) [0x00007FF6571303F8]\n\t(No symbol) [0x00007FF657131163]\n\tGetHandleVerifier [0x00007FF6575DEF0D+2870973]\n\tGetHandleVerifier [0x00007FF6575D96B8+2848360]\n\tGetHandleVerifier [0x00007FF6575F6993+2967875]\n\tGetHandleVerifier [0x00007FF65735019A+188746]\n\tGetHandleVerifier [0x00007FF65735847F+222255]\n\tGetHandleVerifier [0x00007FF65733D2D4+111236]\n\tGetHandleVerifier [0x00007FF65733D482+111666]\n\tGetHandleVerifier [0x00007FF6573235A9+5465]\n\tBaseThreadInitThunk [0x00007FFA9441E8D7+23]\n\tRtlUserThreadStart [0x00007FFA959314FC+44]\n"}} | headers=HTTPHeaderDict({'Content-Length': '1131', 'Content-Type': 'application/json; charset=utf-8', 'cache-control': 'no-cache'})
2025-04-17 09:34:06,102 - DEBUG - [remote_connection.py:465] - Finished Request
2025-04-17 09:34:06,448 - DEBUG - [remote_connection.py:403] - POST http://localhost:63011/session/a884340a689f65da6ee6acb9dc70f89a/element {'using': 'css selector', 'value': '.trending-weapons .weapon-row'}
2025-04-17 09:34:06,455 - DEBUG - [connectionpool.py:544] - http://localhost:63011 "POST /session/a884340a689f65da6ee6acb9dc70f89a/element HTTP/1.1" 404 0
2025-04-17 09:34:06,457 - DEBUG - [remote_connection.py:436] - Remote response: status=404 | data={"value":{"error":"no such element","message":"no such element: Unable to locate element: {\"method\":\"css selector\",\"selector\":\".trending-weapons .weapon-row\"}\n  (Session info: chrome=135.0.7049.85)","stacktrace":"\tGetHandleVerifier [0x00007FF657335355+78597]\n\tGetHandleVerifier [0x00007FF6573353B0+78688]\n\t(No symbol) [0x00007FF6570E91AA]\n\t(No symbol) [0x00007FF65713F149]\n\t(No symbol) [0x00007FF65713F3FC]\n\t(No symbol) [0x00007FF657192467]\n\t(No symbol) [0x00007FF65716712F]\n\t(No symbol) [0x00007FF65718F2BB]\n\t(No symbol) [0x00007FF657166EC3]\n\t(No symbol) [0x00007FF6571303F8]\n\t(No symbol) [0x00007FF657131163]\n\tGetHandleVerifier [0x00007FF6575DEF0D+2870973]\n\tGetHandleVerifier [0x00007FF6575D96B8+2848360]\n\tGetHandleVerifier [0x00007FF6575F6993+2967875]\n\tGetHandleVerifier [0x00007FF65735019A+188746]\n\tGetHandleVerifier [0x00007FF65735847F+222255]\n\tGetHandleVerifier [0x00007FF65733D2D4+111236]\n\tGetHandleVerifier [0x00007FF65733D482+111666]\n\tGetHandleVerifier [0x00007FF6573235A9+5465]\n\tBaseThreadInitThunk [0x00007FFA9441E8D7+23]\n\tRtlUserThreadStart [0x00007FFA959314FC+44]\n"}} | headers=HTTPHeaderDict({'Content-Length': '1131', 'Content-Type': 'application/json; charset=utf-8', 'cache-control': 'no-cache'})
2025-04-17 09:34:06,457 - DEBUG - [remote_connection.py:465] - Finished Request
2025-04-17 09:34:06,604 - DEBUG - [remote_connection.py:403] - POST http://localhost:63040/session/4ffe61e8299309c14cc12d6551744862/element {'using': 'css selector', 'value': '.trending-weapons .weapon-row'}
2025-04-17 09:34:06,611 - DEBUG - [connectionpool.py:544] - http://localhost:63040 "POST /session/4ffe61e8299309c14cc12d6551744862/element HTTP/1.1" 404 0
2025-04-17 09:34:06,611 - DEBUG - [remote_connection.py:436] - Remote response: status=404 | data={"value":{"error":"no such element","message":"no such element: Unable to locate element: {\"method\":\"css selector\",\"selector\":\".trending-weapons .weapon-row\"}\n  (Session info: chrome=135.0.7049.85)","stacktrace":"\tGetHandleVerifier [0x00007FF657335355+78597]\n\tGetHandleVerifier [0x00007FF6573353B0+78688]\n\t(No symbol) [0x00007FF6570E91AA]\n\t(No symbol) [0x00007FF65713F149]\n\t(No symbol) [0x00007FF65713F3FC]\n\t(No symbol) [0x00007FF657192467]\n\t(No symbol) [0x00007FF65716712F]\n\t(No symbol) [0x00007FF65718F2BB]\n\t(No symbol) [0x00007FF657166EC3]\n\t(No symbol) [0x00007FF6571303F8]\n\t(No symbol) [0x00007FF657131163]\n\tGetHandleVerifier [0x00007FF6575DEF0D+2870973]\n\tGetHandleVerifier [0x00007FF6575D96B8+2848360]\n\tGetHandleVerifier [0x00007FF6575F6993+2967875]\n\tGetHandleVerifier [0x00007FF65735019A+188746]\n\tGetHandleVerifier [0x00007FF65735847F+222255]\n\tGetHandleVerifier [0x00007FF65733D2D4+111236]\n\tGetHandleVerifier [0x00007FF65733D482+111666]\n\tGetHandleVerifier [0x00007FF6573235A9+5465]\n\tBaseThreadInitThunk [0x00007FFA9441E8D7+23]\n\tRtlUserThreadStart [0x00007FFA959314FC+44]\n"}} | headers=HTTPHeaderDict({'Content-Length': '1131', 'Content-Type': 'application/json; charset=utf-8', 'cache-control': 'no-cache'})
2025-04-17 09:34:06,611 - DEBUG - [remote_connection.py:465] - Finished Request
2025-04-17 09:34:06,958 - DEBUG - [remote_connection.py:403] - POST http://localhost:63011/session/a884340a689f65da6ee6acb9dc70f89a/element {'using': 'css selector', 'value': '.trending-weapons .weapon-row'}
2025-04-17 09:34:06,964 - DEBUG - [connectionpool.py:544] - http://localhost:63011 "POST /session/a884340a689f65da6ee6acb9dc70f89a/element HTTP/1.1" 404 0
2025-04-17 09:34:06,965 - DEBUG - [remote_connection.py:436] - Remote response: status=404 | data={"value":{"error":"no such element","message":"no such element: Unable to locate element: {\"method\":\"css selector\",\"selector\":\".trending-weapons .weapon-row\"}\n  (Session info: chrome=135.0.7049.85)","stacktrace":"\tGetHandleVerifier [0x00007FF657335355+78597]\n\tGetHandleVerifier [0x00007FF6573353B0+78688]\n\t(No symbol) [0x00007FF6570E91AA]\n\t(No symbol) [0x00007FF65713F149]\n\t(No symbol) [0x00007FF65713F3FC]\n\t(No symbol) [0x00007FF657192467]\n\t(No symbol) [0x00007FF65716712F]\n\t(No symbol) [0x00007FF65718F2BB]\n\t(No symbol) [0x00007FF657166EC3]\n\t(No symbol) [0x00007FF6571303F8]\n\t(No symbol) [0x00007FF657131163]\n\tGetHandleVerifier [0x00007FF6575DEF0D+2870973]\n\tGetHandleVerifier [0x00007FF6575D96B8+2848360]\n\tGetHandleVerifier [0x00007FF6575F6993+2967875]\n\tGetHandleVerifier [0x00007FF65735019A+188746]\n\tGetHandleVerifier [0x00007FF65735847F+222255]\n\tGetHandleVerifier [0x00007FF65733D2D4+111236]\n\tGetHandleVerifier [0x00007FF65733D482+111666]\n\tGetHandleVerifier [0x00007FF6573235A9+5465]\n\tBaseThreadInitThunk [0x00007FFA9441E8D7+23]\n\tRtlUserThreadStart [0x00007FFA959314FC+44]\n"}} | headers=HTTPHeaderDict({'Content-Length': '1131', 'Content-Type': 'application/json; charset=utf-8', 'cache-control': 'no-cache'})
2025-04-17 09:34:06,965 - DEBUG - [remote_connection.py:465] - Finished Request
2025-04-17 09:34:07,112 - DEBUG - [remote_connection.py:403] - POST http://localhost:63040/session/4ffe61e8299309c14cc12d6551744862/element {'using': 'css selector', 'value': '.trending-weapons .weapon-row'}
2025-04-17 09:34:07,121 - DEBUG - [connectionpool.py:544] - http://localhost:63040 "POST /session/4ffe61e8299309c14cc12d6551744862/element HTTP/1.1" 404 0
2025-04-17 09:34:07,121 - DEBUG - [remote_connection.py:436] - Remote response: status=404 | data={"value":{"error":"no such element","message":"no such element: Unable to locate element: {\"method\":\"css selector\",\"selector\":\".trending-weapons .weapon-row\"}\n  (Session info: chrome=135.0.7049.85)","stacktrace":"\tGetHandleVerifier [0x00007FF657335355+78597]\n\tGetHandleVerifier [0x00007FF6573353B0+78688]\n\t(No symbol) [0x00007FF6570E91AA]\n\t(No symbol) [0x00007FF65713F149]\n\t(No symbol) [0x00007FF65713F3FC]\n\t(No symbol) [0x00007FF657192467]\n\t(No symbol) [0x00007FF65716712F]\n\t(No symbol) [0x00007FF65718F2BB]\n\t(No symbol) [0x00007FF657166EC3]\n\t(No symbol) [0x00007FF6571303F8]\n\t(No symbol) [0x00007FF657131163]\n\tGetHandleVerifier [0x00007FF6575DEF0D+2870973]\n\tGetHandleVerifier [0x00007FF6575D96B8+2848360]\n\tGetHandleVerifier [0x00007FF6575F6993+2967875]\n\tGetHandleVerifier [0x00007FF65735019A+188746]\n\tGetHandleVerifier [0x00007FF65735847F+222255]\n\tGetHandleVerifier [0x00007FF65733D2D4+111236]\n\tGetHandleVerifier [0x00007FF65733D482+111666]\n\tGetHandleVerifier [0x00007FF6573235A9+5465]\n\tBaseThreadInitThunk [0x00007FFA9441E8D7+23]\n\tRtlUserThreadStart [0x00007FFA959314FC+44]\n"}} | headers=HTTPHeaderDict({'Content-Length': '1131', 'Content-Type': 'application/json; charset=utf-8', 'cache-control': 'no-cache'})
2025-04-17 09:34:07,121 - DEBUG - [remote_connection.py:465] - Finished Request
2025-04-17 09:34:07,466 - DEBUG - [remote_connection.py:403] - POST http://localhost:63011/session/a884340a689f65da6ee6acb9dc70f89a/element {'using': 'css selector', 'value': '.trending-weapons .weapon-row'}
2025-04-17 09:34:07,475 - DEBUG - [connectionpool.py:544] - http://localhost:63011 "POST /session/a884340a689f65da6ee6acb9dc70f89a/element HTTP/1.1" 404 0
2025-04-17 09:34:07,475 - DEBUG - [remote_connection.py:436] - Remote response: status=404 | data={"value":{"error":"no such element","message":"no such element: Unable to locate element: {\"method\":\"css selector\",\"selector\":\".trending-weapons .weapon-row\"}\n  (Session info: chrome=135.0.7049.85)","stacktrace":"\tGetHandleVerifier [0x00007FF657335355+78597]\n\tGetHandleVerifier [0x00007FF6573353B0+78688]\n\t(No symbol) [0x00007FF6570E91AA]\n\t(No symbol) [0x00007FF65713F149]\n\t(No symbol) [0x00007FF65713F3FC]\n\t(No symbol) [0x00007FF657192467]\n\t(No symbol) [0x00007FF65716712F]\n\t(No symbol) [0x00007FF65718F2BB]\n\t(No symbol) [0x00007FF657166EC3]\n\t(No symbol) [0x00007FF6571303F8]\n\t(No symbol) [0x00007FF657131163]\n\tGetHandleVerifier [0x00007FF6575DEF0D+2870973]\n\tGetHandleVerifier [0x00007FF6575D96B8+2848360]\n\tGetHandleVerifier [0x00007FF6575F6993+2967875]\n\tGetHandleVerifier [0x00007FF65735019A+188746]\n\tGetHandleVerifier [0x00007FF65735847F+222255]\n\tGetHandleVerifier [0x00007FF65733D2D4+111236]\n\tGetHandleVerifier [0x00007FF65733D482+111666]\n\tGetHandleVerifier [0x00007FF6573235A9+5465]\n\tBaseThreadInitThunk [0x00007FFA9441E8D7+23]\n\tRtlUserThreadStart [0x00007FFA959314FC+44]\n"}} | headers=HTTPHeaderDict({'Content-Length': '1131', 'Content-Type': 'application/json; charset=utf-8', 'cache-control': 'no-cache'})
2025-04-17 09:34:07,476 - DEBUG - [remote_connection.py:465] - Finished Request
2025-04-17 09:34:07,622 - DEBUG - [remote_connection.py:403] - POST http://localhost:63040/session/4ffe61e8299309c14cc12d6551744862/element {'using': 'css selector', 'value': '.trending-weapons .weapon-row'}
2025-04-17 09:34:07,630 - DEBUG - [connectionpool.py:544] - http://localhost:63040 "POST /session/4ffe61e8299309c14cc12d6551744862/element HTTP/1.1" 404 0
2025-04-17 09:34:07,630 - DEBUG - [remote_connection.py:436] - Remote response: status=404 | data={"value":{"error":"no such element","message":"no such element: Unable to locate element: {\"method\":\"css selector\",\"selector\":\".trending-weapons .weapon-row\"}\n  (Session info: chrome=135.0.7049.85)","stacktrace":"\tGetHandleVerifier [0x00007FF657335355+78597]\n\tGetHandleVerifier [0x00007FF6573353B0+78688]\n\t(No symbol) [0x00007FF6570E91AA]\n\t(No symbol) [0x00007FF65713F149]\n\t(No symbol) [0x00007FF65713F3FC]\n\t(No symbol) [0x00007FF657192467]\n\t(No symbol) [0x00007FF65716712F]\n\t(No symbol) [0x00007FF65718F2BB]\n\t(No symbol) [0x00007FF657166EC3]\n\t(No symbol) [0x00007FF6571303F8]\n\t(No symbol) [0x00007FF657131163]\n\tGetHandleVerifier [0x00007FF6575DEF0D+2870973]\n\tGetHandleVerifier [0x00007FF6575D96B8+2848360]\n\tGetHandleVerifier [0x00007FF6575F6993+2967875]\n\tGetHandleVerifier [0x00007FF65735019A+188746]\n\tGetHandleVerifier [0x00007FF65735847F+222255]\n\tGetHandleVerifier [0x00007FF65733D2D4+111236]\n\tGetHandleVerifier [0x00007FF65733D482+111666]\n\tGetHandleVerifier [0x00007FF6573235A9+5465]\n\tBaseThreadInitThunk [0x00007FFA9441E8D7+23]\n\tRtlUserThreadStart [0x00007FFA959314FC+44]\n"}} | headers=HTTPHeaderDict({'Content-Length': '1131', 'Content-Type': 'application/json; charset=utf-8', 'cache-control': 'no-cache'})
2025-04-17 09:34:07,631 - DEBUG - [remote_connection.py:465] - Finished Request
2025-04-17 09:34:07,977 - DEBUG - [remote_connection.py:403] - POST http://localhost:63011/session/a884340a689f65da6ee6acb9dc70f89a/element {'using': 'css selector', 'value': '.trending-weapons .weapon-row'}
2025-04-17 09:34:07,984 - DEBUG - [connectionpool.py:544] - http://localhost:63011 "POST /session/a884340a689f65da6ee6acb9dc70f89a/element HTTP/1.1" 404 0
2025-04-17 09:34:07,984 - DEBUG - [remote_connection.py:436] - Remote response: status=404 | data={"value":{"error":"no such element","message":"no such element: Unable to locate element: {\"method\":\"css selector\",\"selector\":\".trending-weapons .weapon-row\"}\n  (Session info: chrome=135.0.7049.85)","stacktrace":"\tGetHandleVerifier [0x00007FF657335355+78597]\n\tGetHandleVerifier [0x00007FF6573353B0+78688]\n\t(No symbol) [0x00007FF6570E91AA]\n\t(No symbol) [0x00007FF65713F149]\n\t(No symbol) [0x00007FF65713F3FC]\n\t(No symbol) [0x00007FF657192467]\n\t(No symbol) [0x00007FF65716712F]\n\t(No symbol) [0x00007FF65718F2BB]\n\t(No symbol) [0x00007FF657166EC3]\n\t(No symbol) [0x00007FF6571303F8]\n\t(No symbol) [0x00007FF657131163]\n\tGetHandleVerifier [0x00007FF6575DEF0D+2870973]\n\tGetHandleVerifier [0x00007FF6575D96B8+2848360]\n\tGetHandleVerifier [0x00007FF6575F6993+2967875]\n\tGetHandleVerifier [0x00007FF65735019A+188746]\n\tGetHandleVerifier [0x00007FF65735847F+222255]\n\tGetHandleVerifier [0x00007FF65733D2D4+111236]\n\tGetHandleVerifier [0x00007FF65733D482+111666]\n\tGetHandleVerifier [0x00007FF6573235A9+5465]\n\tBaseThreadInitThunk [0x00007FFA9441E8D7+23]\n\tRtlUserThreadStart [0x00007FFA959314FC+44]\n"}} | headers=HTTPHeaderDict({'Content-Length': '1131', 'Content-Type': 'application/json; charset=utf-8', 'cache-control': 'no-cache'})
2025-04-17 09:34:07,985 - DEBUG - [remote_connection.py:465] - Finished Request
2025-04-17 09:34:08,132 - DEBUG - [remote_connection.py:403] - POST http://localhost:63040/session/4ffe61e8299309c14cc12d6551744862/element {'using': 'css selector', 'value': '.trending-weapons .weapon-row'}
2025-04-17 09:34:08,138 - DEBUG - [connectionpool.py:544] - http://localhost:63040 "POST /session/4ffe61e8299309c14cc12d6551744862/element HTTP/1.1" 404 0
2025-04-17 09:34:08,140 - DEBUG - [remote_connection.py:436] - Remote response: status=404 | data={"value":{"error":"no such element","message":"no such element: Unable to locate element: {\"method\":\"css selector\",\"selector\":\".trending-weapons .weapon-row\"}\n  (Session info: chrome=135.0.7049.85)","stacktrace":"\tGetHandleVerifier [0x00007FF657335355+78597]\n\tGetHandleVerifier [0x00007FF6573353B0+78688]\n\t(No symbol) [0x00007FF6570E91AA]\n\t(No symbol) [0x00007FF65713F149]\n\t(No symbol) [0x00007FF65713F3FC]\n\t(No symbol) [0x00007FF657192467]\n\t(No symbol) [0x00007FF65716712F]\n\t(No symbol) [0x00007FF65718F2BB]\n\t(No symbol) [0x00007FF657166EC3]\n\t(No symbol) [0x00007FF6571303F8]\n\t(No symbol) [0x00007FF657131163]\n\tGetHandleVerifier [0x00007FF6575DEF0D+2870973]\n\tGetHandleVerifier [0x00007FF6575D96B8+2848360]\n\tGetHandleVerifier [0x00007FF6575F6993+2967875]\n\tGetHandleVerifier [0x00007FF65735019A+188746]\n\tGetHandleVerifier [0x00007FF65735847F+222255]\n\tGetHandleVerifier [0x00007FF65733D2D4+111236]\n\tGetHandleVerifier [0x00007FF65733D482+111666]\n\tGetHandleVerifier [0x00007FF6573235A9+5465]\n\tBaseThreadInitThunk [0x00007FFA9441E8D7+23]\n\tRtlUserThreadStart [0x00007FFA959314FC+44]\n"}} | headers=HTTPHeaderDict({'Content-Length': '1131', 'Content-Type': 'application/json; charset=utf-8', 'cache-control': 'no-cache'})
2025-04-17 09:34:08,140 - DEBUG - [remote_connection.py:465] - Finished Request
2025-04-17 09:34:08,486 - DEBUG - [remote_connection.py:403] - POST http://localhost:63011/session/a884340a689f65da6ee6acb9dc70f89a/element {'using': 'css selector', 'value': '.trending-weapons .weapon-row'}
2025-04-17 09:34:08,494 - DEBUG - [connectionpool.py:544] - http://localhost:63011 "POST /session/a884340a689f65da6ee6acb9dc70f89a/element HTTP/1.1" 404 0
2025-04-17 09:34:08,494 - DEBUG - [remote_connection.py:436] - Remote response: status=404 | data={"value":{"error":"no such element","message":"no such element: Unable to locate element: {\"method\":\"css selector\",\"selector\":\".trending-weapons .weapon-row\"}\n  (Session info: chrome=135.0.7049.85)","stacktrace":"\tGetHandleVerifier [0x00007FF657335355+78597]\n\tGetHandleVerifier [0x00007FF6573353B0+78688]\n\t(No symbol) [0x00007FF6570E91AA]\n\t(No symbol) [0x00007FF65713F149]\n\t(No symbol) [0x00007FF65713F3FC]\n\t(No symbol) [0x00007FF657192467]\n\t(No symbol) [0x00007FF65716712F]\n\t(No symbol) [0x00007FF65718F2BB]\n\t(No symbol) [0x00007FF657166EC3]\n\t(No symbol) [0x00007FF6571303F8]\n\t(No symbol) [0x00007FF657131163]\n\tGetHandleVerifier [0x00007FF6575DEF0D+2870973]\n\tGetHandleVerifier [0x00007FF6575D96B8+2848360]\n\tGetHandleVerifier [0x00007FF6575F6993+2967875]\n\tGetHandleVerifier [0x00007FF65735019A+188746]\n\tGetHandleVerifier [0x00007FF65735847F+222255]\n\tGetHandleVerifier [0x00007FF65733D2D4+111236]\n\tGetHandleVerifier [0x00007FF65733D482+111666]\n\tGetHandleVerifier [0x00007FF6573235A9+5465]\n\tBaseThreadInitThunk [0x00007FFA9441E8D7+23]\n\tRtlUserThreadStart [0x00007FFA959314FC+44]\n"}} | headers=HTTPHeaderDict({'Content-Length': '1131', 'Content-Type': 'application/json; charset=utf-8', 'cache-control': 'no-cache'})
2025-04-17 09:34:08,495 - DEBUG - [remote_connection.py:465] - Finished Request
2025-04-17 09:34:08,641 - DEBUG - [remote_connection.py:403] - POST http://localhost:63040/session/4ffe61e8299309c14cc12d6551744862/element {'using': 'css selector', 'value': '.trending-weapons .weapon-row'}
2025-04-17 09:34:08,648 - DEBUG - [connectionpool.py:544] - http://localhost:63040 "POST /session/4ffe61e8299309c14cc12d6551744862/element HTTP/1.1" 404 0
2025-04-17 09:34:08,648 - DEBUG - [remote_connection.py:436] - Remote response: status=404 | data={"value":{"error":"no such element","message":"no such element: Unable to locate element: {\"method\":\"css selector\",\"selector\":\".trending-weapons .weapon-row\"}\n  (Session info: chrome=135.0.7049.85)","stacktrace":"\tGetHandleVerifier [0x00007FF657335355+78597]\n\tGetHandleVerifier [0x00007FF6573353B0+78688]\n\t(No symbol) [0x00007FF6570E91AA]\n\t(No symbol) [0x00007FF65713F149]\n\t(No symbol) [0x00007FF65713F3FC]\n\t(No symbol) [0x00007FF657192467]\n\t(No symbol) [0x00007FF65716712F]\n\t(No symbol) [0x00007FF65718F2BB]\n\t(No symbol) [0x00007FF657166EC3]\n\t(No symbol) [0x00007FF6571303F8]\n\t(No symbol) [0x00007FF657131163]\n\tGetHandleVerifier [0x00007FF6575DEF0D+2870973]\n\tGetHandleVerifier [0x00007FF6575D96B8+2848360]\n\tGetHandleVerifier [0x00007FF6575F6993+2967875]\n\tGetHandleVerifier [0x00007FF65735019A+188746]\n\tGetHandleVerifier [0x00007FF65735847F+222255]\n\tGetHandleVerifier [0x00007FF65733D2D4+111236]\n\tGetHandleVerifier [0x00007FF65733D482+111666]\n\tGetHandleVerifier [0x00007FF6573235A9+5465]\n\tBaseThreadInitThunk [0x00007FFA9441E8D7+23]\n\tRtlUserThreadStart [0x00007FFA959314FC+44]\n"}} | headers=HTTPHeaderDict({'Content-Length': '1131', 'Content-Type': 'application/json; charset=utf-8', 'cache-control': 'no-cache'})
2025-04-17 09:34:08,649 - DEBUG - [remote_connection.py:465] - Finished Request
2025-04-17 09:34:08,996 - DEBUG - [remote_connection.py:403] - POST http://localhost:63011/session/a884340a689f65da6ee6acb9dc70f89a/element {'using': 'css selector', 'value': '.trending-weapons .weapon-row'}
2025-04-17 09:34:09,003 - DEBUG - [connectionpool.py:544] - http://localhost:63011 "POST /session/a884340a689f65da6ee6acb9dc70f89a/element HTTP/1.1" 404 0
2025-04-17 09:34:09,003 - DEBUG - [remote_connection.py:436] - Remote response: status=404 | data={"value":{"error":"no such element","message":"no such element: Unable to locate element: {\"method\":\"css selector\",\"selector\":\".trending-weapons .weapon-row\"}\n  (Session info: chrome=135.0.7049.85)","stacktrace":"\tGetHandleVerifier [0x00007FF657335355+78597]\n\tGetHandleVerifier [0x00007FF6573353B0+78688]\n\t(No symbol) [0x00007FF6570E91AA]\n\t(No symbol) [0x00007FF65713F149]\n\t(No symbol) [0x00007FF65713F3FC]\n\t(No symbol) [0x00007FF657192467]\n\t(No symbol) [0x00007FF65716712F]\n\t(No symbol) [0x00007FF65718F2BB]\n\t(No symbol) [0x00007FF657166EC3]\n\t(No symbol) [0x00007FF6571303F8]\n\t(No symbol) [0x00007FF657131163]\n\tGetHandleVerifier [0x00007FF6575DEF0D+2870973]\n\tGetHandleVerifier [0x00007FF6575D96B8+2848360]\n\tGetHandleVerifier [0x00007FF6575F6993+2967875]\n\tGetHandleVerifier [0x00007FF65735019A+188746]\n\tGetHandleVerifier [0x00007FF65735847F+222255]\n\tGetHandleVerifier [0x00007FF65733D2D4+111236]\n\tGetHandleVerifier [0x00007FF65733D482+111666]\n\tGetHandleVerifier [0x00007FF6573235A9+5465]\n\tBaseThreadInitThunk [0x00007FFA9441E8D7+23]\n\tRtlUserThreadStart [0x00007FFA959314FC+44]\n"}} | headers=HTTPHeaderDict({'Content-Length': '1131', 'Content-Type': 'application/json; charset=utf-8', 'cache-control': 'no-cache'})
2025-04-17 09:34:09,003 - DEBUG - [remote_connection.py:465] - Finished Request
2025-04-17 09:34:09,174 - DEBUG - [remote_connection.py:403] - POST http://localhost:63040/session/4ffe61e8299309c14cc12d6551744862/element {'using': 'css selector', 'value': '.trending-weapons .weapon-row'}
2025-04-17 09:34:09,342 - DEBUG - [connectionpool.py:544] - http://localhost:63040 "POST /session/4ffe61e8299309c14cc12d6551744862/element HTTP/1.1" 404 0
2025-04-17 09:34:09,376 - DEBUG - [remote_connection.py:436] - Remote response: status=404 | data={"value":{"error":"no such element","message":"no such element: Unable to locate element: {\"method\":\"css selector\",\"selector\":\".trending-weapons .weapon-row\"}\n  (Session info: chrome=135.0.7049.85)","stacktrace":"\tGetHandleVerifier [0x00007FF657335355+78597]\n\tGetHandleVerifier [0x00007FF6573353B0+78688]\n\t(No symbol) [0x00007FF6570E91AA]\n\t(No symbol) [0x00007FF65713F149]\n\t(No symbol) [0x00007FF65713F3FC]\n\t(No symbol) [0x00007FF657192467]\n\t(No symbol) [0x00007FF65716712F]\n\t(No symbol) [0x00007FF65718F2BB]\n\t(No symbol) [0x00007FF657166EC3]\n\t(No symbol) [0x00007FF6571303F8]\n\t(No symbol) [0x00007FF657131163]\n\tGetHandleVerifier [0x00007FF6575DEF0D+2870973]\n\tGetHandleVerifier [0x00007FF6575D96B8+2848360]\n\tGetHandleVerifier [0x00007FF6575F6993+2967875]\n\tGetHandleVerifier [0x00007FF65735019A+188746]\n\tGetHandleVerifier [0x00007FF65735847F+222255]\n\tGetHandleVerifier [0x00007FF65733D2D4+111236]\n\tGetHandleVerifier [0x00007FF65733D482+111666]\n\tGetHandleVerifier [0x00007FF6573235A9+5465]\n\tBaseThreadInitThunk [0x00007FFA9441E8D7+23]\n\tRtlUserThreadStart [0x00007FFA959314FC+44]\n"}} | headers=HTTPHeaderDict({'Content-Length': '1131', 'Content-Type': 'application/json; charset=utf-8', 'cache-control': 'no-cache'})
2025-04-17 09:34:09,402 - DEBUG - [remote_connection.py:465] - Finished Request
2025-04-17 09:34:09,514 - DEBUG - [remote_connection.py:403] - POST http://localhost:63011/session/a884340a689f65da6ee6acb9dc70f89a/element {'using': 'css selector', 'value': '.trending-weapons .weapon-row'}
2025-04-17 09:34:09,589 - DEBUG - [connectionpool.py:544] - http://localhost:63011 "POST /session/a884340a689f65da6ee6acb9dc70f89a/element HTTP/1.1" 404 0
2025-04-17 09:34:09,608 - DEBUG - [remote_connection.py:436] - Remote response: status=404 | data={"value":{"error":"no such element","message":"no such element: Unable to locate element: {\"method\":\"css selector\",\"selector\":\".trending-weapons .weapon-row\"}\n  (Session info: chrome=135.0.7049.85)","stacktrace":"\tGetHandleVerifier [0x00007FF657335355+78597]\n\tGetHandleVerifier [0x00007FF6573353B0+78688]\n\t(No symbol) [0x00007FF6570E91AA]\n\t(No symbol) [0x00007FF65713F149]\n\t(No symbol) [0x00007FF65713F3FC]\n\t(No symbol) [0x00007FF657192467]\n\t(No symbol) [0x00007FF65716712F]\n\t(No symbol) [0x00007FF65718F2BB]\n\t(No symbol) [0x00007FF657166EC3]\n\t(No symbol) [0x00007FF6571303F8]\n\t(No symbol) [0x00007FF657131163]\n\tGetHandleVerifier [0x00007FF6575DEF0D+2870973]\n\tGetHandleVerifier [0x00007FF6575D96B8+2848360]\n\tGetHandleVerifier [0x00007FF6575F6993+2967875]\n\tGetHandleVerifier [0x00007FF65735019A+188746]\n\tGetHandleVerifier [0x00007FF65735847F+222255]\n\tGetHandleVerifier [0x00007FF65733D2D4+111236]\n\tGetHandleVerifier [0x00007FF65733D482+111666]\n\tGetHandleVerifier [0x00007FF6573235A9+5465]\n\tBaseThreadInitThunk [0x00007FFA9441E8D7+23]\n\tRtlUserThreadStart [0x00007FFA959314FC+44]\n"}} | headers=HTTPHeaderDict({'Content-Length': '1131', 'Content-Type': 'application/json; charset=utf-8', 'cache-control': 'no-cache'})
2025-04-17 09:34:09,637 - DEBUG - [remote_connection.py:465] - Finished Request
2025-04-17 09:34:09,965 - DEBUG - [remote_connection.py:403] - POST http://localhost:63040/session/4ffe61e8299309c14cc12d6551744862/element {'using': 'css selector', 'value': '.trending-weapons .weapon-row'}
2025-04-17 09:34:10,098 - DEBUG - [connectionpool.py:544] - http://localhost:63040 "POST /session/4ffe61e8299309c14cc12d6551744862/element HTTP/1.1" 404 0
2025-04-17 09:34:10,136 - DEBUG - [remote_connection.py:436] - Remote response: status=404 | data={"value":{"error":"no such element","message":"no such element: Unable to locate element: {\"method\":\"css selector\",\"selector\":\".trending-weapons .weapon-row\"}\n  (Session info: chrome=135.0.7049.85)","stacktrace":"\tGetHandleVerifier [0x00007FF657335355+78597]\n\tGetHandleVerifier [0x00007FF6573353B0+78688]\n\t(No symbol) [0x00007FF6570E91AA]\n\t(No symbol) [0x00007FF65713F149]\n\t(No symbol) [0x00007FF65713F3FC]\n\t(No symbol) [0x00007FF657192467]\n\t(No symbol) [0x00007FF65716712F]\n\t(No symbol) [0x00007FF65718F2BB]\n\t(No symbol) [0x00007FF657166EC3]\n\t(No symbol) [0x00007FF6571303F8]\n\t(No symbol) [0x00007FF657131163]\n\tGetHandleVerifier [0x00007FF6575DEF0D+2870973]\n\tGetHandleVerifier [0x00007FF6575D96B8+2848360]\n\tGetHandleVerifier [0x00007FF6575F6993+2967875]\n\tGetHandleVerifier [0x00007FF65735019A+188746]\n\tGetHandleVerifier [0x00007FF65735847F+222255]\n\tGetHandleVerifier [0x00007FF65733D2D4+111236]\n\tGetHandleVerifier [0x00007FF65733D482+111666]\n\tGetHandleVerifier [0x00007FF6573235A9+5465]\n\tBaseThreadInitThunk [0x00007FFA9441E8D7+23]\n\tRtlUserThreadStart [0x00007FFA959314FC+44]\n"}} | headers=HTTPHeaderDict({'Content-Length': '1131', 'Content-Type': 'application/json; charset=utf-8', 'cache-control': 'no-cache'})
2025-04-17 09:34:10,163 - DEBUG - [remote_connection.py:465] - Finished Request
2025-04-17 09:34:10,232 - DEBUG - [remote_connection.py:403] - POST http://localhost:63011/session/a884340a689f65da6ee6acb9dc70f89a/element {'using': 'css selector', 'value': '.trending-weapons .weapon-row'}
2025-04-17 09:34:10,372 - DEBUG - [connectionpool.py:544] - http://localhost:63011 "POST /session/a884340a689f65da6ee6acb9dc70f89a/element HTTP/1.1" 404 0
2025-04-17 09:34:10,400 - DEBUG - [remote_connection.py:436] - Remote response: status=404 | data={"value":{"error":"no such element","message":"no such element: Unable to locate element: {\"method\":\"css selector\",\"selector\":\".trending-weapons .weapon-row\"}\n  (Session info: chrome=135.0.7049.85)","stacktrace":"\tGetHandleVerifier [0x00007FF657335355+78597]\n\tGetHandleVerifier [0x00007FF6573353B0+78688]\n\t(No symbol) [0x00007FF6570E91AA]\n\t(No symbol) [0x00007FF65713F149]\n\t(No symbol) [0x00007FF65713F3FC]\n\t(No symbol) [0x00007FF657192467]\n\t(No symbol) [0x00007FF65716712F]\n\t(No symbol) [0x00007FF65718F2BB]\n\t(No symbol) [0x00007FF657166EC3]\n\t(No symbol) [0x00007FF6571303F8]\n\t(No symbol) [0x00007FF657131163]\n\tGetHandleVerifier [0x00007FF6575DEF0D+2870973]\n\tGetHandleVerifier [0x00007FF6575D96B8+2848360]\n\tGetHandleVerifier [0x00007FF6575F6993+2967875]\n\tGetHandleVerifier [0x00007FF65735019A+188746]\n\tGetHandleVerifier [0x00007FF65735847F+222255]\n\tGetHandleVerifier [0x00007FF65733D2D4+111236]\n\tGetHandleVerifier [0x00007FF65733D482+111666]\n\tGetHandleVerifier [0x00007FF6573235A9+5465]\n\tBaseThreadInitThunk [0x00007FFA9441E8D7+23]\n\tRtlUserThreadStart [0x00007FFA959314FC+44]\n"}} | headers=HTTPHeaderDict({'Content-Length': '1131', 'Content-Type': 'application/json; charset=utf-8', 'cache-control': 'no-cache'})
2025-04-17 09:34:10,430 - DEBUG - [remote_connection.py:465] - Finished Request
2025-04-17 09:34:10,600 - INFO - [meta_page.py:28] - === Début du scraping des armes meta ===
2025-04-17 09:34:10,601 - INFO - [meta_page.py:41] - === Début de la récupération des stats depuis light.gg ===
2025-04-17 09:34:10,601 - INFO - [meta_page.py:56] - Initialisation du navigateur en mode headless
2025-04-17 09:34:10,602 - DEBUG - [selenium_manager.py:101] - Selenium Manager binary found at: C:\Users\perio\AppData\Local\Programs\Python\Python311\Lib\site-packages\selenium\webdriver\common\windows\selenium-manager.exe
2025-04-17 09:34:10,603 - DEBUG - [selenium_manager.py:114] - Executing process: C:\Users\perio\AppData\Local\Programs\Python\Python311\Lib\site-packages\selenium\webdriver\common\windows\selenium-manager.exe --browser chrome --debug --language-binding python --output json
2025-04-17 09:34:10,695 - DEBUG - [remote_connection.py:403] - POST http://localhost:63040/session/4ffe61e8299309c14cc12d6551744862/element {'using': 'css selector', 'value': '.trending-weapons .weapon-row'}
2025-04-17 09:34:10,701 - DEBUG - [connectionpool.py:544] - http://localhost:63040 "POST /session/4ffe61e8299309c14cc12d6551744862/element HTTP/1.1" 404 0
2025-04-17 09:34:10,703 - DEBUG - [remote_connection.py:436] - Remote response: status=404 | data={"value":{"error":"no such element","message":"no such element: Unable to locate element: {\"method\":\"css selector\",\"selector\":\".trending-weapons .weapon-row\"}\n  (Session info: chrome=135.0.7049.85)","stacktrace":"\tGetHandleVerifier [0x00007FF657335355+78597]\n\tGetHandleVerifier [0x00007FF6573353B0+78688]\n\t(No symbol) [0x00007FF6570E91AA]\n\t(No symbol) [0x00007FF65713F149]\n\t(No symbol) [0x00007FF65713F3FC]\n\t(No symbol) [0x00007FF657192467]\n\t(No symbol) [0x00007FF65716712F]\n\t(No symbol) [0x00007FF65718F2BB]\n\t(No symbol) [0x00007FF657166EC3]\n\t(No symbol) [0x00007FF6571303F8]\n\t(No symbol) [0x00007FF657131163]\n\tGetHandleVerifier [0x00007FF6575DEF0D+2870973]\n\tGetHandleVerifier [0x00007FF6575D96B8+2848360]\n\tGetHandleVerifier [0x00007FF6575F6993+2967875]\n\tGetHandleVerifier [0x00007FF65735019A+188746]\n\tGetHandleVerifier [0x00007FF65735847F+222255]\n\tGetHandleVerifier [0x00007FF65733D2D4+111236]\n\tGetHandleVerifier [0x00007FF65733D482+111666]\n\tGetHandleVerifier [0x00007FF6573235A9+5465]\n\tBaseThreadInitThunk [0x00007FFA9441E8D7+23]\n\tRtlUserThreadStart [0x00007FFA959314FC+44]\n"}} | headers=HTTPHeaderDict({'Content-Length': '1131', 'Content-Type': 'application/json; charset=utf-8', 'cache-control': 'no-cache'})
2025-04-17 09:34:10,703 - DEBUG - [remote_connection.py:465] - Finished Request
2025-04-17 09:34:10,846 - DEBUG - [selenium_manager.py:140] - chromedriver not found in PATH
2025-04-17 09:34:10,846 - DEBUG - [selenium_manager.py:140] - chrome detected at C:\Program Files\Google\Chrome\Application\chrome.exe
2025-04-17 09:34:10,847 - DEBUG - [selenium_manager.py:140] - Running command: wmic datafile where name='C:\\Program Files\\Google\\Chrome\\Application\\chrome.exe' get Version /value
2025-04-17 09:34:10,847 - DEBUG - [selenium_manager.py:140] - Output: "\r\r\n\r\r\nVersion=135.0.7049.85\r\r\n\r\r\n\r\r\n\r"
2025-04-17 09:34:10,847 - DEBUG - [selenium_manager.py:140] - Detected browser: chrome 135.0.7049.85
2025-04-17 09:34:10,847 - DEBUG - [selenium_manager.py:140] - Required driver: chromedriver 135.0.7049.95
2025-04-17 09:34:10,847 - DEBUG - [selenium_manager.py:140] - chromedriver 135.0.7049.95 already in the cache
2025-04-17 09:34:10,847 - DEBUG - [selenium_manager.py:140] - Driver path: C:\Users\perio\.cache\selenium\chromedriver\win64\135.0.7049.95\chromedriver.exe
2025-04-17 09:34:10,848 - DEBUG - [selenium_manager.py:140] - Browser path: C:\Program Files\Google\Chrome\Application\chrome.exe
2025-04-17 09:34:10,853 - DEBUG - [service.py:231] - Started executable: `C:\Users\perio\.cache\selenium\chromedriver\win64\135.0.7049.95\chromedriver.exe` in a child process with pid: 10356 using 0 to output -3
2025-04-17 09:34:10,959 - DEBUG - [remote_connection.py:403] - POST http://localhost:63011/session/a884340a689f65da6ee6acb9dc70f89a/element {'using': 'css selector', 'value': '.trending-weapons .weapon-row'}
2025-04-17 09:34:10,966 - DEBUG - [connectionpool.py:544] - http://localhost:63011 "POST /session/a884340a689f65da6ee6acb9dc70f89a/element HTTP/1.1" 404 0
2025-04-17 09:34:10,967 - DEBUG - [remote_connection.py:436] - Remote response: status=404 | data={"value":{"error":"no such element","message":"no such element: Unable to locate element: {\"method\":\"css selector\",\"selector\":\".trending-weapons .weapon-row\"}\n  (Session info: chrome=135.0.7049.85)","stacktrace":"\tGetHandleVerifier [0x00007FF657335355+78597]\n\tGetHandleVerifier [0x00007FF6573353B0+78688]\n\t(No symbol) [0x00007FF6570E91AA]\n\t(No symbol) [0x00007FF65713F149]\n\t(No symbol) [0x00007FF65713F3FC]\n\t(No symbol) [0x00007FF657192467]\n\t(No symbol) [0x00007FF65716712F]\n\t(No symbol) [0x00007FF65718F2BB]\n\t(No symbol) [0x00007FF657166EC3]\n\t(No symbol) [0x00007FF6571303F8]\n\t(No symbol) [0x00007FF657131163]\n\tGetHandleVerifier [0x00007FF6575DEF0D+2870973]\n\tGetHandleVerifier [0x00007FF6575D96B8+2848360]\n\tGetHandleVerifier [0x00007FF6575F6993+2967875]\n\tGetHandleVerifier [0x00007FF65735019A+188746]\n\tGetHandleVerifier [0x00007FF65735847F+222255]\n\tGetHandleVerifier [0x00007FF65733D2D4+111236]\n\tGetHandleVerifier [0x00007FF65733D482+111666]\n\tGetHandleVerifier [0x00007FF6573235A9+5465]\n\tBaseThreadInitThunk [0x00007FFA9441E8D7+23]\n\tRtlUserThreadStart [0x00007FFA959314FC+44]\n"}} | headers=HTTPHeaderDict({'Content-Length': '1131', 'Content-Type': 'application/json; charset=utf-8', 'cache-control': 'no-cache'})
2025-04-17 09:34:10,967 - DEBUG - [remote_connection.py:465] - Finished Request
2025-04-17 09:34:11,204 - DEBUG - [remote_connection.py:403] - POST http://localhost:63040/session/4ffe61e8299309c14cc12d6551744862/element {'using': 'css selector', 'value': '.trending-weapons .weapon-row'}
