2025-05-07 14:16:17,253 - INFO - [logger.py:31] - === Démarrage de Destiny Hub ===
2025-05-07 14:16:17,254 - INFO - [logger.py:32] - Version Python: 3.11.6 (tags/v3.11.6:8b6ee5b, Oct  2 2023, 14:57:12) [MSC v.1935 64 bit (AMD64)]
2025-05-07 14:16:17,254 - INFO - [logger.py:33] - Système d'exploitation: win32
2025-05-07 14:16:17,255 - INFO - [logger.py:34] - Fichier de log créé: logs/destiny_hub_20250507_141617.log
2025-05-07 14:16:17,255 - INFO - [logger.py:55] - === Informations Système ===
2025-05-07 14:16:17,256 - INFO - [logger.py:56] - OS: Windows 10
2025-05-07 14:16:17,257 - INFO - [logger.py:57] - Architecture: AMD64
2025-05-07 14:16:17,257 - INFO - [logger.py:58] - Processeur: AMD64 Family 25 Model 68 Stepping 1, AuthenticAMD
2025-05-07 14:16:17,265 - INFO - [logger.py:62] - Mémoire totale: 31.25 GB
2025-05-07 14:16:17,266 - INFO - [logger.py:63] - Mémoire disponible: 16.40 GB
2025-05-07 14:16:17,267 - INFO - [logger.py:64] - Utilisation mémoire: 47.5%
2025-05-07 14:16:17,267 - INFO - [logger.py:68] - Espace disque total: 952.48 GB
2025-05-07 14:16:17,267 - INFO - [logger.py:69] - Espace disque libre: 219.87 GB
2025-05-07 14:16:17,268 - INFO - [logger.py:70] - Utilisation disque: 76.9%
2025-05-07 14:16:17,268 - INFO - [logger.py:77] - === Vérification de l'environnement ===
2025-05-07 14:16:17,269 - INFO - [logger.py:93] - ✓ BUNGIE_API_KEY trouvée
2025-05-07 14:16:17,270 - DEBUG - [logger.py:94] - Longueur de BUNGIE_API_KEY: 32
2025-05-07 14:16:17,270 - ERROR - [logger.py:96] - ✗ CLIENT_ID non trouvée dans .env
2025-05-07 14:16:17,270 - ERROR - [logger.py:96] - ✗ CLIENT_SECRET non trouvée dans .env
2025-05-07 14:16:17,271 - INFO - [logger.py:105] - === Vérification des dépendances ===
2025-05-07 14:16:17,271 - INFO - [logger.py:119] - ✓ PyQt6 version: Version inconnue
2025-05-07 14:16:17,271 - INFO - [logger.py:119] - ✓ requests version: 2.32.3
2025-05-07 14:16:17,271 - INFO - [logger.py:119] - ✓ python-dotenv version: Version inconnue
2025-05-07 14:16:17,272 - INFO - [logger.py:119] - ✓ psutil version: 5.9.5
2025-05-07 14:16:17,272 - INFO - [logger.py:119] - ✓ beautifulsoup4 version: 4.13.4
2025-05-07 14:16:17,272 - INFO - [logger.py:126] - === Vérification des fichiers ===
2025-05-07 14:16:17,273 - INFO - [logger.py:148] - ✓ .env trouvé (Configuration)
2025-05-07 14:16:17,273 - INFO - [logger.py:148] - ✓ main.py trouvé (Point d'entrée)
2025-05-07 14:16:17,273 - INFO - [logger.py:148] - ✓ requirements.txt trouvé (Dépendances)
2025-05-07 14:16:17,274 - DEBUG - [logger.py:173] - === Contenu de requirements.txt ===
2025-05-07 14:16:17,274 - DEBUG - [logger.py:177] - - requests==2.31.0
2025-05-07 14:16:17,274 - DEBUG - [logger.py:177] - - customtkinter==5.2.1
2025-05-07 14:16:17,275 - DEBUG - [logger.py:177] - - pillow==10.2.0
2025-05-07 14:16:17,275 - DEBUG - [logger.py:177] - - python-dotenv==1.0.0
2025-05-07 14:16:17,275 - INFO - [logger.py:158] - ✓ Dossier ui trouvé (Interface utilisateur) - 4 fichiers
2025-05-07 14:16:17,276 - DEBUG - [logger.py:159] - Contenu de ui: main_window.py, pages, styles.py, __pycache__
2025-05-07 14:16:17,276 - INFO - [logger.py:158] - ✓ Dossier ui/pages trouvé (Pages de l'interface) - 5 fichiers
2025-05-07 14:16:17,276 - DEBUG - [logger.py:159] - Contenu de ui/pages: account_page.py, equipment_page.py, meta_page.py, missions_page.py, __pycache__
2025-05-07 14:16:17,277 - INFO - [logger.py:158] - ✓ Dossier api trouvé (API Bungie) - 3 fichiers
2025-05-07 14:16:17,277 - DEBUG - [logger.py:159] - Contenu de api: bungie_client.py, oauth_handler.py, __pycache__
2025-05-07 14:16:17,278 - INFO - [logger.py:158] - ✓ Dossier utils trouvé (Utilitaires) - 3 fichiers
2025-05-07 14:16:17,278 - DEBUG - [logger.py:159] - Contenu de utils: config.py, logger.py, __pycache__
2025-05-07 14:16:17,278 - INFO - [logger.py:158] - ✓ Dossier data trouvé (Données) - 4 fichiers
2025-05-07 14:16:17,279 - DEBUG - [logger.py:159] - Contenu de data: account.json, full_account.json, icons, profile_data.json
2025-05-07 14:16:17,279 - INFO - [logger.py:158] - ✓ Dossier icons trouvé (Icônes) - 70 fichiers
2025-05-07 14:16:17,280 - DEBUG - [logger.py:159] - Contenu de icons: 1003860281.png, 1183187516.png, 1197771438.png, 129332559.png, 1320342774.png, 1457394908.png, 1484009400.png, 1522633034.png, 152583919.png, 1533314821.png, 1616346845.png, 1762785662.png, 1896309757.png, 1907110519.png, 1911060537.png, 1958630864.png, 2012043039.png, 2134769653.png, 2151724216.png, 2185244404.png, 2190967049.png, 2198166292.png, 2286507447.png, 241462142.png, 2441435355.png, 2550323932.png, 2591586261.png, 2629014079.png, 266021826.png, 2738060683.png, 2741258862.png, 2742930797.png, 2763843898.png, 2783831726.png, 2809120022.png, 2827764482.png, 287888126.png, 2907129557.png, 2949538030.png, 2962546549.png, 3001229473.png, 3158812152.png, 3183180185.png, 3264721770.png, 331602521.png, 3434301337.png, 3569802112.png, 3628991658.png, 3733702440.png, 3797572280.png, 3828080585.png, 3844610113.png, 3906357376.png, 3947966653.png, 4026763349.png, 4062934448.png, 4146702548.png, 4282591831.png, 4293588774.png, 431721920.png, 537041732.png, 557165046.png, 568611923.png, 643145875.png, 788073488.png, 810612804.png, 814876685.png, 952431286.png, 991314988.png, spectre.gif
2025-05-07 14:16:17,281 - INFO - [logger.py:158] - ✓ Dossier logs trouvé (Fichiers de log) - 45 fichiers
2025-05-07 14:16:17,281 - DEBUG - [logger.py:159] - Contenu de logs: destiny_hub_20250417_090308.log, destiny_hub_20250417_090501.log, destiny_hub_20250417_091449.log, destiny_hub_20250417_091744.log, destiny_hub_20250417_092047.log, destiny_hub_20250417_092453.log, destiny_hub_20250417_093036.log, destiny_hub_20250417_093355.log, destiny_hub_20250417_093518.log, destiny_hub_20250417_093701.log, destiny_hub_20250417_094459.log, destiny_hub_20250417_094915.log, destiny_hub_20250417_095450.log, destiny_hub_20250417_095800.log, destiny_hub_20250417_100013.log, destiny_hub_20250417_101050.log, destiny_hub_20250417_101112.log, destiny_hub_20250417_101728.log, destiny_hub_20250417_101938.log, destiny_hub_20250417_102126.log, destiny_hub_20250417_102514.log, destiny_hub_20250417_102736.log, destiny_hub_20250417_103000.log, destiny_hub_20250417_103209.log, destiny_hub_20250417_103307.log, destiny_hub_20250417_103545.log, destiny_hub_20250507_114434.log, destiny_hub_20250507_114815.log, destiny_hub_20250507_114838.log, destiny_hub_20250507_115102.log, destiny_hub_20250507_115217.log, destiny_hub_20250507_135035.log, destiny_hub_20250507_135311.log, destiny_hub_20250507_135523.log, destiny_hub_20250507_135724.log, destiny_hub_20250507_135955.log, destiny_hub_20250507_140048.log, destiny_hub_20250507_140128.log, destiny_hub_20250507_140251.log, destiny_hub_20250507_140627.log, destiny_hub_20250507_140642.log, destiny_hub_20250507_140654.log, destiny_hub_20250507_141253.log, destiny_hub_20250507_141602.log, destiny_hub_20250507_141617.log
2025-05-07 14:16:17,282 - INFO - [logger.py:158] - ✓ Dossier cache trouvé (Cache des images) - 0 fichiers
2025-05-07 14:16:17,282 - DEBUG - [logger.py:159] - Contenu de cache: 
2025-05-07 14:16:17,321 - INFO - [main_window.py:17] - === Initialisation de la fenêtre principale ===
2025-05-07 14:16:17,322 - INFO - [main_window.py:32] - Configuration de l'interface utilisateur
2025-05-07 14:16:17,328 - DEBUG - [main_window.py:110] - Création des pages...
2025-05-07 14:16:17,342 - DEBUG - [main_window.py:112] - ✓ Page compte créée
2025-05-07 14:16:17,369 - INFO - [equipment_page.py:196] - === Chargement des personnages ===
2025-05-07 14:16:17,376 - DEBUG - [connectionpool.py:1049] - Starting new HTTPS connection (1): www.bungie.net:443
2025-05-07 14:16:17,467 - DEBUG - [connectionpool.py:544] - https://www.bungie.net:443 "GET /Platform/Destiny2/3/Profile/4611686018536948250/?components=200%2C205 HTTP/1.1" 200 2458
2025-05-07 14:16:17,498 - INFO - [equipment_page.py:385] - Changement de personnage vers ID: 2305843010596444327
2025-05-07 14:16:17,501 - DEBUG - [connectionpool.py:1049] - Starting new HTTPS connection (1): www.bungie.net:443
2025-05-07 14:16:17,591 - DEBUG - [connectionpool.py:544] - https://www.bungie.net:443 "GET /Platform/Destiny2/3/Profile/4611686018536948250/?components=200 HTTP/1.1" 200 992
2025-05-07 14:16:17,592 - INFO - [equipment_page.py:416] - Lumière mise à jour pour le nouveau personnage: 2018
2025-05-07 14:16:17,593 - INFO - [equipment_page.py:251] - === Chargement de l'équipement pour le personnage 2305843010596444327 ===
2025-05-07 14:16:17,594 - DEBUG - [connectionpool.py:1049] - Starting new HTTPS connection (1): www.bungie.net:443
2025-05-07 14:16:17,672 - DEBUG - [connectionpool.py:544] - https://www.bungie.net:443 "GET /Platform/Destiny2/3/Profile/4611686018536948250/Character/2305843010596444327/?components=205%2C300%2C302 HTTP/1.1" 200 3058
2025-05-07 14:16:17,674 - INFO - [equipment_page.py:306] - === Affichage de l'équipement ===
2025-05-07 14:16:17,676 - DEBUG - [connectionpool.py:1049] - Starting new HTTPS connection (1): www.bungie.net:443
2025-05-07 14:16:17,759 - DEBUG - [connectionpool.py:544] - https://www.bungie.net:443 "GET /Platform/Destiny2/Manifest/DestinyInventoryItemDefinition/2763843898/ HTTP/1.1" 200 3859
2025-05-07 14:16:17,777 - DEBUG - [connectionpool.py:1049] - Starting new HTTPS connection (1): www.bungie.net:443
2025-05-07 14:16:17,858 - DEBUG - [connectionpool.py:544] - https://www.bungie.net:443 "GET /Platform/Destiny2/Manifest/DestinyInventoryItemDefinition/814876685/ HTTP/1.1" 200 2386
2025-05-07 14:16:17,863 - DEBUG - [connectionpool.py:1049] - Starting new HTTPS connection (1): www.bungie.net:443
2025-05-07 14:16:17,939 - DEBUG - [connectionpool.py:544] - https://www.bungie.net:443 "GET /Platform/Destiny2/Manifest/DestinyInventoryItemDefinition/1896309757/ HTTP/1.1" 200 3821
2025-05-07 14:16:17,944 - DEBUG - [connectionpool.py:1049] - Starting new HTTPS connection (1): www.bungie.net:443
2025-05-07 14:16:18,023 - DEBUG - [connectionpool.py:544] - https://www.bungie.net:443 "GET /Platform/Destiny2/Manifest/DestinyInventoryItemDefinition/2134769653/ HTTP/1.1" 200 2578
2025-05-07 14:16:18,028 - DEBUG - [connectionpool.py:1049] - Starting new HTTPS connection (1): www.bungie.net:443
2025-05-07 14:16:18,108 - DEBUG - [connectionpool.py:544] - https://www.bungie.net:443 "GET /Platform/Destiny2/Manifest/DestinyInventoryItemDefinition/810612804/ HTTP/1.1" 200 2584
2025-05-07 14:16:18,112 - DEBUG - [connectionpool.py:1049] - Starting new HTTPS connection (1): www.bungie.net:443
2025-05-07 14:16:18,207 - DEBUG - [connectionpool.py:544] - https://www.bungie.net:443 "GET /Platform/Destiny2/Manifest/DestinyInventoryItemDefinition/1183187516/ HTTP/1.1" 200 2582
2025-05-07 14:16:18,210 - DEBUG - [connectionpool.py:1049] - Starting new HTTPS connection (1): www.bungie.net:443
2025-05-07 14:16:18,305 - DEBUG - [connectionpool.py:544] - https://www.bungie.net:443 "GET /Platform/Destiny2/Manifest/DestinyInventoryItemDefinition/2741258862/ HTTP/1.1" 200 2583
2025-05-07 14:16:18,309 - DEBUG - [connectionpool.py:1049] - Starting new HTTPS connection (1): www.bungie.net:443
2025-05-07 14:16:18,403 - DEBUG - [connectionpool.py:544] - https://www.bungie.net:443 "GET /Platform/Destiny2/Manifest/DestinyInventoryItemDefinition/266021826/ HTTP/1.1" 200 2348
2025-05-07 14:16:18,406 - INFO - [equipment_page.py:353] - Affichage terminé - 3 armes, 5 pièces d'armure
2025-05-07 14:16:18,407 - INFO - [equipment_page.py:251] - === Chargement de l'équipement pour le personnage 2305843010596444327 ===
2025-05-07 14:16:18,410 - DEBUG - [connectionpool.py:1049] - Starting new HTTPS connection (1): www.bungie.net:443
2025-05-07 14:16:18,504 - DEBUG - [connectionpool.py:544] - https://www.bungie.net:443 "GET /Platform/Destiny2/3/Profile/4611686018536948250/Character/2305843010596444327/?components=205%2C300%2C302 HTTP/1.1" 200 3058
2025-05-07 14:16:18,506 - INFO - [equipment_page.py:306] - === Affichage de l'équipement ===
2025-05-07 14:16:18,508 - DEBUG - [connectionpool.py:1049] - Starting new HTTPS connection (1): www.bungie.net:443
2025-05-07 14:16:18,586 - DEBUG - [connectionpool.py:544] - https://www.bungie.net:443 "GET /Platform/Destiny2/Manifest/DestinyInventoryItemDefinition/2763843898/ HTTP/1.1" 200 3859
2025-05-07 14:16:18,590 - DEBUG - [connectionpool.py:1049] - Starting new HTTPS connection (1): www.bungie.net:443
2025-05-07 14:16:18,674 - DEBUG - [connectionpool.py:544] - https://www.bungie.net:443 "GET /Platform/Destiny2/Manifest/DestinyInventoryItemDefinition/814876685/ HTTP/1.1" 200 2386
2025-05-07 14:16:18,677 - DEBUG - [connectionpool.py:1049] - Starting new HTTPS connection (1): www.bungie.net:443
2025-05-07 14:16:18,768 - DEBUG - [connectionpool.py:544] - https://www.bungie.net:443 "GET /Platform/Destiny2/Manifest/DestinyInventoryItemDefinition/1896309757/ HTTP/1.1" 200 3821
2025-05-07 14:16:18,772 - DEBUG - [connectionpool.py:1049] - Starting new HTTPS connection (1): www.bungie.net:443
2025-05-07 14:16:18,858 - DEBUG - [connectionpool.py:544] - https://www.bungie.net:443 "GET /Platform/Destiny2/Manifest/DestinyInventoryItemDefinition/2134769653/ HTTP/1.1" 200 2578
2025-05-07 14:16:18,862 - DEBUG - [connectionpool.py:1049] - Starting new HTTPS connection (1): www.bungie.net:443
2025-05-07 14:16:18,956 - DEBUG - [connectionpool.py:544] - https://www.bungie.net:443 "GET /Platform/Destiny2/Manifest/DestinyInventoryItemDefinition/810612804/ HTTP/1.1" 200 2584
2025-05-07 14:16:18,960 - DEBUG - [connectionpool.py:1049] - Starting new HTTPS connection (1): www.bungie.net:443
2025-05-07 14:16:19,050 - DEBUG - [connectionpool.py:544] - https://www.bungie.net:443 "GET /Platform/Destiny2/Manifest/DestinyInventoryItemDefinition/1183187516/ HTTP/1.1" 200 2582
2025-05-07 14:16:19,054 - DEBUG - [connectionpool.py:1049] - Starting new HTTPS connection (1): www.bungie.net:443
2025-05-07 14:16:19,142 - DEBUG - [connectionpool.py:544] - https://www.bungie.net:443 "GET /Platform/Destiny2/Manifest/DestinyInventoryItemDefinition/2741258862/ HTTP/1.1" 200 2583
2025-05-07 14:16:19,146 - DEBUG - [connectionpool.py:1049] - Starting new HTTPS connection (1): www.bungie.net:443
2025-05-07 14:16:19,361 - DEBUG - [connectionpool.py:544] - https://www.bungie.net:443 "GET /Platform/Destiny2/Manifest/DestinyInventoryItemDefinition/266021826/ HTTP/1.1" 200 2348
2025-05-07 14:16:19,363 - INFO - [equipment_page.py:353] - Affichage terminé - 3 armes, 5 pièces d'armure
2025-05-07 14:16:19,364 - DEBUG - [main_window.py:115] - ✓ Page équipement créée
2025-05-07 14:16:19,367 - DEBUG - [main_window.py:118] - ✓ Page missions créée
2025-05-07 14:16:19,373 - DEBUG - [main_window.py:121] - ✓ Page meta créée
2025-05-07 14:16:19,376 - INFO - [meta_page.py:28] - === Début du scraping des armes meta ===
2025-05-07 14:16:19,376 - INFO - [main_window.py:134] - ✅ Pages ajoutées avec succès
2025-05-07 14:16:19,376 - INFO - [meta_page.py:41] - === Début de l'extraction avec authentification manuelle ===
2025-05-07 14:16:19,377 - INFO - [main_window.py:141] - Configuration de la barre de statut
2025-05-07 14:16:19,378 - INFO - [main_window.py:154] - ✅ Barre de statut configurée
2025-05-07 14:16:19,378 - INFO - [main_window.py:160] - Application des styles
2025-05-07 14:16:19,388 - INFO - [main_window.py:165] - ✅ Styles appliqués
2025-05-07 14:16:19,389 - INFO - [main_window.py:26] - ✅ Interface principale initialisée avec succès
2025-05-07 14:16:19,491 - DEBUG - [selenium_manager.py:101] - Selenium Manager binary found at: C:\Users\perio\AppData\Local\Programs\Python\Python311\Lib\site-packages\selenium\webdriver\common\windows\selenium-manager.exe
2025-05-07 14:16:19,492 - DEBUG - [selenium_manager.py:114] - Executing process: C:\Users\perio\AppData\Local\Programs\Python\Python311\Lib\site-packages\selenium\webdriver\common\windows\selenium-manager.exe --browser chrome --debug --language-binding python --output json
2025-05-07 14:16:19,863 - DEBUG - [selenium_manager.py:140] - chromedriver not found in PATH
2025-05-07 14:16:19,863 - DEBUG - [selenium_manager.py:140] - chrome detected at C:\Program Files\Google\Chrome\Application\chrome.exe
2025-05-07 14:16:19,863 - DEBUG - [selenium_manager.py:140] - Running command: wmic datafile where name='C:\\Program Files\\Google\\Chrome\\Application\\chrome.exe' get Version /value
2025-05-07 14:16:19,864 - DEBUG - [selenium_manager.py:140] - Output: "\r\r\n\r\r\nVersion=136.0.7103.93\r\r\n\r\r\n\r\r\n\r"
2025-05-07 14:16:19,864 - DEBUG - [selenium_manager.py:140] - Detected browser: chrome 136.0.7103.93
2025-05-07 14:16:19,864 - DEBUG - [selenium_manager.py:140] - Required driver: chromedriver 136.0.7103.92
2025-05-07 14:16:19,865 - DEBUG - [selenium_manager.py:140] - chromedriver 136.0.7103.92 already in the cache
2025-05-07 14:16:19,865 - DEBUG - [selenium_manager.py:140] - Driver path: C:\Users\perio\.cache\selenium\chromedriver\win64\136.0.7103.92\chromedriver.exe
2025-05-07 14:16:19,865 - DEBUG - [selenium_manager.py:140] - Browser path: C:\Program Files\Google\Chrome\Application\chrome.exe
2025-05-07 14:16:19,874 - DEBUG - [service.py:231] - Started executable: `C:\Users\perio\.cache\selenium\chromedriver\win64\136.0.7103.92\chromedriver.exe` in a child process with pid: 28296 using 0 to output -3
2025-05-07 14:16:20,382 - DEBUG - [remote_connection.py:403] - POST http://localhost:63702/session {'capabilities': {'firstMatch': [{}], 'alwaysMatch': {'browserName': 'chrome', 'pageLoadStrategy': <PageLoadStrategy.normal: 'normal'>, 'browserVersion': None, 'goog:chromeOptions': {'excludeSwitches': ['enable-automation'], 'useAutomationExtension': False, 'extensions': [], 'binary': 'C:\\Program Files\\Google\\Chrome\\Application\\chrome.exe', 'args': ['--start-maximized', '--disable-blink-features=AutomationControlled']}}}}
2025-05-07 14:16:20,383 - DEBUG - [connectionpool.py:241] - Starting new HTTP connection (1): localhost:63702
2025-05-07 14:16:20,454 - INFO - [main_window.py:171] - Changement de page vers l'index 1
