2025-04-17 09:35:18,730 - INFO - [logger.py:31] - === Démarrage de Destiny Hub ===
2025-04-17 09:35:18,731 - INFO - [logger.py:32] - Version Python: 3.11.6 (tags/v3.11.6:8b6ee5b, Oct  2 2023, 14:57:12) [MSC v.1935 64 bit (AMD64)]
2025-04-17 09:35:18,731 - INFO - [logger.py:33] - Système d'exploitation: win32
2025-04-17 09:35:18,731 - INFO - [logger.py:34] - Fichier de log créé: logs/destiny_hub_20250417_093518.log
2025-04-17 09:35:18,733 - INFO - [logger.py:55] - === Informations Système ===
2025-04-17 09:35:18,733 - INFO - [logger.py:56] - OS: Windows 10
2025-04-17 09:35:18,733 - INFO - [logger.py:57] - Architecture: AMD64
2025-04-17 09:35:18,733 - INFO - [logger.py:58] - Processeur: AMD64 Family 25 Model 68 Stepping 1, AuthenticAMD
2025-04-17 09:35:18,743 - INFO - [logger.py:62] - Mémoire totale: 31.25 GB
2025-04-17 09:35:18,743 - INFO - [logger.py:63] - Mémoire disponible: 14.47 GB
2025-04-17 09:35:18,744 - INFO - [logger.py:64] - Utilisation mémoire: 53.7%
2025-04-17 09:35:18,744 - INFO - [logger.py:68] - Espace disque total: 952.48 GB
2025-04-17 09:35:18,744 - INFO - [logger.py:69] - Espace disque libre: 219.03 GB
2025-04-17 09:35:18,745 - INFO - [logger.py:70] - Utilisation disque: 77.0%
2025-04-17 09:35:18,745 - INFO - [logger.py:77] - === Vérification de l'environnement ===
2025-04-17 09:35:18,746 - INFO - [logger.py:93] - ✓ BUNGIE_API_KEY trouvée
2025-04-17 09:35:18,746 - DEBUG - [logger.py:94] - Longueur de BUNGIE_API_KEY: 32
2025-04-17 09:35:18,747 - ERROR - [logger.py:96] - ✗ CLIENT_ID non trouvée dans .env
2025-04-17 09:35:18,747 - ERROR - [logger.py:96] - ✗ CLIENT_SECRET non trouvée dans .env
2025-04-17 09:35:18,747 - INFO - [logger.py:105] - === Vérification des dépendances ===
2025-04-17 09:35:18,747 - INFO - [logger.py:119] - ✓ PyQt6 version: Version inconnue
2025-04-17 09:35:18,748 - INFO - [logger.py:119] - ✓ requests version: 2.32.3
2025-04-17 09:35:18,748 - INFO - [logger.py:119] - ✓ python-dotenv version: Version inconnue
2025-04-17 09:35:18,748 - INFO - [logger.py:119] - ✓ psutil version: 5.9.5
2025-04-17 09:35:18,748 - INFO - [logger.py:119] - ✓ beautifulsoup4 version: 4.13.4
2025-04-17 09:35:18,748 - INFO - [logger.py:126] - === Vérification des fichiers ===
2025-04-17 09:35:18,748 - INFO - [logger.py:148] - ✓ .env trouvé (Configuration)
2025-04-17 09:35:18,748 - INFO - [logger.py:148] - ✓ main.py trouvé (Point d'entrée)
2025-04-17 09:35:18,749 - INFO - [logger.py:148] - ✓ requirements.txt trouvé (Dépendances)
2025-04-17 09:35:18,749 - DEBUG - [logger.py:173] - === Contenu de requirements.txt ===
2025-04-17 09:35:18,749 - DEBUG - [logger.py:177] - - requests==2.31.0
2025-04-17 09:35:18,750 - DEBUG - [logger.py:177] - - customtkinter==5.2.1
2025-04-17 09:35:18,750 - DEBUG - [logger.py:177] - - pillow==10.2.0
2025-04-17 09:35:18,750 - DEBUG - [logger.py:177] - - python-dotenv==1.0.0
2025-04-17 09:35:18,751 - INFO - [logger.py:158] - ✓ Dossier ui trouvé (Interface utilisateur) - 4 fichiers
2025-04-17 09:35:18,751 - DEBUG - [logger.py:159] - Contenu de ui: main_window.py, pages, styles.py, __pycache__
2025-04-17 09:35:18,751 - INFO - [logger.py:158] - ✓ Dossier ui/pages trouvé (Pages de l'interface) - 5 fichiers
2025-04-17 09:35:18,752 - DEBUG - [logger.py:159] - Contenu de ui/pages: account_page.py, equipment_page.py, meta_page.py, missions_page.py, __pycache__
2025-04-17 09:35:18,752 - INFO - [logger.py:158] - ✓ Dossier api trouvé (API Bungie) - 3 fichiers
2025-04-17 09:35:18,752 - DEBUG - [logger.py:159] - Contenu de api: bungie_client.py, oauth_handler.py, __pycache__
2025-04-17 09:35:18,753 - INFO - [logger.py:158] - ✓ Dossier utils trouvé (Utilitaires) - 3 fichiers
2025-04-17 09:35:18,753 - DEBUG - [logger.py:159] - Contenu de utils: config.py, logger.py, __pycache__
2025-04-17 09:35:18,754 - INFO - [logger.py:158] - ✓ Dossier data trouvé (Données) - 4 fichiers
2025-04-17 09:35:18,754 - DEBUG - [logger.py:159] - Contenu de data: account.json, full_account.json, icons, profile_data.json
2025-04-17 09:35:18,754 - INFO - [logger.py:158] - ✓ Dossier icons trouvé (Icônes) - 64 fichiers
2025-04-17 09:35:18,755 - DEBUG - [logger.py:159] - Contenu de icons: 1003860281.png, 1183187516.png, 1197771438.png, 129332559.png, 1320342774.png, 1457394908.png, 1484009400.png, 1522633034.png, 152583919.png, 1533314821.png, 1616346845.png, 1907110519.png, 1911060537.png, 1958630864.png, 2012043039.png, 2134769653.png, 2151724216.png, 2185244404.png, 2190967049.png, 2198166292.png, 2286507447.png, 241462142.png, 2441435355.png, 2550323932.png, 2591586261.png, 2629014079.png, 266021826.png, 2738060683.png, 2741258862.png, 2742930797.png, 2783831726.png, 2809120022.png, 2827764482.png, 287888126.png, 2907129557.png, 2949538030.png, 2962546549.png, 3001229473.png, 3158812152.png, 3183180185.png, 3264721770.png, 331602521.png, 3434301337.png, 3569802112.png, 3628991658.png, 3733702440.png, 3797572280.png, 3828080585.png, 3844610113.png, 3906357376.png, 3947966653.png, 4026763349.png, 4062934448.png, 4146702548.png, 4282591831.png, 4293588774.png, 537041732.png, 557165046.png, 568611923.png, 643145875.png, 788073488.png, 810612804.png, 952431286.png, 991314988.png
2025-04-17 09:35:18,755 - INFO - [logger.py:158] - ✓ Dossier logs trouvé (Fichiers de log) - 9 fichiers
2025-04-17 09:35:18,755 - DEBUG - [logger.py:159] - Contenu de logs: destiny_hub_20250417_090308.log, destiny_hub_20250417_090501.log, destiny_hub_20250417_091449.log, destiny_hub_20250417_091744.log, destiny_hub_20250417_092047.log, destiny_hub_20250417_092453.log, destiny_hub_20250417_093036.log, destiny_hub_20250417_093355.log, destiny_hub_20250417_093518.log
2025-04-17 09:35:18,756 - INFO - [logger.py:158] - ✓ Dossier cache trouvé (Cache des images) - 0 fichiers
2025-04-17 09:35:18,756 - DEBUG - [logger.py:159] - Contenu de cache: 
2025-04-17 09:35:18,787 - INFO - [main_window.py:17] - === Initialisation de la fenêtre principale ===
2025-04-17 09:35:18,788 - INFO - [main_window.py:32] - Configuration de l'interface utilisateur
2025-04-17 09:35:18,793 - DEBUG - [main_window.py:112] - Création des pages...
2025-04-17 09:35:18,804 - DEBUG - [main_window.py:114] - ✓ Page compte créée
2025-04-17 09:35:18,827 - INFO - [equipment_page.py:164] - === Chargement des personnages ===
2025-04-17 09:35:18,833 - DEBUG - [connectionpool.py:1049] - Starting new HTTPS connection (1): www.bungie.net:443
2025-04-17 09:35:19,332 - DEBUG - [connectionpool.py:544] - https://www.bungie.net:443 "GET /Platform/Destiny2/3/Profile/4611686018536948250/?components=200%2C205 HTTP/1.1" 200 2477
2025-04-17 09:35:19,340 - INFO - [equipment_page.py:332] - Changement de personnage vers ID: 2305843010596444327
2025-04-17 09:35:19,343 - DEBUG - [connectionpool.py:1049] - Starting new HTTPS connection (1): www.bungie.net:443
2025-04-17 09:35:22,248 - DEBUG - [connectionpool.py:544] - https://www.bungie.net:443 "GET /Platform/Destiny2/3/Profile/4611686018536948250/?components=200 HTTP/1.1" 200 993
2025-04-17 09:35:22,250 - INFO - [equipment_page.py:361] - Lumière mise à jour pour le nouveau personnage: 2019
2025-04-17 09:35:22,250 - INFO - [equipment_page.py:219] - === Chargement de l'équipement pour le personnage 2305843010596444327 ===
2025-04-17 09:35:22,253 - DEBUG - [connectionpool.py:1049] - Starting new HTTPS connection (1): www.bungie.net:443
2025-04-17 09:35:22,747 - DEBUG - [connectionpool.py:544] - https://www.bungie.net:443 "GET /Platform/Destiny2/3/Profile/4611686018536948250/Character/2305843010596444327/?components=205%2C300%2C302 HTTP/1.1" 200 3083
2025-04-17 09:35:22,748 - INFO - [equipment_page.py:273] - === Affichage de l'équipement ===
2025-04-17 09:35:22,774 - INFO - [equipment_page.py:323] - Affichage terminé - 3 armes, 5 pièces d'armure
2025-04-17 09:35:22,775 - INFO - [equipment_page.py:219] - === Chargement de l'équipement pour le personnage 2305843010596444327 ===
2025-04-17 09:35:22,777 - DEBUG - [connectionpool.py:1049] - Starting new HTTPS connection (1): www.bungie.net:443
2025-04-17 09:35:22,933 - DEBUG - [connectionpool.py:544] - https://www.bungie.net:443 "GET /Platform/Destiny2/3/Profile/4611686018536948250/Character/2305843010596444327/?components=205%2C300%2C302 HTTP/1.1" 200 3083
2025-04-17 09:35:22,935 - INFO - [equipment_page.py:273] - === Affichage de l'équipement ===
2025-04-17 09:35:22,937 - INFO - [equipment_page.py:323] - Affichage terminé - 3 armes, 5 pièces d'armure
2025-04-17 09:35:22,938 - DEBUG - [main_window.py:117] - ✓ Page équipement créée
2025-04-17 09:35:22,940 - DEBUG - [main_window.py:120] - ✓ Page missions créée
2025-04-17 09:35:22,946 - DEBUG - [main_window.py:123] - ✓ Page meta créée
2025-04-17 09:35:22,948 - INFO - [meta_page.py:28] - === Début du scraping des armes meta ===
2025-04-17 09:35:22,948 - INFO - [main_window.py:141] - ✅ Pages ajoutées avec succès
2025-04-17 09:35:22,948 - INFO - [meta_page.py:41] - === Début de la récupération des stats depuis light.gg ===
2025-04-17 09:35:22,949 - INFO - [main_window.py:148] - Configuration de la barre de statut
2025-04-17 09:35:22,949 - INFO - [meta_page.py:56] - Initialisation du navigateur en mode headless
2025-04-17 09:35:22,950 - INFO - [main_window.py:161] - ✅ Barre de statut configurée
2025-04-17 09:35:22,950 - INFO - [main_window.py:167] - Application des styles
2025-04-17 09:35:22,958 - INFO - [main_window.py:172] - ✅ Styles appliqués
2025-04-17 09:35:22,958 - INFO - [main_window.py:26] - ✅ Interface principale initialisée avec succès
2025-04-17 09:35:23,032 - DEBUG - [selenium_manager.py:101] - Selenium Manager binary found at: C:\Users\perio\AppData\Local\Programs\Python\Python311\Lib\site-packages\selenium\webdriver\common\windows\selenium-manager.exe
2025-04-17 09:35:23,032 - DEBUG - [selenium_manager.py:114] - Executing process: C:\Users\perio\AppData\Local\Programs\Python\Python311\Lib\site-packages\selenium\webdriver\common\windows\selenium-manager.exe --browser chrome --debug --language-binding python --output json
2025-04-17 09:35:23,331 - DEBUG - [selenium_manager.py:140] - chromedriver not found in PATH
2025-04-17 09:35:23,348 - DEBUG - [selenium_manager.py:140] - chrome detected at C:\Program Files\Google\Chrome\Application\chrome.exe
2025-04-17 09:35:23,348 - DEBUG - [selenium_manager.py:140] - Running command: wmic datafile where name='C:\\Program Files\\Google\\Chrome\\Application\\chrome.exe' get Version /value
2025-04-17 09:35:23,348 - DEBUG - [selenium_manager.py:140] - Output: "\r\r\n\r\r\nVersion=135.0.7049.85\r\r\n\r\r\n\r\r\n\r"
2025-04-17 09:35:23,348 - DEBUG - [selenium_manager.py:140] - Detected browser: chrome 135.0.7049.85
2025-04-17 09:35:23,348 - DEBUG - [selenium_manager.py:140] - Required driver: chromedriver 135.0.7049.95
2025-04-17 09:35:23,349 - DEBUG - [selenium_manager.py:140] - chromedriver 135.0.7049.95 already in the cache
2025-04-17 09:35:23,349 - DEBUG - [selenium_manager.py:140] - Driver path: C:\Users\perio\.cache\selenium\chromedriver\win64\135.0.7049.95\chromedriver.exe
2025-04-17 09:35:23,349 - DEBUG - [selenium_manager.py:140] - Browser path: C:\Program Files\Google\Chrome\Application\chrome.exe
2025-04-17 09:35:23,358 - DEBUG - [service.py:231] - Started executable: `C:\Users\perio\.cache\selenium\chromedriver\win64\135.0.7049.95\chromedriver.exe` in a child process with pid: 10728 using 0 to output -3
2025-04-17 09:35:23,876 - DEBUG - [remote_connection.py:403] - POST http://localhost:63406/session {'capabilities': {'firstMatch': [{}], 'alwaysMatch': {'browserName': 'chrome', 'pageLoadStrategy': <PageLoadStrategy.normal: 'normal'>, 'browserVersion': None, 'goog:chromeOptions': {'excludeSwitches': ['enable-automation'], 'useAutomationExtension': False, 'extensions': [], 'binary': 'C:\\Program Files\\Google\\Chrome\\Application\\chrome.exe', 'args': ['--headless=new', '--disable-gpu', '--no-sandbox', '--disable-dev-shm-usage', '--window-size=1920,1080', '--disable-blink-features=AutomationControlled', 'user-agent=Mozilla/5.0 (Windows NT 10.0; Win64; x64) AppleWebKit/537.36']}}}}
2025-04-17 09:35:23,876 - DEBUG - [connectionpool.py:241] - Starting new HTTP connection (1): localhost:63406
2025-04-17 09:35:24,508 - DEBUG - [connectionpool.py:544] - http://localhost:63406 "POST /session HTTP/1.1" 200 0
2025-04-17 09:35:24,508 - DEBUG - [remote_connection.py:436] - Remote response: status=200 | data={"value":{"capabilities":{"acceptInsecureCerts":false,"browserName":"chrome","browserVersion":"135.0.7049.85","chrome":{"chromedriverVersion":"135.0.7049.95 (de2eb485a1951079e63bdb57ce25544d2dc79c15-refs/branch-heads/7049@{#1836})","userDataDir":"C:\\Users\\perio\\AppData\\Local\\Temp\\scoped_dir10728_1372440545"},"fedcm:accounts":true,"goog:chromeOptions":{"debuggerAddress":"localhost:63409"},"networkConnectionEnabled":false,"pageLoadStrategy":"normal","platformName":"windows","proxy":{},"setWindowRect":true,"strictFileInteractability":false,"timeouts":{"implicit":0,"pageLoad":300000,"script":30000},"unhandledPromptBehavior":"dismiss and notify","webauthn:extension:credBlob":true,"webauthn:extension:largeBlob":true,"webauthn:extension:minPinLength":true,"webauthn:extension:prf":true,"webauthn:virtualAuthenticators":true},"sessionId":"84d665ea0ba0549381df96e81e3b7552"}} | headers=HTTPHeaderDict({'Content-Length': '882', 'Content-Type': 'application/json; charset=utf-8', 'cache-control': 'no-cache'})
2025-04-17 09:35:24,508 - DEBUG - [remote_connection.py:465] - Finished Request
2025-04-17 09:35:24,508 - INFO - [meta_page.py:62] - Accès à https://www.light.gg/god-roll/
2025-04-17 09:35:24,509 - DEBUG - [remote_connection.py:403] - POST http://localhost:63406/session/84d665ea0ba0549381df96e81e3b7552/url {'url': 'https://www.light.gg/god-roll/'}
2025-04-17 09:35:24,559 - INFO - [main_window.py:178] - Changement de page vers l'index 1
2025-04-17 09:35:24,560 - DEBUG - [main_window.py:187] - ✓ Page changée avec succès vers 1
2025-04-17 09:35:25,644 - INFO - [main_window.py:178] - Changement de page vers l'index 3
2025-04-17 09:35:25,646 - DEBUG - [main_window.py:187] - ✓ Page changée avec succès vers 3
2025-04-17 09:35:26,671 - DEBUG - [connectionpool.py:544] - http://localhost:63406 "POST /session/84d665ea0ba0549381df96e81e3b7552/url HTTP/1.1" 200 0
2025-04-17 09:35:26,672 - DEBUG - [remote_connection.py:436] - Remote response: status=200 | data={"value":null} | headers=HTTPHeaderDict({'Content-Length': '14', 'Content-Type': 'application/json; charset=utf-8', 'cache-control': 'no-cache'})
2025-04-17 09:35:26,672 - DEBUG - [remote_connection.py:465] - Finished Request
2025-04-17 09:35:26,672 - INFO - [meta_page.py:67] - Attente du chargement des données...
2025-04-17 09:35:26,673 - DEBUG - [remote_connection.py:403] - POST http://localhost:63406/session/84d665ea0ba0549381df96e81e3b7552/element {'using': 'css selector', 'value': '#trending-weapons tr'}
2025-04-17 09:35:26,685 - DEBUG - [connectionpool.py:544] - http://localhost:63406 "POST /session/84d665ea0ba0549381df96e81e3b7552/element HTTP/1.1" 404 0
2025-04-17 09:35:26,685 - DEBUG - [remote_connection.py:436] - Remote response: status=404 | data={"value":{"error":"no such element","message":"no such element: Unable to locate element: {\"method\":\"css selector\",\"selector\":\"#trending-weapons tr\"}\n  (Session info: chrome=135.0.7049.85)","stacktrace":"\tGetHandleVerifier [0x00007FF657335355+78597]\n\tGetHandleVerifier [0x00007FF6573353B0+78688]\n\t(No symbol) [0x00007FF6570E91AA]\n\t(No symbol) [0x00007FF65713F149]\n\t(No symbol) [0x00007FF65713F3FC]\n\t(No symbol) [0x00007FF657192467]\n\t(No symbol) [0x00007FF65716712F]\n\t(No symbol) [0x00007FF65718F2BB]\n\t(No symbol) [0x00007FF657166EC3]\n\t(No symbol) [0x00007FF6571303F8]\n\t(No symbol) [0x00007FF657131163]\n\tGetHandleVerifier [0x00007FF6575DEF0D+2870973]\n\tGetHandleVerifier [0x00007FF6575D96B8+2848360]\n\tGetHandleVerifier [0x00007FF6575F6993+2967875]\n\tGetHandleVerifier [0x00007FF65735019A+188746]\n\tGetHandleVerifier [0x00007FF65735847F+222255]\n\tGetHandleVerifier [0x00007FF65733D2D4+111236]\n\tGetHandleVerifier [0x00007FF65733D482+111666]\n\tGetHandleVerifier [0x00007FF6573235A9+5465]\n\tBaseThreadInitThunk [0x00007FFA9441E8D7+23]\n\tRtlUserThreadStart [0x00007FFA959314FC+44]\n"}} | headers=HTTPHeaderDict({'Content-Length': '1122', 'Content-Type': 'application/json; charset=utf-8', 'cache-control': 'no-cache'})
2025-04-17 09:35:26,685 - DEBUG - [remote_connection.py:465] - Finished Request
2025-04-17 09:35:27,186 - DEBUG - [remote_connection.py:403] - POST http://localhost:63406/session/84d665ea0ba0549381df96e81e3b7552/element {'using': 'css selector', 'value': '#trending-weapons tr'}
2025-04-17 09:35:27,196 - DEBUG - [connectionpool.py:544] - http://localhost:63406 "POST /session/84d665ea0ba0549381df96e81e3b7552/element HTTP/1.1" 404 0
2025-04-17 09:35:27,197 - DEBUG - [remote_connection.py:436] - Remote response: status=404 | data={"value":{"error":"no such element","message":"no such element: Unable to locate element: {\"method\":\"css selector\",\"selector\":\"#trending-weapons tr\"}\n  (Session info: chrome=135.0.7049.85)","stacktrace":"\tGetHandleVerifier [0x00007FF657335355+78597]\n\tGetHandleVerifier [0x00007FF6573353B0+78688]\n\t(No symbol) [0x00007FF6570E91AA]\n\t(No symbol) [0x00007FF65713F149]\n\t(No symbol) [0x00007FF65713F3FC]\n\t(No symbol) [0x00007FF657192467]\n\t(No symbol) [0x00007FF65716712F]\n\t(No symbol) [0x00007FF65718F2BB]\n\t(No symbol) [0x00007FF657166EC3]\n\t(No symbol) [0x00007FF6571303F8]\n\t(No symbol) [0x00007FF657131163]\n\tGetHandleVerifier [0x00007FF6575DEF0D+2870973]\n\tGetHandleVerifier [0x00007FF6575D96B8+2848360]\n\tGetHandleVerifier [0x00007FF6575F6993+2967875]\n\tGetHandleVerifier [0x00007FF65735019A+188746]\n\tGetHandleVerifier [0x00007FF65735847F+222255]\n\tGetHandleVerifier [0x00007FF65733D2D4+111236]\n\tGetHandleVerifier [0x00007FF65733D482+111666]\n\tGetHandleVerifier [0x00007FF6573235A9+5465]\n\tBaseThreadInitThunk [0x00007FFA9441E8D7+23]\n\tRtlUserThreadStart [0x00007FFA959314FC+44]\n"}} | headers=HTTPHeaderDict({'Content-Length': '1122', 'Content-Type': 'application/json; charset=utf-8', 'cache-control': 'no-cache'})
2025-04-17 09:35:27,197 - DEBUG - [remote_connection.py:465] - Finished Request
2025-04-17 09:35:27,698 - DEBUG - [remote_connection.py:403] - POST http://localhost:63406/session/84d665ea0ba0549381df96e81e3b7552/element {'using': 'css selector', 'value': '#trending-weapons tr'}
2025-04-17 09:35:27,708 - DEBUG - [connectionpool.py:544] - http://localhost:63406 "POST /session/84d665ea0ba0549381df96e81e3b7552/element HTTP/1.1" 404 0
2025-04-17 09:35:27,708 - DEBUG - [remote_connection.py:436] - Remote response: status=404 | data={"value":{"error":"no such element","message":"no such element: Unable to locate element: {\"method\":\"css selector\",\"selector\":\"#trending-weapons tr\"}\n  (Session info: chrome=135.0.7049.85)","stacktrace":"\tGetHandleVerifier [0x00007FF657335355+78597]\n\tGetHandleVerifier [0x00007FF6573353B0+78688]\n\t(No symbol) [0x00007FF6570E91AA]\n\t(No symbol) [0x00007FF65713F149]\n\t(No symbol) [0x00007FF65713F3FC]\n\t(No symbol) [0x00007FF657192467]\n\t(No symbol) [0x00007FF65716712F]\n\t(No symbol) [0x00007FF65718F2BB]\n\t(No symbol) [0x00007FF657166EC3]\n\t(No symbol) [0x00007FF6571303F8]\n\t(No symbol) [0x00007FF657131163]\n\tGetHandleVerifier [0x00007FF6575DEF0D+2870973]\n\tGetHandleVerifier [0x00007FF6575D96B8+2848360]\n\tGetHandleVerifier [0x00007FF6575F6993+2967875]\n\tGetHandleVerifier [0x00007FF65735019A+188746]\n\tGetHandleVerifier [0x00007FF65735847F+222255]\n\tGetHandleVerifier [0x00007FF65733D2D4+111236]\n\tGetHandleVerifier [0x00007FF65733D482+111666]\n\tGetHandleVerifier [0x00007FF6573235A9+5465]\n\tBaseThreadInitThunk [0x00007FFA9441E8D7+23]\n\tRtlUserThreadStart [0x00007FFA959314FC+44]\n"}} | headers=HTTPHeaderDict({'Content-Length': '1122', 'Content-Type': 'application/json; charset=utf-8', 'cache-control': 'no-cache'})
2025-04-17 09:35:27,708 - DEBUG - [remote_connection.py:465] - Finished Request
2025-04-17 09:35:28,221 - DEBUG - [remote_connection.py:403] - POST http://localhost:63406/session/84d665ea0ba0549381df96e81e3b7552/element {'using': 'css selector', 'value': '#trending-weapons tr'}
2025-04-17 09:35:28,395 - DEBUG - [connectionpool.py:544] - http://localhost:63406 "POST /session/84d665ea0ba0549381df96e81e3b7552/element HTTP/1.1" 404 0
2025-04-17 09:35:28,421 - DEBUG - [remote_connection.py:436] - Remote response: status=404 | data={"value":{"error":"no such element","message":"no such element: Unable to locate element: {\"method\":\"css selector\",\"selector\":\"#trending-weapons tr\"}\n  (Session info: chrome=135.0.7049.85)","stacktrace":"\tGetHandleVerifier [0x00007FF657335355+78597]\n\tGetHandleVerifier [0x00007FF6573353B0+78688]\n\t(No symbol) [0x00007FF6570E91AA]\n\t(No symbol) [0x00007FF65713F149]\n\t(No symbol) [0x00007FF65713F3FC]\n\t(No symbol) [0x00007FF657192467]\n\t(No symbol) [0x00007FF65716712F]\n\t(No symbol) [0x00007FF65718F2BB]\n\t(No symbol) [0x00007FF657166EC3]\n\t(No symbol) [0x00007FF6571303F8]\n\t(No symbol) [0x00007FF657131163]\n\tGetHandleVerifier [0x00007FF6575DEF0D+2870973]\n\tGetHandleVerifier [0x00007FF6575D96B8+2848360]\n\tGetHandleVerifier [0x00007FF6575F6993+2967875]\n\tGetHandleVerifier [0x00007FF65735019A+188746]\n\tGetHandleVerifier [0x00007FF65735847F+222255]\n\tGetHandleVerifier [0x00007FF65733D2D4+111236]\n\tGetHandleVerifier [0x00007FF65733D482+111666]\n\tGetHandleVerifier [0x00007FF6573235A9+5465]\n\tBaseThreadInitThunk [0x00007FFA9441E8D7+23]\n\tRtlUserThreadStart [0x00007FFA959314FC+44]\n"}} | headers=HTTPHeaderDict({'Content-Length': '1122', 'Content-Type': 'application/json; charset=utf-8', 'cache-control': 'no-cache'})
2025-04-17 09:35:28,457 - DEBUG - [remote_connection.py:465] - Finished Request
2025-04-17 09:35:29,007 - DEBUG - [remote_connection.py:403] - POST http://localhost:63406/session/84d665ea0ba0549381df96e81e3b7552/element {'using': 'css selector', 'value': '#trending-weapons tr'}
2025-04-17 09:35:29,178 - DEBUG - [connectionpool.py:544] - http://localhost:63406 "POST /session/84d665ea0ba0549381df96e81e3b7552/element HTTP/1.1" 404 0
2025-04-17 09:35:29,218 - DEBUG - [remote_connection.py:436] - Remote response: status=404 | data={"value":{"error":"no such element","message":"no such element: Unable to locate element: {\"method\":\"css selector\",\"selector\":\"#trending-weapons tr\"}\n  (Session info: chrome=135.0.7049.85)","stacktrace":"\tGetHandleVerifier [0x00007FF657335355+78597]\n\tGetHandleVerifier [0x00007FF6573353B0+78688]\n\t(No symbol) [0x00007FF6570E91AA]\n\t(No symbol) [0x00007FF65713F149]\n\t(No symbol) [0x00007FF65713F3FC]\n\t(No symbol) [0x00007FF657192467]\n\t(No symbol) [0x00007FF65716712F]\n\t(No symbol) [0x00007FF65718F2BB]\n\t(No symbol) [0x00007FF657166EC3]\n\t(No symbol) [0x00007FF6571303F8]\n\t(No symbol) [0x00007FF657131163]\n\tGetHandleVerifier [0x00007FF6575DEF0D+2870973]\n\tGetHandleVerifier [0x00007FF6575D96B8+2848360]\n\tGetHandleVerifier [0x00007FF6575F6993+2967875]\n\tGetHandleVerifier [0x00007FF65735019A+188746]\n\tGetHandleVerifier [0x00007FF65735847F+222255]\n\tGetHandleVerifier [0x00007FF65733D2D4+111236]\n\tGetHandleVerifier [0x00007FF65733D482+111666]\n\tGetHandleVerifier [0x00007FF6573235A9+5465]\n\tBaseThreadInitThunk [0x00007FFA9441E8D7+23]\n\tRtlUserThreadStart [0x00007FFA959314FC+44]\n"}} | headers=HTTPHeaderDict({'Content-Length': '1122', 'Content-Type': 'application/json; charset=utf-8', 'cache-control': 'no-cache'})
2025-04-17 09:35:29,263 - DEBUG - [remote_connection.py:465] - Finished Request
2025-04-17 09:35:29,794 - DEBUG - [remote_connection.py:403] - POST http://localhost:63406/session/84d665ea0ba0549381df96e81e3b7552/element {'using': 'css selector', 'value': '#trending-weapons tr'}
2025-04-17 09:35:29,801 - DEBUG - [connectionpool.py:544] - http://localhost:63406 "POST /session/84d665ea0ba0549381df96e81e3b7552/element HTTP/1.1" 404 0
2025-04-17 09:35:29,801 - DEBUG - [remote_connection.py:436] - Remote response: status=404 | data={"value":{"error":"no such element","message":"no such element: Unable to locate element: {\"method\":\"css selector\",\"selector\":\"#trending-weapons tr\"}\n  (Session info: chrome=135.0.7049.85)","stacktrace":"\tGetHandleVerifier [0x00007FF657335355+78597]\n\tGetHandleVerifier [0x00007FF6573353B0+78688]\n\t(No symbol) [0x00007FF6570E91AA]\n\t(No symbol) [0x00007FF65713F149]\n\t(No symbol) [0x00007FF65713F3FC]\n\t(No symbol) [0x00007FF657192467]\n\t(No symbol) [0x00007FF65716712F]\n\t(No symbol) [0x00007FF65718F2BB]\n\t(No symbol) [0x00007FF657166EC3]\n\t(No symbol) [0x00007FF6571303F8]\n\t(No symbol) [0x00007FF657131163]\n\tGetHandleVerifier [0x00007FF6575DEF0D+2870973]\n\tGetHandleVerifier [0x00007FF6575D96B8+2848360]\n\tGetHandleVerifier [0x00007FF6575F6993+2967875]\n\tGetHandleVerifier [0x00007FF65735019A+188746]\n\tGetHandleVerifier [0x00007FF65735847F+222255]\n\tGetHandleVerifier [0x00007FF65733D2D4+111236]\n\tGetHandleVerifier [0x00007FF65733D482+111666]\n\tGetHandleVerifier [0x00007FF6573235A9+5465]\n\tBaseThreadInitThunk [0x00007FFA9441E8D7+23]\n\tRtlUserThreadStart [0x00007FFA959314FC+44]\n"}} | headers=HTTPHeaderDict({'Content-Length': '1122', 'Content-Type': 'application/json; charset=utf-8', 'cache-control': 'no-cache'})
2025-04-17 09:35:29,801 - DEBUG - [remote_connection.py:465] - Finished Request
2025-04-17 09:35:30,303 - DEBUG - [remote_connection.py:403] - POST http://localhost:63406/session/84d665ea0ba0549381df96e81e3b7552/element {'using': 'css selector', 'value': '#trending-weapons tr'}
2025-04-17 09:35:30,311 - DEBUG - [connectionpool.py:544] - http://localhost:63406 "POST /session/84d665ea0ba0549381df96e81e3b7552/element HTTP/1.1" 404 0
2025-04-17 09:35:30,311 - DEBUG - [remote_connection.py:436] - Remote response: status=404 | data={"value":{"error":"no such element","message":"no such element: Unable to locate element: {\"method\":\"css selector\",\"selector\":\"#trending-weapons tr\"}\n  (Session info: chrome=135.0.7049.85)","stacktrace":"\tGetHandleVerifier [0x00007FF657335355+78597]\n\tGetHandleVerifier [0x00007FF6573353B0+78688]\n\t(No symbol) [0x00007FF6570E91AA]\n\t(No symbol) [0x00007FF65713F149]\n\t(No symbol) [0x00007FF65713F3FC]\n\t(No symbol) [0x00007FF657192467]\n\t(No symbol) [0x00007FF65716712F]\n\t(No symbol) [0x00007FF65718F2BB]\n\t(No symbol) [0x00007FF657166EC3]\n\t(No symbol) [0x00007FF6571303F8]\n\t(No symbol) [0x00007FF657131163]\n\tGetHandleVerifier [0x00007FF6575DEF0D+2870973]\n\tGetHandleVerifier [0x00007FF6575D96B8+2848360]\n\tGetHandleVerifier [0x00007FF6575F6993+2967875]\n\tGetHandleVerifier [0x00007FF65735019A+188746]\n\tGetHandleVerifier [0x00007FF65735847F+222255]\n\tGetHandleVerifier [0x00007FF65733D2D4+111236]\n\tGetHandleVerifier [0x00007FF65733D482+111666]\n\tGetHandleVerifier [0x00007FF6573235A9+5465]\n\tBaseThreadInitThunk [0x00007FFA9441E8D7+23]\n\tRtlUserThreadStart [0x00007FFA959314FC+44]\n"}} | headers=HTTPHeaderDict({'Content-Length': '1122', 'Content-Type': 'application/json; charset=utf-8', 'cache-control': 'no-cache'})
2025-04-17 09:35:30,312 - DEBUG - [remote_connection.py:465] - Finished Request
2025-04-17 09:35:30,813 - DEBUG - [remote_connection.py:403] - POST http://localhost:63406/session/84d665ea0ba0549381df96e81e3b7552/element {'using': 'css selector', 'value': '#trending-weapons tr'}
2025-04-17 09:35:30,820 - DEBUG - [connectionpool.py:544] - http://localhost:63406 "POST /session/84d665ea0ba0549381df96e81e3b7552/element HTTP/1.1" 404 0
2025-04-17 09:35:30,821 - DEBUG - [remote_connection.py:436] - Remote response: status=404 | data={"value":{"error":"no such element","message":"no such element: Unable to locate element: {\"method\":\"css selector\",\"selector\":\"#trending-weapons tr\"}\n  (Session info: chrome=135.0.7049.85)","stacktrace":"\tGetHandleVerifier [0x00007FF657335355+78597]\n\tGetHandleVerifier [0x00007FF6573353B0+78688]\n\t(No symbol) [0x00007FF6570E91AA]\n\t(No symbol) [0x00007FF65713F149]\n\t(No symbol) [0x00007FF65713F3FC]\n\t(No symbol) [0x00007FF657192467]\n\t(No symbol) [0x00007FF65716712F]\n\t(No symbol) [0x00007FF65718F2BB]\n\t(No symbol) [0x00007FF657166EC3]\n\t(No symbol) [0x00007FF6571303F8]\n\t(No symbol) [0x00007FF657131163]\n\tGetHandleVerifier [0x00007FF6575DEF0D+2870973]\n\tGetHandleVerifier [0x00007FF6575D96B8+2848360]\n\tGetHandleVerifier [0x00007FF6575F6993+2967875]\n\tGetHandleVerifier [0x00007FF65735019A+188746]\n\tGetHandleVerifier [0x00007FF65735847F+222255]\n\tGetHandleVerifier [0x00007FF65733D2D4+111236]\n\tGetHandleVerifier [0x00007FF65733D482+111666]\n\tGetHandleVerifier [0x00007FF6573235A9+5465]\n\tBaseThreadInitThunk [0x00007FFA9441E8D7+23]\n\tRtlUserThreadStart [0x00007FFA959314FC+44]\n"}} | headers=HTTPHeaderDict({'Content-Length': '1122', 'Content-Type': 'application/json; charset=utf-8', 'cache-control': 'no-cache'})
2025-04-17 09:35:30,821 - DEBUG - [remote_connection.py:465] - Finished Request
2025-04-17 09:35:31,322 - DEBUG - [remote_connection.py:403] - POST http://localhost:63406/session/84d665ea0ba0549381df96e81e3b7552/element {'using': 'css selector', 'value': '#trending-weapons tr'}
2025-04-17 09:35:31,330 - DEBUG - [connectionpool.py:544] - http://localhost:63406 "POST /session/84d665ea0ba0549381df96e81e3b7552/element HTTP/1.1" 404 0
2025-04-17 09:35:31,330 - DEBUG - [remote_connection.py:436] - Remote response: status=404 | data={"value":{"error":"no such element","message":"no such element: Unable to locate element: {\"method\":\"css selector\",\"selector\":\"#trending-weapons tr\"}\n  (Session info: chrome=135.0.7049.85)","stacktrace":"\tGetHandleVerifier [0x00007FF657335355+78597]\n\tGetHandleVerifier [0x00007FF6573353B0+78688]\n\t(No symbol) [0x00007FF6570E91AA]\n\t(No symbol) [0x00007FF65713F149]\n\t(No symbol) [0x00007FF65713F3FC]\n\t(No symbol) [0x00007FF657192467]\n\t(No symbol) [0x00007FF65716712F]\n\t(No symbol) [0x00007FF65718F2BB]\n\t(No symbol) [0x00007FF657166EC3]\n\t(No symbol) [0x00007FF6571303F8]\n\t(No symbol) [0x00007FF657131163]\n\tGetHandleVerifier [0x00007FF6575DEF0D+2870973]\n\tGetHandleVerifier [0x00007FF6575D96B8+2848360]\n\tGetHandleVerifier [0x00007FF6575F6993+2967875]\n\tGetHandleVerifier [0x00007FF65735019A+188746]\n\tGetHandleVerifier [0x00007FF65735847F+222255]\n\tGetHandleVerifier [0x00007FF65733D2D4+111236]\n\tGetHandleVerifier [0x00007FF65733D482+111666]\n\tGetHandleVerifier [0x00007FF6573235A9+5465]\n\tBaseThreadInitThunk [0x00007FFA9441E8D7+23]\n\tRtlUserThreadStart [0x00007FFA959314FC+44]\n"}} | headers=HTTPHeaderDict({'Content-Length': '1122', 'Content-Type': 'application/json; charset=utf-8', 'cache-control': 'no-cache'})
2025-04-17 09:35:31,331 - DEBUG - [remote_connection.py:465] - Finished Request
2025-04-17 09:35:31,832 - DEBUG - [remote_connection.py:403] - POST http://localhost:63406/session/84d665ea0ba0549381df96e81e3b7552/element {'using': 'css selector', 'value': '#trending-weapons tr'}
2025-04-17 09:35:31,839 - DEBUG - [connectionpool.py:544] - http://localhost:63406 "POST /session/84d665ea0ba0549381df96e81e3b7552/element HTTP/1.1" 404 0
2025-04-17 09:35:31,840 - DEBUG - [remote_connection.py:436] - Remote response: status=404 | data={"value":{"error":"no such element","message":"no such element: Unable to locate element: {\"method\":\"css selector\",\"selector\":\"#trending-weapons tr\"}\n  (Session info: chrome=135.0.7049.85)","stacktrace":"\tGetHandleVerifier [0x00007FF657335355+78597]\n\tGetHandleVerifier [0x00007FF6573353B0+78688]\n\t(No symbol) [0x00007FF6570E91AA]\n\t(No symbol) [0x00007FF65713F149]\n\t(No symbol) [0x00007FF65713F3FC]\n\t(No symbol) [0x00007FF657192467]\n\t(No symbol) [0x00007FF65716712F]\n\t(No symbol) [0x00007FF65718F2BB]\n\t(No symbol) [0x00007FF657166EC3]\n\t(No symbol) [0x00007FF6571303F8]\n\t(No symbol) [0x00007FF657131163]\n\tGetHandleVerifier [0x00007FF6575DEF0D+2870973]\n\tGetHandleVerifier [0x00007FF6575D96B8+2848360]\n\tGetHandleVerifier [0x00007FF6575F6993+2967875]\n\tGetHandleVerifier [0x00007FF65735019A+188746]\n\tGetHandleVerifier [0x00007FF65735847F+222255]\n\tGetHandleVerifier [0x00007FF65733D2D4+111236]\n\tGetHandleVerifier [0x00007FF65733D482+111666]\n\tGetHandleVerifier [0x00007FF6573235A9+5465]\n\tBaseThreadInitThunk [0x00007FFA9441E8D7+23]\n\tRtlUserThreadStart [0x00007FFA959314FC+44]\n"}} | headers=HTTPHeaderDict({'Content-Length': '1122', 'Content-Type': 'application/json; charset=utf-8', 'cache-control': 'no-cache'})
2025-04-17 09:35:31,840 - DEBUG - [remote_connection.py:465] - Finished Request
2025-04-17 09:35:32,342 - DEBUG - [remote_connection.py:403] - POST http://localhost:63406/session/84d665ea0ba0549381df96e81e3b7552/element {'using': 'css selector', 'value': '#trending-weapons tr'}
2025-04-17 09:35:32,348 - DEBUG - [connectionpool.py:544] - http://localhost:63406 "POST /session/84d665ea0ba0549381df96e81e3b7552/element HTTP/1.1" 404 0
2025-04-17 09:35:32,350 - DEBUG - [remote_connection.py:436] - Remote response: status=404 | data={"value":{"error":"no such element","message":"no such element: Unable to locate element: {\"method\":\"css selector\",\"selector\":\"#trending-weapons tr\"}\n  (Session info: chrome=135.0.7049.85)","stacktrace":"\tGetHandleVerifier [0x00007FF657335355+78597]\n\tGetHandleVerifier [0x00007FF6573353B0+78688]\n\t(No symbol) [0x00007FF6570E91AA]\n\t(No symbol) [0x00007FF65713F149]\n\t(No symbol) [0x00007FF65713F3FC]\n\t(No symbol) [0x00007FF657192467]\n\t(No symbol) [0x00007FF65716712F]\n\t(No symbol) [0x00007FF65718F2BB]\n\t(No symbol) [0x00007FF657166EC3]\n\t(No symbol) [0x00007FF6571303F8]\n\t(No symbol) [0x00007FF657131163]\n\tGetHandleVerifier [0x00007FF6575DEF0D+2870973]\n\tGetHandleVerifier [0x00007FF6575D96B8+2848360]\n\tGetHandleVerifier [0x00007FF6575F6993+2967875]\n\tGetHandleVerifier [0x00007FF65735019A+188746]\n\tGetHandleVerifier [0x00007FF65735847F+222255]\n\tGetHandleVerifier [0x00007FF65733D2D4+111236]\n\tGetHandleVerifier [0x00007FF65733D482+111666]\n\tGetHandleVerifier [0x00007FF6573235A9+5465]\n\tBaseThreadInitThunk [0x00007FFA9441E8D7+23]\n\tRtlUserThreadStart [0x00007FFA959314FC+44]\n"}} | headers=HTTPHeaderDict({'Content-Length': '1122', 'Content-Type': 'application/json; charset=utf-8', 'cache-control': 'no-cache'})
2025-04-17 09:35:32,350 - DEBUG - [remote_connection.py:465] - Finished Request
2025-04-17 09:35:32,851 - DEBUG - [remote_connection.py:403] - POST http://localhost:63406/session/84d665ea0ba0549381df96e81e3b7552/element {'using': 'css selector', 'value': '#trending-weapons tr'}
2025-04-17 09:35:32,861 - DEBUG - [connectionpool.py:544] - http://localhost:63406 "POST /session/84d665ea0ba0549381df96e81e3b7552/element HTTP/1.1" 404 0
2025-04-17 09:35:32,861 - DEBUG - [remote_connection.py:436] - Remote response: status=404 | data={"value":{"error":"no such element","message":"no such element: Unable to locate element: {\"method\":\"css selector\",\"selector\":\"#trending-weapons tr\"}\n  (Session info: chrome=135.0.7049.85)","stacktrace":"\tGetHandleVerifier [0x00007FF657335355+78597]\n\tGetHandleVerifier [0x00007FF6573353B0+78688]\n\t(No symbol) [0x00007FF6570E91AA]\n\t(No symbol) [0x00007FF65713F149]\n\t(No symbol) [0x00007FF65713F3FC]\n\t(No symbol) [0x00007FF657192467]\n\t(No symbol) [0x00007FF65716712F]\n\t(No symbol) [0x00007FF65718F2BB]\n\t(No symbol) [0x00007FF657166EC3]\n\t(No symbol) [0x00007FF6571303F8]\n\t(No symbol) [0x00007FF657131163]\n\tGetHandleVerifier [0x00007FF6575DEF0D+2870973]\n\tGetHandleVerifier [0x00007FF6575D96B8+2848360]\n\tGetHandleVerifier [0x00007FF6575F6993+2967875]\n\tGetHandleVerifier [0x00007FF65735019A+188746]\n\tGetHandleVerifier [0x00007FF65735847F+222255]\n\tGetHandleVerifier [0x00007FF65733D2D4+111236]\n\tGetHandleVerifier [0x00007FF65733D482+111666]\n\tGetHandleVerifier [0x00007FF6573235A9+5465]\n\tBaseThreadInitThunk [0x00007FFA9441E8D7+23]\n\tRtlUserThreadStart [0x00007FFA959314FC+44]\n"}} | headers=HTTPHeaderDict({'Content-Length': '1122', 'Content-Type': 'application/json; charset=utf-8', 'cache-control': 'no-cache'})
2025-04-17 09:35:32,862 - DEBUG - [remote_connection.py:465] - Finished Request
2025-04-17 09:35:33,380 - DEBUG - [remote_connection.py:403] - POST http://localhost:63406/session/84d665ea0ba0549381df96e81e3b7552/element {'using': 'css selector', 'value': '#trending-weapons tr'}
2025-04-17 09:35:33,553 - DEBUG - [connectionpool.py:544] - http://localhost:63406 "POST /session/84d665ea0ba0549381df96e81e3b7552/element HTTP/1.1" 404 0
2025-04-17 09:35:33,586 - DEBUG - [remote_connection.py:436] - Remote response: status=404 | data={"value":{"error":"no such element","message":"no such element: Unable to locate element: {\"method\":\"css selector\",\"selector\":\"#trending-weapons tr\"}\n  (Session info: chrome=135.0.7049.85)","stacktrace":"\tGetHandleVerifier [0x00007FF657335355+78597]\n\tGetHandleVerifier [0x00007FF6573353B0+78688]\n\t(No symbol) [0x00007FF6570E91AA]\n\t(No symbol) [0x00007FF65713F149]\n\t(No symbol) [0x00007FF65713F3FC]\n\t(No symbol) [0x00007FF657192467]\n\t(No symbol) [0x00007FF65716712F]\n\t(No symbol) [0x00007FF65718F2BB]\n\t(No symbol) [0x00007FF657166EC3]\n\t(No symbol) [0x00007FF6571303F8]\n\t(No symbol) [0x00007FF657131163]\n\tGetHandleVerifier [0x00007FF6575DEF0D+2870973]\n\tGetHandleVerifier [0x00007FF6575D96B8+2848360]\n\tGetHandleVerifier [0x00007FF6575F6993+2967875]\n\tGetHandleVerifier [0x00007FF65735019A+188746]\n\tGetHandleVerifier [0x00007FF65735847F+222255]\n\tGetHandleVerifier [0x00007FF65733D2D4+111236]\n\tGetHandleVerifier [0x00007FF65733D482+111666]\n\tGetHandleVerifier [0x00007FF6573235A9+5465]\n\tBaseThreadInitThunk [0x00007FFA9441E8D7+23]\n\tRtlUserThreadStart [0x00007FFA959314FC+44]\n"}} | headers=HTTPHeaderDict({'Content-Length': '1122', 'Content-Type': 'application/json; charset=utf-8', 'cache-control': 'no-cache'})
2025-04-17 09:35:33,616 - DEBUG - [remote_connection.py:465] - Finished Request
2025-04-17 09:35:34,160 - DEBUG - [remote_connection.py:403] - POST http://localhost:63406/session/84d665ea0ba0549381df96e81e3b7552/element {'using': 'css selector', 'value': '#trending-weapons tr'}
2025-04-17 09:35:34,363 - DEBUG - [connectionpool.py:544] - http://localhost:63406 "POST /session/84d665ea0ba0549381df96e81e3b7552/element HTTP/1.1" 404 0
2025-04-17 09:35:34,386 - DEBUG - [remote_connection.py:436] - Remote response: status=404 | data={"value":{"error":"no such element","message":"no such element: Unable to locate element: {\"method\":\"css selector\",\"selector\":\"#trending-weapons tr\"}\n  (Session info: chrome=135.0.7049.85)","stacktrace":"\tGetHandleVerifier [0x00007FF657335355+78597]\n\tGetHandleVerifier [0x00007FF6573353B0+78688]\n\t(No symbol) [0x00007FF6570E91AA]\n\t(No symbol) [0x00007FF65713F149]\n\t(No symbol) [0x00007FF65713F3FC]\n\t(No symbol) [0x00007FF657192467]\n\t(No symbol) [0x00007FF65716712F]\n\t(No symbol) [0x00007FF65718F2BB]\n\t(No symbol) [0x00007FF657166EC3]\n\t(No symbol) [0x00007FF6571303F8]\n\t(No symbol) [0x00007FF657131163]\n\tGetHandleVerifier [0x00007FF6575DEF0D+2870973]\n\tGetHandleVerifier [0x00007FF6575D96B8+2848360]\n\tGetHandleVerifier [0x00007FF6575F6993+2967875]\n\tGetHandleVerifier [0x00007FF65735019A+188746]\n\tGetHandleVerifier [0x00007FF65735847F+222255]\n\tGetHandleVerifier [0x00007FF65733D2D4+111236]\n\tGetHandleVerifier [0x00007FF65733D482+111666]\n\tGetHandleVerifier [0x00007FF6573235A9+5465]\n\tBaseThreadInitThunk [0x00007FFA9441E8D7+23]\n\tRtlUserThreadStart [0x00007FFA959314FC+44]\n"}} | headers=HTTPHeaderDict({'Content-Length': '1122', 'Content-Type': 'application/json; charset=utf-8', 'cache-control': 'no-cache'})
2025-04-17 09:35:34,409 - DEBUG - [remote_connection.py:465] - Finished Request
2025-04-17 09:35:34,940 - DEBUG - [remote_connection.py:403] - POST http://localhost:63406/session/84d665ea0ba0549381df96e81e3b7552/element {'using': 'css selector', 'value': '#trending-weapons tr'}
2025-04-17 09:35:34,947 - DEBUG - [connectionpool.py:544] - http://localhost:63406 "POST /session/84d665ea0ba0549381df96e81e3b7552/element HTTP/1.1" 404 0
2025-04-17 09:35:34,947 - DEBUG - [remote_connection.py:436] - Remote response: status=404 | data={"value":{"error":"no such element","message":"no such element: Unable to locate element: {\"method\":\"css selector\",\"selector\":\"#trending-weapons tr\"}\n  (Session info: chrome=135.0.7049.85)","stacktrace":"\tGetHandleVerifier [0x00007FF657335355+78597]\n\tGetHandleVerifier [0x00007FF6573353B0+78688]\n\t(No symbol) [0x00007FF6570E91AA]\n\t(No symbol) [0x00007FF65713F149]\n\t(No symbol) [0x00007FF65713F3FC]\n\t(No symbol) [0x00007FF657192467]\n\t(No symbol) [0x00007FF65716712F]\n\t(No symbol) [0x00007FF65718F2BB]\n\t(No symbol) [0x00007FF657166EC3]\n\t(No symbol) [0x00007FF6571303F8]\n\t(No symbol) [0x00007FF657131163]\n\tGetHandleVerifier [0x00007FF6575DEF0D+2870973]\n\tGetHandleVerifier [0x00007FF6575D96B8+2848360]\n\tGetHandleVerifier [0x00007FF6575F6993+2967875]\n\tGetHandleVerifier [0x00007FF65735019A+188746]\n\tGetHandleVerifier [0x00007FF65735847F+222255]\n\tGetHandleVerifier [0x00007FF65733D2D4+111236]\n\tGetHandleVerifier [0x00007FF65733D482+111666]\n\tGetHandleVerifier [0x00007FF6573235A9+5465]\n\tBaseThreadInitThunk [0x00007FFA9441E8D7+23]\n\tRtlUserThreadStart [0x00007FFA959314FC+44]\n"}} | headers=HTTPHeaderDict({'Content-Length': '1122', 'Content-Type': 'application/json; charset=utf-8', 'cache-control': 'no-cache'})
2025-04-17 09:35:34,948 - DEBUG - [remote_connection.py:465] - Finished Request
2025-04-17 09:35:35,449 - DEBUG - [remote_connection.py:403] - POST http://localhost:63406/session/84d665ea0ba0549381df96e81e3b7552/element {'using': 'css selector', 'value': '#trending-weapons tr'}
2025-04-17 09:35:35,456 - DEBUG - [connectionpool.py:544] - http://localhost:63406 "POST /session/84d665ea0ba0549381df96e81e3b7552/element HTTP/1.1" 404 0
2025-04-17 09:35:35,456 - DEBUG - [remote_connection.py:436] - Remote response: status=404 | data={"value":{"error":"no such element","message":"no such element: Unable to locate element: {\"method\":\"css selector\",\"selector\":\"#trending-weapons tr\"}\n  (Session info: chrome=135.0.7049.85)","stacktrace":"\tGetHandleVerifier [0x00007FF657335355+78597]\n\tGetHandleVerifier [0x00007FF6573353B0+78688]\n\t(No symbol) [0x00007FF6570E91AA]\n\t(No symbol) [0x00007FF65713F149]\n\t(No symbol) [0x00007FF65713F3FC]\n\t(No symbol) [0x00007FF657192467]\n\t(No symbol) [0x00007FF65716712F]\n\t(No symbol) [0x00007FF65718F2BB]\n\t(No symbol) [0x00007FF657166EC3]\n\t(No symbol) [0x00007FF6571303F8]\n\t(No symbol) [0x00007FF657131163]\n\tGetHandleVerifier [0x00007FF6575DEF0D+2870973]\n\tGetHandleVerifier [0x00007FF6575D96B8+2848360]\n\tGetHandleVerifier [0x00007FF6575F6993+2967875]\n\tGetHandleVerifier [0x00007FF65735019A+188746]\n\tGetHandleVerifier [0x00007FF65735847F+222255]\n\tGetHandleVerifier [0x00007FF65733D2D4+111236]\n\tGetHandleVerifier [0x00007FF65733D482+111666]\n\tGetHandleVerifier [0x00007FF6573235A9+5465]\n\tBaseThreadInitThunk [0x00007FFA9441E8D7+23]\n\tRtlUserThreadStart [0x00007FFA959314FC+44]\n"}} | headers=HTTPHeaderDict({'Content-Length': '1122', 'Content-Type': 'application/json; charset=utf-8', 'cache-control': 'no-cache'})
2025-04-17 09:35:35,457 - DEBUG - [remote_connection.py:465] - Finished Request
2025-04-17 09:35:35,872 - INFO - [meta_page.py:28] - === Début du scraping des armes meta ===
2025-04-17 09:35:35,872 - INFO - [meta_page.py:41] - === Début de la récupération des stats depuis light.gg ===
2025-04-17 09:35:35,873 - INFO - [meta_page.py:56] - Initialisation du navigateur en mode headless
2025-04-17 09:35:35,874 - DEBUG - [selenium_manager.py:101] - Selenium Manager binary found at: C:\Users\perio\AppData\Local\Programs\Python\Python311\Lib\site-packages\selenium\webdriver\common\windows\selenium-manager.exe
2025-04-17 09:35:35,874 - DEBUG - [selenium_manager.py:114] - Executing process: C:\Users\perio\AppData\Local\Programs\Python\Python311\Lib\site-packages\selenium\webdriver\common\windows\selenium-manager.exe --browser chrome --debug --language-binding python --output json
2025-04-17 09:35:35,958 - DEBUG - [remote_connection.py:403] - POST http://localhost:63406/session/84d665ea0ba0549381df96e81e3b7552/element {'using': 'css selector', 'value': '#trending-weapons tr'}
2025-04-17 09:35:35,965 - DEBUG - [connectionpool.py:544] - http://localhost:63406 "POST /session/84d665ea0ba0549381df96e81e3b7552/element HTTP/1.1" 404 0
2025-04-17 09:35:35,966 - DEBUG - [remote_connection.py:436] - Remote response: status=404 | data={"value":{"error":"no such element","message":"no such element: Unable to locate element: {\"method\":\"css selector\",\"selector\":\"#trending-weapons tr\"}\n  (Session info: chrome=135.0.7049.85)","stacktrace":"\tGetHandleVerifier [0x00007FF657335355+78597]\n\tGetHandleVerifier [0x00007FF6573353B0+78688]\n\t(No symbol) [0x00007FF6570E91AA]\n\t(No symbol) [0x00007FF65713F149]\n\t(No symbol) [0x00007FF65713F3FC]\n\t(No symbol) [0x00007FF657192467]\n\t(No symbol) [0x00007FF65716712F]\n\t(No symbol) [0x00007FF65718F2BB]\n\t(No symbol) [0x00007FF657166EC3]\n\t(No symbol) [0x00007FF6571303F8]\n\t(No symbol) [0x00007FF657131163]\n\tGetHandleVerifier [0x00007FF6575DEF0D+2870973]\n\tGetHandleVerifier [0x00007FF6575D96B8+2848360]\n\tGetHandleVerifier [0x00007FF6575F6993+2967875]\n\tGetHandleVerifier [0x00007FF65735019A+188746]\n\tGetHandleVerifier [0x00007FF65735847F+222255]\n\tGetHandleVerifier [0x00007FF65733D2D4+111236]\n\tGetHandleVerifier [0x00007FF65733D482+111666]\n\tGetHandleVerifier [0x00007FF6573235A9+5465]\n\tBaseThreadInitThunk [0x00007FFA9441E8D7+23]\n\tRtlUserThreadStart [0x00007FFA959314FC+44]\n"}} | headers=HTTPHeaderDict({'Content-Length': '1122', 'Content-Type': 'application/json; charset=utf-8', 'cache-control': 'no-cache'})
2025-04-17 09:35:35,966 - DEBUG - [remote_connection.py:465] - Finished Request
2025-04-17 09:35:36,108 - DEBUG - [selenium_manager.py:140] - chromedriver not found in PATH
2025-04-17 09:35:36,109 - DEBUG - [selenium_manager.py:140] - chrome detected at C:\Program Files\Google\Chrome\Application\chrome.exe
2025-04-17 09:35:36,109 - DEBUG - [selenium_manager.py:140] - Running command: wmic datafile where name='C:\\Program Files\\Google\\Chrome\\Application\\chrome.exe' get Version /value
2025-04-17 09:35:36,109 - DEBUG - [selenium_manager.py:140] - Output: "\r\r\n\r\r\nVersion=135.0.7049.85\r\r\n\r\r\n\r\r\n\r"
2025-04-17 09:35:36,109 - DEBUG - [selenium_manager.py:140] - Detected browser: chrome 135.0.7049.85
2025-04-17 09:35:36,110 - DEBUG - [selenium_manager.py:140] - Required driver: chromedriver 135.0.7049.95
2025-04-17 09:35:36,110 - DEBUG - [selenium_manager.py:140] - chromedriver 135.0.7049.95 already in the cache
2025-04-17 09:35:36,110 - DEBUG - [selenium_manager.py:140] - Driver path: C:\Users\perio\.cache\selenium\chromedriver\win64\135.0.7049.95\chromedriver.exe
2025-04-17 09:35:36,110 - DEBUG - [selenium_manager.py:140] - Browser path: C:\Program Files\Google\Chrome\Application\chrome.exe
2025-04-17 09:35:36,116 - DEBUG - [service.py:231] - Started executable: `C:\Users\perio\.cache\selenium\chromedriver\win64\135.0.7049.95\chromedriver.exe` in a child process with pid: 21724 using 0 to output -3
2025-04-17 09:35:36,467 - DEBUG - [remote_connection.py:403] - POST http://localhost:63406/session/84d665ea0ba0549381df96e81e3b7552/element {'using': 'css selector', 'value': '#trending-weapons tr'}
2025-04-17 09:35:36,474 - DEBUG - [connectionpool.py:544] - http://localhost:63406 "POST /session/84d665ea0ba0549381df96e81e3b7552/element HTTP/1.1" 404 0
2025-04-17 09:35:36,474 - DEBUG - [remote_connection.py:436] - Remote response: status=404 | data={"value":{"error":"no such element","message":"no such element: Unable to locate element: {\"method\":\"css selector\",\"selector\":\"#trending-weapons tr\"}\n  (Session info: chrome=135.0.7049.85)","stacktrace":"\tGetHandleVerifier [0x00007FF657335355+78597]\n\tGetHandleVerifier [0x00007FF6573353B0+78688]\n\t(No symbol) [0x00007FF6570E91AA]\n\t(No symbol) [0x00007FF65713F149]\n\t(No symbol) [0x00007FF65713F3FC]\n\t(No symbol) [0x00007FF657192467]\n\t(No symbol) [0x00007FF65716712F]\n\t(No symbol) [0x00007FF65718F2BB]\n\t(No symbol) [0x00007FF657166EC3]\n\t(No symbol) [0x00007FF6571303F8]\n\t(No symbol) [0x00007FF657131163]\n\tGetHandleVerifier [0x00007FF6575DEF0D+2870973]\n\tGetHandleVerifier [0x00007FF6575D96B8+2848360]\n\tGetHandleVerifier [0x00007FF6575F6993+2967875]\n\tGetHandleVerifier [0x00007FF65735019A+188746]\n\tGetHandleVerifier [0x00007FF65735847F+222255]\n\tGetHandleVerifier [0x00007FF65733D2D4+111236]\n\tGetHandleVerifier [0x00007FF65733D482+111666]\n\tGetHandleVerifier [0x00007FF6573235A9+5465]\n\tBaseThreadInitThunk [0x00007FFA9441E8D7+23]\n\tRtlUserThreadStart [0x00007FFA959314FC+44]\n"}} | headers=HTTPHeaderDict({'Content-Length': '1122', 'Content-Type': 'application/json; charset=utf-8', 'cache-control': 'no-cache'})
2025-04-17 09:35:36,475 - DEBUG - [remote_connection.py:465] - Finished Request
2025-04-17 09:35:36,553 - INFO - [meta_page.py:28] - === Début du scraping des armes meta ===
2025-04-17 09:35:36,553 - INFO - [meta_page.py:41] - === Début de la récupération des stats depuis light.gg ===
2025-04-17 09:35:36,554 - INFO - [meta_page.py:56] - Initialisation du navigateur en mode headless
2025-04-17 09:35:36,555 - DEBUG - [selenium_manager.py:101] - Selenium Manager binary found at: C:\Users\perio\AppData\Local\Programs\Python\Python311\Lib\site-packages\selenium\webdriver\common\windows\selenium-manager.exe
2025-04-17 09:35:36,555 - DEBUG - [selenium_manager.py:114] - Executing process: C:\Users\perio\AppData\Local\Programs\Python\Python311\Lib\site-packages\selenium\webdriver\common\windows\selenium-manager.exe --browser chrome --debug --language-binding python --output json
2025-04-17 09:35:36,620 - DEBUG - [remote_connection.py:403] - POST http://localhost:63445/session {'capabilities': {'firstMatch': [{}], 'alwaysMatch': {'browserName': 'chrome', 'pageLoadStrategy': <PageLoadStrategy.normal: 'normal'>, 'browserVersion': None, 'goog:chromeOptions': {'excludeSwitches': ['enable-automation'], 'useAutomationExtension': False, 'extensions': [], 'binary': 'C:\\Program Files\\Google\\Chrome\\Application\\chrome.exe', 'args': ['--headless=new', '--disable-gpu', '--no-sandbox', '--disable-dev-shm-usage', '--window-size=1920,1080', '--disable-blink-features=AutomationControlled', 'user-agent=Mozilla/5.0 (Windows NT 10.0; Win64; x64) AppleWebKit/537.36']}}}}
2025-04-17 09:35:36,621 - DEBUG - [connectionpool.py:241] - Starting new HTTP connection (1): localhost:63445
2025-04-17 09:35:36,804 - DEBUG - [selenium_manager.py:140] - chromedriver not found in PATH
2025-04-17 09:35:36,804 - DEBUG - [selenium_manager.py:140] - chrome detected at C:\Program Files\Google\Chrome\Application\chrome.exe
2025-04-17 09:35:36,804 - DEBUG - [selenium_manager.py:140] - Running command: wmic datafile where name='C:\\Program Files\\Google\\Chrome\\Application\\chrome.exe' get Version /value
2025-04-17 09:35:36,805 - DEBUG - [selenium_manager.py:140] - Output: "\r\r\n\r\r\nVersion=135.0.7049.85\r\r\n\r\r\n\r\r\n\r"
2025-04-17 09:35:36,805 - DEBUG - [selenium_manager.py:140] - Detected browser: chrome 135.0.7049.85
2025-04-17 09:35:36,805 - DEBUG - [selenium_manager.py:140] - Required driver: chromedriver 135.0.7049.95
2025-04-17 09:35:36,806 - DEBUG - [selenium_manager.py:140] - chromedriver 135.0.7049.95 already in the cache
2025-04-17 09:35:36,806 - DEBUG - [selenium_manager.py:140] - Driver path: C:\Users\perio\.cache\selenium\chromedriver\win64\135.0.7049.95\chromedriver.exe
2025-04-17 09:35:36,806 - DEBUG - [selenium_manager.py:140] - Browser path: C:\Program Files\Google\Chrome\Application\chrome.exe
2025-04-17 09:35:36,814 - DEBUG - [service.py:231] - Started executable: `C:\Users\perio\.cache\selenium\chromedriver\win64\135.0.7049.95\chromedriver.exe` in a child process with pid: 10956 using 0 to output -3
2025-04-17 09:35:36,976 - DEBUG - [remote_connection.py:403] - POST http://localhost:63406/session/84d665ea0ba0549381df96e81e3b7552/element {'using': 'css selector', 'value': '#trending-weapons tr'}
2025-04-17 09:35:36,985 - DEBUG - [connectionpool.py:544] - http://localhost:63406 "POST /session/84d665ea0ba0549381df96e81e3b7552/element HTTP/1.1" 404 0
2025-04-17 09:35:36,985 - DEBUG - [remote_connection.py:436] - Remote response: status=404 | data={"value":{"error":"no such element","message":"no such element: Unable to locate element: {\"method\":\"css selector\",\"selector\":\"#trending-weapons tr\"}\n  (Session info: chrome=135.0.7049.85)","stacktrace":"\tGetHandleVerifier [0x00007FF657335355+78597]\n\tGetHandleVerifier [0x00007FF6573353B0+78688]\n\t(No symbol) [0x00007FF6570E91AA]\n\t(No symbol) [0x00007FF65713F149]\n\t(No symbol) [0x00007FF65713F3FC]\n\t(No symbol) [0x00007FF657192467]\n\t(No symbol) [0x00007FF65716712F]\n\t(No symbol) [0x00007FF65718F2BB]\n\t(No symbol) [0x00007FF657166EC3]\n\t(No symbol) [0x00007FF6571303F8]\n\t(No symbol) [0x00007FF657131163]\n\tGetHandleVerifier [0x00007FF6575DEF0D+2870973]\n\tGetHandleVerifier [0x00007FF6575D96B8+2848360]\n\tGetHandleVerifier [0x00007FF6575F6993+2967875]\n\tGetHandleVerifier [0x00007FF65735019A+188746]\n\tGetHandleVerifier [0x00007FF65735847F+222255]\n\tGetHandleVerifier [0x00007FF65733D2D4+111236]\n\tGetHandleVerifier [0x00007FF65733D482+111666]\n\tGetHandleVerifier [0x00007FF6573235A9+5465]\n\tBaseThreadInitThunk [0x00007FFA9441E8D7+23]\n\tRtlUserThreadStart [0x00007FFA959314FC+44]\n"}} | headers=HTTPHeaderDict({'Content-Length': '1122', 'Content-Type': 'application/json; charset=utf-8', 'cache-control': 'no-cache'})
2025-04-17 09:35:36,986 - DEBUG - [remote_connection.py:465] - Finished Request
2025-04-17 09:35:37,242 - DEBUG - [connectionpool.py:544] - http://localhost:63445 "POST /session HTTP/1.1" 200 0
2025-04-17 09:35:37,242 - DEBUG - [remote_connection.py:436] - Remote response: status=200 | data={"value":{"capabilities":{"acceptInsecureCerts":false,"browserName":"chrome","browserVersion":"135.0.7049.85","chrome":{"chromedriverVersion":"135.0.7049.95 (de2eb485a1951079e63bdb57ce25544d2dc79c15-refs/branch-heads/7049@{#1836})","userDataDir":"C:\\Users\\perio\\AppData\\Local\\Temp\\scoped_dir21724_1936614099"},"fedcm:accounts":true,"goog:chromeOptions":{"debuggerAddress":"localhost:63451"},"networkConnectionEnabled":false,"pageLoadStrategy":"normal","platformName":"windows","proxy":{},"setWindowRect":true,"strictFileInteractability":false,"timeouts":{"implicit":0,"pageLoad":300000,"script":30000},"unhandledPromptBehavior":"dismiss and notify","webauthn:extension:credBlob":true,"webauthn:extension:largeBlob":true,"webauthn:extension:minPinLength":true,"webauthn:extension:prf":true,"webauthn:virtualAuthenticators":true},"sessionId":"e26698362c75bae4af232da70b2dd506"}} | headers=HTTPHeaderDict({'Content-Length': '882', 'Content-Type': 'application/json; charset=utf-8', 'cache-control': 'no-cache'})
2025-04-17 09:35:37,242 - DEBUG - [remote_connection.py:465] - Finished Request
2025-04-17 09:35:37,242 - INFO - [meta_page.py:62] - Accès à https://www.light.gg/god-roll/
2025-04-17 09:35:37,242 - DEBUG - [remote_connection.py:403] - POST http://localhost:63445/session/e26698362c75bae4af232da70b2dd506/url {'url': 'https://www.light.gg/god-roll/'}
2025-04-17 09:35:37,306 - INFO - [meta_page.py:28] - === Début du scraping des armes meta ===
2025-04-17 09:35:37,308 - INFO - [meta_page.py:41] - === Début de la récupération des stats depuis light.gg ===
2025-04-17 09:35:37,308 - INFO - [meta_page.py:56] - Initialisation du navigateur en mode headless
2025-04-17 09:35:37,309 - DEBUG - [selenium_manager.py:101] - Selenium Manager binary found at: C:\Users\perio\AppData\Local\Programs\Python\Python311\Lib\site-packages\selenium\webdriver\common\windows\selenium-manager.exe
2025-04-17 09:35:37,310 - DEBUG - [selenium_manager.py:114] - Executing process: C:\Users\perio\AppData\Local\Programs\Python\Python311\Lib\site-packages\selenium\webdriver\common\windows\selenium-manager.exe --browser chrome --debug --language-binding python --output json
2025-04-17 09:35:37,337 - DEBUG - [remote_connection.py:403] - POST http://localhost:63448/session {'capabilities': {'firstMatch': [{}], 'alwaysMatch': {'browserName': 'chrome', 'pageLoadStrategy': <PageLoadStrategy.normal: 'normal'>, 'browserVersion': None, 'goog:chromeOptions': {'excludeSwitches': ['enable-automation'], 'useAutomationExtension': False, 'extensions': [], 'binary': 'C:\\Program Files\\Google\\Chrome\\Application\\chrome.exe', 'args': ['--headless=new', '--disable-gpu', '--no-sandbox', '--disable-dev-shm-usage', '--window-size=1920,1080', '--disable-blink-features=AutomationControlled', 'user-agent=Mozilla/5.0 (Windows NT 10.0; Win64; x64) AppleWebKit/537.36']}}}}
2025-04-17 09:35:37,338 - DEBUG - [connectionpool.py:241] - Starting new HTTP connection (1): localhost:63448
2025-04-17 09:35:37,487 - DEBUG - [remote_connection.py:403] - POST http://localhost:63406/session/84d665ea0ba0549381df96e81e3b7552/element {'using': 'css selector', 'value': '#trending-weapons tr'}
2025-04-17 09:35:37,494 - DEBUG - [connectionpool.py:544] - http://localhost:63406 "POST /session/84d665ea0ba0549381df96e81e3b7552/element HTTP/1.1" 404 0
2025-04-17 09:35:37,495 - DEBUG - [remote_connection.py:436] - Remote response: status=404 | data={"value":{"error":"no such element","message":"no such element: Unable to locate element: {\"method\":\"css selector\",\"selector\":\"#trending-weapons tr\"}\n  (Session info: chrome=135.0.7049.85)","stacktrace":"\tGetHandleVerifier [0x00007FF657335355+78597]\n\tGetHandleVerifier [0x00007FF6573353B0+78688]\n\t(No symbol) [0x00007FF6570E91AA]\n\t(No symbol) [0x00007FF65713F149]\n\t(No symbol) [0x00007FF65713F3FC]\n\t(No symbol) [0x00007FF657192467]\n\t(No symbol) [0x00007FF65716712F]\n\t(No symbol) [0x00007FF65718F2BB]\n\t(No symbol) [0x00007FF657166EC3]\n\t(No symbol) [0x00007FF6571303F8]\n\t(No symbol) [0x00007FF657131163]\n\tGetHandleVerifier [0x00007FF6575DEF0D+2870973]\n\tGetHandleVerifier [0x00007FF6575D96B8+2848360]\n\tGetHandleVerifier [0x00007FF6575F6993+2967875]\n\tGetHandleVerifier [0x00007FF65735019A+188746]\n\tGetHandleVerifier [0x00007FF65735847F+222255]\n\tGetHandleVerifier [0x00007FF65733D2D4+111236]\n\tGetHandleVerifier [0x00007FF65733D482+111666]\n\tGetHandleVerifier [0x00007FF6573235A9+5465]\n\tBaseThreadInitThunk [0x00007FFA9441E8D7+23]\n\tRtlUserThreadStart [0x00007FFA959314FC+44]\n"}} | headers=HTTPHeaderDict({'Content-Length': '1122', 'Content-Type': 'application/json; charset=utf-8', 'cache-control': 'no-cache'})
2025-04-17 09:35:37,495 - DEBUG - [remote_connection.py:465] - Finished Request
2025-04-17 09:35:37,613 - DEBUG - [selenium_manager.py:140] - chromedriver not found in PATH
2025-04-17 09:35:37,614 - DEBUG - [selenium_manager.py:140] - chrome detected at C:\Program Files\Google\Chrome\Application\chrome.exe
2025-04-17 09:35:37,614 - DEBUG - [selenium_manager.py:140] - Running command: wmic datafile where name='C:\\Program Files\\Google\\Chrome\\Application\\chrome.exe' get Version /value
2025-04-17 09:35:37,614 - DEBUG - [selenium_manager.py:140] - Output: "\r\r\n\r\r\nVersion=135.0.7049.85\r\r\n\r\r\n\r\r\n\r"
2025-04-17 09:35:37,614 - DEBUG - [selenium_manager.py:140] - Detected browser: chrome 135.0.7049.85
2025-04-17 09:35:37,614 - DEBUG - [selenium_manager.py:140] - Required driver: chromedriver 135.0.7049.95
2025-04-17 09:35:37,614 - DEBUG - [selenium_manager.py:140] - chromedriver 135.0.7049.95 already in the cache
2025-04-17 09:35:37,616 - DEBUG - [selenium_manager.py:140] - Driver path: C:\Users\perio\.cache\selenium\chromedriver\win64\135.0.7049.95\chromedriver.exe
2025-04-17 09:35:37,616 - DEBUG - [selenium_manager.py:140] - Browser path: C:\Program Files\Google\Chrome\Application\chrome.exe
2025-04-17 09:35:37,624 - DEBUG - [service.py:231] - Started executable: `C:\Users\perio\.cache\selenium\chromedriver\win64\135.0.7049.95\chromedriver.exe` in a child process with pid: 34640 using 0 to output -3
2025-04-17 09:35:37,986 - DEBUG - [connectionpool.py:544] - http://localhost:63448 "POST /session HTTP/1.1" 200 0
2025-04-17 09:35:38,005 - DEBUG - [remote_connection.py:403] - POST http://localhost:63406/session/84d665ea0ba0549381df96e81e3b7552/element {'using': 'css selector', 'value': '#trending-weapons tr'}
2025-04-17 09:35:38,056 - DEBUG - [remote_connection.py:436] - Remote response: status=200 | data={"value":{"capabilities":{"acceptInsecureCerts":false,"browserName":"chrome","browserVersion":"135.0.7049.85","chrome":{"chromedriverVersion":"135.0.7049.95 (de2eb485a1951079e63bdb57ce25544d2dc79c15-refs/branch-heads/7049@{#1836})","userDataDir":"C:\\Users\\perio\\AppData\\Local\\Temp\\scoped_dir10956_1582705253"},"fedcm:accounts":true,"goog:chromeOptions":{"debuggerAddress":"localhost:63465"},"networkConnectionEnabled":false,"pageLoadStrategy":"normal","platformName":"windows","proxy":{},"setWindowRect":true,"strictFileInteractability":false,"timeouts":{"implicit":0,"pageLoad":300000,"script":30000},"unhandledPromptBehavior":"dismiss and notify","webauthn:extension:credBlob":true,"webauthn:extension:largeBlob":true,"webauthn:extension:minPinLength":true,"webauthn:extension:prf":true,"webauthn:virtualAuthenticators":true},"sessionId":"4239b0b930ef39f07c9b1366dc0e4f20"}} | headers=HTTPHeaderDict({'Content-Length': '882', 'Content-Type': 'application/json; charset=utf-8', 'cache-control': 'no-cache'})
2025-04-17 09:35:38,115 - DEBUG - [remote_connection.py:465] - Finished Request
2025-04-17 09:35:38,139 - INFO - [meta_page.py:62] - Accès à https://www.light.gg/god-roll/
2025-04-17 09:35:38,173 - DEBUG - [remote_connection.py:403] - POST http://localhost:63448/session/4239b0b930ef39f07c9b1366dc0e4f20/url {'url': 'https://www.light.gg/god-roll/'}
2025-04-17 09:35:38,187 - DEBUG - [remote_connection.py:403] - POST http://localhost:63460/session {'capabilities': {'firstMatch': [{}], 'alwaysMatch': {'browserName': 'chrome', 'pageLoadStrategy': <PageLoadStrategy.normal: 'normal'>, 'browserVersion': None, 'goog:chromeOptions': {'excludeSwitches': ['enable-automation'], 'useAutomationExtension': False, 'extensions': [], 'binary': 'C:\\Program Files\\Google\\Chrome\\Application\\chrome.exe', 'args': ['--headless=new', '--disable-gpu', '--no-sandbox', '--disable-dev-shm-usage', '--window-size=1920,1080', '--disable-blink-features=AutomationControlled', 'user-agent=Mozilla/5.0 (Windows NT 10.0; Win64; x64) AppleWebKit/537.36']}}}}
2025-04-17 09:35:38,250 - DEBUG - [connectionpool.py:241] - Starting new HTTP connection (1): localhost:63460
2025-04-17 09:35:38,343 - DEBUG - [connectionpool.py:544] - http://localhost:63406 "POST /session/84d665ea0ba0549381df96e81e3b7552/element HTTP/1.1" 404 0
2025-04-17 09:35:38,416 - DEBUG - [remote_connection.py:436] - Remote response: status=404 | data={"value":{"error":"no such element","message":"no such element: Unable to locate element: {\"method\":\"css selector\",\"selector\":\"#trending-weapons tr\"}\n  (Session info: chrome=135.0.7049.85)","stacktrace":"\tGetHandleVerifier [0x00007FF657335355+78597]\n\tGetHandleVerifier [0x00007FF6573353B0+78688]\n\t(No symbol) [0x00007FF6570E91AA]\n\t(No symbol) [0x00007FF65713F149]\n\t(No symbol) [0x00007FF65713F3FC]\n\t(No symbol) [0x00007FF657192467]\n\t(No symbol) [0x00007FF65716712F]\n\t(No symbol) [0x00007FF65718F2BB]\n\t(No symbol) [0x00007FF657166EC3]\n\t(No symbol) [0x00007FF6571303F8]\n\t(No symbol) [0x00007FF657131163]\n\tGetHandleVerifier [0x00007FF6575DEF0D+2870973]\n\tGetHandleVerifier [0x00007FF6575D96B8+2848360]\n\tGetHandleVerifier [0x00007FF6575F6993+2967875]\n\tGetHandleVerifier [0x00007FF65735019A+188746]\n\tGetHandleVerifier [0x00007FF65735847F+222255]\n\tGetHandleVerifier [0x00007FF65733D2D4+111236]\n\tGetHandleVerifier [0x00007FF65733D482+111666]\n\tGetHandleVerifier [0x00007FF6573235A9+5465]\n\tBaseThreadInitThunk [0x00007FFA9441E8D7+23]\n\tRtlUserThreadStart [0x00007FFA959314FC+44]\n"}} | headers=HTTPHeaderDict({'Content-Length': '1122', 'Content-Type': 'application/json; charset=utf-8', 'cache-control': 'no-cache'})
2025-04-17 09:35:38,483 - DEBUG - [remote_connection.py:465] - Finished Request
2025-04-17 09:35:39,113 - DEBUG - [connectionpool.py:544] - http://localhost:63460 "POST /session HTTP/1.1" 200 0
2025-04-17 09:35:39,113 - DEBUG - [connectionpool.py:544] - http://localhost:63445 "POST /session/e26698362c75bae4af232da70b2dd506/url HTTP/1.1" 200 0
2025-04-17 09:35:39,153 - DEBUG - [remote_connection.py:403] - POST http://localhost:63406/session/84d665ea0ba0549381df96e81e3b7552/element {'using': 'css selector', 'value': '#trending-weapons tr'}
2025-04-17 09:35:39,175 - DEBUG - [remote_connection.py:436] - Remote response: status=200 | data={"value":{"capabilities":{"acceptInsecureCerts":false,"browserName":"chrome","browserVersion":"135.0.7049.85","chrome":{"chromedriverVersion":"135.0.7049.95 (de2eb485a1951079e63bdb57ce25544d2dc79c15-refs/branch-heads/7049@{#1836})","userDataDir":"C:\\Users\\perio\\AppData\\Local\\Temp\\scoped_dir34640_72473734"},"fedcm:accounts":true,"goog:chromeOptions":{"debuggerAddress":"localhost:63503"},"networkConnectionEnabled":false,"pageLoadStrategy":"normal","platformName":"windows","proxy":{},"setWindowRect":true,"strictFileInteractability":false,"timeouts":{"implicit":0,"pageLoad":300000,"script":30000},"unhandledPromptBehavior":"dismiss and notify","webauthn:extension:credBlob":true,"webauthn:extension:largeBlob":true,"webauthn:extension:minPinLength":true,"webauthn:extension:prf":true,"webauthn:virtualAuthenticators":true},"sessionId":"9ed5fb79389265aca1a69ada60ed06b9"}} | headers=HTTPHeaderDict({'Content-Length': '880', 'Content-Type': 'application/json; charset=utf-8', 'cache-control': 'no-cache'})
2025-04-17 09:35:39,220 - DEBUG - [remote_connection.py:436] - Remote response: status=200 | data={"value":null} | headers=HTTPHeaderDict({'Content-Length': '14', 'Content-Type': 'application/json; charset=utf-8', 'cache-control': 'no-cache'})
2025-04-17 09:35:39,304 - DEBUG - [remote_connection.py:465] - Finished Request
2025-04-17 09:35:39,364 - DEBUG - [remote_connection.py:465] - Finished Request
2025-04-17 09:35:39,405 - INFO - [meta_page.py:62] - Accès à https://www.light.gg/god-roll/
2025-04-17 09:35:39,464 - DEBUG - [connectionpool.py:544] - http://localhost:63406 "POST /session/84d665ea0ba0549381df96e81e3b7552/element HTTP/1.1" 404 0
2025-04-17 09:35:39,464 - INFO - [meta_page.py:67] - Attente du chargement des données...
2025-04-17 09:35:39,517 - DEBUG - [remote_connection.py:403] - POST http://localhost:63460/session/9ed5fb79389265aca1a69ada60ed06b9/url {'url': 'https://www.light.gg/god-roll/'}
2025-04-17 09:35:39,541 - DEBUG - [remote_connection.py:436] - Remote response: status=404 | data={"value":{"error":"no such element","message":"no such element: Unable to locate element: {\"method\":\"css selector\",\"selector\":\"#trending-weapons tr\"}\n  (Session info: chrome=135.0.7049.85)","stacktrace":"\tGetHandleVerifier [0x00007FF657335355+78597]\n\tGetHandleVerifier [0x00007FF6573353B0+78688]\n\t(No symbol) [0x00007FF6570E91AA]\n\t(No symbol) [0x00007FF65713F149]\n\t(No symbol) [0x00007FF65713F3FC]\n\t(No symbol) [0x00007FF657192467]\n\t(No symbol) [0x00007FF65716712F]\n\t(No symbol) [0x00007FF65718F2BB]\n\t(No symbol) [0x00007FF657166EC3]\n\t(No symbol) [0x00007FF6571303F8]\n\t(No symbol) [0x00007FF657131163]\n\tGetHandleVerifier [0x00007FF6575DEF0D+2870973]\n\tGetHandleVerifier [0x00007FF6575D96B8+2848360]\n\tGetHandleVerifier [0x00007FF6575F6993+2967875]\n\tGetHandleVerifier [0x00007FF65735019A+188746]\n\tGetHandleVerifier [0x00007FF65735847F+222255]\n\tGetHandleVerifier [0x00007FF65733D2D4+111236]\n\tGetHandleVerifier [0x00007FF65733D482+111666]\n\tGetHandleVerifier [0x00007FF6573235A9+5465]\n\tBaseThreadInitThunk [0x00007FFA9441E8D7+23]\n\tRtlUserThreadStart [0x00007FFA959314FC+44]\n"}} | headers=HTTPHeaderDict({'Content-Length': '1122', 'Content-Type': 'application/json; charset=utf-8', 'cache-control': 'no-cache'})
2025-04-17 09:35:39,621 - DEBUG - [remote_connection.py:403] - POST http://localhost:63445/session/e26698362c75bae4af232da70b2dd506/element {'using': 'css selector', 'value': '#trending-weapons tr'}
2025-04-17 09:35:39,677 - DEBUG - [remote_connection.py:465] - Finished Request
2025-04-17 09:35:39,993 - DEBUG - [connectionpool.py:544] - http://localhost:63445 "POST /session/e26698362c75bae4af232da70b2dd506/element HTTP/1.1" 404 0
2025-04-17 09:35:40,024 - DEBUG - [remote_connection.py:436] - Remote response: status=404 | data={"value":{"error":"no such element","message":"no such element: Unable to locate element: {\"method\":\"css selector\",\"selector\":\"#trending-weapons tr\"}\n  (Session info: chrome=135.0.7049.85)","stacktrace":"\tGetHandleVerifier [0x00007FF657335355+78597]\n\tGetHandleVerifier [0x00007FF6573353B0+78688]\n\t(No symbol) [0x00007FF6570E91AA]\n\t(No symbol) [0x00007FF65713F149]\n\t(No symbol) [0x00007FF65713F3FC]\n\t(No symbol) [0x00007FF657192467]\n\t(No symbol) [0x00007FF65716712F]\n\t(No symbol) [0x00007FF65718F2BB]\n\t(No symbol) [0x00007FF657166EC3]\n\t(No symbol) [0x00007FF6571303F8]\n\t(No symbol) [0x00007FF657131163]\n\tGetHandleVerifier [0x00007FF6575DEF0D+2870973]\n\tGetHandleVerifier [0x00007FF6575D96B8+2848360]\n\tGetHandleVerifier [0x00007FF6575F6993+2967875]\n\tGetHandleVerifier [0x00007FF65735019A+188746]\n\tGetHandleVerifier [0x00007FF65735847F+222255]\n\tGetHandleVerifier [0x00007FF65733D2D4+111236]\n\tGetHandleVerifier [0x00007FF65733D482+111666]\n\tGetHandleVerifier [0x00007FF6573235A9+5465]\n\tBaseThreadInitThunk [0x00007FFA9441E8D7+23]\n\tRtlUserThreadStart [0x00007FFA959314FC+44]\n"}} | headers=HTTPHeaderDict({'Content-Length': '1122', 'Content-Type': 'application/json; charset=utf-8', 'cache-control': 'no-cache'})
2025-04-17 09:35:40,045 - DEBUG - [remote_connection.py:465] - Finished Request
2025-04-17 09:35:40,306 - DEBUG - [remote_connection.py:403] - POST http://localhost:63406/session/84d665ea0ba0549381df96e81e3b7552/element {'using': 'css selector', 'value': '#trending-weapons tr'}
2025-04-17 09:35:40,375 - DEBUG - [connectionpool.py:544] - http://localhost:63448 "POST /session/4239b0b930ef39f07c9b1366dc0e4f20/url HTTP/1.1" 200 0
2025-04-17 09:35:40,377 - DEBUG - [connectionpool.py:544] - http://localhost:63406 "POST /session/84d665ea0ba0549381df96e81e3b7552/element HTTP/1.1" 404 0
2025-04-17 09:35:40,377 - DEBUG - [remote_connection.py:436] - Remote response: status=200 | data={"value":null} | headers=HTTPHeaderDict({'Content-Length': '14', 'Content-Type': 'application/json; charset=utf-8', 'cache-control': 'no-cache'})
2025-04-17 09:35:40,377 - DEBUG - [remote_connection.py:436] - Remote response: status=404 | data={"value":{"error":"no such element","message":"no such element: Unable to locate element: {\"method\":\"css selector\",\"selector\":\"#trending-weapons tr\"}\n  (Session info: chrome=135.0.7049.85)","stacktrace":"\tGetHandleVerifier [0x00007FF657335355+78597]\n\tGetHandleVerifier [0x00007FF6573353B0+78688]\n\t(No symbol) [0x00007FF6570E91AA]\n\t(No symbol) [0x00007FF65713F149]\n\t(No symbol) [0x00007FF65713F3FC]\n\t(No symbol) [0x00007FF657192467]\n\t(No symbol) [0x00007FF65716712F]\n\t(No symbol) [0x00007FF65718F2BB]\n\t(No symbol) [0x00007FF657166EC3]\n\t(No symbol) [0x00007FF6571303F8]\n\t(No symbol) [0x00007FF657131163]\n\tGetHandleVerifier [0x00007FF6575DEF0D+2870973]\n\tGetHandleVerifier [0x00007FF6575D96B8+2848360]\n\tGetHandleVerifier [0x00007FF6575F6993+2967875]\n\tGetHandleVerifier [0x00007FF65735019A+188746]\n\tGetHandleVerifier [0x00007FF65735847F+222255]\n\tGetHandleVerifier [0x00007FF65733D2D4+111236]\n\tGetHandleVerifier [0x00007FF65733D482+111666]\n\tGetHandleVerifier [0x00007FF6573235A9+5465]\n\tBaseThreadInitThunk [0x00007FFA9441E8D7+23]\n\tRtlUserThreadStart [0x00007FFA959314FC+44]\n"}} | headers=HTTPHeaderDict({'Content-Length': '1122', 'Content-Type': 'application/json; charset=utf-8', 'cache-control': 'no-cache'})
2025-04-17 09:35:40,377 - DEBUG - [remote_connection.py:465] - Finished Request
2025-04-17 09:35:40,377 - DEBUG - [remote_connection.py:465] - Finished Request
2025-04-17 09:35:40,378 - INFO - [meta_page.py:67] - Attente du chargement des données...
2025-04-17 09:35:40,378 - DEBUG - [remote_connection.py:403] - POST http://localhost:63448/session/4239b0b930ef39f07c9b1366dc0e4f20/element {'using': 'css selector', 'value': '#trending-weapons tr'}
