2025-05-07 16:04:12,693 - INFO - [logger.py:31] - === Démarrage de Destiny Hub ===
2025-05-07 16:04:12,694 - INFO - [logger.py:32] - Version Python: 3.11.6 (tags/v3.11.6:8b6ee5b, Oct  2 2023, 14:57:12) [MSC v.1935 64 bit (AMD64)]
2025-05-07 16:04:12,694 - INFO - [logger.py:33] - Système d'exploitation: win32
2025-05-07 16:04:12,694 - INFO - [logger.py:34] - Fichier de log créé: logs/destiny_hub_20250507_160412.log
2025-05-07 16:04:12,695 - INFO - [logger.py:55] - === Informations Système ===
2025-05-07 16:04:12,695 - INFO - [logger.py:56] - OS: Windows 10
2025-05-07 16:04:12,695 - INFO - [logger.py:57] - Architecture: AMD64
2025-05-07 16:04:12,695 - INFO - [logger.py:58] - Processeur: AMD64 Family 25 Model 68 Stepping 1, AuthenticAMD
2025-05-07 16:04:12,703 - INFO - [logger.py:62] - Mémoire totale: 31.25 GB
2025-05-07 16:04:12,703 - INFO - [logger.py:63] - Mémoire disponible: 17.11 GB
2025-05-07 16:04:12,704 - INFO - [logger.py:64] - Utilisation mémoire: 45.2%
2025-05-07 16:04:12,704 - INFO - [logger.py:68] - Espace disque total: 952.48 GB
2025-05-07 16:04:12,704 - INFO - [logger.py:69] - Espace disque libre: 219.91 GB
2025-05-07 16:04:12,705 - INFO - [logger.py:70] - Utilisation disque: 76.9%
2025-05-07 16:04:12,705 - INFO - [logger.py:77] - === Vérification de l'environnement ===
2025-05-07 16:04:12,706 - INFO - [logger.py:93] - ✓ BUNGIE_API_KEY trouvée
2025-05-07 16:04:12,706 - DEBUG - [logger.py:94] - Longueur de BUNGIE_API_KEY: 32
2025-05-07 16:04:12,706 - ERROR - [logger.py:96] - ✗ CLIENT_ID non trouvée dans .env
2025-05-07 16:04:12,707 - ERROR - [logger.py:96] - ✗ CLIENT_SECRET non trouvée dans .env
2025-05-07 16:04:12,707 - INFO - [logger.py:105] - === Vérification des dépendances ===
2025-05-07 16:04:12,707 - INFO - [logger.py:119] - ✓ PyQt6 version: Version inconnue
2025-05-07 16:04:12,707 - INFO - [logger.py:119] - ✓ requests version: 2.32.3
2025-05-07 16:04:12,707 - INFO - [logger.py:119] - ✓ python-dotenv version: Version inconnue
2025-05-07 16:04:12,708 - INFO - [logger.py:119] - ✓ psutil version: 5.9.5
2025-05-07 16:04:12,708 - INFO - [logger.py:119] - ✓ beautifulsoup4 version: 4.13.4
2025-05-07 16:04:12,708 - INFO - [logger.py:126] - === Vérification des fichiers ===
2025-05-07 16:04:12,708 - INFO - [logger.py:148] - ✓ .env trouvé (Configuration)
2025-05-07 16:04:12,709 - INFO - [logger.py:148] - ✓ main.py trouvé (Point d'entrée)
2025-05-07 16:04:12,709 - INFO - [logger.py:148] - ✓ requirements.txt trouvé (Dépendances)
2025-05-07 16:04:12,709 - DEBUG - [logger.py:173] - === Contenu de requirements.txt ===
2025-05-07 16:04:12,710 - DEBUG - [logger.py:177] - - requests==2.31.0
2025-05-07 16:04:12,710 - DEBUG - [logger.py:177] - - customtkinter==5.2.1
2025-05-07 16:04:12,710 - DEBUG - [logger.py:177] - - pillow==10.2.0
2025-05-07 16:04:12,710 - DEBUG - [logger.py:177] - - python-dotenv==1.0.0
2025-05-07 16:04:12,712 - INFO - [logger.py:158] - ✓ Dossier ui trouvé (Interface utilisateur) - 4 fichiers
2025-05-07 16:04:12,712 - DEBUG - [logger.py:159] - Contenu de ui: main_window.py, pages, styles.py, __pycache__
2025-05-07 16:04:12,712 - INFO - [logger.py:158] - ✓ Dossier ui/pages trouvé (Pages de l'interface) - 5 fichiers
2025-05-07 16:04:12,712 - DEBUG - [logger.py:159] - Contenu de ui/pages: account_page.py, equipment_page.py, meta_page.py, missions_page.py, __pycache__
2025-05-07 16:04:12,713 - INFO - [logger.py:158] - ✓ Dossier api trouvé (API Bungie) - 3 fichiers
2025-05-07 16:04:12,713 - DEBUG - [logger.py:159] - Contenu de api: bungie_client.py, oauth_handler.py, __pycache__
2025-05-07 16:04:12,713 - INFO - [logger.py:158] - ✓ Dossier utils trouvé (Utilitaires) - 3 fichiers
2025-05-07 16:04:12,714 - DEBUG - [logger.py:159] - Contenu de utils: config.py, logger.py, __pycache__
2025-05-07 16:04:12,714 - INFO - [logger.py:158] - ✓ Dossier data trouvé (Données) - 4 fichiers
2025-05-07 16:04:12,714 - DEBUG - [logger.py:159] - Contenu de data: account.json, full_account.json, icons, profile_data.json
2025-05-07 16:04:12,715 - INFO - [logger.py:158] - ✓ Dossier icons trouvé (Icônes) - 70 fichiers
2025-05-07 16:04:12,715 - DEBUG - [logger.py:159] - Contenu de icons: 1003860281.png, 1183187516.png, 1197771438.png, 129332559.png, 1320342774.png, 1457394908.png, 1484009400.png, 1522633034.png, 152583919.png, 1533314821.png, 1616346845.png, 1762785662.png, 1896309757.png, 1907110519.png, 1911060537.png, 1958630864.png, 2012043039.png, 2134769653.png, 2151724216.png, 2185244404.png, 2190967049.png, 2198166292.png, 2286507447.png, 241462142.png, 2441435355.png, 2550323932.png, 2591586261.png, 2629014079.png, 266021826.png, 2738060683.png, 2741258862.png, 2742930797.png, 2763843898.png, 2783831726.png, 2809120022.png, 2827764482.png, 287888126.png, 2907129557.png, 2949538030.png, 2962546549.png, 3001229473.png, 3158812152.png, 3183180185.png, 3264721770.png, 331602521.png, 3434301337.png, 3569802112.png, 3628991658.png, 3733702440.png, 3797572280.png, 3828080585.png, 3844610113.png, 3906357376.png, 3947966653.png, 4026763349.png, 4062934448.png, 4146702548.png, 4282591831.png, 4293588774.png, 431721920.png, 537041732.png, 557165046.png, 568611923.png, 643145875.png, 788073488.png, 810612804.png, 814876685.png, 952431286.png, 991314988.png, spectre.gif
2025-05-07 16:04:12,716 - INFO - [logger.py:158] - ✓ Dossier logs trouvé (Fichiers de log) - 65 fichiers
2025-05-07 16:04:12,716 - DEBUG - [logger.py:159] - Contenu de logs: destiny_hub_20250417_090308.log, destiny_hub_20250417_090501.log, destiny_hub_20250417_091449.log, destiny_hub_20250417_091744.log, destiny_hub_20250417_092047.log, destiny_hub_20250417_092453.log, destiny_hub_20250417_093036.log, destiny_hub_20250417_093355.log, destiny_hub_20250417_093518.log, destiny_hub_20250417_093701.log, destiny_hub_20250417_094459.log, destiny_hub_20250417_094915.log, destiny_hub_20250417_095450.log, destiny_hub_20250417_095800.log, destiny_hub_20250417_100013.log, destiny_hub_20250417_101050.log, destiny_hub_20250417_101112.log, destiny_hub_20250417_101728.log, destiny_hub_20250417_101938.log, destiny_hub_20250417_102126.log, destiny_hub_20250417_102514.log, destiny_hub_20250417_102736.log, destiny_hub_20250417_103000.log, destiny_hub_20250417_103209.log, destiny_hub_20250417_103307.log, destiny_hub_20250417_103545.log, destiny_hub_20250507_114434.log, destiny_hub_20250507_114815.log, destiny_hub_20250507_114838.log, destiny_hub_20250507_115102.log, destiny_hub_20250507_115217.log, destiny_hub_20250507_135035.log, destiny_hub_20250507_135311.log, destiny_hub_20250507_135523.log, destiny_hub_20250507_135724.log, destiny_hub_20250507_135955.log, destiny_hub_20250507_140048.log, destiny_hub_20250507_140128.log, destiny_hub_20250507_140251.log, destiny_hub_20250507_140627.log, destiny_hub_20250507_140642.log, destiny_hub_20250507_140654.log, destiny_hub_20250507_141253.log, destiny_hub_20250507_141602.log, destiny_hub_20250507_141617.log, destiny_hub_20250507_141823.log, destiny_hub_20250507_142031.log, destiny_hub_20250507_142224.log, destiny_hub_20250507_142429.log, destiny_hub_20250507_142436.log, destiny_hub_20250507_142454.log, destiny_hub_20250507_142651.log, destiny_hub_20250507_142811.log, destiny_hub_20250507_142939.log, destiny_hub_20250507_143243.log, destiny_hub_20250507_143515.log, destiny_hub_20250507_144051.log, destiny_hub_20250507_144159.log, destiny_hub_20250507_145705.log, destiny_hub_20250507_145935.log, destiny_hub_20250507_154447.log, destiny_hub_20250507_155149.log, destiny_hub_20250507_155315.log, destiny_hub_20250507_155447.log, destiny_hub_20250507_160412.log
2025-05-07 16:04:12,717 - INFO - [logger.py:158] - ✓ Dossier cache trouvé (Cache des images) - 0 fichiers
2025-05-07 16:04:12,717 - DEBUG - [logger.py:159] - Contenu de cache: 
2025-05-07 16:04:12,752 - INFO - [main_window.py:17] - === Initialisation de la fenêtre principale ===
2025-05-07 16:04:12,753 - INFO - [main_window.py:33] - Configuration de l'interface utilisateur
2025-05-07 16:04:13,072 - DEBUG - [main_window.py:128] - Création des pages...
2025-05-07 16:04:13,076 - DEBUG - [main_window.py:130] - ✓ Page compte créée
2025-05-07 16:04:13,099 - INFO - [equipment_page.py:188] - === Chargement des personnages ===
2025-05-07 16:04:13,105 - DEBUG - [connectionpool.py:1049] - Starting new HTTPS connection (1): www.bungie.net:443
2025-05-07 16:04:13,380 - DEBUG - [connectionpool.py:544] - https://www.bungie.net:443 "GET /Platform/Destiny2/3/Profile/4611686018536948250/?components=200%2C205 HTTP/1.1" 200 2459
2025-05-07 16:04:13,388 - INFO - [equipment_page.py:370] - Changement de personnage vers ID: 2305843010596444327
2025-05-07 16:04:13,391 - DEBUG - [connectionpool.py:1049] - Starting new HTTPS connection (1): www.bungie.net:443
2025-05-07 16:04:13,708 - DEBUG - [connectionpool.py:544] - https://www.bungie.net:443 "GET /Platform/Destiny2/3/Profile/4611686018536948250/?components=200 HTTP/1.1" 200 992
2025-05-07 16:04:13,709 - INFO - [equipment_page.py:401] - Lumière mise à jour pour le nouveau personnage: 2018
2025-05-07 16:04:13,710 - INFO - [equipment_page.py:243] - === Chargement de l'équipement pour le personnage 2305843010596444327 ===
2025-05-07 16:04:13,711 - DEBUG - [connectionpool.py:1049] - Starting new HTTPS connection (1): www.bungie.net:443
2025-05-07 16:04:14,000 - DEBUG - [connectionpool.py:544] - https://www.bungie.net:443 "GET /Platform/Destiny2/3/Profile/4611686018536948250/Character/2305843010596444327/?components=205%2C300%2C302 HTTP/1.1" 200 3058
2025-05-07 16:04:14,002 - INFO - [equipment_page.py:298] - === Affichage de l'équipement ===
2025-05-07 16:04:14,003 - DEBUG - [connectionpool.py:1049] - Starting new HTTPS connection (1): www.bungie.net:443
2025-05-07 16:04:14,291 - DEBUG - [connectionpool.py:544] - https://www.bungie.net:443 "GET /Platform/Destiny2/Manifest/DestinyInventoryItemDefinition/2763843898/ HTTP/1.1" 200 3859
2025-05-07 16:04:14,315 - ERROR - [equipment_page.py:527] - Erreur update_equipment_slot: 'list' object has no attribute 'get'
2025-05-07 16:04:14,318 - DEBUG - [connectionpool.py:1049] - Starting new HTTPS connection (1): www.bungie.net:443
2025-05-07 16:04:14,625 - DEBUG - [connectionpool.py:544] - https://www.bungie.net:443 "GET /Platform/Destiny2/Manifest/DestinyInventoryItemDefinition/814876685/ HTTP/1.1" 200 2386
2025-05-07 16:04:14,627 - ERROR - [equipment_page.py:527] - Erreur update_equipment_slot: 'list' object has no attribute 'get'
2025-05-07 16:04:14,630 - DEBUG - [connectionpool.py:1049] - Starting new HTTPS connection (1): www.bungie.net:443
2025-05-07 16:04:14,896 - DEBUG - [connectionpool.py:544] - https://www.bungie.net:443 "GET /Platform/Destiny2/Manifest/DestinyInventoryItemDefinition/1896309757/ HTTP/1.1" 200 3821
2025-05-07 16:04:14,900 - ERROR - [equipment_page.py:527] - Erreur update_equipment_slot: 'list' object has no attribute 'get'
2025-05-07 16:04:14,902 - DEBUG - [connectionpool.py:1049] - Starting new HTTPS connection (1): www.bungie.net:443
2025-05-07 16:04:15,177 - DEBUG - [connectionpool.py:544] - https://www.bungie.net:443 "GET /Platform/Destiny2/Manifest/DestinyInventoryItemDefinition/2134769653/ HTTP/1.1" 200 2578
2025-05-07 16:04:15,180 - ERROR - [equipment_page.py:527] - Erreur update_equipment_slot: 'list' object has no attribute 'get'
2025-05-07 16:04:15,182 - DEBUG - [connectionpool.py:1049] - Starting new HTTPS connection (1): www.bungie.net:443
2025-05-07 16:04:15,479 - DEBUG - [connectionpool.py:544] - https://www.bungie.net:443 "GET /Platform/Destiny2/Manifest/DestinyInventoryItemDefinition/810612804/ HTTP/1.1" 200 2584
2025-05-07 16:04:15,482 - ERROR - [equipment_page.py:527] - Erreur update_equipment_slot: 'list' object has no attribute 'get'
2025-05-07 16:04:15,484 - DEBUG - [connectionpool.py:1049] - Starting new HTTPS connection (1): www.bungie.net:443
2025-05-07 16:04:15,744 - DEBUG - [connectionpool.py:544] - https://www.bungie.net:443 "GET /Platform/Destiny2/Manifest/DestinyInventoryItemDefinition/1183187516/ HTTP/1.1" 200 2582
2025-05-07 16:04:15,746 - ERROR - [equipment_page.py:527] - Erreur update_equipment_slot: 'list' object has no attribute 'get'
2025-05-07 16:04:15,748 - DEBUG - [connectionpool.py:1049] - Starting new HTTPS connection (1): www.bungie.net:443
2025-05-07 16:04:16,049 - DEBUG - [connectionpool.py:544] - https://www.bungie.net:443 "GET /Platform/Destiny2/Manifest/DestinyInventoryItemDefinition/2741258862/ HTTP/1.1" 200 2583
2025-05-07 16:04:16,052 - ERROR - [equipment_page.py:527] - Erreur update_equipment_slot: 'list' object has no attribute 'get'
2025-05-07 16:04:16,054 - DEBUG - [connectionpool.py:1049] - Starting new HTTPS connection (1): www.bungie.net:443
2025-05-07 16:04:16,303 - DEBUG - [connectionpool.py:544] - https://www.bungie.net:443 "GET /Platform/Destiny2/Manifest/DestinyInventoryItemDefinition/266021826/ HTTP/1.1" 200 2348
2025-05-07 16:04:16,306 - ERROR - [equipment_page.py:527] - Erreur update_equipment_slot: 'list' object has no attribute 'get'
2025-05-07 16:04:16,307 - INFO - [equipment_page.py:345] - Affichage terminé - 3 armes, 5 pièces d'armure
2025-05-07 16:04:16,308 - INFO - [equipment_page.py:243] - === Chargement de l'équipement pour le personnage 2305843010596444327 ===
2025-05-07 16:04:16,311 - DEBUG - [connectionpool.py:1049] - Starting new HTTPS connection (1): www.bungie.net:443
2025-05-07 16:04:16,389 - DEBUG - [connectionpool.py:544] - https://www.bungie.net:443 "GET /Platform/Destiny2/3/Profile/4611686018536948250/Character/2305843010596444327/?components=205%2C300%2C302 HTTP/1.1" 200 3058
2025-05-07 16:04:16,391 - INFO - [equipment_page.py:298] - === Affichage de l'équipement ===
2025-05-07 16:04:16,391 - DEBUG - [connectionpool.py:1049] - Starting new HTTPS connection (1): www.bungie.net:443
2025-05-07 16:04:16,476 - DEBUG - [connectionpool.py:544] - https://www.bungie.net:443 "GET /Platform/Destiny2/Manifest/DestinyInventoryItemDefinition/2763843898/ HTTP/1.1" 200 3859
2025-05-07 16:04:16,479 - ERROR - [equipment_page.py:527] - Erreur update_equipment_slot: 'list' object has no attribute 'get'
2025-05-07 16:04:16,481 - DEBUG - [connectionpool.py:1049] - Starting new HTTPS connection (1): www.bungie.net:443
2025-05-07 16:04:16,556 - DEBUG - [connectionpool.py:544] - https://www.bungie.net:443 "GET /Platform/Destiny2/Manifest/DestinyInventoryItemDefinition/814876685/ HTTP/1.1" 200 2386
2025-05-07 16:04:16,557 - ERROR - [equipment_page.py:527] - Erreur update_equipment_slot: 'list' object has no attribute 'get'
2025-05-07 16:04:16,559 - DEBUG - [connectionpool.py:1049] - Starting new HTTPS connection (1): www.bungie.net:443
2025-05-07 16:04:16,651 - DEBUG - [connectionpool.py:544] - https://www.bungie.net:443 "GET /Platform/Destiny2/Manifest/DestinyInventoryItemDefinition/1896309757/ HTTP/1.1" 200 3821
2025-05-07 16:04:16,653 - ERROR - [equipment_page.py:527] - Erreur update_equipment_slot: 'list' object has no attribute 'get'
2025-05-07 16:04:16,655 - DEBUG - [connectionpool.py:1049] - Starting new HTTPS connection (1): www.bungie.net:443
2025-05-07 16:04:16,744 - DEBUG - [connectionpool.py:544] - https://www.bungie.net:443 "GET /Platform/Destiny2/Manifest/DestinyInventoryItemDefinition/2134769653/ HTTP/1.1" 200 2578
2025-05-07 16:04:16,745 - ERROR - [equipment_page.py:527] - Erreur update_equipment_slot: 'list' object has no attribute 'get'
2025-05-07 16:04:16,747 - DEBUG - [connectionpool.py:1049] - Starting new HTTPS connection (1): www.bungie.net:443
2025-05-07 16:04:16,826 - DEBUG - [connectionpool.py:544] - https://www.bungie.net:443 "GET /Platform/Destiny2/Manifest/DestinyInventoryItemDefinition/810612804/ HTTP/1.1" 200 2584
2025-05-07 16:04:16,828 - ERROR - [equipment_page.py:527] - Erreur update_equipment_slot: 'list' object has no attribute 'get'
2025-05-07 16:04:16,830 - DEBUG - [connectionpool.py:1049] - Starting new HTTPS connection (1): www.bungie.net:443
2025-05-07 16:04:16,919 - DEBUG - [connectionpool.py:544] - https://www.bungie.net:443 "GET /Platform/Destiny2/Manifest/DestinyInventoryItemDefinition/1183187516/ HTTP/1.1" 200 2582
2025-05-07 16:04:16,921 - ERROR - [equipment_page.py:527] - Erreur update_equipment_slot: 'list' object has no attribute 'get'
2025-05-07 16:04:16,923 - DEBUG - [connectionpool.py:1049] - Starting new HTTPS connection (1): www.bungie.net:443
2025-05-07 16:04:17,023 - DEBUG - [connectionpool.py:544] - https://www.bungie.net:443 "GET /Platform/Destiny2/Manifest/DestinyInventoryItemDefinition/2741258862/ HTTP/1.1" 200 2583
2025-05-07 16:04:17,026 - ERROR - [equipment_page.py:527] - Erreur update_equipment_slot: 'list' object has no attribute 'get'
2025-05-07 16:04:17,027 - DEBUG - [connectionpool.py:1049] - Starting new HTTPS connection (1): www.bungie.net:443
2025-05-07 16:04:17,119 - DEBUG - [connectionpool.py:544] - https://www.bungie.net:443 "GET /Platform/Destiny2/Manifest/DestinyInventoryItemDefinition/266021826/ HTTP/1.1" 200 2348
2025-05-07 16:04:17,121 - ERROR - [equipment_page.py:527] - Erreur update_equipment_slot: 'list' object has no attribute 'get'
2025-05-07 16:04:17,121 - INFO - [equipment_page.py:345] - Affichage terminé - 3 armes, 5 pièces d'armure
2025-05-07 16:04:17,122 - DEBUG - [main_window.py:133] - ✓ Page équipement créée
2025-05-07 16:04:17,123 - DEBUG - [main_window.py:136] - ✓ Page missions créée
2025-05-07 16:04:17,125 - INFO - [main_window.py:148] - ✅ Pages ajoutées avec succès
2025-05-07 16:04:17,125 - INFO - [main_window.py:155] - Configuration de la barre de statut
2025-05-07 16:04:17,126 - INFO - [main_window.py:168] - ✅ Barre de statut configurée
2025-05-07 16:04:17,126 - INFO - [main_window.py:174] - Application des styles
2025-05-07 16:04:17,132 - INFO - [main_window.py:179] - ✅ Styles appliqués
2025-05-07 16:04:17,132 - INFO - [main_window.py:27] - ✅ Interface principale initialisée avec succès
2025-05-07 16:04:21,004 - INFO - [main_window.py:185] - Changement de page vers l'index 1
2025-05-07 16:04:21,008 - DEBUG - [main_window.py:197] - ✓ Page changée avec succès vers 1
2025-05-07 16:04:21,528 - INFO - [equipment_page.py:449] - Ouverture des détails pour l'item : Midnight Coup
2025-05-07 16:04:21,529 - INFO - [equipment_page.py:461] - Affichage du template non-exotique.
2025-05-07 16:04:21,529 - DEBUG - [equipment_page.py:531] - Création du widget détail non-exotique pour : Midnight Coup
2025-05-07 16:05:25,191 - INFO - [equipment_page.py:449] - Ouverture des détails pour l'item : Midnight Coup
2025-05-07 16:05:25,191 - INFO - [equipment_page.py:461] - Affichage du template non-exotique.
2025-05-07 16:05:25,191 - DEBUG - [equipment_page.py:531] - Création du widget détail non-exotique pour : Midnight Coup
