2025-05-07 14:35:15,020 - INFO - [logger.py:31] - === Démarrage de Destiny Hub ===
2025-05-07 14:35:15,020 - INFO - [logger.py:32] - Version Python: 3.11.6 (tags/v3.11.6:8b6ee5b, Oct  2 2023, 14:57:12) [MSC v.1935 64 bit (AMD64)]
2025-05-07 14:35:15,021 - INFO - [logger.py:33] - Système d'exploitation: win32
2025-05-07 14:35:15,021 - INFO - [logger.py:34] - Fichier de log créé: logs/destiny_hub_20250507_143515.log
2025-05-07 14:35:15,022 - INFO - [logger.py:55] - === Informations Système ===
2025-05-07 14:35:15,022 - INFO - [logger.py:56] - OS: Windows 10
2025-05-07 14:35:15,023 - INFO - [logger.py:57] - Architecture: AMD64
2025-05-07 14:35:15,023 - INFO - [logger.py:58] - Processeur: AMD64 Family 25 Model 68 Stepping 1, AuthenticAMD
2025-05-07 14:35:15,033 - INFO - [logger.py:62] - Mémoire totale: 31.25 GB
2025-05-07 14:35:15,034 - INFO - [logger.py:63] - Mémoire disponible: 16.12 GB
2025-05-07 14:35:15,034 - INFO - [logger.py:64] - Utilisation mémoire: 48.4%
2025-05-07 14:35:15,035 - INFO - [logger.py:68] - Espace disque total: 952.48 GB
2025-05-07 14:35:15,035 - INFO - [logger.py:69] - Espace disque libre: 219.95 GB
2025-05-07 14:35:15,036 - INFO - [logger.py:70] - Utilisation disque: 76.9%
2025-05-07 14:35:15,036 - INFO - [logger.py:77] - === Vérification de l'environnement ===
2025-05-07 14:35:15,038 - INFO - [logger.py:93] - ✓ BUNGIE_API_KEY trouvée
2025-05-07 14:35:15,038 - DEBUG - [logger.py:94] - Longueur de BUNGIE_API_KEY: 32
2025-05-07 14:35:15,039 - ERROR - [logger.py:96] - ✗ CLIENT_ID non trouvée dans .env
2025-05-07 14:35:15,039 - ERROR - [logger.py:96] - ✗ CLIENT_SECRET non trouvée dans .env
2025-05-07 14:35:15,039 - INFO - [logger.py:105] - === Vérification des dépendances ===
2025-05-07 14:35:15,040 - INFO - [logger.py:119] - ✓ PyQt6 version: Version inconnue
2025-05-07 14:35:15,040 - INFO - [logger.py:119] - ✓ requests version: 2.32.3
2025-05-07 14:35:15,040 - INFO - [logger.py:119] - ✓ python-dotenv version: Version inconnue
2025-05-07 14:35:15,041 - INFO - [logger.py:119] - ✓ psutil version: 5.9.5
2025-05-07 14:35:15,041 - INFO - [logger.py:119] - ✓ beautifulsoup4 version: 4.13.4
2025-05-07 14:35:15,041 - INFO - [logger.py:126] - === Vérification des fichiers ===
2025-05-07 14:35:15,042 - INFO - [logger.py:148] - ✓ .env trouvé (Configuration)
2025-05-07 14:35:15,043 - INFO - [logger.py:148] - ✓ main.py trouvé (Point d'entrée)
2025-05-07 14:35:15,043 - INFO - [logger.py:148] - ✓ requirements.txt trouvé (Dépendances)
2025-05-07 14:35:15,044 - DEBUG - [logger.py:173] - === Contenu de requirements.txt ===
2025-05-07 14:35:15,044 - DEBUG - [logger.py:177] - - requests==2.31.0
2025-05-07 14:35:15,044 - DEBUG - [logger.py:177] - - customtkinter==5.2.1
2025-05-07 14:35:15,045 - DEBUG - [logger.py:177] - - pillow==10.2.0
2025-05-07 14:35:15,045 - DEBUG - [logger.py:177] - - python-dotenv==1.0.0
2025-05-07 14:35:15,046 - INFO - [logger.py:158] - ✓ Dossier ui trouvé (Interface utilisateur) - 4 fichiers
2025-05-07 14:35:15,046 - DEBUG - [logger.py:159] - Contenu de ui: main_window.py, pages, styles.py, __pycache__
2025-05-07 14:35:15,047 - INFO - [logger.py:158] - ✓ Dossier ui/pages trouvé (Pages de l'interface) - 5 fichiers
2025-05-07 14:35:15,047 - DEBUG - [logger.py:159] - Contenu de ui/pages: account_page.py, equipment_page.py, meta_page.py, missions_page.py, __pycache__
2025-05-07 14:35:15,047 - INFO - [logger.py:158] - ✓ Dossier api trouvé (API Bungie) - 3 fichiers
2025-05-07 14:35:15,048 - DEBUG - [logger.py:159] - Contenu de api: bungie_client.py, oauth_handler.py, __pycache__
2025-05-07 14:35:15,048 - INFO - [logger.py:158] - ✓ Dossier utils trouvé (Utilitaires) - 3 fichiers
2025-05-07 14:35:15,049 - DEBUG - [logger.py:159] - Contenu de utils: config.py, logger.py, __pycache__
2025-05-07 14:35:15,049 - INFO - [logger.py:158] - ✓ Dossier data trouvé (Données) - 4 fichiers
2025-05-07 14:35:15,049 - DEBUG - [logger.py:159] - Contenu de data: account.json, full_account.json, icons, profile_data.json
2025-05-07 14:35:15,050 - INFO - [logger.py:158] - ✓ Dossier icons trouvé (Icônes) - 70 fichiers
2025-05-07 14:35:15,050 - DEBUG - [logger.py:159] - Contenu de icons: 1003860281.png, 1183187516.png, 1197771438.png, 129332559.png, 1320342774.png, 1457394908.png, 1484009400.png, 1522633034.png, 152583919.png, 1533314821.png, 1616346845.png, 1762785662.png, 1896309757.png, 1907110519.png, 1911060537.png, 1958630864.png, 2012043039.png, 2134769653.png, 2151724216.png, 2185244404.png, 2190967049.png, 2198166292.png, 2286507447.png, 241462142.png, 2441435355.png, 2550323932.png, 2591586261.png, 2629014079.png, 266021826.png, 2738060683.png, 2741258862.png, 2742930797.png, 2763843898.png, 2783831726.png, 2809120022.png, 2827764482.png, 287888126.png, 2907129557.png, 2949538030.png, 2962546549.png, 3001229473.png, 3158812152.png, 3183180185.png, 3264721770.png, 331602521.png, 3434301337.png, 3569802112.png, 3628991658.png, 3733702440.png, 3797572280.png, 3828080585.png, 3844610113.png, 3906357376.png, 3947966653.png, 4026763349.png, 4062934448.png, 4146702548.png, 4282591831.png, 4293588774.png, 431721920.png, 537041732.png, 557165046.png, 568611923.png, 643145875.png, 788073488.png, 810612804.png, 814876685.png, 952431286.png, 991314988.png, spectre.gif
2025-05-07 14:35:15,052 - INFO - [logger.py:158] - ✓ Dossier logs trouvé (Fichiers de log) - 56 fichiers
2025-05-07 14:35:15,053 - DEBUG - [logger.py:159] - Contenu de logs: destiny_hub_20250417_090308.log, destiny_hub_20250417_090501.log, destiny_hub_20250417_091449.log, destiny_hub_20250417_091744.log, destiny_hub_20250417_092047.log, destiny_hub_20250417_092453.log, destiny_hub_20250417_093036.log, destiny_hub_20250417_093355.log, destiny_hub_20250417_093518.log, destiny_hub_20250417_093701.log, destiny_hub_20250417_094459.log, destiny_hub_20250417_094915.log, destiny_hub_20250417_095450.log, destiny_hub_20250417_095800.log, destiny_hub_20250417_100013.log, destiny_hub_20250417_101050.log, destiny_hub_20250417_101112.log, destiny_hub_20250417_101728.log, destiny_hub_20250417_101938.log, destiny_hub_20250417_102126.log, destiny_hub_20250417_102514.log, destiny_hub_20250417_102736.log, destiny_hub_20250417_103000.log, destiny_hub_20250417_103209.log, destiny_hub_20250417_103307.log, destiny_hub_20250417_103545.log, destiny_hub_20250507_114434.log, destiny_hub_20250507_114815.log, destiny_hub_20250507_114838.log, destiny_hub_20250507_115102.log, destiny_hub_20250507_115217.log, destiny_hub_20250507_135035.log, destiny_hub_20250507_135311.log, destiny_hub_20250507_135523.log, destiny_hub_20250507_135724.log, destiny_hub_20250507_135955.log, destiny_hub_20250507_140048.log, destiny_hub_20250507_140128.log, destiny_hub_20250507_140251.log, destiny_hub_20250507_140627.log, destiny_hub_20250507_140642.log, destiny_hub_20250507_140654.log, destiny_hub_20250507_141253.log, destiny_hub_20250507_141602.log, destiny_hub_20250507_141617.log, destiny_hub_20250507_141823.log, destiny_hub_20250507_142031.log, destiny_hub_20250507_142224.log, destiny_hub_20250507_142429.log, destiny_hub_20250507_142436.log, destiny_hub_20250507_142454.log, destiny_hub_20250507_142651.log, destiny_hub_20250507_142811.log, destiny_hub_20250507_142939.log, destiny_hub_20250507_143243.log, destiny_hub_20250507_143515.log
2025-05-07 14:35:15,053 - INFO - [logger.py:158] - ✓ Dossier cache trouvé (Cache des images) - 0 fichiers
2025-05-07 14:35:15,054 - DEBUG - [logger.py:159] - Contenu de cache: 
2025-05-07 14:35:15,104 - INFO - [main_window.py:17] - === Initialisation de la fenêtre principale ===
2025-05-07 14:35:15,106 - INFO - [main_window.py:33] - Configuration de l'interface utilisateur
2025-05-07 14:35:15,114 - DEBUG - [main_window.py:111] - Création des pages...
2025-05-07 14:35:15,140 - DEBUG - [main_window.py:113] - ✓ Page compte créée
2025-05-07 14:35:15,170 - INFO - [equipment_page.py:206] - === Chargement des personnages ===
2025-05-07 14:35:15,175 - DEBUG - [connectionpool.py:1049] - Starting new HTTPS connection (1): www.bungie.net:443
2025-05-07 14:35:15,473 - DEBUG - [connectionpool.py:544] - https://www.bungie.net:443 "GET /Platform/Destiny2/3/Profile/4611686018536948250/?components=200%2C205 HTTP/1.1" 200 2460
2025-05-07 14:35:15,487 - INFO - [equipment_page.py:401] - Changement de personnage vers ID: 2305843010596444327
2025-05-07 14:35:15,490 - DEBUG - [connectionpool.py:1049] - Starting new HTTPS connection (1): www.bungie.net:443
2025-05-07 14:35:16,708 - DEBUG - [connectionpool.py:544] - https://www.bungie.net:443 "GET /Platform/Destiny2/3/Profile/4611686018536948250/?components=200 HTTP/1.1" 200 992
2025-05-07 14:35:16,710 - INFO - [equipment_page.py:431] - Lumière mise à jour pour le nouveau personnage: 2018
2025-05-07 14:35:16,710 - INFO - [equipment_page.py:262] - === Chargement de l'équipement pour le personnage 2305843010596444327 ===
2025-05-07 14:35:16,712 - DEBUG - [connectionpool.py:1049] - Starting new HTTPS connection (1): www.bungie.net:443
2025-05-07 14:35:17,607 - DEBUG - [connectionpool.py:544] - https://www.bungie.net:443 "GET /Platform/Destiny2/3/Profile/4611686018536948250/Character/2305843010596444327/?components=205%2C300%2C302 HTTP/1.1" 200 3058
2025-05-07 14:35:17,609 - INFO - [equipment_page.py:320] - === Affichage de l'équipement ===
2025-05-07 14:35:17,611 - DEBUG - [connectionpool.py:1049] - Starting new HTTPS connection (1): www.bungie.net:443
2025-05-07 14:35:17,871 - DEBUG - [connectionpool.py:544] - https://www.bungie.net:443 "GET /Platform/Destiny2/Manifest/DestinyInventoryItemDefinition/2763843898/ HTTP/1.1" 200 3859
2025-05-07 14:35:17,908 - DEBUG - [connectionpool.py:1049] - Starting new HTTPS connection (1): www.bungie.net:443
2025-05-07 14:35:18,664 - DEBUG - [connectionpool.py:544] - https://www.bungie.net:443 "GET /Platform/Destiny2/Manifest/DestinyInventoryItemDefinition/814876685/ HTTP/1.1" 200 2386
2025-05-07 14:35:18,670 - DEBUG - [connectionpool.py:1049] - Starting new HTTPS connection (1): www.bungie.net:443
2025-05-07 14:35:18,932 - DEBUG - [connectionpool.py:544] - https://www.bungie.net:443 "GET /Platform/Destiny2/Manifest/DestinyInventoryItemDefinition/1896309757/ HTTP/1.1" 200 3821
2025-05-07 14:35:18,937 - DEBUG - [connectionpool.py:1049] - Starting new HTTPS connection (1): www.bungie.net:443
2025-05-07 14:35:19,177 - DEBUG - [connectionpool.py:544] - https://www.bungie.net:443 "GET /Platform/Destiny2/Manifest/DestinyInventoryItemDefinition/2134769653/ HTTP/1.1" 200 2578
2025-05-07 14:35:19,182 - DEBUG - [connectionpool.py:1049] - Starting new HTTPS connection (1): www.bungie.net:443
2025-05-07 14:35:19,440 - DEBUG - [connectionpool.py:544] - https://www.bungie.net:443 "GET /Platform/Destiny2/Manifest/DestinyInventoryItemDefinition/810612804/ HTTP/1.1" 200 2584
2025-05-07 14:35:19,446 - DEBUG - [connectionpool.py:1049] - Starting new HTTPS connection (1): www.bungie.net:443
2025-05-07 14:35:19,693 - DEBUG - [connectionpool.py:544] - https://www.bungie.net:443 "GET /Platform/Destiny2/Manifest/DestinyInventoryItemDefinition/1183187516/ HTTP/1.1" 200 2582
2025-05-07 14:35:19,698 - DEBUG - [connectionpool.py:1049] - Starting new HTTPS connection (1): www.bungie.net:443
2025-05-07 14:35:19,990 - DEBUG - [connectionpool.py:544] - https://www.bungie.net:443 "GET /Platform/Destiny2/Manifest/DestinyInventoryItemDefinition/2741258862/ HTTP/1.1" 200 2583
2025-05-07 14:35:19,994 - DEBUG - [connectionpool.py:1049] - Starting new HTTPS connection (1): www.bungie.net:443
2025-05-07 14:35:20,732 - DEBUG - [connectionpool.py:544] - https://www.bungie.net:443 "GET /Platform/Destiny2/Manifest/DestinyInventoryItemDefinition/266021826/ HTTP/1.1" 200 2348
2025-05-07 14:35:20,737 - INFO - [equipment_page.py:367] - Affichage terminé - 3 armes, 5 pièces d'armure
2025-05-07 14:35:20,738 - INFO - [equipment_page.py:262] - === Chargement de l'équipement pour le personnage 2305843010596444327 ===
2025-05-07 14:35:20,740 - DEBUG - [connectionpool.py:1049] - Starting new HTTPS connection (1): www.bungie.net:443
2025-05-07 14:35:20,827 - DEBUG - [connectionpool.py:544] - https://www.bungie.net:443 "GET /Platform/Destiny2/3/Profile/4611686018536948250/Character/2305843010596444327/?components=205%2C300%2C302 HTTP/1.1" 200 3058
2025-05-07 14:35:20,829 - INFO - [equipment_page.py:320] - === Affichage de l'équipement ===
2025-05-07 14:35:20,831 - DEBUG - [connectionpool.py:1049] - Starting new HTTPS connection (1): www.bungie.net:443
2025-05-07 14:35:20,945 - DEBUG - [connectionpool.py:544] - https://www.bungie.net:443 "GET /Platform/Destiny2/Manifest/DestinyInventoryItemDefinition/2763843898/ HTTP/1.1" 200 3859
2025-05-07 14:35:20,950 - DEBUG - [connectionpool.py:1049] - Starting new HTTPS connection (1): www.bungie.net:443
2025-05-07 14:35:21,037 - DEBUG - [connectionpool.py:544] - https://www.bungie.net:443 "GET /Platform/Destiny2/Manifest/DestinyInventoryItemDefinition/814876685/ HTTP/1.1" 200 2386
2025-05-07 14:35:21,042 - DEBUG - [connectionpool.py:1049] - Starting new HTTPS connection (1): www.bungie.net:443
2025-05-07 14:35:21,135 - DEBUG - [connectionpool.py:544] - https://www.bungie.net:443 "GET /Platform/Destiny2/Manifest/DestinyInventoryItemDefinition/1896309757/ HTTP/1.1" 200 3821
2025-05-07 14:35:21,139 - DEBUG - [connectionpool.py:1049] - Starting new HTTPS connection (1): www.bungie.net:443
2025-05-07 14:35:21,223 - DEBUG - [connectionpool.py:544] - https://www.bungie.net:443 "GET /Platform/Destiny2/Manifest/DestinyInventoryItemDefinition/2134769653/ HTTP/1.1" 200 2578
2025-05-07 14:35:21,227 - DEBUG - [connectionpool.py:1049] - Starting new HTTPS connection (1): www.bungie.net:443
2025-05-07 14:35:21,533 - DEBUG - [connectionpool.py:544] - https://www.bungie.net:443 "GET /Platform/Destiny2/Manifest/DestinyInventoryItemDefinition/810612804/ HTTP/1.1" 200 2584
2025-05-07 14:35:21,537 - DEBUG - [connectionpool.py:1049] - Starting new HTTPS connection (1): www.bungie.net:443
2025-05-07 14:35:21,616 - DEBUG - [connectionpool.py:544] - https://www.bungie.net:443 "GET /Platform/Destiny2/Manifest/DestinyInventoryItemDefinition/1183187516/ HTTP/1.1" 200 2582
2025-05-07 14:35:21,620 - DEBUG - [connectionpool.py:1049] - Starting new HTTPS connection (1): www.bungie.net:443
2025-05-07 14:35:21,710 - DEBUG - [connectionpool.py:544] - https://www.bungie.net:443 "GET /Platform/Destiny2/Manifest/DestinyInventoryItemDefinition/2741258862/ HTTP/1.1" 200 2583
2025-05-07 14:35:21,714 - DEBUG - [connectionpool.py:1049] - Starting new HTTPS connection (1): www.bungie.net:443
2025-05-07 14:35:21,797 - DEBUG - [connectionpool.py:544] - https://www.bungie.net:443 "GET /Platform/Destiny2/Manifest/DestinyInventoryItemDefinition/266021826/ HTTP/1.1" 200 2348
2025-05-07 14:35:21,798 - INFO - [equipment_page.py:367] - Affichage terminé - 3 armes, 5 pièces d'armure
2025-05-07 14:35:21,800 - DEBUG - [main_window.py:116] - ✓ Page équipement créée
2025-05-07 14:35:21,802 - DEBUG - [main_window.py:119] - ✓ Page missions créée
2025-05-07 14:35:21,805 - INFO - [main_window.py:131] - ✅ Pages ajoutées avec succès
2025-05-07 14:35:21,805 - INFO - [main_window.py:138] - Configuration de la barre de statut
2025-05-07 14:35:21,806 - INFO - [main_window.py:151] - ✅ Barre de statut configurée
2025-05-07 14:35:21,806 - INFO - [main_window.py:157] - Application des styles
2025-05-07 14:35:21,814 - INFO - [main_window.py:162] - ✅ Styles appliqués
2025-05-07 14:35:21,815 - INFO - [main_window.py:27] - ✅ Interface principale initialisée avec succès
2025-05-07 14:35:23,614 - INFO - [main_window.py:168] - Changement de page vers l'index 1
2025-05-07 14:35:23,617 - DEBUG - [main_window.py:180] - ✓ Page changée avec succès vers 1
2025-05-07 14:35:25,058 - INFO - [equipment_page.py:401] - Changement de personnage vers ID: 2305843010617604833
2025-05-07 14:35:25,063 - DEBUG - [connectionpool.py:1049] - Starting new HTTPS connection (1): www.bungie.net:443
2025-05-07 14:35:25,149 - DEBUG - [connectionpool.py:544] - https://www.bungie.net:443 "GET /Platform/Destiny2/3/Profile/4611686018536948250/?components=200 HTTP/1.1" 200 992
2025-05-07 14:35:25,151 - INFO - [equipment_page.py:431] - Lumière mise à jour pour le nouveau personnage: 2017
2025-05-07 14:35:25,155 - INFO - [equipment_page.py:262] - === Chargement de l'équipement pour le personnage 2305843010617604833 ===
2025-05-07 14:35:25,158 - DEBUG - [connectionpool.py:1049] - Starting new HTTPS connection (1): www.bungie.net:443
2025-05-07 14:35:25,998 - DEBUG - [connectionpool.py:544] - https://www.bungie.net:443 "GET /Platform/Destiny2/3/Profile/4611686018536948250/Character/2305843010617604833/?components=205%2C300%2C302 HTTP/1.1" 200 3157
2025-05-07 14:35:26,004 - INFO - [equipment_page.py:320] - === Affichage de l'équipement ===
2025-05-07 14:35:26,006 - DEBUG - [connectionpool.py:1049] - Starting new HTTPS connection (1): www.bungie.net:443
2025-05-07 14:35:26,253 - DEBUG - [connectionpool.py:544] - https://www.bungie.net:443 "GET /Platform/Destiny2/Manifest/DestinyInventoryItemDefinition/3947966653/ HTTP/1.1" 200 3777
2025-05-07 14:35:26,258 - DEBUG - [connectionpool.py:1049] - Starting new HTTPS connection (1): www.bungie.net:443
2025-05-07 14:35:26,496 - DEBUG - [connectionpool.py:544] - https://www.bungie.net:443 "GET /Platform/Destiny2/Manifest/DestinyInventoryItemDefinition/431721920/ HTTP/1.1" 200 3791
2025-05-07 14:35:26,500 - DEBUG - [connectionpool.py:1049] - Starting new HTTPS connection (1): www.bungie.net:443
2025-05-07 14:35:26,799 - DEBUG - [connectionpool.py:544] - https://www.bungie.net:443 "GET /Platform/Destiny2/Manifest/DestinyInventoryItemDefinition/1762785662/ HTTP/1.1" 200 3767
2025-05-07 14:35:26,805 - DEBUG - [connectionpool.py:1049] - Starting new HTTPS connection (1): www.bungie.net:443
2025-05-07 14:35:27,072 - DEBUG - [connectionpool.py:544] - https://www.bungie.net:443 "GET /Platform/Destiny2/Manifest/DestinyInventoryItemDefinition/3001229473/ HTTP/1.1" 200 2584
2025-05-07 14:35:27,077 - DEBUG - [connectionpool.py:1049] - Starting new HTTPS connection (1): www.bungie.net:443
2025-05-07 14:35:27,327 - DEBUG - [connectionpool.py:544] - https://www.bungie.net:443 "GET /Platform/Destiny2/Manifest/DestinyInventoryItemDefinition/3797572280/ HTTP/1.1" 200 2591
2025-05-07 14:35:27,331 - DEBUG - [connectionpool.py:1049] - Starting new HTTPS connection (1): www.bungie.net:443
2025-05-07 14:35:27,616 - DEBUG - [connectionpool.py:544] - https://www.bungie.net:443 "GET /Platform/Destiny2/Manifest/DestinyInventoryItemDefinition/1958630864/ HTTP/1.1" 200 2591
2025-05-07 14:35:27,621 - DEBUG - [connectionpool.py:1049] - Starting new HTTPS connection (1): www.bungie.net:443
2025-05-07 14:35:27,882 - DEBUG - [connectionpool.py:544] - https://www.bungie.net:443 "GET /Platform/Destiny2/Manifest/DestinyInventoryItemDefinition/129332559/ HTTP/1.1" 200 2690
2025-05-07 14:35:27,887 - DEBUG - [connectionpool.py:1049] - Starting new HTTPS connection (1): www.bungie.net:443
2025-05-07 14:35:28,149 - DEBUG - [connectionpool.py:544] - https://www.bungie.net:443 "GET /Platform/Destiny2/Manifest/DestinyInventoryItemDefinition/2809120022/ HTTP/1.1" 200 2377
2025-05-07 14:35:28,152 - INFO - [equipment_page.py:367] - Affichage terminé - 3 armes, 5 pièces d'armure
2025-05-07 14:35:39,563 - INFO - [equipment_page.py:401] - Changement de personnage vers ID: 2305843010696344032
2025-05-07 14:35:39,567 - DEBUG - [connectionpool.py:1049] - Starting new HTTPS connection (1): www.bungie.net:443
2025-05-07 14:35:39,684 - DEBUG - [connectionpool.py:544] - https://www.bungie.net:443 "GET /Platform/Destiny2/3/Profile/4611686018536948250/?components=200 HTTP/1.1" 200 992
2025-05-07 14:35:39,685 - INFO - [equipment_page.py:431] - Lumière mise à jour pour le nouveau personnage: 2017
2025-05-07 14:35:39,690 - INFO - [equipment_page.py:262] - === Chargement de l'équipement pour le personnage 2305843010696344032 ===
2025-05-07 14:35:39,693 - DEBUG - [connectionpool.py:1049] - Starting new HTTPS connection (1): www.bungie.net:443
2025-05-07 14:35:39,967 - DEBUG - [connectionpool.py:544] - https://www.bungie.net:443 "GET /Platform/Destiny2/3/Profile/4611686018536948250/Character/2305843010696344032/?components=205%2C300%2C302 HTTP/1.1" 200 3027
2025-05-07 14:35:39,972 - INFO - [equipment_page.py:320] - === Affichage de l'équipement ===
2025-05-07 14:35:39,974 - DEBUG - [connectionpool.py:1049] - Starting new HTTPS connection (1): www.bungie.net:443
2025-05-07 14:35:40,647 - DEBUG - [connectionpool.py:544] - https://www.bungie.net:443 "GET /Platform/Destiny2/Manifest/DestinyInventoryItemDefinition/557165046/ HTTP/1.1" 200 3896
2025-05-07 14:35:40,652 - DEBUG - [connectionpool.py:1049] - Starting new HTTPS connection (1): www.bungie.net:443
2025-05-07 14:35:40,910 - DEBUG - [connectionpool.py:544] - https://www.bungie.net:443 "GET /Platform/Destiny2/Manifest/DestinyInventoryItemDefinition/2907129557/ HTTP/1.1" 200 2549
2025-05-07 14:35:40,914 - DEBUG - [connectionpool.py:1049] - Starting new HTTPS connection (1): www.bungie.net:443
2025-05-07 14:35:41,212 - DEBUG - [connectionpool.py:544] - https://www.bungie.net:443 "GET /Platform/Destiny2/Manifest/DestinyInventoryItemDefinition/568611923/ HTTP/1.1" 200 3763
2025-05-07 14:35:41,217 - DEBUG - [connectionpool.py:1049] - Starting new HTTPS connection (1): www.bungie.net:443
2025-05-07 14:35:41,472 - DEBUG - [connectionpool.py:544] - https://www.bungie.net:443 "GET /Platform/Destiny2/Manifest/DestinyInventoryItemDefinition/2783831726/ HTTP/1.1" 200 2623
2025-05-07 14:35:41,477 - DEBUG - [connectionpool.py:1049] - Starting new HTTPS connection (1): www.bungie.net:443
2025-05-07 14:35:41,744 - DEBUG - [connectionpool.py:544] - https://www.bungie.net:443 "GET /Platform/Destiny2/Manifest/DestinyInventoryItemDefinition/287888126/ HTTP/1.1" 200 2639
2025-05-07 14:35:41,748 - DEBUG - [connectionpool.py:1049] - Starting new HTTPS connection (1): www.bungie.net:443
2025-05-07 14:35:42,184 - DEBUG - [connectionpool.py:544] - https://www.bungie.net:443 "GET /Platform/Destiny2/Manifest/DestinyInventoryItemDefinition/331602521/ HTTP/1.1" 200 2629
2025-05-07 14:35:42,188 - DEBUG - [connectionpool.py:1049] - Starting new HTTPS connection (1): www.bungie.net:443
2025-05-07 14:35:42,476 - DEBUG - [connectionpool.py:544] - https://www.bungie.net:443 "GET /Platform/Destiny2/Manifest/DestinyInventoryItemDefinition/3264721770/ HTTP/1.1" 200 2610
2025-05-07 14:35:42,480 - DEBUG - [connectionpool.py:1049] - Starting new HTTPS connection (1): www.bungie.net:443
2025-05-07 14:35:42,569 - DEBUG - [connectionpool.py:544] - https://www.bungie.net:443 "GET /Platform/Destiny2/Manifest/DestinyInventoryItemDefinition/266021826/ HTTP/1.1" 200 2348
2025-05-07 14:35:42,572 - INFO - [equipment_page.py:367] - Affichage terminé - 3 armes, 5 pièces d'armure
