2025-05-07 14:40:51,113 - INFO - [logger.py:31] - === Démarrage de Destiny Hub ===
2025-05-07 14:40:51,114 - INFO - [logger.py:32] - Version Python: 3.11.6 (tags/v3.11.6:8b6ee5b, Oct  2 2023, 14:57:12) [MSC v.1935 64 bit (AMD64)]
2025-05-07 14:40:51,114 - INFO - [logger.py:33] - Système d'exploitation: win32
2025-05-07 14:40:51,114 - INFO - [logger.py:34] - Fichier de log créé: logs/destiny_hub_20250507_144051.log
2025-05-07 14:40:51,115 - INFO - [logger.py:55] - === Informations Système ===
2025-05-07 14:40:51,115 - INFO - [logger.py:56] - OS: Windows 10
2025-05-07 14:40:51,116 - INFO - [logger.py:57] - Architecture: AMD64
2025-05-07 14:40:51,116 - INFO - [logger.py:58] - Processeur: AMD64 Family 25 Model 68 Stepping 1, AuthenticAMD
2025-05-07 14:40:51,124 - INFO - [logger.py:62] - Mémoire totale: 31.25 GB
2025-05-07 14:40:51,125 - INFO - [logger.py:63] - Mémoire disponible: 16.18 GB
2025-05-07 14:40:51,125 - INFO - [logger.py:64] - Utilisation mémoire: 48.2%
2025-05-07 14:40:51,126 - INFO - [logger.py:68] - Espace disque total: 952.48 GB
2025-05-07 14:40:51,126 - INFO - [logger.py:69] - Espace disque libre: 219.95 GB
2025-05-07 14:40:51,126 - INFO - [logger.py:70] - Utilisation disque: 76.9%
2025-05-07 14:40:51,126 - INFO - [logger.py:77] - === Vérification de l'environnement ===
2025-05-07 14:40:51,128 - INFO - [logger.py:93] - ✓ BUNGIE_API_KEY trouvée
2025-05-07 14:40:51,128 - DEBUG - [logger.py:94] - Longueur de BUNGIE_API_KEY: 32
2025-05-07 14:40:51,128 - ERROR - [logger.py:96] - ✗ CLIENT_ID non trouvée dans .env
2025-05-07 14:40:51,129 - ERROR - [logger.py:96] - ✗ CLIENT_SECRET non trouvée dans .env
2025-05-07 14:40:51,129 - INFO - [logger.py:105] - === Vérification des dépendances ===
2025-05-07 14:40:51,129 - INFO - [logger.py:119] - ✓ PyQt6 version: Version inconnue
2025-05-07 14:40:51,130 - INFO - [logger.py:119] - ✓ requests version: 2.32.3
2025-05-07 14:40:51,130 - INFO - [logger.py:119] - ✓ python-dotenv version: Version inconnue
2025-05-07 14:40:51,130 - INFO - [logger.py:119] - ✓ psutil version: 5.9.5
2025-05-07 14:40:51,131 - INFO - [logger.py:119] - ✓ beautifulsoup4 version: 4.13.4
2025-05-07 14:40:51,131 - INFO - [logger.py:126] - === Vérification des fichiers ===
2025-05-07 14:40:51,132 - INFO - [logger.py:148] - ✓ .env trouvé (Configuration)
2025-05-07 14:40:51,132 - INFO - [logger.py:148] - ✓ main.py trouvé (Point d'entrée)
2025-05-07 14:40:51,132 - INFO - [logger.py:148] - ✓ requirements.txt trouvé (Dépendances)
2025-05-07 14:40:51,133 - DEBUG - [logger.py:173] - === Contenu de requirements.txt ===
2025-05-07 14:40:51,134 - DEBUG - [logger.py:177] - - requests==2.31.0
2025-05-07 14:40:51,134 - DEBUG - [logger.py:177] - - customtkinter==5.2.1
2025-05-07 14:40:51,134 - DEBUG - [logger.py:177] - - pillow==10.2.0
2025-05-07 14:40:51,135 - DEBUG - [logger.py:177] - - python-dotenv==1.0.0
2025-05-07 14:40:51,136 - INFO - [logger.py:158] - ✓ Dossier ui trouvé (Interface utilisateur) - 4 fichiers
2025-05-07 14:40:51,136 - DEBUG - [logger.py:159] - Contenu de ui: main_window.py, pages, styles.py, __pycache__
2025-05-07 14:40:51,137 - INFO - [logger.py:158] - ✓ Dossier ui/pages trouvé (Pages de l'interface) - 5 fichiers
2025-05-07 14:40:51,137 - DEBUG - [logger.py:159] - Contenu de ui/pages: account_page.py, equipment_page.py, meta_page.py, missions_page.py, __pycache__
2025-05-07 14:40:51,138 - INFO - [logger.py:158] - ✓ Dossier api trouvé (API Bungie) - 3 fichiers
2025-05-07 14:40:51,138 - DEBUG - [logger.py:159] - Contenu de api: bungie_client.py, oauth_handler.py, __pycache__
2025-05-07 14:40:51,139 - INFO - [logger.py:158] - ✓ Dossier utils trouvé (Utilitaires) - 3 fichiers
2025-05-07 14:40:51,139 - DEBUG - [logger.py:159] - Contenu de utils: config.py, logger.py, __pycache__
2025-05-07 14:40:51,140 - INFO - [logger.py:158] - ✓ Dossier data trouvé (Données) - 4 fichiers
2025-05-07 14:40:51,140 - DEBUG - [logger.py:159] - Contenu de data: account.json, full_account.json, icons, profile_data.json
2025-05-07 14:40:51,141 - INFO - [logger.py:158] - ✓ Dossier icons trouvé (Icônes) - 70 fichiers
2025-05-07 14:40:51,141 - DEBUG - [logger.py:159] - Contenu de icons: 1003860281.png, 1183187516.png, 1197771438.png, 129332559.png, 1320342774.png, 1457394908.png, 1484009400.png, 1522633034.png, 152583919.png, 1533314821.png, 1616346845.png, 1762785662.png, 1896309757.png, 1907110519.png, 1911060537.png, 1958630864.png, 2012043039.png, 2134769653.png, 2151724216.png, 2185244404.png, 2190967049.png, 2198166292.png, 2286507447.png, 241462142.png, 2441435355.png, 2550323932.png, 2591586261.png, 2629014079.png, 266021826.png, 2738060683.png, 2741258862.png, 2742930797.png, 2763843898.png, 2783831726.png, 2809120022.png, 2827764482.png, 287888126.png, 2907129557.png, 2949538030.png, 2962546549.png, 3001229473.png, 3158812152.png, 3183180185.png, 3264721770.png, 331602521.png, 3434301337.png, 3569802112.png, 3628991658.png, 3733702440.png, 3797572280.png, 3828080585.png, 3844610113.png, 3906357376.png, 3947966653.png, 4026763349.png, 4062934448.png, 4146702548.png, 4282591831.png, 4293588774.png, 431721920.png, 537041732.png, 557165046.png, 568611923.png, 643145875.png, 788073488.png, 810612804.png, 814876685.png, 952431286.png, 991314988.png, spectre.gif
2025-05-07 14:40:51,143 - INFO - [logger.py:158] - ✓ Dossier logs trouvé (Fichiers de log) - 57 fichiers
2025-05-07 14:40:51,143 - DEBUG - [logger.py:159] - Contenu de logs: destiny_hub_20250417_090308.log, destiny_hub_20250417_090501.log, destiny_hub_20250417_091449.log, destiny_hub_20250417_091744.log, destiny_hub_20250417_092047.log, destiny_hub_20250417_092453.log, destiny_hub_20250417_093036.log, destiny_hub_20250417_093355.log, destiny_hub_20250417_093518.log, destiny_hub_20250417_093701.log, destiny_hub_20250417_094459.log, destiny_hub_20250417_094915.log, destiny_hub_20250417_095450.log, destiny_hub_20250417_095800.log, destiny_hub_20250417_100013.log, destiny_hub_20250417_101050.log, destiny_hub_20250417_101112.log, destiny_hub_20250417_101728.log, destiny_hub_20250417_101938.log, destiny_hub_20250417_102126.log, destiny_hub_20250417_102514.log, destiny_hub_20250417_102736.log, destiny_hub_20250417_103000.log, destiny_hub_20250417_103209.log, destiny_hub_20250417_103307.log, destiny_hub_20250417_103545.log, destiny_hub_20250507_114434.log, destiny_hub_20250507_114815.log, destiny_hub_20250507_114838.log, destiny_hub_20250507_115102.log, destiny_hub_20250507_115217.log, destiny_hub_20250507_135035.log, destiny_hub_20250507_135311.log, destiny_hub_20250507_135523.log, destiny_hub_20250507_135724.log, destiny_hub_20250507_135955.log, destiny_hub_20250507_140048.log, destiny_hub_20250507_140128.log, destiny_hub_20250507_140251.log, destiny_hub_20250507_140627.log, destiny_hub_20250507_140642.log, destiny_hub_20250507_140654.log, destiny_hub_20250507_141253.log, destiny_hub_20250507_141602.log, destiny_hub_20250507_141617.log, destiny_hub_20250507_141823.log, destiny_hub_20250507_142031.log, destiny_hub_20250507_142224.log, destiny_hub_20250507_142429.log, destiny_hub_20250507_142436.log, destiny_hub_20250507_142454.log, destiny_hub_20250507_142651.log, destiny_hub_20250507_142811.log, destiny_hub_20250507_142939.log, destiny_hub_20250507_143243.log, destiny_hub_20250507_143515.log, destiny_hub_20250507_144051.log
2025-05-07 14:40:51,144 - INFO - [logger.py:158] - ✓ Dossier cache trouvé (Cache des images) - 0 fichiers
2025-05-07 14:40:51,145 - DEBUG - [logger.py:159] - Contenu de cache: 
2025-05-07 14:40:51,188 - INFO - [main_window.py:18] - === Initialisation de la fenêtre principale ===
2025-05-07 14:40:51,189 - INFO - [main_window.py:34] - Configuration de l'interface utilisateur
2025-05-07 14:40:51,480 - DEBUG - [main_window.py:129] - Création des pages...
2025-05-07 14:40:51,485 - DEBUG - [main_window.py:131] - ✓ Page compte créée
2025-05-07 14:40:51,517 - INFO - [equipment_page.py:206] - === Chargement des personnages ===
2025-05-07 14:40:51,524 - DEBUG - [connectionpool.py:1049] - Starting new HTTPS connection (1): www.bungie.net:443
2025-05-07 14:40:53,207 - DEBUG - [connectionpool.py:544] - https://www.bungie.net:443 "GET /Platform/Destiny2/3/Profile/4611686018536948250/?components=200%2C205 HTTP/1.1" 200 2459
2025-05-07 14:40:53,221 - INFO - [equipment_page.py:405] - Changement de personnage vers ID: 2305843010596444327
2025-05-07 14:40:53,224 - DEBUG - [connectionpool.py:1049] - Starting new HTTPS connection (1): www.bungie.net:443
2025-05-07 14:40:54,543 - DEBUG - [connectionpool.py:544] - https://www.bungie.net:443 "GET /Platform/Destiny2/3/Profile/4611686018536948250/?components=200 HTTP/1.1" 200 992
2025-05-07 14:40:54,546 - INFO - [equipment_page.py:435] - Lumière mise à jour pour le nouveau personnage: 2018
2025-05-07 14:40:54,546 - INFO - [equipment_page.py:266] - === Chargement de l'équipement pour le personnage 2305843010596444327 ===
2025-05-07 14:40:54,549 - DEBUG - [connectionpool.py:1049] - Starting new HTTPS connection (1): www.bungie.net:443
2025-05-07 14:40:55,459 - DEBUG - [connectionpool.py:544] - https://www.bungie.net:443 "GET /Platform/Destiny2/3/Profile/4611686018536948250/Character/2305843010596444327/?components=205%2C300%2C302 HTTP/1.1" 200 3058
2025-05-07 14:40:55,461 - INFO - [equipment_page.py:324] - === Affichage de l'équipement ===
2025-05-07 14:40:55,464 - DEBUG - [connectionpool.py:1049] - Starting new HTTPS connection (1): www.bungie.net:443
2025-05-07 14:40:55,751 - DEBUG - [connectionpool.py:544] - https://www.bungie.net:443 "GET /Platform/Destiny2/Manifest/DestinyInventoryItemDefinition/2763843898/ HTTP/1.1" 200 3859
2025-05-07 14:40:55,784 - DEBUG - [connectionpool.py:1049] - Starting new HTTPS connection (1): www.bungie.net:443
2025-05-07 14:40:56,064 - DEBUG - [connectionpool.py:544] - https://www.bungie.net:443 "GET /Platform/Destiny2/Manifest/DestinyInventoryItemDefinition/814876685/ HTTP/1.1" 200 2386
2025-05-07 14:40:56,069 - DEBUG - [connectionpool.py:1049] - Starting new HTTPS connection (1): www.bungie.net:443
2025-05-07 14:40:56,333 - DEBUG - [connectionpool.py:544] - https://www.bungie.net:443 "GET /Platform/Destiny2/Manifest/DestinyInventoryItemDefinition/1896309757/ HTTP/1.1" 200 3821
2025-05-07 14:40:56,338 - DEBUG - [connectionpool.py:1049] - Starting new HTTPS connection (1): www.bungie.net:443
2025-05-07 14:40:56,582 - DEBUG - [connectionpool.py:544] - https://www.bungie.net:443 "GET /Platform/Destiny2/Manifest/DestinyInventoryItemDefinition/2134769653/ HTTP/1.1" 200 2578
2025-05-07 14:40:56,587 - DEBUG - [connectionpool.py:1049] - Starting new HTTPS connection (1): www.bungie.net:443
2025-05-07 14:40:56,843 - DEBUG - [connectionpool.py:544] - https://www.bungie.net:443 "GET /Platform/Destiny2/Manifest/DestinyInventoryItemDefinition/810612804/ HTTP/1.1" 200 2584
2025-05-07 14:40:56,848 - DEBUG - [connectionpool.py:1049] - Starting new HTTPS connection (1): www.bungie.net:443
2025-05-07 14:40:57,122 - DEBUG - [connectionpool.py:544] - https://www.bungie.net:443 "GET /Platform/Destiny2/Manifest/DestinyInventoryItemDefinition/1183187516/ HTTP/1.1" 200 2582
2025-05-07 14:40:57,127 - DEBUG - [connectionpool.py:1049] - Starting new HTTPS connection (1): www.bungie.net:443
2025-05-07 14:40:57,487 - DEBUG - [connectionpool.py:544] - https://www.bungie.net:443 "GET /Platform/Destiny2/Manifest/DestinyInventoryItemDefinition/2741258862/ HTTP/1.1" 200 2583
2025-05-07 14:40:57,492 - DEBUG - [connectionpool.py:1049] - Starting new HTTPS connection (1): www.bungie.net:443
2025-05-07 14:40:58,289 - DEBUG - [connectionpool.py:544] - https://www.bungie.net:443 "GET /Platform/Destiny2/Manifest/DestinyInventoryItemDefinition/266021826/ HTTP/1.1" 200 2348
2025-05-07 14:40:58,292 - INFO - [equipment_page.py:371] - Affichage terminé - 3 armes, 5 pièces d'armure
2025-05-07 14:40:58,293 - INFO - [equipment_page.py:266] - === Chargement de l'équipement pour le personnage 2305843010596444327 ===
2025-05-07 14:40:58,296 - DEBUG - [connectionpool.py:1049] - Starting new HTTPS connection (1): www.bungie.net:443
2025-05-07 14:40:58,390 - DEBUG - [connectionpool.py:544] - https://www.bungie.net:443 "GET /Platform/Destiny2/3/Profile/4611686018536948250/Character/2305843010596444327/?components=205%2C300%2C302 HTTP/1.1" 200 3058
2025-05-07 14:40:58,392 - INFO - [equipment_page.py:324] - === Affichage de l'équipement ===
2025-05-07 14:40:58,394 - DEBUG - [connectionpool.py:1049] - Starting new HTTPS connection (1): www.bungie.net:443
2025-05-07 14:40:58,485 - DEBUG - [connectionpool.py:544] - https://www.bungie.net:443 "GET /Platform/Destiny2/Manifest/DestinyInventoryItemDefinition/2763843898/ HTTP/1.1" 200 3859
2025-05-07 14:40:58,489 - DEBUG - [connectionpool.py:1049] - Starting new HTTPS connection (1): www.bungie.net:443
2025-05-07 14:40:58,569 - DEBUG - [connectionpool.py:544] - https://www.bungie.net:443 "GET /Platform/Destiny2/Manifest/DestinyInventoryItemDefinition/814876685/ HTTP/1.1" 200 2386
2025-05-07 14:40:58,572 - DEBUG - [connectionpool.py:1049] - Starting new HTTPS connection (1): www.bungie.net:443
2025-05-07 14:40:58,653 - DEBUG - [connectionpool.py:544] - https://www.bungie.net:443 "GET /Platform/Destiny2/Manifest/DestinyInventoryItemDefinition/1896309757/ HTTP/1.1" 200 3821
2025-05-07 14:40:58,658 - DEBUG - [connectionpool.py:1049] - Starting new HTTPS connection (1): www.bungie.net:443
2025-05-07 14:40:58,745 - DEBUG - [connectionpool.py:544] - https://www.bungie.net:443 "GET /Platform/Destiny2/Manifest/DestinyInventoryItemDefinition/2134769653/ HTTP/1.1" 200 2578
2025-05-07 14:40:58,748 - DEBUG - [connectionpool.py:1049] - Starting new HTTPS connection (1): www.bungie.net:443
2025-05-07 14:40:58,830 - DEBUG - [connectionpool.py:544] - https://www.bungie.net:443 "GET /Platform/Destiny2/Manifest/DestinyInventoryItemDefinition/810612804/ HTTP/1.1" 200 2584
2025-05-07 14:40:58,834 - DEBUG - [connectionpool.py:1049] - Starting new HTTPS connection (1): www.bungie.net:443
2025-05-07 14:40:58,918 - DEBUG - [connectionpool.py:544] - https://www.bungie.net:443 "GET /Platform/Destiny2/Manifest/DestinyInventoryItemDefinition/1183187516/ HTTP/1.1" 200 2582
2025-05-07 14:40:58,922 - DEBUG - [connectionpool.py:1049] - Starting new HTTPS connection (1): www.bungie.net:443
2025-05-07 14:40:59,002 - DEBUG - [connectionpool.py:544] - https://www.bungie.net:443 "GET /Platform/Destiny2/Manifest/DestinyInventoryItemDefinition/2741258862/ HTTP/1.1" 200 2583
2025-05-07 14:40:59,006 - DEBUG - [connectionpool.py:1049] - Starting new HTTPS connection (1): www.bungie.net:443
2025-05-07 14:40:59,093 - DEBUG - [connectionpool.py:544] - https://www.bungie.net:443 "GET /Platform/Destiny2/Manifest/DestinyInventoryItemDefinition/266021826/ HTTP/1.1" 200 2348
2025-05-07 14:40:59,095 - INFO - [equipment_page.py:371] - Affichage terminé - 3 armes, 5 pièces d'armure
2025-05-07 14:40:59,097 - DEBUG - [main_window.py:134] - ✓ Page équipement créée
2025-05-07 14:40:59,098 - DEBUG - [main_window.py:137] - ✓ Page missions créée
2025-05-07 14:40:59,101 - INFO - [main_window.py:149] - ✅ Pages ajoutées avec succès
2025-05-07 14:40:59,101 - INFO - [main_window.py:156] - Configuration de la barre de statut
2025-05-07 14:40:59,102 - INFO - [main_window.py:169] - ✅ Barre de statut configurée
2025-05-07 14:40:59,102 - INFO - [main_window.py:175] - Application des styles
2025-05-07 14:40:59,112 - INFO - [main_window.py:180] - ✅ Styles appliqués
2025-05-07 14:40:59,112 - INFO - [main_window.py:28] - ✅ Interface principale initialisée avec succès
2025-05-07 14:41:00,914 - INFO - [main_window.py:186] - Changement de page vers l'index 1
2025-05-07 14:41:00,919 - DEBUG - [main_window.py:198] - ✓ Page changée avec succès vers 1
2025-05-07 14:41:02,012 - INFO - [main_window.py:186] - Changement de page vers l'index 0
2025-05-07 14:41:02,013 - DEBUG - [main_window.py:198] - ✓ Page changée avec succès vers 0
2025-05-07 14:41:05,388 - INFO - [main_window.py:186] - Changement de page vers l'index 1
2025-05-07 14:41:05,389 - DEBUG - [main_window.py:198] - ✓ Page changée avec succès vers 1
