2025-05-07 14:24:54,557 - INFO - [logger.py:31] - === Démarrage de Destiny Hub ===
2025-05-07 14:24:54,558 - INFO - [logger.py:32] - Version Python: 3.11.6 (tags/v3.11.6:8b6ee5b, Oct  2 2023, 14:57:12) [MSC v.1935 64 bit (AMD64)]
2025-05-07 14:24:54,558 - INFO - [logger.py:33] - Système d'exploitation: win32
2025-05-07 14:24:54,558 - INFO - [logger.py:34] - Fichier de log créé: logs/destiny_hub_20250507_142454.log
2025-05-07 14:24:54,559 - INFO - [logger.py:55] - === Informations Système ===
2025-05-07 14:24:54,559 - INFO - [logger.py:56] - OS: Windows 10
2025-05-07 14:24:54,577 - INFO - [logger.py:57] - Architecture: AMD64
2025-05-07 14:24:54,577 - INFO - [logger.py:58] - Processeur: AMD64 Family 25 Model 68 Stepping 1, AuthenticAMD
2025-05-07 14:24:54,588 - INFO - [logger.py:62] - Mémoire totale: 31.25 GB
2025-05-07 14:24:54,589 - INFO - [logger.py:63] - Mémoire disponible: 16.36 GB
2025-05-07 14:24:54,589 - INFO - [logger.py:64] - Utilisation mémoire: 47.6%
2025-05-07 14:24:54,591 - INFO - [logger.py:68] - Espace disque total: 952.48 GB
2025-05-07 14:24:54,591 - INFO - [logger.py:69] - Espace disque libre: 219.94 GB
2025-05-07 14:24:54,591 - INFO - [logger.py:70] - Utilisation disque: 76.9%
2025-05-07 14:24:54,592 - INFO - [logger.py:77] - === Vérification de l'environnement ===
2025-05-07 14:24:54,596 - INFO - [logger.py:93] - ✓ BUNGIE_API_KEY trouvée
2025-05-07 14:24:54,597 - DEBUG - [logger.py:94] - Longueur de BUNGIE_API_KEY: 32
2025-05-07 14:24:54,597 - ERROR - [logger.py:96] - ✗ CLIENT_ID non trouvée dans .env
2025-05-07 14:24:54,597 - ERROR - [logger.py:96] - ✗ CLIENT_SECRET non trouvée dans .env
2025-05-07 14:24:54,598 - INFO - [logger.py:105] - === Vérification des dépendances ===
2025-05-07 14:24:54,598 - INFO - [logger.py:119] - ✓ PyQt6 version: Version inconnue
2025-05-07 14:24:54,598 - INFO - [logger.py:119] - ✓ requests version: 2.32.3
2025-05-07 14:24:54,598 - INFO - [logger.py:119] - ✓ python-dotenv version: Version inconnue
2025-05-07 14:24:54,599 - INFO - [logger.py:119] - ✓ psutil version: 5.9.5
2025-05-07 14:24:54,599 - INFO - [logger.py:119] - ✓ beautifulsoup4 version: 4.13.4
2025-05-07 14:24:54,600 - INFO - [logger.py:126] - === Vérification des fichiers ===
2025-05-07 14:24:54,600 - INFO - [logger.py:148] - ✓ .env trouvé (Configuration)
2025-05-07 14:24:54,600 - INFO - [logger.py:148] - ✓ main.py trouvé (Point d'entrée)
2025-05-07 14:24:54,601 - INFO - [logger.py:148] - ✓ requirements.txt trouvé (Dépendances)
2025-05-07 14:24:54,601 - DEBUG - [logger.py:173] - === Contenu de requirements.txt ===
2025-05-07 14:24:54,602 - DEBUG - [logger.py:177] - - requests==2.31.0
2025-05-07 14:24:54,602 - DEBUG - [logger.py:177] - - customtkinter==5.2.1
2025-05-07 14:24:54,602 - DEBUG - [logger.py:177] - - pillow==10.2.0
2025-05-07 14:24:54,603 - DEBUG - [logger.py:177] - - python-dotenv==1.0.0
2025-05-07 14:24:54,603 - INFO - [logger.py:158] - ✓ Dossier ui trouvé (Interface utilisateur) - 4 fichiers
2025-05-07 14:24:54,603 - DEBUG - [logger.py:159] - Contenu de ui: main_window.py, pages, styles.py, __pycache__
2025-05-07 14:24:54,604 - INFO - [logger.py:158] - ✓ Dossier ui/pages trouvé (Pages de l'interface) - 5 fichiers
2025-05-07 14:24:54,604 - DEBUG - [logger.py:159] - Contenu de ui/pages: account_page.py, equipment_page.py, meta_page.py, missions_page.py, __pycache__
2025-05-07 14:24:54,605 - INFO - [logger.py:158] - ✓ Dossier api trouvé (API Bungie) - 3 fichiers
2025-05-07 14:24:54,605 - DEBUG - [logger.py:159] - Contenu de api: bungie_client.py, oauth_handler.py, __pycache__
2025-05-07 14:24:54,606 - INFO - [logger.py:158] - ✓ Dossier utils trouvé (Utilitaires) - 3 fichiers
2025-05-07 14:24:54,606 - DEBUG - [logger.py:159] - Contenu de utils: config.py, logger.py, __pycache__
2025-05-07 14:24:54,606 - INFO - [logger.py:158] - ✓ Dossier data trouvé (Données) - 4 fichiers
2025-05-07 14:24:54,607 - DEBUG - [logger.py:159] - Contenu de data: account.json, full_account.json, icons, profile_data.json
2025-05-07 14:24:54,607 - INFO - [logger.py:158] - ✓ Dossier icons trouvé (Icônes) - 70 fichiers
2025-05-07 14:24:54,608 - DEBUG - [logger.py:159] - Contenu de icons: 1003860281.png, 1183187516.png, 1197771438.png, 129332559.png, 1320342774.png, 1457394908.png, 1484009400.png, 1522633034.png, 152583919.png, 1533314821.png, 1616346845.png, 1762785662.png, 1896309757.png, 1907110519.png, 1911060537.png, 1958630864.png, 2012043039.png, 2134769653.png, 2151724216.png, 2185244404.png, 2190967049.png, 2198166292.png, 2286507447.png, 241462142.png, 2441435355.png, 2550323932.png, 2591586261.png, 2629014079.png, 266021826.png, 2738060683.png, 2741258862.png, 2742930797.png, 2763843898.png, 2783831726.png, 2809120022.png, 2827764482.png, 287888126.png, 2907129557.png, 2949538030.png, 2962546549.png, 3001229473.png, 3158812152.png, 3183180185.png, 3264721770.png, 331602521.png, 3434301337.png, 3569802112.png, 3628991658.png, 3733702440.png, 3797572280.png, 3828080585.png, 3844610113.png, 3906357376.png, 3947966653.png, 4026763349.png, 4062934448.png, 4146702548.png, 4282591831.png, 4293588774.png, 431721920.png, 537041732.png, 557165046.png, 568611923.png, 643145875.png, 788073488.png, 810612804.png, 814876685.png, 952431286.png, 991314988.png, spectre.gif
2025-05-07 14:24:54,610 - INFO - [logger.py:158] - ✓ Dossier logs trouvé (Fichiers de log) - 51 fichiers
2025-05-07 14:24:54,610 - DEBUG - [logger.py:159] - Contenu de logs: destiny_hub_20250417_090308.log, destiny_hub_20250417_090501.log, destiny_hub_20250417_091449.log, destiny_hub_20250417_091744.log, destiny_hub_20250417_092047.log, destiny_hub_20250417_092453.log, destiny_hub_20250417_093036.log, destiny_hub_20250417_093355.log, destiny_hub_20250417_093518.log, destiny_hub_20250417_093701.log, destiny_hub_20250417_094459.log, destiny_hub_20250417_094915.log, destiny_hub_20250417_095450.log, destiny_hub_20250417_095800.log, destiny_hub_20250417_100013.log, destiny_hub_20250417_101050.log, destiny_hub_20250417_101112.log, destiny_hub_20250417_101728.log, destiny_hub_20250417_101938.log, destiny_hub_20250417_102126.log, destiny_hub_20250417_102514.log, destiny_hub_20250417_102736.log, destiny_hub_20250417_103000.log, destiny_hub_20250417_103209.log, destiny_hub_20250417_103307.log, destiny_hub_20250417_103545.log, destiny_hub_20250507_114434.log, destiny_hub_20250507_114815.log, destiny_hub_20250507_114838.log, destiny_hub_20250507_115102.log, destiny_hub_20250507_115217.log, destiny_hub_20250507_135035.log, destiny_hub_20250507_135311.log, destiny_hub_20250507_135523.log, destiny_hub_20250507_135724.log, destiny_hub_20250507_135955.log, destiny_hub_20250507_140048.log, destiny_hub_20250507_140128.log, destiny_hub_20250507_140251.log, destiny_hub_20250507_140627.log, destiny_hub_20250507_140642.log, destiny_hub_20250507_140654.log, destiny_hub_20250507_141253.log, destiny_hub_20250507_141602.log, destiny_hub_20250507_141617.log, destiny_hub_20250507_141823.log, destiny_hub_20250507_142031.log, destiny_hub_20250507_142224.log, destiny_hub_20250507_142429.log, destiny_hub_20250507_142436.log, destiny_hub_20250507_142454.log
2025-05-07 14:24:54,611 - INFO - [logger.py:158] - ✓ Dossier cache trouvé (Cache des images) - 0 fichiers
2025-05-07 14:24:54,612 - DEBUG - [logger.py:159] - Contenu de cache: 
2025-05-07 14:24:54,654 - INFO - [main_window.py:17] - === Initialisation de la fenêtre principale ===
2025-05-07 14:24:54,655 - INFO - [main_window.py:32] - Configuration de l'interface utilisateur
2025-05-07 14:24:54,661 - DEBUG - [main_window.py:110] - Création des pages...
2025-05-07 14:24:54,673 - DEBUG - [main_window.py:112] - ✓ Page compte créée
2025-05-07 14:24:54,715 - INFO - [equipment_page.py:198] - === Chargement des personnages ===
2025-05-07 14:24:54,721 - DEBUG - [connectionpool.py:1049] - Starting new HTTPS connection (1): www.bungie.net:443
2025-05-07 14:24:55,864 - DEBUG - [connectionpool.py:544] - https://www.bungie.net:443 "GET /Platform/Destiny2/3/Profile/4611686018536948250/?components=200%2C205 HTTP/1.1" 200 2459
2025-05-07 14:24:55,886 - INFO - [equipment_page.py:383] - Changement de personnage vers ID: 2305843010596444327
2025-05-07 14:24:55,890 - DEBUG - [connectionpool.py:1049] - Starting new HTTPS connection (1): www.bungie.net:443
2025-05-07 14:24:56,137 - DEBUG - [connectionpool.py:544] - https://www.bungie.net:443 "GET /Platform/Destiny2/3/Profile/4611686018536948250/?components=200 HTTP/1.1" 200 992
2025-05-07 14:24:56,139 - INFO - [equipment_page.py:414] - Lumière mise à jour pour le nouveau personnage: 2018
2025-05-07 14:24:56,140 - INFO - [equipment_page.py:253] - === Chargement de l'équipement pour le personnage 2305843010596444327 ===
2025-05-07 14:24:56,142 - DEBUG - [connectionpool.py:1049] - Starting new HTTPS connection (1): www.bungie.net:443
2025-05-07 14:24:56,989 - DEBUG - [connectionpool.py:544] - https://www.bungie.net:443 "GET /Platform/Destiny2/3/Profile/4611686018536948250/Character/2305843010596444327/?components=205%2C300%2C302 HTTP/1.1" 200 3058
2025-05-07 14:24:56,991 - INFO - [equipment_page.py:308] - === Affichage de l'équipement ===
2025-05-07 14:24:56,993 - DEBUG - [connectionpool.py:1049] - Starting new HTTPS connection (1): www.bungie.net:443
2025-05-07 14:24:57,289 - DEBUG - [connectionpool.py:544] - https://www.bungie.net:443 "GET /Platform/Destiny2/Manifest/DestinyInventoryItemDefinition/2763843898/ HTTP/1.1" 200 3859
2025-05-07 14:24:57,311 - DEBUG - [connectionpool.py:1049] - Starting new HTTPS connection (1): www.bungie.net:443
2025-05-07 14:24:57,724 - DEBUG - [connectionpool.py:544] - https://www.bungie.net:443 "GET /Platform/Destiny2/Manifest/DestinyInventoryItemDefinition/814876685/ HTTP/1.1" 200 2386
2025-05-07 14:24:57,729 - DEBUG - [connectionpool.py:1049] - Starting new HTTPS connection (1): www.bungie.net:443
2025-05-07 14:24:57,995 - DEBUG - [connectionpool.py:544] - https://www.bungie.net:443 "GET /Platform/Destiny2/Manifest/DestinyInventoryItemDefinition/1896309757/ HTTP/1.1" 200 3821
2025-05-07 14:24:58,002 - DEBUG - [connectionpool.py:1049] - Starting new HTTPS connection (1): www.bungie.net:443
2025-05-07 14:24:58,256 - DEBUG - [connectionpool.py:544] - https://www.bungie.net:443 "GET /Platform/Destiny2/Manifest/DestinyInventoryItemDefinition/2134769653/ HTTP/1.1" 200 2578
2025-05-07 14:24:58,262 - DEBUG - [connectionpool.py:1049] - Starting new HTTPS connection (1): www.bungie.net:443
2025-05-07 14:24:58,581 - DEBUG - [connectionpool.py:544] - https://www.bungie.net:443 "GET /Platform/Destiny2/Manifest/DestinyInventoryItemDefinition/810612804/ HTTP/1.1" 200 2584
2025-05-07 14:24:58,586 - DEBUG - [connectionpool.py:1049] - Starting new HTTPS connection (1): www.bungie.net:443
2025-05-07 14:24:59,356 - DEBUG - [connectionpool.py:544] - https://www.bungie.net:443 "GET /Platform/Destiny2/Manifest/DestinyInventoryItemDefinition/1183187516/ HTTP/1.1" 200 2582
2025-05-07 14:24:59,361 - DEBUG - [connectionpool.py:1049] - Starting new HTTPS connection (1): www.bungie.net:443
2025-05-07 14:24:59,703 - DEBUG - [connectionpool.py:544] - https://www.bungie.net:443 "GET /Platform/Destiny2/Manifest/DestinyInventoryItemDefinition/2741258862/ HTTP/1.1" 200 2583
2025-05-07 14:24:59,707 - DEBUG - [connectionpool.py:1049] - Starting new HTTPS connection (1): www.bungie.net:443
2025-05-07 14:25:00,475 - DEBUG - [connectionpool.py:544] - https://www.bungie.net:443 "GET /Platform/Destiny2/Manifest/DestinyInventoryItemDefinition/266021826/ HTTP/1.1" 200 2348
2025-05-07 14:25:00,479 - INFO - [equipment_page.py:355] - Affichage terminé - 3 armes, 5 pièces d'armure
2025-05-07 14:25:00,480 - INFO - [equipment_page.py:253] - === Chargement de l'équipement pour le personnage 2305843010596444327 ===
2025-05-07 14:25:00,482 - DEBUG - [connectionpool.py:1049] - Starting new HTTPS connection (1): www.bungie.net:443
2025-05-07 14:25:00,569 - DEBUG - [connectionpool.py:544] - https://www.bungie.net:443 "GET /Platform/Destiny2/3/Profile/4611686018536948250/Character/2305843010596444327/?components=205%2C300%2C302 HTTP/1.1" 200 3058
2025-05-07 14:25:00,570 - INFO - [equipment_page.py:308] - === Affichage de l'équipement ===
2025-05-07 14:25:00,571 - DEBUG - [connectionpool.py:1049] - Starting new HTTPS connection (1): www.bungie.net:443
2025-05-07 14:25:00,665 - DEBUG - [connectionpool.py:544] - https://www.bungie.net:443 "GET /Platform/Destiny2/Manifest/DestinyInventoryItemDefinition/2763843898/ HTTP/1.1" 200 3859
2025-05-07 14:25:00,669 - DEBUG - [connectionpool.py:1049] - Starting new HTTPS connection (1): www.bungie.net:443
2025-05-07 14:25:00,774 - DEBUG - [connectionpool.py:544] - https://www.bungie.net:443 "GET /Platform/Destiny2/Manifest/DestinyInventoryItemDefinition/814876685/ HTTP/1.1" 200 2386
2025-05-07 14:25:00,777 - DEBUG - [connectionpool.py:1049] - Starting new HTTPS connection (1): www.bungie.net:443
2025-05-07 14:25:00,862 - DEBUG - [connectionpool.py:544] - https://www.bungie.net:443 "GET /Platform/Destiny2/Manifest/DestinyInventoryItemDefinition/1896309757/ HTTP/1.1" 200 3821
2025-05-07 14:25:00,866 - DEBUG - [connectionpool.py:1049] - Starting new HTTPS connection (1): www.bungie.net:443
2025-05-07 14:25:00,952 - DEBUG - [connectionpool.py:544] - https://www.bungie.net:443 "GET /Platform/Destiny2/Manifest/DestinyInventoryItemDefinition/2134769653/ HTTP/1.1" 200 2578
2025-05-07 14:25:00,956 - DEBUG - [connectionpool.py:1049] - Starting new HTTPS connection (1): www.bungie.net:443
2025-05-07 14:25:01,049 - DEBUG - [connectionpool.py:544] - https://www.bungie.net:443 "GET /Platform/Destiny2/Manifest/DestinyInventoryItemDefinition/810612804/ HTTP/1.1" 200 2584
2025-05-07 14:25:01,052 - DEBUG - [connectionpool.py:1049] - Starting new HTTPS connection (1): www.bungie.net:443
2025-05-07 14:25:01,138 - DEBUG - [connectionpool.py:544] - https://www.bungie.net:443 "GET /Platform/Destiny2/Manifest/DestinyInventoryItemDefinition/1183187516/ HTTP/1.1" 200 2582
2025-05-07 14:25:01,144 - DEBUG - [connectionpool.py:1049] - Starting new HTTPS connection (1): www.bungie.net:443
2025-05-07 14:25:01,249 - DEBUG - [connectionpool.py:544] - https://www.bungie.net:443 "GET /Platform/Destiny2/Manifest/DestinyInventoryItemDefinition/2741258862/ HTTP/1.1" 200 2583
2025-05-07 14:25:01,253 - DEBUG - [connectionpool.py:1049] - Starting new HTTPS connection (1): www.bungie.net:443
2025-05-07 14:25:01,340 - DEBUG - [connectionpool.py:544] - https://www.bungie.net:443 "GET /Platform/Destiny2/Manifest/DestinyInventoryItemDefinition/266021826/ HTTP/1.1" 200 2348
2025-05-07 14:25:01,342 - INFO - [equipment_page.py:355] - Affichage terminé - 3 armes, 5 pièces d'armure
2025-05-07 14:25:01,343 - DEBUG - [main_window.py:115] - ✓ Page équipement créée
2025-05-07 14:25:01,346 - DEBUG - [main_window.py:118] - ✓ Page missions créée
2025-05-07 14:25:01,353 - DEBUG - [main_window.py:121] - ✓ Page meta créée
2025-05-07 14:25:01,355 - INFO - [meta_page.py:28] - === Début du scraping des armes meta ===
2025-05-07 14:25:01,356 - INFO - [main_window.py:134] - ✅ Pages ajoutées avec succès
2025-05-07 14:25:01,356 - INFO - [meta_page.py:41] - === Début de l'extraction avec authentification manuelle ===
2025-05-07 14:25:01,356 - INFO - [main_window.py:141] - Configuration de la barre de statut
2025-05-07 14:25:01,358 - INFO - [main_window.py:154] - ✅ Barre de statut configurée
2025-05-07 14:25:01,358 - INFO - [main_window.py:160] - Application des styles
2025-05-07 14:25:01,367 - INFO - [main_window.py:165] - ✅ Styles appliqués
2025-05-07 14:25:01,368 - INFO - [main_window.py:26] - ✅ Interface principale initialisée avec succès
2025-05-07 14:25:01,463 - DEBUG - [selenium_manager.py:101] - Selenium Manager binary found at: C:\Users\perio\AppData\Local\Programs\Python\Python311\Lib\site-packages\selenium\webdriver\common\windows\selenium-manager.exe
2025-05-07 14:25:01,464 - DEBUG - [selenium_manager.py:114] - Executing process: C:\Users\perio\AppData\Local\Programs\Python\Python311\Lib\site-packages\selenium\webdriver\common\windows\selenium-manager.exe --browser chrome --debug --language-binding python --output json
2025-05-07 14:25:01,887 - DEBUG - [selenium_manager.py:140] - chromedriver not found in PATH
2025-05-07 14:25:01,888 - DEBUG - [selenium_manager.py:140] - chrome detected at C:\Program Files\Google\Chrome\Application\chrome.exe
2025-05-07 14:25:01,888 - DEBUG - [selenium_manager.py:140] - Running command: wmic datafile where name='C:\\Program Files\\Google\\Chrome\\Application\\chrome.exe' get Version /value
2025-05-07 14:25:01,889 - DEBUG - [selenium_manager.py:140] - Output: "\r\r\n\r\r\nVersion=136.0.7103.93\r\r\n\r\r\n\r\r\n\r"
2025-05-07 14:25:01,889 - DEBUG - [selenium_manager.py:140] - Detected browser: chrome 136.0.7103.93
2025-05-07 14:25:01,889 - DEBUG - [selenium_manager.py:140] - Required driver: chromedriver 136.0.7103.92
2025-05-07 14:25:01,889 - DEBUG - [selenium_manager.py:140] - chromedriver 136.0.7103.92 already in the cache
2025-05-07 14:25:01,890 - DEBUG - [selenium_manager.py:140] - Driver path: C:\Users\perio\.cache\selenium\chromedriver\win64\136.0.7103.92\chromedriver.exe
2025-05-07 14:25:01,890 - DEBUG - [selenium_manager.py:140] - Browser path: C:\Program Files\Google\Chrome\Application\chrome.exe
2025-05-07 14:25:01,902 - DEBUG - [service.py:231] - Started executable: `C:\Users\perio\.cache\selenium\chromedriver\win64\136.0.7103.92\chromedriver.exe` in a child process with pid: 26780 using 0 to output -3
2025-05-07 14:25:02,421 - DEBUG - [remote_connection.py:403] - POST http://localhost:64349/session {'capabilities': {'firstMatch': [{}], 'alwaysMatch': {'browserName': 'chrome', 'pageLoadStrategy': <PageLoadStrategy.normal: 'normal'>, 'browserVersion': None, 'goog:chromeOptions': {'excludeSwitches': ['enable-automation'], 'useAutomationExtension': False, 'extensions': [], 'binary': 'C:\\Program Files\\Google\\Chrome\\Application\\chrome.exe', 'args': ['--start-maximized', '--disable-blink-features=AutomationControlled']}}}}
2025-05-07 14:25:02,422 - DEBUG - [connectionpool.py:241] - Starting new HTTP connection (1): localhost:64349
2025-05-07 14:25:02,593 - INFO - [main_window.py:171] - Changement de page vers l'index 0
2025-05-07 14:25:02,593 - DEBUG - [main_window.py:178] - ✓ Page changée avec succès vers 0
2025-05-07 14:25:02,856 - INFO - [main_window.py:171] - Changement de page vers l'index 1
2025-05-07 14:25:02,860 - DEBUG - [main_window.py:178] - ✓ Page changée avec succès vers 1
2025-05-07 14:25:03,119 - DEBUG - [connectionpool.py:544] - http://localhost:64349 "POST /session HTTP/1.1" 200 0
2025-05-07 14:25:03,120 - DEBUG - [remote_connection.py:436] - Remote response: status=200 | data={"value":{"capabilities":{"acceptInsecureCerts":false,"browserName":"chrome","browserVersion":"136.0.7103.93","chrome":{"chromedriverVersion":"136.0.7103.92 (cb81a4cc5087a8303a6c8827ee2b80b71d26e334-refs/branch-heads/7103@{#1840})","userDataDir":"C:\\Users\\perio\\AppData\\Local\\Temp\\scoped_dir26780_395281879"},"fedcm:accounts":true,"goog:chromeOptions":{"debuggerAddress":"localhost:64352"},"networkConnectionEnabled":false,"pageLoadStrategy":"normal","platformName":"windows","proxy":{},"setWindowRect":true,"strictFileInteractability":false,"timeouts":{"implicit":0,"pageLoad":300000,"script":30000},"unhandledPromptBehavior":"dismiss and notify","webauthn:extension:credBlob":true,"webauthn:extension:largeBlob":true,"webauthn:extension:minPinLength":true,"webauthn:extension:prf":true,"webauthn:virtualAuthenticators":true},"sessionId":"c5d4ef59a5b283b995b3c7a48ace8231"}} | headers=HTTPHeaderDict({'Content-Length': '881', 'Content-Type': 'application/json; charset=utf-8', 'cache-control': 'no-cache'})
2025-05-07 14:25:03,120 - DEBUG - [remote_connection.py:465] - Finished Request
2025-05-07 14:25:03,121 - DEBUG - [remote_connection.py:403] - GET http://localhost:64349/session/c5d4ef59a5b283b995b3c7a48ace8231/url {}
2025-05-07 14:25:03,131 - DEBUG - [connectionpool.py:544] - http://localhost:64349 "GET /session/c5d4ef59a5b283b995b3c7a48ace8231/url HTTP/1.1" 200 0
2025-05-07 14:25:03,131 - DEBUG - [remote_connection.py:436] - Remote response: status=200 | data={"value":"data:,"} | headers=HTTPHeaderDict({'Content-Length': '18', 'Content-Type': 'application/json; charset=utf-8', 'cache-control': 'no-cache'})
2025-05-07 14:25:03,132 - DEBUG - [remote_connection.py:465] - Finished Request
2025-05-07 14:25:03,993 - INFO - [equipment_page.py:383] - Changement de personnage vers ID: 2305843010617604833
2025-05-07 14:25:03,995 - DEBUG - [connectionpool.py:1049] - Starting new HTTPS connection (1): www.bungie.net:443
2025-05-07 14:25:04,176 - DEBUG - [connectionpool.py:544] - https://www.bungie.net:443 "GET /Platform/Destiny2/3/Profile/4611686018536948250/?components=200 HTTP/1.1" 200 992
2025-05-07 14:25:04,177 - INFO - [equipment_page.py:414] - Lumière mise à jour pour le nouveau personnage: 2017
2025-05-07 14:25:04,178 - INFO - [equipment_page.py:253] - === Chargement de l'équipement pour le personnage 2305843010617604833 ===
2025-05-07 14:25:04,179 - DEBUG - [connectionpool.py:1049] - Starting new HTTPS connection (1): www.bungie.net:443
2025-05-07 14:25:05,094 - DEBUG - [connectionpool.py:544] - https://www.bungie.net:443 "GET /Platform/Destiny2/3/Profile/4611686018536948250/Character/2305843010617604833/?components=205%2C300%2C302 HTTP/1.1" 200 3157
2025-05-07 14:25:05,096 - INFO - [equipment_page.py:308] - === Affichage de l'équipement ===
2025-05-07 14:25:05,098 - DEBUG - [connectionpool.py:1049] - Starting new HTTPS connection (1): www.bungie.net:443
2025-05-07 14:25:05,380 - DEBUG - [connectionpool.py:544] - https://www.bungie.net:443 "GET /Platform/Destiny2/Manifest/DestinyInventoryItemDefinition/3947966653/ HTTP/1.1" 200 3777
2025-05-07 14:25:05,384 - DEBUG - [connectionpool.py:1049] - Starting new HTTPS connection (1): www.bungie.net:443
2025-05-07 14:25:05,629 - DEBUG - [connectionpool.py:544] - https://www.bungie.net:443 "GET /Platform/Destiny2/Manifest/DestinyInventoryItemDefinition/431721920/ HTTP/1.1" 200 3791
2025-05-07 14:25:05,633 - DEBUG - [connectionpool.py:1049] - Starting new HTTPS connection (1): www.bungie.net:443
2025-05-07 14:25:06,420 - DEBUG - [connectionpool.py:544] - https://www.bungie.net:443 "GET /Platform/Destiny2/Manifest/DestinyInventoryItemDefinition/1762785662/ HTTP/1.1" 200 3767
2025-05-07 14:25:06,426 - DEBUG - [connectionpool.py:1049] - Starting new HTTPS connection (1): www.bungie.net:443
2025-05-07 14:25:06,702 - DEBUG - [connectionpool.py:544] - https://www.bungie.net:443 "GET /Platform/Destiny2/Manifest/DestinyInventoryItemDefinition/3001229473/ HTTP/1.1" 200 2584
2025-05-07 14:25:06,707 - DEBUG - [connectionpool.py:1049] - Starting new HTTPS connection (1): www.bungie.net:443
2025-05-07 14:25:06,988 - DEBUG - [connectionpool.py:544] - https://www.bungie.net:443 "GET /Platform/Destiny2/Manifest/DestinyInventoryItemDefinition/3797572280/ HTTP/1.1" 200 2591
2025-05-07 14:25:06,993 - DEBUG - [connectionpool.py:1049] - Starting new HTTPS connection (1): www.bungie.net:443
2025-05-07 14:25:07,739 - DEBUG - [connectionpool.py:544] - https://www.bungie.net:443 "GET /Platform/Destiny2/Manifest/DestinyInventoryItemDefinition/1958630864/ HTTP/1.1" 200 2591
2025-05-07 14:25:07,745 - DEBUG - [connectionpool.py:1049] - Starting new HTTPS connection (1): www.bungie.net:443
2025-05-07 14:25:08,016 - DEBUG - [connectionpool.py:544] - https://www.bungie.net:443 "GET /Platform/Destiny2/Manifest/DestinyInventoryItemDefinition/129332559/ HTTP/1.1" 200 2690
2025-05-07 14:25:08,021 - DEBUG - [connectionpool.py:1049] - Starting new HTTPS connection (1): www.bungie.net:443
2025-05-07 14:25:08,281 - DEBUG - [connectionpool.py:544] - https://www.bungie.net:443 "GET /Platform/Destiny2/Manifest/DestinyInventoryItemDefinition/2809120022/ HTTP/1.1" 200 2377
2025-05-07 14:25:08,284 - INFO - [equipment_page.py:355] - Affichage terminé - 3 armes, 5 pièces d'armure
2025-05-07 14:25:18,133 - DEBUG - [remote_connection.py:403] - POST http://localhost:64349/session/c5d4ef59a5b283b995b3c7a48ace8231/execute/sync {'script': "\n                    return Array.from(document.querySelectorAll('.weapon-name')).map(el => ({\n     ...", 'args': []}
2025-05-07 14:25:18,137 - DEBUG - [connectionpool.py:544] - http://localhost:64349 "POST /session/c5d4ef59a5b283b995b3c7a48ace8231/execute/sync HTTP/1.1" 404 0
2025-05-07 14:25:18,137 - DEBUG - [remote_connection.py:436] - Remote response: status=404 | data={"value":{"error":"invalid session id","message":"invalid session id: session deleted as the browser has closed the connection\nfrom disconnected: not connected to DevTools\n  (Session info: chrome=136.0.7103.93)","stacktrace":"\tGetHandleVerifier [0x00007FF7A05ACF25+75717]\n\tGetHandleVerifier [0x00007FF7A05ACF80+75808]\n\t(No symbol) [0x00007FF7A0378F9A]\n\t(No symbol) [0x00007FF7A0364E35]\n\t(No symbol) [0x00007FF7A0389DB4]\n\t(No symbol) [0x00007FF7A03FEE75]\n\t(No symbol) [0x00007FF7A041ECC2]\n\t(No symbol) [0x00007FF7A03F7153]\n\t(No symbol) [0x00007FF7A03C0421]\n\t(No symbol) [0x00007FF7A03C11B3]\n\tGetHandleVerifier [0x00007FF7A08AD6FD+3223453]\n\tGetHandleVerifier [0x00007FF7A08A7CA2+3200322]\n\tGetHandleVerifier [0x00007FF7A08C5AD3+3322739]\n\tGetHandleVerifier [0x00007FF7A05C69FA+180890]\n\tGetHandleVerifier [0x00007FF7A05CE0FF+211359]\n\tGetHandleVerifier [0x00007FF7A05B5274+109332]\n\tGetHandleVerifier [0x00007FF7A05B5422+109762]\n\tGetHandleVerifier [0x00007FF7A059BA39+4825]\n\tBaseThreadInitThunk [0x00007FFE30E7E8D7+23]\n\tRtlUserThreadStart [0x00007FFE32D914FC+44]\n"}} | headers=HTTPHeaderDict({'Content-Length': '1101', 'Content-Type': 'application/json; charset=utf-8', 'cache-control': 'no-cache'})
2025-05-07 14:25:18,137 - DEBUG - [remote_connection.py:465] - Finished Request
2025-05-07 14:25:18,137 - DEBUG - [remote_connection.py:403] - DELETE http://localhost:64349/session/c5d4ef59a5b283b995b3c7a48ace8231 {}
2025-05-07 14:25:18,248 - DEBUG - [connectionpool.py:544] - http://localhost:64349 "DELETE /session/c5d4ef59a5b283b995b3c7a48ace8231 HTTP/1.1" 200 0
2025-05-07 14:25:18,248 - DEBUG - [remote_connection.py:436] - Remote response: status=200 | data={"value":null} | headers=HTTPHeaderDict({'Content-Length': '14', 'Content-Type': 'application/json; charset=utf-8', 'cache-control': 'no-cache'})
2025-05-07 14:25:18,249 - DEBUG - [remote_connection.py:465] - Finished Request
2025-05-07 14:25:20,267 - ERROR - [meta_page.py:100] - Erreur critique: Message: invalid session id: session deleted as the browser has closed the connection
from disconnected: not connected to DevTools
  (Session info: chrome=136.0.7103.93)
Stacktrace:
	GetHandleVerifier [0x00007FF7A05ACF25+75717]
	GetHandleVerifier [0x00007FF7A05ACF80+75808]
	(No symbol) [0x00007FF7A0378F9A]
	(No symbol) [0x00007FF7A0364E35]
	(No symbol) [0x00007FF7A0389DB4]
	(No symbol) [0x00007FF7A03FEE75]
	(No symbol) [0x00007FF7A041ECC2]
	(No symbol) [0x00007FF7A03F7153]
	(No symbol) [0x00007FF7A03C0421]
	(No symbol) [0x00007FF7A03C11B3]
	GetHandleVerifier [0x00007FF7A08AD6FD+3223453]
	GetHandleVerifier [0x00007FF7A08A7CA2+3200322]
	GetHandleVerifier [0x00007FF7A08C5AD3+3322739]
	GetHandleVerifier [0x00007FF7A05C69FA+180890]
	GetHandleVerifier [0x00007FF7A05CE0FF+211359]
	GetHandleVerifier [0x00007FF7A05B5274+109332]
	GetHandleVerifier [0x00007FF7A05B5422+109762]
	GetHandleVerifier [0x00007FF7A059BA39+4825]
	BaseThreadInitThunk [0x00007FFE30E7E8D7+23]
	RtlUserThreadStart [0x00007FFE32D914FC+44]

2025-05-07 14:25:20,269 - ERROR - [meta_page.py:36] - Erreur critique: Aucune arme n'a pu être récupérée
