2025-05-07 14:06:54,897 - INFO - [logger.py:31] - === Démarrage de Destiny Hub ===
2025-05-07 14:06:54,897 - INFO - [logger.py:32] - Version Python: 3.11.6 (tags/v3.11.6:8b6ee5b, Oct  2 2023, 14:57:12) [MSC v.1935 64 bit (AMD64)]
2025-05-07 14:06:54,897 - INFO - [logger.py:33] - Système d'exploitation: win32
2025-05-07 14:06:54,898 - INFO - [logger.py:34] - Fichier de log créé: logs/destiny_hub_20250507_140654.log
2025-05-07 14:06:54,898 - INFO - [logger.py:55] - === Informations Système ===
2025-05-07 14:06:54,898 - INFO - [logger.py:56] - OS: Windows 10
2025-05-07 14:06:54,917 - INFO - [logger.py:57] - Architecture: AMD64
2025-05-07 14:06:54,917 - INFO - [logger.py:58] - Processeur: AMD64 Family 25 Model 68 Stepping 1, AuthenticAMD
2025-05-07 14:06:54,932 - INFO - [logger.py:62] - Mémoire totale: 31.25 GB
2025-05-07 14:06:54,933 - INFO - [logger.py:63] - Mémoire disponible: 16.75 GB
2025-05-07 14:06:54,933 - INFO - [logger.py:64] - Utilisation mémoire: 46.4%
2025-05-07 14:06:54,934 - INFO - [logger.py:68] - Espace disque total: 952.48 GB
2025-05-07 14:06:54,934 - INFO - [logger.py:69] - Espace disque libre: 220.29 GB
2025-05-07 14:06:54,934 - INFO - [logger.py:70] - Utilisation disque: 76.9%
2025-05-07 14:06:54,934 - INFO - [logger.py:77] - === Vérification de l'environnement ===
2025-05-07 14:06:54,936 - INFO - [logger.py:93] - ✓ BUNGIE_API_KEY trouvée
2025-05-07 14:06:54,937 - DEBUG - [logger.py:94] - Longueur de BUNGIE_API_KEY: 32
2025-05-07 14:06:54,937 - ERROR - [logger.py:96] - ✗ CLIENT_ID non trouvée dans .env
2025-05-07 14:06:54,938 - ERROR - [logger.py:96] - ✗ CLIENT_SECRET non trouvée dans .env
2025-05-07 14:06:54,938 - INFO - [logger.py:105] - === Vérification des dépendances ===
2025-05-07 14:06:54,939 - INFO - [logger.py:119] - ✓ PyQt6 version: Version inconnue
2025-05-07 14:06:54,939 - INFO - [logger.py:119] - ✓ requests version: 2.32.3
2025-05-07 14:06:54,939 - INFO - [logger.py:119] - ✓ python-dotenv version: Version inconnue
2025-05-07 14:06:54,940 - INFO - [logger.py:119] - ✓ psutil version: 5.9.5
2025-05-07 14:06:54,940 - INFO - [logger.py:119] - ✓ beautifulsoup4 version: 4.13.4
2025-05-07 14:06:54,940 - INFO - [logger.py:126] - === Vérification des fichiers ===
2025-05-07 14:06:54,941 - INFO - [logger.py:148] - ✓ .env trouvé (Configuration)
2025-05-07 14:06:54,941 - INFO - [logger.py:148] - ✓ main.py trouvé (Point d'entrée)
2025-05-07 14:06:54,943 - INFO - [logger.py:148] - ✓ requirements.txt trouvé (Dépendances)
2025-05-07 14:06:54,945 - DEBUG - [logger.py:173] - === Contenu de requirements.txt ===
2025-05-07 14:06:54,946 - DEBUG - [logger.py:177] - - requests==2.31.0
2025-05-07 14:06:54,946 - DEBUG - [logger.py:177] - - customtkinter==5.2.1
2025-05-07 14:06:54,947 - DEBUG - [logger.py:177] - - pillow==10.2.0
2025-05-07 14:06:54,947 - DEBUG - [logger.py:177] - - python-dotenv==1.0.0
2025-05-07 14:06:54,948 - INFO - [logger.py:158] - ✓ Dossier ui trouvé (Interface utilisateur) - 4 fichiers
2025-05-07 14:06:54,948 - DEBUG - [logger.py:159] - Contenu de ui: main_window.py, pages, styles.py, __pycache__
2025-05-07 14:06:54,949 - INFO - [logger.py:158] - ✓ Dossier ui/pages trouvé (Pages de l'interface) - 5 fichiers
2025-05-07 14:06:54,949 - DEBUG - [logger.py:159] - Contenu de ui/pages: account_page.py, equipment_page.py, meta_page.py, missions_page.py, __pycache__
2025-05-07 14:06:54,949 - INFO - [logger.py:158] - ✓ Dossier api trouvé (API Bungie) - 3 fichiers
2025-05-07 14:06:54,950 - DEBUG - [logger.py:159] - Contenu de api: bungie_client.py, oauth_handler.py, __pycache__
2025-05-07 14:06:54,950 - INFO - [logger.py:158] - ✓ Dossier utils trouvé (Utilitaires) - 3 fichiers
2025-05-07 14:06:54,951 - DEBUG - [logger.py:159] - Contenu de utils: config.py, logger.py, __pycache__
2025-05-07 14:06:54,951 - INFO - [logger.py:158] - ✓ Dossier data trouvé (Données) - 4 fichiers
2025-05-07 14:06:54,952 - DEBUG - [logger.py:159] - Contenu de data: account.json, full_account.json, icons, profile_data.json
2025-05-07 14:06:54,953 - INFO - [logger.py:158] - ✓ Dossier icons trouvé (Icônes) - 69 fichiers
2025-05-07 14:06:54,954 - DEBUG - [logger.py:159] - Contenu de icons: 1003860281.png, 1183187516.png, 1197771438.png, 129332559.png, 1320342774.png, 1457394908.png, 1484009400.png, 1522633034.png, 152583919.png, 1533314821.png, 1616346845.png, 1762785662.png, 1896309757.png, 1907110519.png, 1911060537.png, 1958630864.png, 2012043039.png, 2134769653.png, 2151724216.png, 2185244404.png, 2190967049.png, 2198166292.png, 2286507447.png, 241462142.png, 2441435355.png, 2550323932.png, 2591586261.png, 2629014079.png, 266021826.png, 2738060683.png, 2741258862.png, 2742930797.png, 2763843898.png, 2783831726.png, 2809120022.png, 2827764482.png, 287888126.png, 2907129557.png, 2949538030.png, 2962546549.png, 3001229473.png, 3158812152.png, 3183180185.png, 3264721770.png, 331602521.png, 3434301337.png, 3569802112.png, 3628991658.png, 3733702440.png, 3797572280.png, 3828080585.png, 3844610113.png, 3906357376.png, 3947966653.png, 4026763349.png, 4062934448.png, 4146702548.png, 4282591831.png, 4293588774.png, 431721920.png, 537041732.png, 557165046.png, 568611923.png, 643145875.png, 788073488.png, 810612804.png, 814876685.png, 952431286.png, 991314988.png
2025-05-07 14:06:54,955 - INFO - [logger.py:158] - ✓ Dossier logs trouvé (Fichiers de log) - 42 fichiers
2025-05-07 14:06:54,956 - DEBUG - [logger.py:159] - Contenu de logs: destiny_hub_20250417_090308.log, destiny_hub_20250417_090501.log, destiny_hub_20250417_091449.log, destiny_hub_20250417_091744.log, destiny_hub_20250417_092047.log, destiny_hub_20250417_092453.log, destiny_hub_20250417_093036.log, destiny_hub_20250417_093355.log, destiny_hub_20250417_093518.log, destiny_hub_20250417_093701.log, destiny_hub_20250417_094459.log, destiny_hub_20250417_094915.log, destiny_hub_20250417_095450.log, destiny_hub_20250417_095800.log, destiny_hub_20250417_100013.log, destiny_hub_20250417_101050.log, destiny_hub_20250417_101112.log, destiny_hub_20250417_101728.log, destiny_hub_20250417_101938.log, destiny_hub_20250417_102126.log, destiny_hub_20250417_102514.log, destiny_hub_20250417_102736.log, destiny_hub_20250417_103000.log, destiny_hub_20250417_103209.log, destiny_hub_20250417_103307.log, destiny_hub_20250417_103545.log, destiny_hub_20250507_114434.log, destiny_hub_20250507_114815.log, destiny_hub_20250507_114838.log, destiny_hub_20250507_115102.log, destiny_hub_20250507_115217.log, destiny_hub_20250507_135035.log, destiny_hub_20250507_135311.log, destiny_hub_20250507_135523.log, destiny_hub_20250507_135724.log, destiny_hub_20250507_135955.log, destiny_hub_20250507_140048.log, destiny_hub_20250507_140128.log, destiny_hub_20250507_140251.log, destiny_hub_20250507_140627.log, destiny_hub_20250507_140642.log, destiny_hub_20250507_140654.log
2025-05-07 14:06:54,957 - INFO - [logger.py:158] - ✓ Dossier cache trouvé (Cache des images) - 0 fichiers
2025-05-07 14:06:54,957 - DEBUG - [logger.py:159] - Contenu de cache: 
2025-05-07 14:06:55,000 - INFO - [main_window.py:17] - === Initialisation de la fenêtre principale ===
2025-05-07 14:06:55,001 - INFO - [main_window.py:32] - Configuration de l'interface utilisateur
2025-05-07 14:06:55,008 - DEBUG - [main_window.py:110] - Création des pages...
2025-05-07 14:06:55,020 - DEBUG - [main_window.py:112] - ✓ Page compte créée
2025-05-07 14:06:55,050 - INFO - [equipment_page.py:214] - === Chargement des personnages ===
2025-05-07 14:06:55,055 - DEBUG - [connectionpool.py:1049] - Starting new HTTPS connection (1): www.bungie.net:443
2025-05-07 14:06:55,191 - DEBUG - [connectionpool.py:544] - https://www.bungie.net:443 "GET /Platform/Destiny2/3/Profile/4611686018536948250/?components=200%2C205 HTTP/1.1" 200 2458
2025-05-07 14:06:55,209 - INFO - [equipment_page.py:407] - Changement de personnage vers ID: 2305843010596444327
2025-05-07 14:06:55,212 - DEBUG - [connectionpool.py:1049] - Starting new HTTPS connection (1): www.bungie.net:443
2025-05-07 14:06:56,076 - DEBUG - [connectionpool.py:544] - https://www.bungie.net:443 "GET /Platform/Destiny2/3/Profile/4611686018536948250/?components=200 HTTP/1.1" 200 992
2025-05-07 14:06:56,078 - INFO - [equipment_page.py:440] - Lumière mise à jour pour le nouveau personnage: 2018
2025-05-07 14:06:56,079 - INFO - [equipment_page.py:269] - === Chargement de l'équipement pour le personnage 2305843010596444327 ===
2025-05-07 14:06:56,081 - DEBUG - [connectionpool.py:1049] - Starting new HTTPS connection (1): www.bungie.net:443
2025-05-07 14:06:56,925 - DEBUG - [connectionpool.py:544] - https://www.bungie.net:443 "GET /Platform/Destiny2/3/Profile/4611686018536948250/Character/2305843010596444327/?components=205%2C300%2C302 HTTP/1.1" 200 3058
2025-05-07 14:06:56,927 - INFO - [equipment_page.py:329] - === Affichage de l'équipement ===
2025-05-07 14:06:56,929 - DEBUG - [connectionpool.py:1049] - Starting new HTTPS connection (1): www.bungie.net:443
2025-05-07 14:06:57,187 - DEBUG - [connectionpool.py:544] - https://www.bungie.net:443 "GET /Platform/Destiny2/Manifest/DestinyInventoryItemDefinition/2763843898/ HTTP/1.1" 200 3859
2025-05-07 14:06:57,228 - DEBUG - [connectionpool.py:1049] - Starting new HTTPS connection (1): www.bungie.net:443
2025-05-07 14:06:57,506 - DEBUG - [connectionpool.py:544] - https://www.bungie.net:443 "GET /Platform/Destiny2/Manifest/DestinyInventoryItemDefinition/814876685/ HTTP/1.1" 200 2386
2025-05-07 14:06:57,511 - DEBUG - [connectionpool.py:1049] - Starting new HTTPS connection (1): www.bungie.net:443
2025-05-07 14:06:57,834 - DEBUG - [connectionpool.py:544] - https://www.bungie.net:443 "GET /Platform/Destiny2/Manifest/DestinyInventoryItemDefinition/1896309757/ HTTP/1.1" 200 3821
2025-05-07 14:06:57,839 - DEBUG - [connectionpool.py:1049] - Starting new HTTPS connection (1): www.bungie.net:443
2025-05-07 14:06:58,321 - DEBUG - [connectionpool.py:544] - https://www.bungie.net:443 "GET /Platform/Destiny2/Manifest/DestinyInventoryItemDefinition/2134769653/ HTTP/1.1" 200 2578
2025-05-07 14:06:58,326 - DEBUG - [connectionpool.py:1049] - Starting new HTTPS connection (1): www.bungie.net:443
2025-05-07 14:06:58,592 - DEBUG - [connectionpool.py:544] - https://www.bungie.net:443 "GET /Platform/Destiny2/Manifest/DestinyInventoryItemDefinition/810612804/ HTTP/1.1" 200 2584
2025-05-07 14:06:58,596 - DEBUG - [connectionpool.py:1049] - Starting new HTTPS connection (1): www.bungie.net:443
2025-05-07 14:06:59,313 - DEBUG - [connectionpool.py:544] - https://www.bungie.net:443 "GET /Platform/Destiny2/Manifest/DestinyInventoryItemDefinition/1183187516/ HTTP/1.1" 200 2582
2025-05-07 14:06:59,319 - DEBUG - [connectionpool.py:1049] - Starting new HTTPS connection (1): www.bungie.net:443
2025-05-07 14:06:59,687 - DEBUG - [connectionpool.py:544] - https://www.bungie.net:443 "GET /Platform/Destiny2/Manifest/DestinyInventoryItemDefinition/2741258862/ HTTP/1.1" 200 2583
2025-05-07 14:06:59,692 - DEBUG - [connectionpool.py:1049] - Starting new HTTPS connection (1): www.bungie.net:443
2025-05-07 14:07:00,549 - DEBUG - [connectionpool.py:544] - https://www.bungie.net:443 "GET /Platform/Destiny2/Manifest/DestinyInventoryItemDefinition/266021826/ HTTP/1.1" 200 2348
2025-05-07 14:07:00,553 - INFO - [equipment_page.py:376] - Affichage terminé - 3 armes, 5 pièces d'armure
2025-05-07 14:07:00,554 - INFO - [equipment_page.py:269] - === Chargement de l'équipement pour le personnage 2305843010596444327 ===
2025-05-07 14:07:00,557 - DEBUG - [connectionpool.py:1049] - Starting new HTTPS connection (1): www.bungie.net:443
2025-05-07 14:07:00,646 - DEBUG - [connectionpool.py:544] - https://www.bungie.net:443 "GET /Platform/Destiny2/3/Profile/4611686018536948250/Character/2305843010596444327/?components=205%2C300%2C302 HTTP/1.1" 200 3058
2025-05-07 14:07:00,647 - INFO - [equipment_page.py:329] - === Affichage de l'équipement ===
2025-05-07 14:07:00,649 - DEBUG - [connectionpool.py:1049] - Starting new HTTPS connection (1): www.bungie.net:443
2025-05-07 14:07:00,735 - DEBUG - [connectionpool.py:544] - https://www.bungie.net:443 "GET /Platform/Destiny2/Manifest/DestinyInventoryItemDefinition/2763843898/ HTTP/1.1" 200 3859
2025-05-07 14:07:00,740 - DEBUG - [connectionpool.py:1049] - Starting new HTTPS connection (1): www.bungie.net:443
2025-05-07 14:07:00,834 - DEBUG - [connectionpool.py:544] - https://www.bungie.net:443 "GET /Platform/Destiny2/Manifest/DestinyInventoryItemDefinition/814876685/ HTTP/1.1" 200 2386
2025-05-07 14:07:00,838 - DEBUG - [connectionpool.py:1049] - Starting new HTTPS connection (1): www.bungie.net:443
2025-05-07 14:07:00,934 - DEBUG - [connectionpool.py:544] - https://www.bungie.net:443 "GET /Platform/Destiny2/Manifest/DestinyInventoryItemDefinition/1896309757/ HTTP/1.1" 200 3821
2025-05-07 14:07:00,939 - DEBUG - [connectionpool.py:1049] - Starting new HTTPS connection (1): www.bungie.net:443
2025-05-07 14:07:01,036 - DEBUG - [connectionpool.py:544] - https://www.bungie.net:443 "GET /Platform/Destiny2/Manifest/DestinyInventoryItemDefinition/2134769653/ HTTP/1.1" 200 2578
2025-05-07 14:07:01,040 - DEBUG - [connectionpool.py:1049] - Starting new HTTPS connection (1): www.bungie.net:443
2025-05-07 14:07:01,164 - DEBUG - [connectionpool.py:544] - https://www.bungie.net:443 "GET /Platform/Destiny2/Manifest/DestinyInventoryItemDefinition/810612804/ HTTP/1.1" 200 2584
2025-05-07 14:07:01,168 - DEBUG - [connectionpool.py:1049] - Starting new HTTPS connection (1): www.bungie.net:443
2025-05-07 14:07:01,265 - DEBUG - [connectionpool.py:544] - https://www.bungie.net:443 "GET /Platform/Destiny2/Manifest/DestinyInventoryItemDefinition/1183187516/ HTTP/1.1" 200 2582
2025-05-07 14:07:01,269 - DEBUG - [connectionpool.py:1049] - Starting new HTTPS connection (1): www.bungie.net:443
2025-05-07 14:07:01,366 - DEBUG - [connectionpool.py:544] - https://www.bungie.net:443 "GET /Platform/Destiny2/Manifest/DestinyInventoryItemDefinition/2741258862/ HTTP/1.1" 200 2583
2025-05-07 14:07:01,370 - DEBUG - [connectionpool.py:1049] - Starting new HTTPS connection (1): www.bungie.net:443
2025-05-07 14:07:01,478 - DEBUG - [connectionpool.py:544] - https://www.bungie.net:443 "GET /Platform/Destiny2/Manifest/DestinyInventoryItemDefinition/266021826/ HTTP/1.1" 200 2348
2025-05-07 14:07:01,481 - INFO - [equipment_page.py:376] - Affichage terminé - 3 armes, 5 pièces d'armure
2025-05-07 14:07:01,482 - DEBUG - [main_window.py:115] - ✓ Page équipement créée
2025-05-07 14:07:01,484 - DEBUG - [main_window.py:118] - ✓ Page missions créée
2025-05-07 14:07:01,491 - DEBUG - [main_window.py:121] - ✓ Page meta créée
2025-05-07 14:07:01,495 - INFO - [meta_page.py:28] - === Début du scraping des armes meta ===
2025-05-07 14:07:01,495 - INFO - [main_window.py:134] - ✅ Pages ajoutées avec succès
2025-05-07 14:07:01,495 - INFO - [meta_page.py:41] - === Début de l'extraction avec authentification manuelle ===
2025-05-07 14:07:01,496 - INFO - [main_window.py:141] - Configuration de la barre de statut
2025-05-07 14:07:01,498 - INFO - [main_window.py:154] - ✅ Barre de statut configurée
2025-05-07 14:07:01,498 - INFO - [main_window.py:160] - Application des styles
2025-05-07 14:07:01,509 - INFO - [main_window.py:165] - ✅ Styles appliqués
2025-05-07 14:07:01,510 - INFO - [main_window.py:26] - ✅ Interface principale initialisée avec succès
2025-05-07 14:07:01,606 - DEBUG - [selenium_manager.py:101] - Selenium Manager binary found at: C:\Users\perio\AppData\Local\Programs\Python\Python311\Lib\site-packages\selenium\webdriver\common\windows\selenium-manager.exe
2025-05-07 14:07:01,612 - DEBUG - [selenium_manager.py:114] - Executing process: C:\Users\perio\AppData\Local\Programs\Python\Python311\Lib\site-packages\selenium\webdriver\common\windows\selenium-manager.exe --browser chrome --debug --language-binding python --output json
2025-05-07 14:07:02,070 - DEBUG - [selenium_manager.py:140] - chromedriver not found in PATH
2025-05-07 14:07:02,070 - DEBUG - [selenium_manager.py:140] - chrome detected at C:\Program Files\Google\Chrome\Application\chrome.exe
2025-05-07 14:07:02,071 - DEBUG - [selenium_manager.py:140] - Running command: wmic datafile where name='C:\\Program Files\\Google\\Chrome\\Application\\chrome.exe' get Version /value
2025-05-07 14:07:02,071 - DEBUG - [selenium_manager.py:140] - Output: "\r\r\n\r\r\nVersion=136.0.7103.93\r\r\n\r\r\n\r\r\n\r"
2025-05-07 14:07:02,071 - DEBUG - [selenium_manager.py:140] - Detected browser: chrome 136.0.7103.93
2025-05-07 14:07:02,072 - DEBUG - [selenium_manager.py:140] - Required driver: chromedriver 136.0.7103.92
2025-05-07 14:07:02,072 - DEBUG - [selenium_manager.py:140] - chromedriver 136.0.7103.92 already in the cache
2025-05-07 14:07:02,072 - DEBUG - [selenium_manager.py:140] - Driver path: C:\Users\perio\.cache\selenium\chromedriver\win64\136.0.7103.92\chromedriver.exe
2025-05-07 14:07:02,073 - DEBUG - [selenium_manager.py:140] - Browser path: C:\Program Files\Google\Chrome\Application\chrome.exe
2025-05-07 14:07:02,083 - DEBUG - [service.py:231] - Started executable: `C:\Users\perio\.cache\selenium\chromedriver\win64\136.0.7103.92\chromedriver.exe` in a child process with pid: 10524 using 0 to output -3
2025-05-07 14:07:02,601 - DEBUG - [remote_connection.py:403] - POST http://localhost:63051/session {'capabilities': {'firstMatch': [{}], 'alwaysMatch': {'browserName': 'chrome', 'pageLoadStrategy': <PageLoadStrategy.normal: 'normal'>, 'browserVersion': None, 'goog:chromeOptions': {'excludeSwitches': ['enable-automation'], 'useAutomationExtension': False, 'extensions': [], 'binary': 'C:\\Program Files\\Google\\Chrome\\Application\\chrome.exe', 'args': ['--start-maximized', '--disable-blink-features=AutomationControlled']}}}}
2025-05-07 14:07:02,602 - DEBUG - [connectionpool.py:241] - Starting new HTTP connection (1): localhost:63051
2025-05-07 14:07:02,880 - INFO - [main_window.py:171] - Changement de page vers l'index 1
2025-05-07 14:07:02,881 - DEBUG - [main_window.py:178] - ✓ Page changée avec succès vers 1
2025-05-07 14:07:03,808 - DEBUG - [connectionpool.py:544] - http://localhost:63051 "POST /session HTTP/1.1" 200 0
2025-05-07 14:07:03,809 - DEBUG - [remote_connection.py:436] - Remote response: status=200 | data={"value":{"capabilities":{"acceptInsecureCerts":false,"browserName":"chrome","browserVersion":"136.0.7103.93","chrome":{"chromedriverVersion":"136.0.7103.92 (cb81a4cc5087a8303a6c8827ee2b80b71d26e334-refs/branch-heads/7103@{#1840})","userDataDir":"C:\\Users\\perio\\AppData\\Local\\Temp\\scoped_dir10524_966012107"},"fedcm:accounts":true,"goog:chromeOptions":{"debuggerAddress":"localhost:63054"},"networkConnectionEnabled":false,"pageLoadStrategy":"normal","platformName":"windows","proxy":{},"setWindowRect":true,"strictFileInteractability":false,"timeouts":{"implicit":0,"pageLoad":300000,"script":30000},"unhandledPromptBehavior":"dismiss and notify","webauthn:extension:credBlob":true,"webauthn:extension:largeBlob":true,"webauthn:extension:minPinLength":true,"webauthn:extension:prf":true,"webauthn:virtualAuthenticators":true},"sessionId":"84149888b59f5913955564b1666dcc6a"}} | headers=HTTPHeaderDict({'Content-Length': '881', 'Content-Type': 'application/json; charset=utf-8', 'cache-control': 'no-cache'})
2025-05-07 14:07:03,809 - DEBUG - [remote_connection.py:465] - Finished Request
2025-05-07 14:07:03,810 - DEBUG - [remote_connection.py:403] - GET http://localhost:63051/session/84149888b59f5913955564b1666dcc6a/url {}
2025-05-07 14:07:03,820 - DEBUG - [connectionpool.py:544] - http://localhost:63051 "GET /session/84149888b59f5913955564b1666dcc6a/url HTTP/1.1" 200 0
2025-05-07 14:07:03,820 - DEBUG - [remote_connection.py:436] - Remote response: status=200 | data={"value":"data:,"} | headers=HTTPHeaderDict({'Content-Length': '18', 'Content-Type': 'application/json; charset=utf-8', 'cache-control': 'no-cache'})
2025-05-07 14:07:03,821 - DEBUG - [remote_connection.py:465] - Finished Request
2025-05-07 14:07:04,866 - INFO - [equipment_page.py:407] - Changement de personnage vers ID: 2305843010617604833
2025-05-07 14:07:04,870 - DEBUG - [connectionpool.py:1049] - Starting new HTTPS connection (1): www.bungie.net:443
2025-05-07 14:07:05,032 - DEBUG - [connectionpool.py:544] - https://www.bungie.net:443 "GET /Platform/Destiny2/3/Profile/4611686018536948250/?components=200 HTTP/1.1" 200 992
2025-05-07 14:07:05,033 - INFO - [equipment_page.py:440] - Lumière mise à jour pour le nouveau personnage: 2017
2025-05-07 14:07:05,037 - INFO - [equipment_page.py:269] - === Chargement de l'équipement pour le personnage 2305843010617604833 ===
2025-05-07 14:07:05,042 - DEBUG - [connectionpool.py:1049] - Starting new HTTPS connection (1): www.bungie.net:443
2025-05-07 14:07:05,862 - DEBUG - [connectionpool.py:544] - https://www.bungie.net:443 "GET /Platform/Destiny2/3/Profile/4611686018536948250/Character/2305843010617604833/?components=205%2C300%2C302 HTTP/1.1" 200 3157
2025-05-07 14:07:05,866 - INFO - [equipment_page.py:329] - === Affichage de l'équipement ===
2025-05-07 14:07:05,868 - DEBUG - [connectionpool.py:1049] - Starting new HTTPS connection (1): www.bungie.net:443
2025-05-07 14:07:06,163 - DEBUG - [connectionpool.py:544] - https://www.bungie.net:443 "GET /Platform/Destiny2/Manifest/DestinyInventoryItemDefinition/3947966653/ HTTP/1.1" 200 3777
2025-05-07 14:07:06,167 - DEBUG - [connectionpool.py:1049] - Starting new HTTPS connection (1): www.bungie.net:443
2025-05-07 14:07:06,600 - DEBUG - [connectionpool.py:544] - https://www.bungie.net:443 "GET /Platform/Destiny2/Manifest/DestinyInventoryItemDefinition/431721920/ HTTP/1.1" 200 3791
2025-05-07 14:07:06,606 - DEBUG - [connectionpool.py:1049] - Starting new HTTPS connection (1): www.bungie.net:443
2025-05-07 14:07:06,922 - DEBUG - [connectionpool.py:544] - https://www.bungie.net:443 "GET /Platform/Destiny2/Manifest/DestinyInventoryItemDefinition/1762785662/ HTTP/1.1" 200 3767
2025-05-07 14:07:06,926 - DEBUG - [connectionpool.py:1049] - Starting new HTTPS connection (1): www.bungie.net:443
2025-05-07 14:07:07,214 - DEBUG - [connectionpool.py:544] - https://www.bungie.net:443 "GET /Platform/Destiny2/Manifest/DestinyInventoryItemDefinition/3001229473/ HTTP/1.1" 200 2584
2025-05-07 14:07:07,219 - DEBUG - [connectionpool.py:1049] - Starting new HTTPS connection (1): www.bungie.net:443
2025-05-07 14:07:07,507 - DEBUG - [connectionpool.py:544] - https://www.bungie.net:443 "GET /Platform/Destiny2/Manifest/DestinyInventoryItemDefinition/3797572280/ HTTP/1.1" 200 2591
2025-05-07 14:07:07,518 - DEBUG - [connectionpool.py:1049] - Starting new HTTPS connection (1): www.bungie.net:443
2025-05-07 14:07:07,823 - DEBUG - [connectionpool.py:544] - https://www.bungie.net:443 "GET /Platform/Destiny2/Manifest/DestinyInventoryItemDefinition/1958630864/ HTTP/1.1" 200 2591
2025-05-07 14:07:07,829 - DEBUG - [connectionpool.py:1049] - Starting new HTTPS connection (1): www.bungie.net:443
2025-05-07 14:07:08,088 - DEBUG - [connectionpool.py:544] - https://www.bungie.net:443 "GET /Platform/Destiny2/Manifest/DestinyInventoryItemDefinition/129332559/ HTTP/1.1" 200 2690
2025-05-07 14:07:08,092 - DEBUG - [connectionpool.py:1049] - Starting new HTTPS connection (1): www.bungie.net:443
2025-05-07 14:07:08,347 - DEBUG - [connectionpool.py:544] - https://www.bungie.net:443 "GET /Platform/Destiny2/Manifest/DestinyInventoryItemDefinition/2809120022/ HTTP/1.1" 200 2377
2025-05-07 14:07:08,350 - INFO - [equipment_page.py:376] - Affichage terminé - 3 armes, 5 pièces d'armure
2025-05-07 14:07:18,857 - DEBUG - [remote_connection.py:403] - POST http://localhost:63051/session/84149888b59f5913955564b1666dcc6a/execute/sync {'script': "\n                    return Array.from(document.querySelectorAll('.weapon-name')).map(el => ({\n     ...", 'args': []}
2025-05-07 14:07:18,867 - DEBUG - [connectionpool.py:544] - http://localhost:63051 "POST /session/84149888b59f5913955564b1666dcc6a/execute/sync HTTP/1.1" 200 0
2025-05-07 14:07:18,868 - DEBUG - [remote_connection.py:436] - Remote response: status=200 | data={"value":[]} | headers=HTTPHeaderDict({'Content-Length': '12', 'Content-Type': 'application/json; charset=utf-8', 'cache-control': 'no-cache'})
2025-05-07 14:07:18,868 - DEBUG - [remote_connection.py:465] - Finished Request
2025-05-07 14:07:18,869 - DEBUG - [remote_connection.py:403] - DELETE http://localhost:63051/session/84149888b59f5913955564b1666dcc6a {}
2025-05-07 14:07:18,904 - INFO - [equipment_page.py:407] - Changement de personnage vers ID: 2305843010696344032
2025-05-07 14:07:18,915 - DEBUG - [connectionpool.py:1049] - Starting new HTTPS connection (1): www.bungie.net:443
2025-05-07 14:07:18,970 - DEBUG - [connectionpool.py:544] - http://localhost:63051 "DELETE /session/84149888b59f5913955564b1666dcc6a HTTP/1.1" 200 0
2025-05-07 14:07:18,971 - DEBUG - [remote_connection.py:436] - Remote response: status=200 | data={"value":null} | headers=HTTPHeaderDict({'Content-Length': '14', 'Content-Type': 'application/json; charset=utf-8', 'cache-control': 'no-cache'})
2025-05-07 14:07:18,972 - DEBUG - [remote_connection.py:465] - Finished Request
2025-05-07 14:07:19,002 - DEBUG - [connectionpool.py:544] - https://www.bungie.net:443 "GET /Platform/Destiny2/3/Profile/4611686018536948250/?components=200 HTTP/1.1" 200 992
2025-05-07 14:07:19,003 - INFO - [equipment_page.py:440] - Lumière mise à jour pour le nouveau personnage: 2017
2025-05-07 14:07:19,005 - INFO - [equipment_page.py:269] - === Chargement de l'équipement pour le personnage 2305843010696344032 ===
2025-05-07 14:07:19,010 - DEBUG - [connectionpool.py:1049] - Starting new HTTPS connection (1): www.bungie.net:443
2025-05-07 14:07:20,878 - DEBUG - [connectionpool.py:544] - https://www.bungie.net:443 "GET /Platform/Destiny2/3/Profile/4611686018536948250/Character/2305843010696344032/?components=205%2C300%2C302 HTTP/1.1" 200 3027
2025-05-07 14:07:20,880 - INFO - [equipment_page.py:329] - === Affichage de l'équipement ===
2025-05-07 14:07:20,882 - DEBUG - [connectionpool.py:1049] - Starting new HTTPS connection (1): www.bungie.net:443
2025-05-07 14:07:21,101 - ERROR - [meta_page.py:36] - Erreur critique: Aucune arme n'a pu être récupérée
2025-05-07 14:07:21,543 - DEBUG - [connectionpool.py:544] - https://www.bungie.net:443 "GET /Platform/Destiny2/Manifest/DestinyInventoryItemDefinition/557165046/ HTTP/1.1" 200 3896
2025-05-07 14:07:21,548 - DEBUG - [connectionpool.py:1049] - Starting new HTTPS connection (1): www.bungie.net:443
2025-05-07 14:07:21,815 - DEBUG - [connectionpool.py:544] - https://www.bungie.net:443 "GET /Platform/Destiny2/Manifest/DestinyInventoryItemDefinition/2907129557/ HTTP/1.1" 200 2549
2025-05-07 14:07:21,821 - DEBUG - [connectionpool.py:1049] - Starting new HTTPS connection (1): www.bungie.net:443
2025-05-07 14:07:22,079 - DEBUG - [connectionpool.py:544] - https://www.bungie.net:443 "GET /Platform/Destiny2/Manifest/DestinyInventoryItemDefinition/568611923/ HTTP/1.1" 200 3763
2025-05-07 14:07:22,085 - DEBUG - [connectionpool.py:1049] - Starting new HTTPS connection (1): www.bungie.net:443
2025-05-07 14:07:22,346 - DEBUG - [connectionpool.py:544] - https://www.bungie.net:443 "GET /Platform/Destiny2/Manifest/DestinyInventoryItemDefinition/2783831726/ HTTP/1.1" 200 2623
2025-05-07 14:07:22,351 - DEBUG - [connectionpool.py:1049] - Starting new HTTPS connection (1): www.bungie.net:443
2025-05-07 14:07:22,637 - DEBUG - [connectionpool.py:544] - https://www.bungie.net:443 "GET /Platform/Destiny2/Manifest/DestinyInventoryItemDefinition/287888126/ HTTP/1.1" 200 2639
2025-05-07 14:07:22,641 - DEBUG - [connectionpool.py:1049] - Starting new HTTPS connection (1): www.bungie.net:443
2025-05-07 14:07:22,912 - DEBUG - [connectionpool.py:544] - https://www.bungie.net:443 "GET /Platform/Destiny2/Manifest/DestinyInventoryItemDefinition/331602521/ HTTP/1.1" 200 2629
2025-05-07 14:07:22,916 - DEBUG - [connectionpool.py:1049] - Starting new HTTPS connection (1): www.bungie.net:443
2025-05-07 14:07:23,238 - DEBUG - [connectionpool.py:544] - https://www.bungie.net:443 "GET /Platform/Destiny2/Manifest/DestinyInventoryItemDefinition/3264721770/ HTTP/1.1" 200 2610
2025-05-07 14:07:23,243 - DEBUG - [connectionpool.py:1049] - Starting new HTTPS connection (1): www.bungie.net:443
2025-05-07 14:07:23,332 - DEBUG - [connectionpool.py:544] - https://www.bungie.net:443 "GET /Platform/Destiny2/Manifest/DestinyInventoryItemDefinition/266021826/ HTTP/1.1" 200 2348
2025-05-07 14:07:23,335 - INFO - [equipment_page.py:376] - Affichage terminé - 3 armes, 5 pièces d'armure
2025-05-07 14:11:55,060 - INFO - [equipment_page.py:456] - === Actualisation des données du personnage ===
2025-05-07 14:11:55,061 - INFO - [equipment_page.py:214] - === Chargement des personnages ===
2025-05-07 14:11:55,064 - DEBUG - [connectionpool.py:1049] - Starting new HTTPS connection (1): www.bungie.net:443
2025-05-07 14:11:56,035 - DEBUG - [connectionpool.py:544] - https://www.bungie.net:443 "GET /Platform/Destiny2/3/Profile/4611686018536948250/?components=200%2C205 HTTP/1.1" 200 2459
2025-05-07 14:11:56,058 - INFO - [equipment_page.py:407] - Changement de personnage vers ID: 2305843010596444327
2025-05-07 14:11:56,062 - DEBUG - [connectionpool.py:1049] - Starting new HTTPS connection (1): www.bungie.net:443
2025-05-07 14:11:56,920 - DEBUG - [connectionpool.py:544] - https://www.bungie.net:443 "GET /Platform/Destiny2/3/Profile/4611686018536948250/?components=200 HTTP/1.1" 200 992
2025-05-07 14:11:56,922 - INFO - [equipment_page.py:440] - Lumière mise à jour pour le nouveau personnage: 2018
2025-05-07 14:11:58,806 - INFO - [equipment_page.py:269] - === Chargement de l'équipement pour le personnage 2305843010596444327 ===
2025-05-07 14:11:58,810 - DEBUG - [connectionpool.py:1049] - Starting new HTTPS connection (1): www.bungie.net:443
2025-05-07 14:12:00,215 - DEBUG - [connectionpool.py:544] - https://www.bungie.net:443 "GET /Platform/Destiny2/3/Profile/4611686018536948250/Character/2305843010596444327/?components=205%2C300%2C302 HTTP/1.1" 200 3058
2025-05-07 14:12:00,217 - INFO - [equipment_page.py:329] - === Affichage de l'équipement ===
2025-05-07 14:12:00,219 - DEBUG - [connectionpool.py:1049] - Starting new HTTPS connection (1): www.bungie.net:443
2025-05-07 14:12:00,950 - DEBUG - [connectionpool.py:544] - https://www.bungie.net:443 "GET /Platform/Destiny2/Manifest/DestinyInventoryItemDefinition/2763843898/ HTTP/1.1" 200 3859
2025-05-07 14:12:00,954 - DEBUG - [connectionpool.py:1049] - Starting new HTTPS connection (1): www.bungie.net:443
2025-05-07 14:12:01,236 - DEBUG - [connectionpool.py:544] - https://www.bungie.net:443 "GET /Platform/Destiny2/Manifest/DestinyInventoryItemDefinition/814876685/ HTTP/1.1" 200 2386
2025-05-07 14:12:01,240 - DEBUG - [connectionpool.py:1049] - Starting new HTTPS connection (1): www.bungie.net:443
2025-05-07 14:12:01,930 - DEBUG - [connectionpool.py:544] - https://www.bungie.net:443 "GET /Platform/Destiny2/Manifest/DestinyInventoryItemDefinition/1896309757/ HTTP/1.1" 200 3821
2025-05-07 14:12:01,935 - DEBUG - [connectionpool.py:1049] - Starting new HTTPS connection (1): www.bungie.net:443
2025-05-07 14:12:02,173 - DEBUG - [connectionpool.py:544] - https://www.bungie.net:443 "GET /Platform/Destiny2/Manifest/DestinyInventoryItemDefinition/2134769653/ HTTP/1.1" 200 2578
2025-05-07 14:12:02,178 - DEBUG - [connectionpool.py:1049] - Starting new HTTPS connection (1): www.bungie.net:443
2025-05-07 14:12:02,438 - DEBUG - [connectionpool.py:544] - https://www.bungie.net:443 "GET /Platform/Destiny2/Manifest/DestinyInventoryItemDefinition/810612804/ HTTP/1.1" 200 2584
2025-05-07 14:12:02,442 - DEBUG - [connectionpool.py:1049] - Starting new HTTPS connection (1): www.bungie.net:443
2025-05-07 14:12:02,729 - DEBUG - [connectionpool.py:544] - https://www.bungie.net:443 "GET /Platform/Destiny2/Manifest/DestinyInventoryItemDefinition/1183187516/ HTTP/1.1" 200 2582
2025-05-07 14:12:02,733 - DEBUG - [connectionpool.py:1049] - Starting new HTTPS connection (1): www.bungie.net:443
2025-05-07 14:12:03,050 - DEBUG - [connectionpool.py:544] - https://www.bungie.net:443 "GET /Platform/Destiny2/Manifest/DestinyInventoryItemDefinition/2741258862/ HTTP/1.1" 200 2583
2025-05-07 14:12:03,055 - DEBUG - [connectionpool.py:1049] - Starting new HTTPS connection (1): www.bungie.net:443
2025-05-07 14:12:03,753 - DEBUG - [connectionpool.py:544] - https://www.bungie.net:443 "GET /Platform/Destiny2/Manifest/DestinyInventoryItemDefinition/266021826/ HTTP/1.1" 200 2348
2025-05-07 14:12:03,756 - INFO - [equipment_page.py:376] - Affichage terminé - 3 armes, 5 pièces d'armure
2025-05-07 14:12:05,528 - INFO - [equipment_page.py:269] - === Chargement de l'équipement pour le personnage 2305843010596444327 ===
2025-05-07 14:12:05,531 - DEBUG - [connectionpool.py:1049] - Starting new HTTPS connection (1): www.bungie.net:443
2025-05-07 14:12:05,644 - DEBUG - [connectionpool.py:544] - https://www.bungie.net:443 "GET /Platform/Destiny2/3/Profile/4611686018536948250/Character/2305843010596444327/?components=205%2C300%2C302 HTTP/1.1" 200 3058
2025-05-07 14:12:05,645 - INFO - [equipment_page.py:329] - === Affichage de l'équipement ===
2025-05-07 14:12:05,647 - DEBUG - [connectionpool.py:1049] - Starting new HTTPS connection (1): www.bungie.net:443
2025-05-07 14:12:05,736 - DEBUG - [connectionpool.py:544] - https://www.bungie.net:443 "GET /Platform/Destiny2/Manifest/DestinyInventoryItemDefinition/2763843898/ HTTP/1.1" 200 3859
2025-05-07 14:12:05,741 - DEBUG - [connectionpool.py:1049] - Starting new HTTPS connection (1): www.bungie.net:443
2025-05-07 14:12:05,828 - DEBUG - [connectionpool.py:544] - https://www.bungie.net:443 "GET /Platform/Destiny2/Manifest/DestinyInventoryItemDefinition/814876685/ HTTP/1.1" 200 2386
2025-05-07 14:12:05,832 - DEBUG - [connectionpool.py:1049] - Starting new HTTPS connection (1): www.bungie.net:443
2025-05-07 14:12:05,917 - DEBUG - [connectionpool.py:544] - https://www.bungie.net:443 "GET /Platform/Destiny2/Manifest/DestinyInventoryItemDefinition/1896309757/ HTTP/1.1" 200 3821
2025-05-07 14:12:05,921 - DEBUG - [connectionpool.py:1049] - Starting new HTTPS connection (1): www.bungie.net:443
2025-05-07 14:12:06,010 - DEBUG - [connectionpool.py:544] - https://www.bungie.net:443 "GET /Platform/Destiny2/Manifest/DestinyInventoryItemDefinition/2134769653/ HTTP/1.1" 200 2578
2025-05-07 14:12:06,014 - DEBUG - [connectionpool.py:1049] - Starting new HTTPS connection (1): www.bungie.net:443
2025-05-07 14:12:06,107 - DEBUG - [connectionpool.py:544] - https://www.bungie.net:443 "GET /Platform/Destiny2/Manifest/DestinyInventoryItemDefinition/810612804/ HTTP/1.1" 200 2584
2025-05-07 14:12:06,112 - DEBUG - [connectionpool.py:1049] - Starting new HTTPS connection (1): www.bungie.net:443
2025-05-07 14:12:06,192 - DEBUG - [connectionpool.py:544] - https://www.bungie.net:443 "GET /Platform/Destiny2/Manifest/DestinyInventoryItemDefinition/1183187516/ HTTP/1.1" 200 2582
2025-05-07 14:12:06,197 - DEBUG - [connectionpool.py:1049] - Starting new HTTPS connection (1): www.bungie.net:443
2025-05-07 14:12:06,299 - DEBUG - [connectionpool.py:544] - https://www.bungie.net:443 "GET /Platform/Destiny2/Manifest/DestinyInventoryItemDefinition/2741258862/ HTTP/1.1" 200 2583
2025-05-07 14:12:06,302 - DEBUG - [connectionpool.py:1049] - Starting new HTTPS connection (1): www.bungie.net:443
2025-05-07 14:12:06,381 - DEBUG - [connectionpool.py:544] - https://www.bungie.net:443 "GET /Platform/Destiny2/Manifest/DestinyInventoryItemDefinition/266021826/ HTTP/1.1" 200 2348
2025-05-07 14:12:06,384 - INFO - [equipment_page.py:376] - Affichage terminé - 3 armes, 5 pièces d'armure
