2025-05-07 14:32:43,023 - INFO - [logger.py:31] - === Démarrage de Destiny Hub ===
2025-05-07 14:32:43,024 - INFO - [logger.py:32] - Version Python: 3.11.6 (tags/v3.11.6:8b6ee5b, Oct  2 2023, 14:57:12) [MSC v.1935 64 bit (AMD64)]
2025-05-07 14:32:43,024 - INFO - [logger.py:33] - Système d'exploitation: win32
2025-05-07 14:32:43,025 - INFO - [logger.py:34] - Fichier de log créé: logs/destiny_hub_20250507_143243.log
2025-05-07 14:32:43,025 - INFO - [logger.py:55] - === Informations Système ===
2025-05-07 14:32:43,026 - INFO - [logger.py:56] - OS: Windows 10
2025-05-07 14:32:43,027 - INFO - [logger.py:57] - Architecture: AMD64
2025-05-07 14:32:43,027 - INFO - [logger.py:58] - Processeur: AMD64 Family 25 Model 68 Stepping 1, AuthenticAMD
2025-05-07 14:32:43,036 - INFO - [logger.py:62] - Mémoire totale: 31.25 GB
2025-05-07 14:32:43,037 - INFO - [logger.py:63] - Mémoire disponible: 16.38 GB
2025-05-07 14:32:43,037 - INFO - [logger.py:64] - Utilisation mémoire: 47.6%
2025-05-07 14:32:43,038 - INFO - [logger.py:68] - Espace disque total: 952.48 GB
2025-05-07 14:32:43,038 - INFO - [logger.py:69] - Espace disque libre: 219.93 GB
2025-05-07 14:32:43,038 - INFO - [logger.py:70] - Utilisation disque: 76.9%
2025-05-07 14:32:43,039 - INFO - [logger.py:77] - === Vérification de l'environnement ===
2025-05-07 14:32:43,041 - INFO - [logger.py:93] - ✓ BUNGIE_API_KEY trouvée
2025-05-07 14:32:43,041 - DEBUG - [logger.py:94] - Longueur de BUNGIE_API_KEY: 32
2025-05-07 14:32:43,042 - ERROR - [logger.py:96] - ✗ CLIENT_ID non trouvée dans .env
2025-05-07 14:32:43,042 - ERROR - [logger.py:96] - ✗ CLIENT_SECRET non trouvée dans .env
2025-05-07 14:32:43,043 - INFO - [logger.py:105] - === Vérification des dépendances ===
2025-05-07 14:32:43,044 - INFO - [logger.py:119] - ✓ PyQt6 version: Version inconnue
2025-05-07 14:32:43,044 - INFO - [logger.py:119] - ✓ requests version: 2.32.3
2025-05-07 14:32:43,044 - INFO - [logger.py:119] - ✓ python-dotenv version: Version inconnue
2025-05-07 14:32:43,045 - INFO - [logger.py:119] - ✓ psutil version: 5.9.5
2025-05-07 14:32:43,045 - INFO - [logger.py:119] - ✓ beautifulsoup4 version: 4.13.4
2025-05-07 14:32:43,045 - INFO - [logger.py:126] - === Vérification des fichiers ===
2025-05-07 14:32:43,046 - INFO - [logger.py:148] - ✓ .env trouvé (Configuration)
2025-05-07 14:32:43,046 - INFO - [logger.py:148] - ✓ main.py trouvé (Point d'entrée)
2025-05-07 14:32:43,047 - INFO - [logger.py:148] - ✓ requirements.txt trouvé (Dépendances)
2025-05-07 14:32:43,047 - DEBUG - [logger.py:173] - === Contenu de requirements.txt ===
2025-05-07 14:32:43,048 - DEBUG - [logger.py:177] - - requests==2.31.0
2025-05-07 14:32:43,048 - DEBUG - [logger.py:177] - - customtkinter==5.2.1
2025-05-07 14:32:43,048 - DEBUG - [logger.py:177] - - pillow==10.2.0
2025-05-07 14:32:43,049 - DEBUG - [logger.py:177] - - python-dotenv==1.0.0
2025-05-07 14:32:43,049 - INFO - [logger.py:158] - ✓ Dossier ui trouvé (Interface utilisateur) - 4 fichiers
2025-05-07 14:32:43,050 - DEBUG - [logger.py:159] - Contenu de ui: main_window.py, pages, styles.py, __pycache__
2025-05-07 14:32:43,051 - INFO - [logger.py:158] - ✓ Dossier ui/pages trouvé (Pages de l'interface) - 5 fichiers
2025-05-07 14:32:43,051 - DEBUG - [logger.py:159] - Contenu de ui/pages: account_page.py, equipment_page.py, meta_page.py, missions_page.py, __pycache__
2025-05-07 14:32:43,052 - INFO - [logger.py:158] - ✓ Dossier api trouvé (API Bungie) - 3 fichiers
2025-05-07 14:32:43,052 - DEBUG - [logger.py:159] - Contenu de api: bungie_client.py, oauth_handler.py, __pycache__
2025-05-07 14:32:43,053 - INFO - [logger.py:158] - ✓ Dossier utils trouvé (Utilitaires) - 3 fichiers
2025-05-07 14:32:43,053 - DEBUG - [logger.py:159] - Contenu de utils: config.py, logger.py, __pycache__
2025-05-07 14:32:43,054 - INFO - [logger.py:158] - ✓ Dossier data trouvé (Données) - 4 fichiers
2025-05-07 14:32:43,054 - DEBUG - [logger.py:159] - Contenu de data: account.json, full_account.json, icons, profile_data.json
2025-05-07 14:32:43,055 - INFO - [logger.py:158] - ✓ Dossier icons trouvé (Icônes) - 70 fichiers
2025-05-07 14:32:43,055 - DEBUG - [logger.py:159] - Contenu de icons: 1003860281.png, 1183187516.png, 1197771438.png, 129332559.png, 1320342774.png, 1457394908.png, 1484009400.png, 1522633034.png, 152583919.png, 1533314821.png, 1616346845.png, 1762785662.png, 1896309757.png, 1907110519.png, 1911060537.png, 1958630864.png, 2012043039.png, 2134769653.png, 2151724216.png, 2185244404.png, 2190967049.png, 2198166292.png, 2286507447.png, 241462142.png, 2441435355.png, 2550323932.png, 2591586261.png, 2629014079.png, 266021826.png, 2738060683.png, 2741258862.png, 2742930797.png, 2763843898.png, 2783831726.png, 2809120022.png, 2827764482.png, 287888126.png, 2907129557.png, 2949538030.png, 2962546549.png, 3001229473.png, 3158812152.png, 3183180185.png, 3264721770.png, 331602521.png, 3434301337.png, 3569802112.png, 3628991658.png, 3733702440.png, 3797572280.png, 3828080585.png, 3844610113.png, 3906357376.png, 3947966653.png, 4026763349.png, 4062934448.png, 4146702548.png, 4282591831.png, 4293588774.png, 431721920.png, 537041732.png, 557165046.png, 568611923.png, 643145875.png, 788073488.png, 810612804.png, 814876685.png, 952431286.png, 991314988.png, spectre.gif
2025-05-07 14:32:43,057 - INFO - [logger.py:158] - ✓ Dossier logs trouvé (Fichiers de log) - 55 fichiers
2025-05-07 14:32:43,057 - DEBUG - [logger.py:159] - Contenu de logs: destiny_hub_20250417_090308.log, destiny_hub_20250417_090501.log, destiny_hub_20250417_091449.log, destiny_hub_20250417_091744.log, destiny_hub_20250417_092047.log, destiny_hub_20250417_092453.log, destiny_hub_20250417_093036.log, destiny_hub_20250417_093355.log, destiny_hub_20250417_093518.log, destiny_hub_20250417_093701.log, destiny_hub_20250417_094459.log, destiny_hub_20250417_094915.log, destiny_hub_20250417_095450.log, destiny_hub_20250417_095800.log, destiny_hub_20250417_100013.log, destiny_hub_20250417_101050.log, destiny_hub_20250417_101112.log, destiny_hub_20250417_101728.log, destiny_hub_20250417_101938.log, destiny_hub_20250417_102126.log, destiny_hub_20250417_102514.log, destiny_hub_20250417_102736.log, destiny_hub_20250417_103000.log, destiny_hub_20250417_103209.log, destiny_hub_20250417_103307.log, destiny_hub_20250417_103545.log, destiny_hub_20250507_114434.log, destiny_hub_20250507_114815.log, destiny_hub_20250507_114838.log, destiny_hub_20250507_115102.log, destiny_hub_20250507_115217.log, destiny_hub_20250507_135035.log, destiny_hub_20250507_135311.log, destiny_hub_20250507_135523.log, destiny_hub_20250507_135724.log, destiny_hub_20250507_135955.log, destiny_hub_20250507_140048.log, destiny_hub_20250507_140128.log, destiny_hub_20250507_140251.log, destiny_hub_20250507_140627.log, destiny_hub_20250507_140642.log, destiny_hub_20250507_140654.log, destiny_hub_20250507_141253.log, destiny_hub_20250507_141602.log, destiny_hub_20250507_141617.log, destiny_hub_20250507_141823.log, destiny_hub_20250507_142031.log, destiny_hub_20250507_142224.log, destiny_hub_20250507_142429.log, destiny_hub_20250507_142436.log, destiny_hub_20250507_142454.log, destiny_hub_20250507_142651.log, destiny_hub_20250507_142811.log, destiny_hub_20250507_142939.log, destiny_hub_20250507_143243.log
2025-05-07 14:32:43,058 - INFO - [logger.py:158] - ✓ Dossier cache trouvé (Cache des images) - 0 fichiers
2025-05-07 14:32:43,059 - DEBUG - [logger.py:159] - Contenu de cache: 
2025-05-07 14:32:43,105 - INFO - [main_window.py:17] - === Initialisation de la fenêtre principale ===
2025-05-07 14:32:43,106 - INFO - [main_window.py:33] - Configuration de l'interface utilisateur
2025-05-07 14:32:43,114 - DEBUG - [main_window.py:111] - Création des pages...
2025-05-07 14:32:43,126 - DEBUG - [main_window.py:113] - ✓ Page compte créée
2025-05-07 14:32:43,159 - INFO - [equipment_page.py:206] - === Chargement des personnages ===
2025-05-07 14:32:43,165 - DEBUG - [connectionpool.py:1049] - Starting new HTTPS connection (1): www.bungie.net:443
2025-05-07 14:32:44,199 - DEBUG - [connectionpool.py:544] - https://www.bungie.net:443 "GET /Platform/Destiny2/3/Profile/4611686018536948250/?components=200%2C205 HTTP/1.1" 200 2460
2025-05-07 14:32:44,214 - INFO - [equipment_page.py:401] - Changement de personnage vers ID: 2305843010596444327
2025-05-07 14:32:44,218 - DEBUG - [connectionpool.py:1049] - Starting new HTTPS connection (1): www.bungie.net:443
2025-05-07 14:32:44,467 - DEBUG - [connectionpool.py:544] - https://www.bungie.net:443 "GET /Platform/Destiny2/3/Profile/4611686018536948250/?components=200 HTTP/1.1" 200 994
2025-05-07 14:32:44,469 - INFO - [equipment_page.py:431] - Lumière mise à jour pour le nouveau personnage: 2018
2025-05-07 14:32:44,469 - INFO - [equipment_page.py:262] - === Chargement de l'équipement pour le personnage 2305843010596444327 ===
2025-05-07 14:32:44,472 - DEBUG - [connectionpool.py:1049] - Starting new HTTPS connection (1): www.bungie.net:443
2025-05-07 14:32:45,490 - DEBUG - [connectionpool.py:544] - https://www.bungie.net:443 "GET /Platform/Destiny2/3/Profile/4611686018536948250/Character/2305843010596444327/?components=205%2C300%2C302 HTTP/1.1" 200 3058
2025-05-07 14:32:45,493 - INFO - [equipment_page.py:320] - === Affichage de l'équipement ===
2025-05-07 14:32:45,496 - DEBUG - [connectionpool.py:1049] - Starting new HTTPS connection (1): www.bungie.net:443
2025-05-07 14:32:46,198 - DEBUG - [connectionpool.py:544] - https://www.bungie.net:443 "GET /Platform/Destiny2/Manifest/DestinyInventoryItemDefinition/2763843898/ HTTP/1.1" 200 3859
2025-05-07 14:32:46,246 - DEBUG - [connectionpool.py:1049] - Starting new HTTPS connection (1): www.bungie.net:443
2025-05-07 14:32:46,523 - DEBUG - [connectionpool.py:544] - https://www.bungie.net:443 "GET /Platform/Destiny2/Manifest/DestinyInventoryItemDefinition/814876685/ HTTP/1.1" 200 2386
2025-05-07 14:32:46,530 - DEBUG - [connectionpool.py:1049] - Starting new HTTPS connection (1): www.bungie.net:443
2025-05-07 14:32:46,774 - DEBUG - [connectionpool.py:544] - https://www.bungie.net:443 "GET /Platform/Destiny2/Manifest/DestinyInventoryItemDefinition/1896309757/ HTTP/1.1" 200 3821
2025-05-07 14:32:46,778 - DEBUG - [connectionpool.py:1049] - Starting new HTTPS connection (1): www.bungie.net:443
2025-05-07 14:32:47,066 - DEBUG - [connectionpool.py:544] - https://www.bungie.net:443 "GET /Platform/Destiny2/Manifest/DestinyInventoryItemDefinition/2134769653/ HTTP/1.1" 200 2578
2025-05-07 14:32:47,071 - DEBUG - [connectionpool.py:1049] - Starting new HTTPS connection (1): www.bungie.net:443
2025-05-07 14:32:47,366 - DEBUG - [connectionpool.py:544] - https://www.bungie.net:443 "GET /Platform/Destiny2/Manifest/DestinyInventoryItemDefinition/810612804/ HTTP/1.1" 200 2584
2025-05-07 14:32:47,371 - DEBUG - [connectionpool.py:1049] - Starting new HTTPS connection (1): www.bungie.net:443
2025-05-07 14:32:48,045 - DEBUG - [connectionpool.py:544] - https://www.bungie.net:443 "GET /Platform/Destiny2/Manifest/DestinyInventoryItemDefinition/1183187516/ HTTP/1.1" 200 2582
2025-05-07 14:32:48,050 - DEBUG - [connectionpool.py:1049] - Starting new HTTPS connection (1): www.bungie.net:443
2025-05-07 14:32:48,316 - DEBUG - [connectionpool.py:544] - https://www.bungie.net:443 "GET /Platform/Destiny2/Manifest/DestinyInventoryItemDefinition/2741258862/ HTTP/1.1" 200 2583
2025-05-07 14:32:48,321 - DEBUG - [connectionpool.py:1049] - Starting new HTTPS connection (1): www.bungie.net:443
2025-05-07 14:32:49,116 - DEBUG - [connectionpool.py:544] - https://www.bungie.net:443 "GET /Platform/Destiny2/Manifest/DestinyInventoryItemDefinition/266021826/ HTTP/1.1" 200 2348
2025-05-07 14:32:49,120 - INFO - [equipment_page.py:367] - Affichage terminé - 3 armes, 5 pièces d'armure
2025-05-07 14:32:49,122 - INFO - [equipment_page.py:262] - === Chargement de l'équipement pour le personnage 2305843010596444327 ===
2025-05-07 14:32:49,124 - DEBUG - [connectionpool.py:1049] - Starting new HTTPS connection (1): www.bungie.net:443
2025-05-07 14:32:49,208 - DEBUG - [connectionpool.py:544] - https://www.bungie.net:443 "GET /Platform/Destiny2/3/Profile/4611686018536948250/Character/2305843010596444327/?components=205%2C300%2C302 HTTP/1.1" 200 3058
2025-05-07 14:32:49,210 - INFO - [equipment_page.py:320] - === Affichage de l'équipement ===
2025-05-07 14:32:49,213 - DEBUG - [connectionpool.py:1049] - Starting new HTTPS connection (1): www.bungie.net:443
2025-05-07 14:32:49,298 - DEBUG - [connectionpool.py:544] - https://www.bungie.net:443 "GET /Platform/Destiny2/Manifest/DestinyInventoryItemDefinition/2763843898/ HTTP/1.1" 200 3859
2025-05-07 14:32:49,302 - DEBUG - [connectionpool.py:1049] - Starting new HTTPS connection (1): www.bungie.net:443
2025-05-07 14:32:49,390 - DEBUG - [connectionpool.py:544] - https://www.bungie.net:443 "GET /Platform/Destiny2/Manifest/DestinyInventoryItemDefinition/814876685/ HTTP/1.1" 200 2386
2025-05-07 14:32:49,394 - DEBUG - [connectionpool.py:1049] - Starting new HTTPS connection (1): www.bungie.net:443
2025-05-07 14:32:49,557 - DEBUG - [connectionpool.py:544] - https://www.bungie.net:443 "GET /Platform/Destiny2/Manifest/DestinyInventoryItemDefinition/1896309757/ HTTP/1.1" 200 3821
2025-05-07 14:32:49,569 - DEBUG - [connectionpool.py:1049] - Starting new HTTPS connection (1): www.bungie.net:443
2025-05-07 14:32:49,694 - DEBUG - [connectionpool.py:544] - https://www.bungie.net:443 "GET /Platform/Destiny2/Manifest/DestinyInventoryItemDefinition/2134769653/ HTTP/1.1" 200 2578
2025-05-07 14:32:49,698 - DEBUG - [connectionpool.py:1049] - Starting new HTTPS connection (1): www.bungie.net:443
2025-05-07 14:32:49,893 - DEBUG - [connectionpool.py:544] - https://www.bungie.net:443 "GET /Platform/Destiny2/Manifest/DestinyInventoryItemDefinition/810612804/ HTTP/1.1" 200 2584
2025-05-07 14:32:49,896 - DEBUG - [connectionpool.py:1049] - Starting new HTTPS connection (1): www.bungie.net:443
2025-05-07 14:32:50,068 - DEBUG - [connectionpool.py:544] - https://www.bungie.net:443 "GET /Platform/Destiny2/Manifest/DestinyInventoryItemDefinition/1183187516/ HTTP/1.1" 200 2582
2025-05-07 14:32:50,072 - DEBUG - [connectionpool.py:1049] - Starting new HTTPS connection (1): www.bungie.net:443
2025-05-07 14:32:50,289 - DEBUG - [connectionpool.py:544] - https://www.bungie.net:443 "GET /Platform/Destiny2/Manifest/DestinyInventoryItemDefinition/2741258862/ HTTP/1.1" 200 2583
2025-05-07 14:32:50,292 - DEBUG - [connectionpool.py:1049] - Starting new HTTPS connection (1): www.bungie.net:443
2025-05-07 14:32:50,433 - DEBUG - [connectionpool.py:544] - https://www.bungie.net:443 "GET /Platform/Destiny2/Manifest/DestinyInventoryItemDefinition/266021826/ HTTP/1.1" 200 2348
2025-05-07 14:32:50,435 - INFO - [equipment_page.py:367] - Affichage terminé - 3 armes, 5 pièces d'armure
2025-05-07 14:32:50,438 - DEBUG - [main_window.py:116] - ✓ Page équipement créée
2025-05-07 14:32:50,440 - DEBUG - [main_window.py:119] - ✓ Page missions créée
2025-05-07 14:32:50,443 - INFO - [main_window.py:131] - ✅ Pages ajoutées avec succès
2025-05-07 14:32:50,443 - INFO - [main_window.py:138] - Configuration de la barre de statut
2025-05-07 14:32:50,444 - INFO - [main_window.py:151] - ✅ Barre de statut configurée
2025-05-07 14:32:50,445 - INFO - [main_window.py:157] - Application des styles
2025-05-07 14:32:50,455 - INFO - [main_window.py:162] - ✅ Styles appliqués
2025-05-07 14:32:50,456 - INFO - [main_window.py:27] - ✅ Interface principale initialisée avec succès
2025-05-07 14:32:53,248 - INFO - [main_window.py:168] - Changement de page vers l'index 3
2025-05-07 14:32:53,262 - DEBUG - [main_window.py:180] - ✓ Page changée avec succès vers 3
2025-05-07 14:32:53,262 - INFO - [meta_page.py:28] - === Début du scraping des armes meta ===
2025-05-07 14:32:53,263 - INFO - [meta_page.py:41] - === Début de l'extraction avec authentification manuelle ===
2025-05-07 14:32:53,266 - DEBUG - [selenium_manager.py:101] - Selenium Manager binary found at: C:\Users\perio\AppData\Local\Programs\Python\Python311\Lib\site-packages\selenium\webdriver\common\windows\selenium-manager.exe
2025-05-07 14:32:53,267 - DEBUG - [selenium_manager.py:114] - Executing process: C:\Users\perio\AppData\Local\Programs\Python\Python311\Lib\site-packages\selenium\webdriver\common\windows\selenium-manager.exe --browser chrome --debug --language-binding python --output json
2025-05-07 14:32:53,617 - DEBUG - [selenium_manager.py:140] - chromedriver not found in PATH
2025-05-07 14:32:53,617 - DEBUG - [selenium_manager.py:140] - chrome detected at C:\Program Files\Google\Chrome\Application\chrome.exe
2025-05-07 14:32:53,617 - DEBUG - [selenium_manager.py:140] - Running command: wmic datafile where name='C:\\Program Files\\Google\\Chrome\\Application\\chrome.exe' get Version /value
2025-05-07 14:32:53,618 - DEBUG - [selenium_manager.py:140] - Output: "\r\r\n\r\r\nVersion=136.0.7103.93\r\r\n\r\r\n\r\r\n\r"
2025-05-07 14:32:53,618 - DEBUG - [selenium_manager.py:140] - Detected browser: chrome 136.0.7103.93
2025-05-07 14:32:53,618 - DEBUG - [selenium_manager.py:140] - Required driver: chromedriver 136.0.7103.92
2025-05-07 14:32:53,618 - DEBUG - [selenium_manager.py:140] - chromedriver 136.0.7103.92 already in the cache
2025-05-07 14:32:53,619 - DEBUG - [selenium_manager.py:140] - Driver path: C:\Users\perio\.cache\selenium\chromedriver\win64\136.0.7103.92\chromedriver.exe
2025-05-07 14:32:53,619 - DEBUG - [selenium_manager.py:140] - Browser path: C:\Program Files\Google\Chrome\Application\chrome.exe
2025-05-07 14:32:53,627 - DEBUG - [service.py:231] - Started executable: `C:\Users\perio\.cache\selenium\chromedriver\win64\136.0.7103.92\chromedriver.exe` in a child process with pid: 29040 using 0 to output -3
2025-05-07 14:32:54,138 - DEBUG - [remote_connection.py:403] - POST http://localhost:65044/session {'capabilities': {'firstMatch': [{}], 'alwaysMatch': {'browserName': 'chrome', 'pageLoadStrategy': <PageLoadStrategy.normal: 'normal'>, 'browserVersion': None, 'goog:chromeOptions': {'excludeSwitches': ['enable-automation'], 'useAutomationExtension': False, 'extensions': [], 'binary': 'C:\\Program Files\\Google\\Chrome\\Application\\chrome.exe', 'args': ['--start-maximized', '--disable-blink-features=AutomationControlled']}}}}
2025-05-07 14:32:54,139 - DEBUG - [connectionpool.py:241] - Starting new HTTP connection (1): localhost:65044
2025-05-07 14:32:54,859 - DEBUG - [connectionpool.py:544] - http://localhost:65044 "POST /session HTTP/1.1" 200 0
2025-05-07 14:32:54,859 - DEBUG - [remote_connection.py:436] - Remote response: status=200 | data={"value":{"capabilities":{"acceptInsecureCerts":false,"browserName":"chrome","browserVersion":"136.0.7103.93","chrome":{"chromedriverVersion":"136.0.7103.92 (cb81a4cc5087a8303a6c8827ee2b80b71d26e334-refs/branch-heads/7103@{#1840})","userDataDir":"C:\\Users\\perio\\AppData\\Local\\Temp\\scoped_dir29040_1380925659"},"fedcm:accounts":true,"goog:chromeOptions":{"debuggerAddress":"localhost:65048"},"networkConnectionEnabled":false,"pageLoadStrategy":"normal","platformName":"windows","proxy":{},"setWindowRect":true,"strictFileInteractability":false,"timeouts":{"implicit":0,"pageLoad":300000,"script":30000},"unhandledPromptBehavior":"dismiss and notify","webauthn:extension:credBlob":true,"webauthn:extension:largeBlob":true,"webauthn:extension:minPinLength":true,"webauthn:extension:prf":true,"webauthn:virtualAuthenticators":true},"sessionId":"418dc5f30eee7c0543e3d654be8f1cd4"}} | headers=HTTPHeaderDict({'Content-Length': '882', 'Content-Type': 'application/json; charset=utf-8', 'cache-control': 'no-cache'})
2025-05-07 14:32:54,860 - DEBUG - [remote_connection.py:465] - Finished Request
2025-05-07 14:32:54,861 - DEBUG - [remote_connection.py:403] - POST http://localhost:65044/session/418dc5f30eee7c0543e3d654be8f1cd4/url {'url': 'https://www.light.gg'}
2025-05-07 14:32:58,228 - DEBUG - [connectionpool.py:544] - http://localhost:65044 "POST /session/418dc5f30eee7c0543e3d654be8f1cd4/url HTTP/1.1" 200 0
2025-05-07 14:32:58,228 - DEBUG - [remote_connection.py:436] - Remote response: status=200 | data={"value":null} | headers=HTTPHeaderDict({'Content-Length': '14', 'Content-Type': 'application/json; charset=utf-8', 'cache-control': 'no-cache'})
2025-05-07 14:32:58,229 - DEBUG - [remote_connection.py:465] - Finished Request
2025-05-07 14:32:58,229 - DEBUG - [remote_connection.py:403] - GET http://localhost:65044/session/418dc5f30eee7c0543e3d654be8f1cd4/url {}
2025-05-07 14:32:58,236 - DEBUG - [connectionpool.py:544] - http://localhost:65044 "GET /session/418dc5f30eee7c0543e3d654be8f1cd4/url HTTP/1.1" 200 0
2025-05-07 14:32:58,236 - DEBUG - [remote_connection.py:436] - Remote response: status=200 | data={"value":"https://www.light.gg/"} | headers=HTTPHeaderDict({'Content-Length': '33', 'Content-Type': 'application/json; charset=utf-8', 'cache-control': 'no-cache'})
2025-05-07 14:32:58,237 - DEBUG - [remote_connection.py:465] - Finished Request
2025-05-07 14:33:01,795 - INFO - [main_window.py:168] - Changement de page vers l'index 2
2025-05-07 14:33:01,796 - DEBUG - [main_window.py:180] - ✓ Page changée avec succès vers 2
2025-05-07 14:33:02,463 - INFO - [main_window.py:168] - Changement de page vers l'index 1
2025-05-07 14:33:02,466 - DEBUG - [main_window.py:180] - ✓ Page changée avec succès vers 1
2025-05-07 14:33:03,238 - DEBUG - [remote_connection.py:403] - POST http://localhost:65044/session/418dc5f30eee7c0543e3d654be8f1cd4/url {'url': 'https://www.light.gg/god-roll/'}
2025-05-07 14:33:03,241 - DEBUG - [connectionpool.py:544] - http://localhost:65044 "POST /session/418dc5f30eee7c0543e3d654be8f1cd4/url HTTP/1.1" 404 0
2025-05-07 14:33:03,242 - DEBUG - [remote_connection.py:436] - Remote response: status=404 | data={"value":{"error":"invalid session id","message":"invalid session id: session deleted as the browser has closed the connection\nfrom disconnected: not connected to DevTools\n  (Session info: chrome=136.0.7103.93)","stacktrace":"\tGetHandleVerifier [0x00007FF7A05ACF25+75717]\n\tGetHandleVerifier [0x00007FF7A05ACF80+75808]\n\t(No symbol) [0x00007FF7A0378F9A]\n\t(No symbol) [0x00007FF7A0364E35]\n\t(No symbol) [0x00007FF7A0389DB4]\n\t(No symbol) [0x00007FF7A03FEE75]\n\t(No symbol) [0x00007FF7A041ECC2]\n\t(No symbol) [0x00007FF7A03F7153]\n\t(No symbol) [0x00007FF7A03C0421]\n\t(No symbol) [0x00007FF7A03C11B3]\n\tGetHandleVerifier [0x00007FF7A08AD6FD+3223453]\n\tGetHandleVerifier [0x00007FF7A08A7CA2+3200322]\n\tGetHandleVerifier [0x00007FF7A08C5AD3+3322739]\n\tGetHandleVerifier [0x00007FF7A05C69FA+180890]\n\tGetHandleVerifier [0x00007FF7A05CE0FF+211359]\n\tGetHandleVerifier [0x00007FF7A05B5274+109332]\n\tGetHandleVerifier [0x00007FF7A05B5422+109762]\n\tGetHandleVerifier [0x00007FF7A059BA39+4825]\n\tBaseThreadInitThunk [0x00007FFE30E7E8D7+23]\n\tRtlUserThreadStart [0x00007FFE32D914FC+44]\n"}} | headers=HTTPHeaderDict({'Content-Length': '1101', 'Content-Type': 'application/json; charset=utf-8', 'cache-control': 'no-cache'})
2025-05-07 14:33:03,242 - DEBUG - [remote_connection.py:465] - Finished Request
2025-05-07 14:33:03,243 - DEBUG - [remote_connection.py:403] - DELETE http://localhost:65044/session/418dc5f30eee7c0543e3d654be8f1cd4 {}
2025-05-07 14:33:03,388 - DEBUG - [connectionpool.py:544] - http://localhost:65044 "DELETE /session/418dc5f30eee7c0543e3d654be8f1cd4 HTTP/1.1" 200 0
2025-05-07 14:33:03,389 - DEBUG - [remote_connection.py:436] - Remote response: status=200 | data={"value":null} | headers=HTTPHeaderDict({'Content-Length': '14', 'Content-Type': 'application/json; charset=utf-8', 'cache-control': 'no-cache'})
2025-05-07 14:33:03,389 - DEBUG - [remote_connection.py:465] - Finished Request
2025-05-07 14:33:04,247 - INFO - [equipment_page.py:401] - Changement de personnage vers ID: 2305843010617604833
2025-05-07 14:33:04,251 - DEBUG - [connectionpool.py:1049] - Starting new HTTPS connection (1): www.bungie.net:443
2025-05-07 14:33:04,352 - DEBUG - [connectionpool.py:544] - https://www.bungie.net:443 "GET /Platform/Destiny2/3/Profile/4611686018536948250/?components=200 HTTP/1.1" 200 994
2025-05-07 14:33:04,354 - INFO - [equipment_page.py:431] - Lumière mise à jour pour le nouveau personnage: 2017
2025-05-07 14:33:04,359 - INFO - [equipment_page.py:262] - === Chargement de l'équipement pour le personnage 2305843010617604833 ===
2025-05-07 14:33:04,362 - DEBUG - [connectionpool.py:1049] - Starting new HTTPS connection (1): www.bungie.net:443
2025-05-07 14:33:05,410 - ERROR - [meta_page.py:102] - Erreur critique: Message: invalid session id: session deleted as the browser has closed the connection
from disconnected: not connected to DevTools
  (Session info: chrome=136.0.7103.93)
Stacktrace:
	GetHandleVerifier [0x00007FF7A05ACF25+75717]
	GetHandleVerifier [0x00007FF7A05ACF80+75808]
	(No symbol) [0x00007FF7A0378F9A]
	(No symbol) [0x00007FF7A0364E35]
	(No symbol) [0x00007FF7A0389DB4]
	(No symbol) [0x00007FF7A03FEE75]
	(No symbol) [0x00007FF7A041ECC2]
	(No symbol) [0x00007FF7A03F7153]
	(No symbol) [0x00007FF7A03C0421]
	(No symbol) [0x00007FF7A03C11B3]
	GetHandleVerifier [0x00007FF7A08AD6FD+3223453]
	GetHandleVerifier [0x00007FF7A08A7CA2+3200322]
	GetHandleVerifier [0x00007FF7A08C5AD3+3322739]
	GetHandleVerifier [0x00007FF7A05C69FA+180890]
	GetHandleVerifier [0x00007FF7A05CE0FF+211359]
	GetHandleVerifier [0x00007FF7A05B5274+109332]
	GetHandleVerifier [0x00007FF7A05B5422+109762]
	GetHandleVerifier [0x00007FF7A059BA39+4825]
	BaseThreadInitThunk [0x00007FFE30E7E8D7+23]
	RtlUserThreadStart [0x00007FFE32D914FC+44]

2025-05-07 14:33:05,411 - ERROR - [meta_page.py:36] - Erreur critique: Aucune arme n'a pu être récupérée
2025-05-07 14:33:07,454 - DEBUG - [connectionpool.py:544] - https://www.bungie.net:443 "GET /Platform/Destiny2/3/Profile/4611686018536948250/Character/2305843010617604833/?components=205%2C300%2C302 HTTP/1.1" 200 3157
2025-05-07 14:33:09,155 - INFO - [equipment_page.py:320] - === Affichage de l'équipement ===
2025-05-07 14:33:09,157 - DEBUG - [connectionpool.py:1049] - Starting new HTTPS connection (1): www.bungie.net:443
2025-05-07 14:33:09,471 - DEBUG - [connectionpool.py:544] - https://www.bungie.net:443 "GET /Platform/Destiny2/Manifest/DestinyInventoryItemDefinition/3947966653/ HTTP/1.1" 200 3777
2025-05-07 14:33:09,477 - DEBUG - [connectionpool.py:1049] - Starting new HTTPS connection (1): www.bungie.net:443
2025-05-07 14:33:09,732 - DEBUG - [connectionpool.py:544] - https://www.bungie.net:443 "GET /Platform/Destiny2/Manifest/DestinyInventoryItemDefinition/431721920/ HTTP/1.1" 200 3791
2025-05-07 14:33:09,737 - DEBUG - [connectionpool.py:1049] - Starting new HTTPS connection (1): www.bungie.net:443
2025-05-07 14:33:10,113 - DEBUG - [connectionpool.py:544] - https://www.bungie.net:443 "GET /Platform/Destiny2/Manifest/DestinyInventoryItemDefinition/1762785662/ HTTP/1.1" 200 3767
2025-05-07 14:33:10,119 - DEBUG - [connectionpool.py:1049] - Starting new HTTPS connection (1): www.bungie.net:443
2025-05-07 14:33:10,353 - DEBUG - [connectionpool.py:544] - https://www.bungie.net:443 "GET /Platform/Destiny2/Manifest/DestinyInventoryItemDefinition/3001229473/ HTTP/1.1" 200 2584
2025-05-07 14:33:10,357 - DEBUG - [connectionpool.py:1049] - Starting new HTTPS connection (1): www.bungie.net:443
2025-05-07 14:33:11,070 - DEBUG - [connectionpool.py:544] - https://www.bungie.net:443 "GET /Platform/Destiny2/Manifest/DestinyInventoryItemDefinition/3797572280/ HTTP/1.1" 200 2591
2025-05-07 14:33:11,075 - DEBUG - [connectionpool.py:1049] - Starting new HTTPS connection (1): www.bungie.net:443
2025-05-07 14:33:11,325 - DEBUG - [connectionpool.py:544] - https://www.bungie.net:443 "GET /Platform/Destiny2/Manifest/DestinyInventoryItemDefinition/1958630864/ HTTP/1.1" 200 2591
2025-05-07 14:33:11,330 - DEBUG - [connectionpool.py:1049] - Starting new HTTPS connection (1): www.bungie.net:443
2025-05-07 14:33:11,578 - DEBUG - [connectionpool.py:544] - https://www.bungie.net:443 "GET /Platform/Destiny2/Manifest/DestinyInventoryItemDefinition/129332559/ HTTP/1.1" 200 2690
2025-05-07 14:33:11,583 - DEBUG - [connectionpool.py:1049] - Starting new HTTPS connection (1): www.bungie.net:443
2025-05-07 14:33:12,292 - DEBUG - [connectionpool.py:544] - https://www.bungie.net:443 "GET /Platform/Destiny2/Manifest/DestinyInventoryItemDefinition/2809120022/ HTTP/1.1" 200 2377
2025-05-07 14:33:12,295 - INFO - [equipment_page.py:367] - Affichage terminé - 3 armes, 5 pièces d'armure
