2025-04-17 09:54:50,784 - INFO - [logger.py:31] - === Démarrage de Destiny Hub ===
2025-04-17 09:54:50,785 - INFO - [logger.py:32] - Version Python: 3.11.6 (tags/v3.11.6:8b6ee5b, Oct  2 2023, 14:57:12) [MSC v.1935 64 bit (AMD64)]
2025-04-17 09:54:50,785 - INFO - [logger.py:33] - Système d'exploitation: win32
2025-04-17 09:54:50,785 - INFO - [logger.py:34] - Fichier de log créé: logs/destiny_hub_20250417_095450.log
2025-04-17 09:54:50,785 - INFO - [logger.py:55] - === Informations Système ===
2025-04-17 09:54:50,786 - INFO - [logger.py:56] - OS: Windows 10
2025-04-17 09:54:50,804 - INFO - [logger.py:57] - Architecture: AMD64
2025-04-17 09:54:50,804 - INFO - [logger.py:58] - Processeur: AMD64 Family 25 Model 68 Stepping 1, AuthenticAMD
2025-04-17 09:54:50,816 - INFO - [logger.py:62] - Mémoire totale: 31.25 GB
2025-04-17 09:54:50,817 - INFO - [logger.py:63] - Mémoire disponible: 13.27 GB
2025-04-17 09:54:50,817 - INFO - [logger.py:64] - Utilisation mémoire: 57.5%
2025-04-17 09:54:50,818 - INFO - [logger.py:68] - Espace disque total: 952.48 GB
2025-04-17 09:54:50,818 - INFO - [logger.py:69] - Espace disque libre: 218.56 GB
2025-04-17 09:54:50,818 - INFO - [logger.py:70] - Utilisation disque: 77.1%
2025-04-17 09:54:50,818 - INFO - [logger.py:77] - === Vérification de l'environnement ===
2025-04-17 09:54:50,820 - INFO - [logger.py:93] - ✓ BUNGIE_API_KEY trouvée
2025-04-17 09:54:50,820 - DEBUG - [logger.py:94] - Longueur de BUNGIE_API_KEY: 32
2025-04-17 09:54:50,820 - ERROR - [logger.py:96] - ✗ CLIENT_ID non trouvée dans .env
2025-04-17 09:54:50,820 - ERROR - [logger.py:96] - ✗ CLIENT_SECRET non trouvée dans .env
2025-04-17 09:54:50,820 - INFO - [logger.py:105] - === Vérification des dépendances ===
2025-04-17 09:54:50,820 - INFO - [logger.py:119] - ✓ PyQt6 version: Version inconnue
2025-04-17 09:54:50,821 - INFO - [logger.py:119] - ✓ requests version: 2.32.3
2025-04-17 09:54:50,821 - INFO - [logger.py:119] - ✓ python-dotenv version: Version inconnue
2025-04-17 09:54:50,821 - INFO - [logger.py:119] - ✓ psutil version: 5.9.5
2025-04-17 09:54:50,821 - INFO - [logger.py:119] - ✓ beautifulsoup4 version: 4.13.4
2025-04-17 09:54:50,821 - INFO - [logger.py:126] - === Vérification des fichiers ===
2025-04-17 09:54:50,824 - INFO - [logger.py:148] - ✓ .env trouvé (Configuration)
2025-04-17 09:54:50,824 - INFO - [logger.py:148] - ✓ main.py trouvé (Point d'entrée)
2025-04-17 09:54:50,825 - INFO - [logger.py:148] - ✓ requirements.txt trouvé (Dépendances)
2025-04-17 09:54:50,825 - DEBUG - [logger.py:173] - === Contenu de requirements.txt ===
2025-04-17 09:54:50,825 - DEBUG - [logger.py:177] - - requests==2.31.0
2025-04-17 09:54:50,825 - DEBUG - [logger.py:177] - - customtkinter==5.2.1
2025-04-17 09:54:50,826 - DEBUG - [logger.py:177] - - pillow==10.2.0
2025-04-17 09:54:50,826 - DEBUG - [logger.py:177] - - python-dotenv==1.0.0
2025-04-17 09:54:50,826 - INFO - [logger.py:158] - ✓ Dossier ui trouvé (Interface utilisateur) - 4 fichiers
2025-04-17 09:54:50,826 - DEBUG - [logger.py:159] - Contenu de ui: main_window.py, pages, styles.py, __pycache__
2025-04-17 09:54:50,827 - INFO - [logger.py:158] - ✓ Dossier ui/pages trouvé (Pages de l'interface) - 5 fichiers
2025-04-17 09:54:50,827 - DEBUG - [logger.py:159] - Contenu de ui/pages: account_page.py, equipment_page.py, meta_page.py, missions_page.py, __pycache__
2025-04-17 09:54:50,827 - INFO - [logger.py:158] - ✓ Dossier api trouvé (API Bungie) - 3 fichiers
2025-04-17 09:54:50,827 - DEBUG - [logger.py:159] - Contenu de api: bungie_client.py, oauth_handler.py, __pycache__
2025-04-17 09:54:50,827 - INFO - [logger.py:158] - ✓ Dossier utils trouvé (Utilitaires) - 3 fichiers
2025-04-17 09:54:50,829 - DEBUG - [logger.py:159] - Contenu de utils: config.py, logger.py, __pycache__
2025-04-17 09:54:50,829 - INFO - [logger.py:158] - ✓ Dossier data trouvé (Données) - 4 fichiers
2025-04-17 09:54:50,829 - DEBUG - [logger.py:159] - Contenu de data: account.json, full_account.json, icons, profile_data.json
2025-04-17 09:54:50,830 - INFO - [logger.py:158] - ✓ Dossier icons trouvé (Icônes) - 64 fichiers
2025-04-17 09:54:50,830 - DEBUG - [logger.py:159] - Contenu de icons: 1003860281.png, 1183187516.png, 1197771438.png, 129332559.png, 1320342774.png, 1457394908.png, 1484009400.png, 1522633034.png, 152583919.png, 1533314821.png, 1616346845.png, 1907110519.png, 1911060537.png, 1958630864.png, 2012043039.png, 2134769653.png, 2151724216.png, 2185244404.png, 2190967049.png, 2198166292.png, 2286507447.png, 241462142.png, 2441435355.png, 2550323932.png, 2591586261.png, 2629014079.png, 266021826.png, 2738060683.png, 2741258862.png, 2742930797.png, 2783831726.png, 2809120022.png, 2827764482.png, 287888126.png, 2907129557.png, 2949538030.png, 2962546549.png, 3001229473.png, 3158812152.png, 3183180185.png, 3264721770.png, 331602521.png, 3434301337.png, 3569802112.png, 3628991658.png, 3733702440.png, 3797572280.png, 3828080585.png, 3844610113.png, 3906357376.png, 3947966653.png, 4026763349.png, 4062934448.png, 4146702548.png, 4282591831.png, 4293588774.png, 537041732.png, 557165046.png, 568611923.png, 643145875.png, 788073488.png, 810612804.png, 952431286.png, 991314988.png
2025-04-17 09:54:50,830 - INFO - [logger.py:158] - ✓ Dossier logs trouvé (Fichiers de log) - 13 fichiers
2025-04-17 09:54:50,830 - DEBUG - [logger.py:159] - Contenu de logs: destiny_hub_20250417_090308.log, destiny_hub_20250417_090501.log, destiny_hub_20250417_091449.log, destiny_hub_20250417_091744.log, destiny_hub_20250417_092047.log, destiny_hub_20250417_092453.log, destiny_hub_20250417_093036.log, destiny_hub_20250417_093355.log, destiny_hub_20250417_093518.log, destiny_hub_20250417_093701.log, destiny_hub_20250417_094459.log, destiny_hub_20250417_094915.log, destiny_hub_20250417_095450.log
2025-04-17 09:54:50,831 - INFO - [logger.py:158] - ✓ Dossier cache trouvé (Cache des images) - 0 fichiers
2025-04-17 09:54:50,831 - DEBUG - [logger.py:159] - Contenu de cache: 
2025-04-17 09:54:50,868 - INFO - [main_window.py:17] - === Initialisation de la fenêtre principale ===
2025-04-17 09:54:50,870 - INFO - [main_window.py:32] - Configuration de l'interface utilisateur
2025-04-17 09:54:50,877 - DEBUG - [main_window.py:112] - Création des pages...
2025-04-17 09:54:50,886 - DEBUG - [main_window.py:114] - ✓ Page compte créée
2025-04-17 09:54:50,912 - INFO - [equipment_page.py:164] - === Chargement des personnages ===
2025-04-17 09:54:50,917 - DEBUG - [connectionpool.py:1049] - Starting new HTTPS connection (1): www.bungie.net:443
2025-04-17 09:54:51,753 - DEBUG - [connectionpool.py:544] - https://www.bungie.net:443 "GET /Platform/Destiny2/3/Profile/4611686018536948250/?components=200%2C205 HTTP/1.1" 200 2477
2025-04-17 09:54:51,760 - INFO - [equipment_page.py:332] - Changement de personnage vers ID: 2305843010596444327
2025-04-17 09:54:51,762 - DEBUG - [connectionpool.py:1049] - Starting new HTTPS connection (1): www.bungie.net:443
2025-04-17 09:54:54,319 - DEBUG - [connectionpool.py:544] - https://www.bungie.net:443 "GET /Platform/Destiny2/3/Profile/4611686018536948250/?components=200 HTTP/1.1" 200 992
2025-04-17 09:54:54,321 - INFO - [equipment_page.py:361] - Lumière mise à jour pour le nouveau personnage: 2019
2025-04-17 09:54:54,321 - INFO - [equipment_page.py:219] - === Chargement de l'équipement pour le personnage 2305843010596444327 ===
2025-04-17 09:54:54,323 - DEBUG - [connectionpool.py:1049] - Starting new HTTPS connection (1): www.bungie.net:443
2025-04-17 09:54:55,163 - DEBUG - [connectionpool.py:544] - https://www.bungie.net:443 "GET /Platform/Destiny2/3/Profile/4611686018536948250/Character/2305843010596444327/?components=205%2C300%2C302 HTTP/1.1" 200 3083
2025-04-17 09:54:55,189 - INFO - [equipment_page.py:273] - === Affichage de l'équipement ===
2025-04-17 09:54:55,214 - INFO - [equipment_page.py:323] - Affichage terminé - 3 armes, 5 pièces d'armure
2025-04-17 09:54:55,215 - INFO - [equipment_page.py:219] - === Chargement de l'équipement pour le personnage 2305843010596444327 ===
2025-04-17 09:54:55,218 - DEBUG - [connectionpool.py:1049] - Starting new HTTPS connection (1): www.bungie.net:443
2025-04-17 09:54:55,353 - DEBUG - [connectionpool.py:544] - https://www.bungie.net:443 "GET /Platform/Destiny2/3/Profile/4611686018536948250/Character/2305843010596444327/?components=205%2C300%2C302 HTTP/1.1" 200 3083
2025-04-17 09:54:55,355 - INFO - [equipment_page.py:273] - === Affichage de l'équipement ===
2025-04-17 09:54:55,357 - INFO - [equipment_page.py:323] - Affichage terminé - 3 armes, 5 pièces d'armure
2025-04-17 09:54:55,358 - DEBUG - [main_window.py:117] - ✓ Page équipement créée
2025-04-17 09:54:55,360 - DEBUG - [main_window.py:120] - ✓ Page missions créée
2025-04-17 09:54:55,364 - DEBUG - [main_window.py:123] - ✓ Page meta créée
2025-04-17 09:54:55,366 - INFO - [meta_page.py:28] - === Début du scraping des armes meta ===
2025-04-17 09:54:55,367 - INFO - [main_window.py:141] - ✅ Pages ajoutées avec succès
2025-04-17 09:54:55,367 - INFO - [meta_page.py:41] - === Début de la récupération des stats avec méthodes avancées ===
2025-04-17 09:54:55,367 - INFO - [main_window.py:148] - Configuration de la barre de statut
2025-04-17 09:54:55,369 - INFO - [main_window.py:161] - ✅ Barre de statut configurée
2025-04-17 09:54:55,369 - INFO - [main_window.py:167] - Application des styles
2025-04-17 09:54:55,377 - INFO - [main_window.py:172] - ✅ Styles appliqués
2025-04-17 09:54:55,377 - INFO - [main_window.py:26] - ✅ Interface principale initialisée avec succès
2025-04-17 09:54:55,448 - DEBUG - [selenium_manager.py:101] - Selenium Manager binary found at: C:\Users\perio\AppData\Local\Programs\Python\Python311\Lib\site-packages\selenium\webdriver\common\windows\selenium-manager.exe
2025-04-17 09:54:55,448 - DEBUG - [selenium_manager.py:114] - Executing process: C:\Users\perio\AppData\Local\Programs\Python\Python311\Lib\site-packages\selenium\webdriver\common\windows\selenium-manager.exe --browser chrome --debug --language-binding python --output json
2025-04-17 09:54:56,333 - DEBUG - [selenium_manager.py:140] - Sending stats to Plausible: Props { browser: "chrome", browser_version: "", os: "windows", arch: "amd64", lang: "python", selenium_version: "4.31" }
2025-04-17 09:54:56,334 - DEBUG - [selenium_manager.py:140] - chromedriver not found in PATH
2025-04-17 09:54:56,334 - DEBUG - [selenium_manager.py:140] - chrome detected at C:\Program Files\Google\Chrome\Application\chrome.exe
2025-04-17 09:54:56,334 - DEBUG - [selenium_manager.py:140] - Running command: wmic datafile where name='C:\\Program Files\\Google\\Chrome\\Application\\chrome.exe' get Version /value
2025-04-17 09:54:56,335 - DEBUG - [selenium_manager.py:140] - Output: "\r\r\n\r\r\nVersion=135.0.7049.85\r\r\n\r\r\n\r\r\n\r"
2025-04-17 09:54:56,335 - DEBUG - [selenium_manager.py:140] - Detected browser: chrome 135.0.7049.85
2025-04-17 09:54:56,335 - DEBUG - [selenium_manager.py:140] - Discovering versions from https://googlechromelabs.github.io/chrome-for-testing/known-good-versions-with-downloads.json
2025-04-17 09:54:56,336 - DEBUG - [selenium_manager.py:140] - Required driver: chromedriver 135.0.7049.95
2025-04-17 09:54:56,336 - DEBUG - [selenium_manager.py:140] - chromedriver 135.0.7049.95 already in the cache
2025-04-17 09:54:56,337 - DEBUG - [selenium_manager.py:140] - Driver path: C:\Users\perio\.cache\selenium\chromedriver\win64\135.0.7049.95\chromedriver.exe
2025-04-17 09:54:56,337 - DEBUG - [selenium_manager.py:140] - Browser path: C:\Program Files\Google\Chrome\Application\chrome.exe
2025-04-17 09:54:56,352 - DEBUG - [service.py:231] - Started executable: `C:\Users\perio\.cache\selenium\chromedriver\win64\135.0.7049.95\chromedriver.exe` in a child process with pid: 34532 using 0 to output -3
2025-04-17 09:54:56,858 - DEBUG - [remote_connection.py:403] - POST http://localhost:49683/session {'capabilities': {'firstMatch': [{}], 'alwaysMatch': {'browserName': 'chrome', 'pageLoadStrategy': <PageLoadStrategy.normal: 'normal'>, 'browserVersion': None, 'goog:chromeOptions': {'excludeSwitches': ['enable-automation'], 'useAutomationExtension': False, 'extensions': [], 'binary': 'C:\\Program Files\\Google\\Chrome\\Application\\chrome.exe', 'args': ['--headless=new', '--no-sandbox', '--disable-dev-shm-usage', '--disable-blink-features=AutomationControlled', '--disable-web-security', '--allow-running-insecure-content', 'user-agent=Mozilla/5.0 (Windows NT 10.0; Win64; x64) AppleWebKit/537.36 (KHTML, like Gecko) Chrome/122.0.0.0 Safari/537.36']}}}}
2025-04-17 09:54:56,860 - DEBUG - [connectionpool.py:241] - Starting new HTTP connection (1): localhost:49683
2025-04-17 09:54:57,480 - DEBUG - [connectionpool.py:544] - http://localhost:49683 "POST /session HTTP/1.1" 200 0
2025-04-17 09:54:57,481 - DEBUG - [remote_connection.py:436] - Remote response: status=200 | data={"value":{"capabilities":{"acceptInsecureCerts":false,"browserName":"chrome","browserVersion":"135.0.7049.85","chrome":{"chromedriverVersion":"135.0.7049.95 (de2eb485a1951079e63bdb57ce25544d2dc79c15-refs/branch-heads/7049@{#1836})","userDataDir":"C:\\Users\\perio\\AppData\\Local\\Temp\\scoped_dir34532_715835380"},"fedcm:accounts":true,"goog:chromeOptions":{"debuggerAddress":"localhost:49690"},"networkConnectionEnabled":false,"pageLoadStrategy":"normal","platformName":"windows","proxy":{},"setWindowRect":true,"strictFileInteractability":false,"timeouts":{"implicit":0,"pageLoad":300000,"script":30000},"unhandledPromptBehavior":"dismiss and notify","webauthn:extension:credBlob":true,"webauthn:extension:largeBlob":true,"webauthn:extension:minPinLength":true,"webauthn:extension:prf":true,"webauthn:virtualAuthenticators":true},"sessionId":"f6fa88f24b804827554acb887cba3e1a"}} | headers=HTTPHeaderDict({'Content-Length': '881', 'Content-Type': 'application/json; charset=utf-8', 'cache-control': 'no-cache'})
2025-04-17 09:54:57,481 - DEBUG - [remote_connection.py:465] - Finished Request
2025-04-17 09:54:57,481 - DEBUG - [remote_connection.py:403] - POST http://localhost:49683/session/f6fa88f24b804827554acb887cba3e1a/goog/cdp/execute {'cmd': 'Network.setUserAgentOverride', 'params': {'userAgent': 'Mozilla/5.0 (Windows NT 10.0; Win64; x64) AppleWebKit/537.36 (KHTML, like Gecko) Edge/122.0.2365.92'}}
2025-04-17 09:54:57,485 - DEBUG - [connectionpool.py:544] - http://localhost:49683 "POST /session/f6fa88f24b804827554acb887cba3e1a/goog/cdp/execute HTTP/1.1" 200 0
2025-04-17 09:54:57,485 - DEBUG - [remote_connection.py:436] - Remote response: status=200 | data={"value":{}} | headers=HTTPHeaderDict({'Content-Length': '12', 'Content-Type': 'application/json; charset=utf-8', 'cache-control': 'no-cache'})
2025-04-17 09:54:57,485 - DEBUG - [remote_connection.py:465] - Finished Request
2025-04-17 09:54:57,486 - DEBUG - [remote_connection.py:403] - POST http://localhost:49683/session/f6fa88f24b804827554acb887cba3e1a/execute/sync {'script': "\n                        Object.defineProperty(navigator, 'webdriver', {\n                           ...", 'args': []}
2025-04-17 09:54:57,492 - DEBUG - [connectionpool.py:544] - http://localhost:49683 "POST /session/f6fa88f24b804827554acb887cba3e1a/execute/sync HTTP/1.1" 200 0
2025-04-17 09:54:57,493 - DEBUG - [remote_connection.py:436] - Remote response: status=200 | data={"value":null} | headers=HTTPHeaderDict({'Content-Length': '14', 'Content-Type': 'application/json; charset=utf-8', 'cache-control': 'no-cache'})
2025-04-17 09:54:57,493 - DEBUG - [remote_connection.py:465] - Finished Request
2025-04-17 09:54:57,493 - DEBUG - [remote_connection.py:403] - POST http://localhost:49683/session/f6fa88f24b804827554acb887cba3e1a/url {'url': 'https://www.light.gg'}
2025-04-17 09:55:00,924 - DEBUG - [connectionpool.py:544] - http://localhost:49683 "POST /session/f6fa88f24b804827554acb887cba3e1a/url HTTP/1.1" 200 0
2025-04-17 09:55:00,958 - DEBUG - [remote_connection.py:436] - Remote response: status=200 | data={"value":null} | headers=HTTPHeaderDict({'Content-Length': '14', 'Content-Type': 'application/json; charset=utf-8', 'cache-control': 'no-cache'})
2025-04-17 09:55:01,018 - DEBUG - [remote_connection.py:465] - Finished Request
2025-04-17 09:55:03,560 - INFO - [main_window.py:178] - Changement de page vers l'index 3
2025-04-17 09:55:03,561 - DEBUG - [main_window.py:187] - ✓ Page changée avec succès vers 3
2025-04-17 09:55:04,331 - DEBUG - [remote_connection.py:403] - POST http://localhost:49683/session/f6fa88f24b804827554acb887cba3e1a/execute/sync {'script': '\n                            (() => {\n                                let e = document.createElement...', 'args': []}
2025-04-17 09:55:05,734 - DEBUG - [connectionpool.py:544] - http://localhost:49683 "POST /session/f6fa88f24b804827554acb887cba3e1a/execute/sync HTTP/1.1" 200 0
2025-04-17 09:55:05,771 - DEBUG - [remote_connection.py:436] - Remote response: status=200 | data={"value":null} | headers=HTTPHeaderDict({'Content-Length': '14', 'Content-Type': 'application/json; charset=utf-8', 'cache-control': 'no-cache'})
2025-04-17 09:55:05,797 - DEBUG - [remote_connection.py:465] - Finished Request
2025-04-17 09:55:05,848 - DEBUG - [remote_connection.py:403] - POST http://localhost:49683/session/f6fa88f24b804827554acb887cba3e1a/url {'url': 'https://www.light.gg/god-roll/'}
2025-04-17 09:55:06,346 - DEBUG - [connectionpool.py:544] - http://localhost:49683 "POST /session/f6fa88f24b804827554acb887cba3e1a/url HTTP/1.1" 200 0
2025-04-17 09:55:06,426 - DEBUG - [remote_connection.py:436] - Remote response: status=200 | data={"value":null} | headers=HTTPHeaderDict({'Content-Length': '14', 'Content-Type': 'application/json; charset=utf-8', 'cache-control': 'no-cache'})
2025-04-17 09:55:06,462 - DEBUG - [remote_connection.py:465] - Finished Request
2025-04-17 09:55:09,951 - INFO - [meta_page.py:28] - === Début du scraping des armes meta ===
2025-04-17 09:55:09,951 - INFO - [meta_page.py:41] - === Début de la récupération des stats avec méthodes avancées ===
2025-04-17 09:55:09,952 - DEBUG - [selenium_manager.py:101] - Selenium Manager binary found at: C:\Users\perio\AppData\Local\Programs\Python\Python311\Lib\site-packages\selenium\webdriver\common\windows\selenium-manager.exe
2025-04-17 09:55:09,952 - DEBUG - [selenium_manager.py:114] - Executing process: C:\Users\perio\AppData\Local\Programs\Python\Python311\Lib\site-packages\selenium\webdriver\common\windows\selenium-manager.exe --browser chrome --debug --language-binding python --output json
2025-04-17 09:55:10,227 - DEBUG - [selenium_manager.py:140] - chromedriver not found in PATH
2025-04-17 09:55:10,227 - DEBUG - [selenium_manager.py:140] - chrome detected at C:\Program Files\Google\Chrome\Application\chrome.exe
2025-04-17 09:55:10,228 - DEBUG - [selenium_manager.py:140] - Running command: wmic datafile where name='C:\\Program Files\\Google\\Chrome\\Application\\chrome.exe' get Version /value
2025-04-17 09:55:10,228 - DEBUG - [selenium_manager.py:140] - Output: "\r\r\n\r\r\nVersion=135.0.7049.85\r\r\n\r\r\n\r\r\n\r"
2025-04-17 09:55:10,228 - DEBUG - [selenium_manager.py:140] - Detected browser: chrome 135.0.7049.85
2025-04-17 09:55:10,228 - DEBUG - [selenium_manager.py:140] - Required driver: chromedriver 135.0.7049.95
2025-04-17 09:55:10,228 - DEBUG - [selenium_manager.py:140] - chromedriver 135.0.7049.95 already in the cache
2025-04-17 09:55:10,229 - DEBUG - [selenium_manager.py:140] - Driver path: C:\Users\perio\.cache\selenium\chromedriver\win64\135.0.7049.95\chromedriver.exe
2025-04-17 09:55:10,229 - DEBUG - [selenium_manager.py:140] - Browser path: C:\Program Files\Google\Chrome\Application\chrome.exe
2025-04-17 09:55:10,236 - DEBUG - [service.py:231] - Started executable: `C:\Users\perio\.cache\selenium\chromedriver\win64\135.0.7049.95\chromedriver.exe` in a child process with pid: 6904 using 0 to output -3
2025-04-17 09:55:10,798 - DEBUG - [remote_connection.py:403] - POST http://localhost:49795/session {'capabilities': {'firstMatch': [{}], 'alwaysMatch': {'browserName': 'chrome', 'pageLoadStrategy': <PageLoadStrategy.normal: 'normal'>, 'browserVersion': None, 'goog:chromeOptions': {'excludeSwitches': ['enable-automation'], 'useAutomationExtension': False, 'extensions': [], 'binary': 'C:\\Program Files\\Google\\Chrome\\Application\\chrome.exe', 'args': ['--headless=new', '--no-sandbox', '--disable-dev-shm-usage', '--disable-blink-features=AutomationControlled', '--disable-web-security', '--allow-running-insecure-content', 'user-agent=Mozilla/5.0 (Windows NT 10.0; Win64; x64; rv:123.0) Gecko/20100101 Firefox/123.0']}}}}
2025-04-17 09:55:10,831 - DEBUG - [connectionpool.py:241] - Starting new HTTP connection (1): localhost:49795
2025-04-17 09:55:11,156 - DEBUG - [remote_connection.py:403] - POST http://localhost:49683/session/f6fa88f24b804827554acb887cba3e1a/execute/sync {'script': '\n                            return window.perkStats || window.__NEXT_DATA__ || \n                   ...', 'args': []}
2025-04-17 09:55:11,513 - DEBUG - [connectionpool.py:544] - http://localhost:49683 "POST /session/f6fa88f24b804827554acb887cba3e1a/execute/sync HTTP/1.1" 200 0
2025-04-17 09:55:11,548 - DEBUG - [remote_connection.py:436] - Remote response: status=200 | data={"value":null} | headers=HTTPHeaderDict({'Content-Length': '14', 'Content-Type': 'application/json; charset=utf-8', 'cache-control': 'no-cache'})
2025-04-17 09:55:11,611 - DEBUG - [connectionpool.py:544] - http://localhost:49795 "POST /session HTTP/1.1" 200 0
2025-04-17 09:55:11,611 - DEBUG - [remote_connection.py:465] - Finished Request
2025-04-17 09:55:11,652 - DEBUG - [remote_connection.py:436] - Remote response: status=200 | data={"value":{"capabilities":{"acceptInsecureCerts":false,"browserName":"chrome","browserVersion":"135.0.7049.85","chrome":{"chromedriverVersion":"135.0.7049.95 (de2eb485a1951079e63bdb57ce25544d2dc79c15-refs/branch-heads/7049@{#1836})","userDataDir":"C:\\Users\\perio\\AppData\\Local\\Temp\\scoped_dir6904_266357867"},"fedcm:accounts":true,"goog:chromeOptions":{"debuggerAddress":"localhost:49800"},"networkConnectionEnabled":false,"pageLoadStrategy":"normal","platformName":"windows","proxy":{},"setWindowRect":true,"strictFileInteractability":false,"timeouts":{"implicit":0,"pageLoad":300000,"script":30000},"unhandledPromptBehavior":"dismiss and notify","webauthn:extension:credBlob":true,"webauthn:extension:largeBlob":true,"webauthn:extension:minPinLength":true,"webauthn:extension:prf":true,"webauthn:virtualAuthenticators":true},"sessionId":"23be589c111633909f05b15b40583aaa"}} | headers=HTTPHeaderDict({'Content-Length': '880', 'Content-Type': 'application/json; charset=utf-8', 'cache-control': 'no-cache'})
2025-04-17 09:55:11,708 - DEBUG - [remote_connection.py:403] - DELETE http://localhost:49683/session/f6fa88f24b804827554acb887cba3e1a {}
2025-04-17 09:55:11,751 - DEBUG - [remote_connection.py:465] - Finished Request
2025-04-17 09:55:11,807 - DEBUG - [remote_connection.py:403] - POST http://localhost:49795/session/23be589c111633909f05b15b40583aaa/goog/cdp/execute {'cmd': 'Network.setUserAgentOverride', 'params': {'userAgent': 'Mozilla/5.0 (Windows NT 10.0; Win64; x64) AppleWebKit/537.36 (KHTML, like Gecko) Edge/122.0.2365.92'}}
2025-04-17 09:55:11,934 - DEBUG - [connectionpool.py:544] - http://localhost:49683 "DELETE /session/f6fa88f24b804827554acb887cba3e1a HTTP/1.1" 200 0
2025-04-17 09:55:11,968 - DEBUG - [connectionpool.py:544] - http://localhost:49795 "POST /session/23be589c111633909f05b15b40583aaa/goog/cdp/execute HTTP/1.1" 200 0
2025-04-17 09:55:11,979 - DEBUG - [remote_connection.py:436] - Remote response: status=200 | data={"value":null} | headers=HTTPHeaderDict({'Content-Length': '14', 'Content-Type': 'application/json; charset=utf-8', 'cache-control': 'no-cache'})
2025-04-17 09:55:12,012 - DEBUG - [remote_connection.py:436] - Remote response: status=200 | data={"value":{}} | headers=HTTPHeaderDict({'Content-Length': '12', 'Content-Type': 'application/json; charset=utf-8', 'cache-control': 'no-cache'})
2025-04-17 09:55:12,045 - DEBUG - [remote_connection.py:465] - Finished Request
2025-04-17 09:55:12,086 - DEBUG - [remote_connection.py:465] - Finished Request
2025-04-17 09:55:12,132 - DEBUG - [remote_connection.py:403] - POST http://localhost:49795/session/23be589c111633909f05b15b40583aaa/execute/sync {'script': "\n                        Object.defineProperty(navigator, 'webdriver', {\n                           ...", 'args': []}
2025-04-17 09:55:12,270 - DEBUG - [connectionpool.py:544] - http://localhost:49795 "POST /session/23be589c111633909f05b15b40583aaa/execute/sync HTTP/1.1" 200 0
2025-04-17 09:55:12,291 - DEBUG - [remote_connection.py:436] - Remote response: status=200 | data={"value":null} | headers=HTTPHeaderDict({'Content-Length': '14', 'Content-Type': 'application/json; charset=utf-8', 'cache-control': 'no-cache'})
2025-04-17 09:55:12,322 - DEBUG - [remote_connection.py:465] - Finished Request
2025-04-17 09:55:12,334 - DEBUG - [remote_connection.py:403] - POST http://localhost:49795/session/23be589c111633909f05b15b40583aaa/url {'url': 'https://www.light.gg'}
2025-04-17 09:55:14,341 - DEBUG - [selenium_manager.py:101] - Selenium Manager binary found at: C:\Users\perio\AppData\Local\Programs\Python\Python311\Lib\site-packages\selenium\webdriver\common\windows\selenium-manager.exe
2025-04-17 09:55:14,341 - DEBUG - [selenium_manager.py:114] - Executing process: C:\Users\perio\AppData\Local\Programs\Python\Python311\Lib\site-packages\selenium\webdriver\common\windows\selenium-manager.exe --browser chrome --browser-path C:\Program Files\Google\Chrome\Application\chrome.exe --debug --language-binding python --output json
2025-04-17 09:55:14,586 - DEBUG - [selenium_manager.py:140] - chromedriver not found in PATH
2025-04-17 09:55:14,587 - DEBUG - [selenium_manager.py:140] - Running command: wmic datafile where name='C:\\Program Files\\Google\\Chrome\\Application\\chrome.exe' get Version /value
2025-04-17 09:55:14,587 - DEBUG - [selenium_manager.py:140] - Output: "\r\r\n\r\r\nVersion=135.0.7049.85\r\r\n\r\r\n\r\r\n\r"
2025-04-17 09:55:14,587 - DEBUG - [selenium_manager.py:140] - Detected browser: chrome 135.0.7049.85
2025-04-17 09:55:14,587 - DEBUG - [selenium_manager.py:140] - Required driver: chromedriver 135.0.7049.95
2025-04-17 09:55:14,588 - DEBUG - [selenium_manager.py:140] - chromedriver 135.0.7049.95 already in the cache
2025-04-17 09:55:14,588 - DEBUG - [selenium_manager.py:140] - Driver path: C:\Users\perio\.cache\selenium\chromedriver\win64\135.0.7049.95\chromedriver.exe
2025-04-17 09:55:14,588 - DEBUG - [selenium_manager.py:140] - Browser path: C:\Program Files\Google\Chrome\Application\chrome.exe
2025-04-17 09:55:14,594 - DEBUG - [service.py:231] - Started executable: `C:\Users\perio\.cache\selenium\chromedriver\win64\135.0.7049.95\chromedriver.exe` in a child process with pid: 36192 using 0 to output -3
2025-04-17 09:55:15,100 - DEBUG - [remote_connection.py:403] - POST http://localhost:49855/session {'capabilities': {'firstMatch': [{}], 'alwaysMatch': {'browserName': 'chrome', 'pageLoadStrategy': <PageLoadStrategy.normal: 'normal'>, 'browserVersion': None, 'goog:chromeOptions': {'excludeSwitches': ['enable-automation'], 'useAutomationExtension': False, 'extensions': [], 'binary': 'C:\\Program Files\\Google\\Chrome\\Application\\chrome.exe', 'args': ['--headless=new', '--no-sandbox', '--disable-dev-shm-usage', '--disable-blink-features=AutomationControlled', '--disable-web-security', '--allow-running-insecure-content', 'user-agent=Mozilla/5.0 (Windows NT 10.0; Win64; x64) AppleWebKit/537.36 (KHTML, like Gecko) Chrome/122.0.0.0 Safari/537.36', 'user-agent=Mozilla/5.0 (Windows NT 10.0; Win64; x64; rv:123.0) Gecko/20100101 Firefox/123.0']}}}}
2025-04-17 09:55:15,101 - DEBUG - [connectionpool.py:241] - Starting new HTTP connection (1): localhost:49855
2025-04-17 09:55:15,325 - DEBUG - [connectionpool.py:544] - http://localhost:49795 "POST /session/23be589c111633909f05b15b40583aaa/url HTTP/1.1" 200 0
2025-04-17 09:55:15,325 - DEBUG - [remote_connection.py:436] - Remote response: status=200 | data={"value":null} | headers=HTTPHeaderDict({'Content-Length': '14', 'Content-Type': 'application/json; charset=utf-8', 'cache-control': 'no-cache'})
2025-04-17 09:55:15,326 - DEBUG - [remote_connection.py:465] - Finished Request
2025-04-17 09:55:15,734 - DEBUG - [connectionpool.py:544] - http://localhost:49855 "POST /session HTTP/1.1" 200 0
2025-04-17 09:55:15,767 - DEBUG - [remote_connection.py:436] - Remote response: status=200 | data={"value":{"capabilities":{"acceptInsecureCerts":false,"browserName":"chrome","browserVersion":"135.0.7049.85","chrome":{"chromedriverVersion":"135.0.7049.95 (de2eb485a1951079e63bdb57ce25544d2dc79c15-refs/branch-heads/7049@{#1836})","userDataDir":"C:\\Users\\perio\\AppData\\Local\\Temp\\scoped_dir36192_423742247"},"fedcm:accounts":true,"goog:chromeOptions":{"debuggerAddress":"localhost:49878"},"networkConnectionEnabled":false,"pageLoadStrategy":"normal","platformName":"windows","proxy":{},"setWindowRect":true,"strictFileInteractability":false,"timeouts":{"implicit":0,"pageLoad":300000,"script":30000},"unhandledPromptBehavior":"dismiss and notify","webauthn:extension:credBlob":true,"webauthn:extension:largeBlob":true,"webauthn:extension:minPinLength":true,"webauthn:extension:prf":true,"webauthn:virtualAuthenticators":true},"sessionId":"b48fb9bde090c304dcb9381b65aff86d"}} | headers=HTTPHeaderDict({'Content-Length': '881', 'Content-Type': 'application/json; charset=utf-8', 'cache-control': 'no-cache'})
2025-04-17 09:55:15,800 - DEBUG - [remote_connection.py:465] - Finished Request
2025-04-17 09:55:15,823 - DEBUG - [remote_connection.py:403] - POST http://localhost:49855/session/b48fb9bde090c304dcb9381b65aff86d/goog/cdp/execute {'cmd': 'Network.setUserAgentOverride', 'params': {'userAgent': 'Mozilla/5.0 (Windows NT 10.0; Win64; x64) AppleWebKit/537.36 (KHTML, like Gecko) Edge/122.0.2365.92'}}
2025-04-17 09:55:16,008 - DEBUG - [connectionpool.py:544] - http://localhost:49855 "POST /session/b48fb9bde090c304dcb9381b65aff86d/goog/cdp/execute HTTP/1.1" 200 0
2025-04-17 09:55:16,040 - DEBUG - [remote_connection.py:436] - Remote response: status=200 | data={"value":{}} | headers=HTTPHeaderDict({'Content-Length': '12', 'Content-Type': 'application/json; charset=utf-8', 'cache-control': 'no-cache'})
2025-04-17 09:55:16,052 - DEBUG - [remote_connection.py:465] - Finished Request
2025-04-17 09:55:16,104 - DEBUG - [remote_connection.py:403] - POST http://localhost:49855/session/b48fb9bde090c304dcb9381b65aff86d/execute/sync {'script': "\n                        Object.defineProperty(navigator, 'webdriver', {\n                           ...", 'args': []}
2025-04-17 09:55:16,282 - DEBUG - [connectionpool.py:544] - http://localhost:49855 "POST /session/b48fb9bde090c304dcb9381b65aff86d/execute/sync HTTP/1.1" 200 0
2025-04-17 09:55:16,315 - DEBUG - [remote_connection.py:436] - Remote response: status=200 | data={"value":null} | headers=HTTPHeaderDict({'Content-Length': '14', 'Content-Type': 'application/json; charset=utf-8', 'cache-control': 'no-cache'})
2025-04-17 09:55:16,350 - DEBUG - [remote_connection.py:465] - Finished Request
2025-04-17 09:55:16,385 - DEBUG - [remote_connection.py:403] - POST http://localhost:49855/session/b48fb9bde090c304dcb9381b65aff86d/url {'url': 'https://www.light.gg'}
2025-04-17 09:55:19,081 - DEBUG - [remote_connection.py:403] - POST http://localhost:49795/session/23be589c111633909f05b15b40583aaa/execute/sync {'script': '\n                            (() => {\n                                let e = document.createElement...', 'args': []}
2025-04-17 09:55:19,097 - DEBUG - [connectionpool.py:544] - http://localhost:49795 "POST /session/23be589c111633909f05b15b40583aaa/execute/sync HTTP/1.1" 200 0
2025-04-17 09:55:19,097 - DEBUG - [remote_connection.py:436] - Remote response: status=200 | data={"value":null} | headers=HTTPHeaderDict({'Content-Length': '14', 'Content-Type': 'application/json; charset=utf-8', 'cache-control': 'no-cache'})
2025-04-17 09:55:19,098 - DEBUG - [remote_connection.py:465] - Finished Request
2025-04-17 09:55:19,098 - DEBUG - [remote_connection.py:403] - POST http://localhost:49795/session/23be589c111633909f05b15b40583aaa/url {'url': 'https://www.light.gg/god-roll/'}
2025-04-17 09:55:19,467 - DEBUG - [connectionpool.py:544] - http://localhost:49795 "POST /session/23be589c111633909f05b15b40583aaa/url HTTP/1.1" 200 0
2025-04-17 09:55:19,467 - DEBUG - [remote_connection.py:436] - Remote response: status=200 | data={"value":null} | headers=HTTPHeaderDict({'Content-Length': '14', 'Content-Type': 'application/json; charset=utf-8', 'cache-control': 'no-cache'})
2025-04-17 09:55:19,468 - DEBUG - [remote_connection.py:465] - Finished Request
2025-04-17 09:55:19,483 - DEBUG - [connectionpool.py:544] - http://localhost:49855 "POST /session/b48fb9bde090c304dcb9381b65aff86d/url HTTP/1.1" 200 0
2025-04-17 09:55:19,483 - DEBUG - [remote_connection.py:436] - Remote response: status=200 | data={"value":null} | headers=HTTPHeaderDict({'Content-Length': '14', 'Content-Type': 'application/json; charset=utf-8', 'cache-control': 'no-cache'})
2025-04-17 09:55:19,484 - DEBUG - [remote_connection.py:465] - Finished Request
2025-04-17 09:55:22,560 - DEBUG - [remote_connection.py:403] - POST http://localhost:49795/session/23be589c111633909f05b15b40583aaa/execute/sync {'script': '\n                            return window.perkStats || window.__NEXT_DATA__ || \n                   ...', 'args': []}
2025-04-17 09:55:22,573 - DEBUG - [remote_connection.py:403] - POST http://localhost:49855/session/b48fb9bde090c304dcb9381b65aff86d/execute/sync {'script': '\n                            (() => {\n                                let e = document.createElement...', 'args': []}
2025-04-17 09:55:22,792 - DEBUG - [connectionpool.py:544] - http://localhost:49795 "POST /session/23be589c111633909f05b15b40583aaa/execute/sync HTTP/1.1" 200 0
2025-04-17 09:55:22,792 - DEBUG - [remote_connection.py:436] - Remote response: status=200 | data={"value":null} | headers=HTTPHeaderDict({'Content-Length': '14', 'Content-Type': 'application/json; charset=utf-8', 'cache-control': 'no-cache'})
2025-04-17 09:55:22,792 - DEBUG - [remote_connection.py:465] - Finished Request
2025-04-17 09:55:22,793 - DEBUG - [remote_connection.py:403] - DELETE http://localhost:49795/session/23be589c111633909f05b15b40583aaa {}
2025-04-17 09:55:22,796 - DEBUG - [connectionpool.py:544] - http://localhost:49855 "POST /session/b48fb9bde090c304dcb9381b65aff86d/execute/sync HTTP/1.1" 200 0
2025-04-17 09:55:22,797 - DEBUG - [remote_connection.py:436] - Remote response: status=200 | data={"value":null} | headers=HTTPHeaderDict({'Content-Length': '14', 'Content-Type': 'application/json; charset=utf-8', 'cache-control': 'no-cache'})
2025-04-17 09:55:22,797 - DEBUG - [remote_connection.py:465] - Finished Request
2025-04-17 09:55:22,797 - DEBUG - [remote_connection.py:403] - POST http://localhost:49855/session/b48fb9bde090c304dcb9381b65aff86d/url {'url': 'https://www.light.gg/god-roll/'}
2025-04-17 09:55:22,858 - DEBUG - [connectionpool.py:544] - http://localhost:49795 "DELETE /session/23be589c111633909f05b15b40583aaa HTTP/1.1" 200 0
2025-04-17 09:55:22,859 - DEBUG - [remote_connection.py:436] - Remote response: status=200 | data={"value":null} | headers=HTTPHeaderDict({'Content-Length': '14', 'Content-Type': 'application/json; charset=utf-8', 'cache-control': 'no-cache'})
2025-04-17 09:55:22,860 - DEBUG - [remote_connection.py:465] - Finished Request
2025-04-17 09:55:23,180 - DEBUG - [connectionpool.py:544] - http://localhost:49855 "POST /session/b48fb9bde090c304dcb9381b65aff86d/url HTTP/1.1" 200 0
2025-04-17 09:55:23,180 - DEBUG - [remote_connection.py:436] - Remote response: status=200 | data={"value":null} | headers=HTTPHeaderDict({'Content-Length': '14', 'Content-Type': 'application/json; charset=utf-8', 'cache-control': 'no-cache'})
2025-04-17 09:55:23,181 - DEBUG - [remote_connection.py:465] - Finished Request
