2025-04-17 10:11:12,221 - INFO - [logger.py:31] - === Démarrage de Destiny Hub ===
2025-04-17 10:11:12,221 - INFO - [logger.py:32] - Version Python: 3.11.6 (tags/v3.11.6:8b6ee5b, Oct  2 2023, 14:57:12) [MSC v.1935 64 bit (AMD64)]
2025-04-17 10:11:12,221 - INFO - [logger.py:33] - Système d'exploitation: win32
2025-04-17 10:11:12,222 - INFO - [logger.py:34] - Fichier de log créé: logs/destiny_hub_20250417_101112.log
2025-04-17 10:11:12,222 - INFO - [logger.py:55] - === Informations Système ===
2025-04-17 10:11:12,222 - INFO - [logger.py:56] - OS: Windows 10
2025-04-17 10:11:12,242 - INFO - [logger.py:57] - Architecture: AMD64
2025-04-17 10:11:12,242 - INFO - [logger.py:58] - Processeur: AMD64 Family 25 Model 68 Stepping 1, AuthenticAMD
2025-04-17 10:11:12,252 - INFO - [logger.py:62] - Mémoire totale: 31.25 GB
2025-04-17 10:11:12,252 - INFO - [logger.py:63] - Mémoire disponible: 14.76 GB
2025-04-17 10:11:12,252 - INFO - [logger.py:64] - Utilisation mémoire: 52.7%
2025-04-17 10:11:12,253 - INFO - [logger.py:68] - Espace disque total: 952.48 GB
2025-04-17 10:11:12,253 - INFO - [logger.py:69] - Espace disque libre: 218.49 GB
2025-04-17 10:11:12,254 - INFO - [logger.py:70] - Utilisation disque: 77.1%
2025-04-17 10:11:12,254 - INFO - [logger.py:77] - === Vérification de l'environnement ===
2025-04-17 10:11:12,255 - INFO - [logger.py:93] - ✓ BUNGIE_API_KEY trouvée
2025-04-17 10:11:12,255 - DEBUG - [logger.py:94] - Longueur de BUNGIE_API_KEY: 32
2025-04-17 10:11:12,255 - ERROR - [logger.py:96] - ✗ CLIENT_ID non trouvée dans .env
2025-04-17 10:11:12,255 - ERROR - [logger.py:96] - ✗ CLIENT_SECRET non trouvée dans .env
2025-04-17 10:11:12,256 - INFO - [logger.py:105] - === Vérification des dépendances ===
2025-04-17 10:11:12,256 - INFO - [logger.py:119] - ✓ PyQt6 version: Version inconnue
2025-04-17 10:11:12,256 - INFO - [logger.py:119] - ✓ requests version: 2.32.3
2025-04-17 10:11:12,256 - INFO - [logger.py:119] - ✓ python-dotenv version: Version inconnue
2025-04-17 10:11:12,256 - INFO - [logger.py:119] - ✓ psutil version: 5.9.5
2025-04-17 10:11:12,256 - INFO - [logger.py:119] - ✓ beautifulsoup4 version: 4.13.4
2025-04-17 10:11:12,256 - INFO - [logger.py:126] - === Vérification des fichiers ===
2025-04-17 10:11:12,256 - INFO - [logger.py:148] - ✓ .env trouvé (Configuration)
2025-04-17 10:11:12,256 - INFO - [logger.py:148] - ✓ main.py trouvé (Point d'entrée)
2025-04-17 10:11:12,257 - INFO - [logger.py:148] - ✓ requirements.txt trouvé (Dépendances)
2025-04-17 10:11:12,257 - DEBUG - [logger.py:173] - === Contenu de requirements.txt ===
2025-04-17 10:11:12,257 - DEBUG - [logger.py:177] - - requests==2.31.0
2025-04-17 10:11:12,257 - DEBUG - [logger.py:177] - - customtkinter==5.2.1
2025-04-17 10:11:12,257 - DEBUG - [logger.py:177] - - pillow==10.2.0
2025-04-17 10:11:12,258 - DEBUG - [logger.py:177] - - python-dotenv==1.0.0
2025-04-17 10:11:12,258 - INFO - [logger.py:158] - ✓ Dossier ui trouvé (Interface utilisateur) - 4 fichiers
2025-04-17 10:11:12,258 - DEBUG - [logger.py:159] - Contenu de ui: main_window.py, pages, styles.py, __pycache__
2025-04-17 10:11:12,258 - INFO - [logger.py:158] - ✓ Dossier ui/pages trouvé (Pages de l'interface) - 5 fichiers
2025-04-17 10:11:12,260 - DEBUG - [logger.py:159] - Contenu de ui/pages: account_page.py, equipment_page.py, meta_page.py, missions_page.py, __pycache__
2025-04-17 10:11:12,260 - INFO - [logger.py:158] - ✓ Dossier api trouvé (API Bungie) - 3 fichiers
2025-04-17 10:11:12,260 - DEBUG - [logger.py:159] - Contenu de api: bungie_client.py, oauth_handler.py, __pycache__
2025-04-17 10:11:12,260 - INFO - [logger.py:158] - ✓ Dossier utils trouvé (Utilitaires) - 3 fichiers
2025-04-17 10:11:12,261 - DEBUG - [logger.py:159] - Contenu de utils: config.py, logger.py, __pycache__
2025-04-17 10:11:12,261 - INFO - [logger.py:158] - ✓ Dossier data trouvé (Données) - 4 fichiers
2025-04-17 10:11:12,261 - DEBUG - [logger.py:159] - Contenu de data: account.json, full_account.json, icons, profile_data.json
2025-04-17 10:11:12,261 - INFO - [logger.py:158] - ✓ Dossier icons trouvé (Icônes) - 64 fichiers
2025-04-17 10:11:12,262 - DEBUG - [logger.py:159] - Contenu de icons: 1003860281.png, 1183187516.png, 1197771438.png, 129332559.png, 1320342774.png, 1457394908.png, 1484009400.png, 1522633034.png, 152583919.png, 1533314821.png, 1616346845.png, 1907110519.png, 1911060537.png, 1958630864.png, 2012043039.png, 2134769653.png, 2151724216.png, 2185244404.png, 2190967049.png, 2198166292.png, 2286507447.png, 241462142.png, 2441435355.png, 2550323932.png, 2591586261.png, 2629014079.png, 266021826.png, 2738060683.png, 2741258862.png, 2742930797.png, 2783831726.png, 2809120022.png, 2827764482.png, 287888126.png, 2907129557.png, 2949538030.png, 2962546549.png, 3001229473.png, 3158812152.png, 3183180185.png, 3264721770.png, 331602521.png, 3434301337.png, 3569802112.png, 3628991658.png, 3733702440.png, 3797572280.png, 3828080585.png, 3844610113.png, 3906357376.png, 3947966653.png, 4026763349.png, 4062934448.png, 4146702548.png, 4282591831.png, 4293588774.png, 537041732.png, 557165046.png, 568611923.png, 643145875.png, 788073488.png, 810612804.png, 952431286.png, 991314988.png
2025-04-17 10:11:12,262 - INFO - [logger.py:158] - ✓ Dossier logs trouvé (Fichiers de log) - 17 fichiers
2025-04-17 10:11:12,262 - DEBUG - [logger.py:159] - Contenu de logs: destiny_hub_20250417_090308.log, destiny_hub_20250417_090501.log, destiny_hub_20250417_091449.log, destiny_hub_20250417_091744.log, destiny_hub_20250417_092047.log, destiny_hub_20250417_092453.log, destiny_hub_20250417_093036.log, destiny_hub_20250417_093355.log, destiny_hub_20250417_093518.log, destiny_hub_20250417_093701.log, destiny_hub_20250417_094459.log, destiny_hub_20250417_094915.log, destiny_hub_20250417_095450.log, destiny_hub_20250417_095800.log, destiny_hub_20250417_100013.log, destiny_hub_20250417_101050.log, destiny_hub_20250417_101112.log
2025-04-17 10:11:12,263 - WARNING - [logger.py:161] - ✗ Dossier cache manquant (Cache des images)
2025-04-17 10:11:12,263 - INFO - [logger.py:164] - Dossier cache créé
2025-04-17 10:11:12,294 - INFO - [main_window.py:17] - === Initialisation de la fenêtre principale ===
2025-04-17 10:11:12,295 - INFO - [main_window.py:32] - Configuration de l'interface utilisateur
2025-04-17 10:11:12,301 - DEBUG - [main_window.py:112] - Création des pages...
2025-04-17 10:11:12,310 - DEBUG - [main_window.py:114] - ✓ Page compte créée
2025-04-17 10:11:12,332 - INFO - [equipment_page.py:164] - === Chargement des personnages ===
2025-04-17 10:11:12,338 - DEBUG - [connectionpool.py:1049] - Starting new HTTPS connection (1): www.bungie.net:443
2025-04-17 10:11:13,117 - DEBUG - [connectionpool.py:544] - https://www.bungie.net:443 "GET /Platform/Destiny2/3/Profile/4611686018536948250/?components=200%2C205 HTTP/1.1" 200 2477
2025-04-17 10:11:13,123 - INFO - [equipment_page.py:332] - Changement de personnage vers ID: 2305843010596444327
2025-04-17 10:11:13,125 - DEBUG - [connectionpool.py:1049] - Starting new HTTPS connection (1): www.bungie.net:443
2025-04-17 10:11:13,580 - DEBUG - [connectionpool.py:544] - https://www.bungie.net:443 "GET /Platform/Destiny2/3/Profile/4611686018536948250/?components=200 HTTP/1.1" 200 993
2025-04-17 10:11:13,581 - INFO - [equipment_page.py:361] - Lumière mise à jour pour le nouveau personnage: 2019
2025-04-17 10:11:13,581 - INFO - [equipment_page.py:219] - === Chargement de l'équipement pour le personnage 2305843010596444327 ===
2025-04-17 10:11:13,583 - DEBUG - [connectionpool.py:1049] - Starting new HTTPS connection (1): www.bungie.net:443
2025-04-17 10:11:14,799 - DEBUG - [connectionpool.py:544] - https://www.bungie.net:443 "GET /Platform/Destiny2/3/Profile/4611686018536948250/Character/2305843010596444327/?components=205%2C300%2C302 HTTP/1.1" 200 3083
2025-04-17 10:11:14,801 - INFO - [equipment_page.py:273] - === Affichage de l'équipement ===
2025-04-17 10:11:14,825 - INFO - [equipment_page.py:323] - Affichage terminé - 3 armes, 5 pièces d'armure
2025-04-17 10:11:14,826 - INFO - [equipment_page.py:219] - === Chargement de l'équipement pour le personnage 2305843010596444327 ===
2025-04-17 10:11:14,829 - DEBUG - [connectionpool.py:1049] - Starting new HTTPS connection (1): www.bungie.net:443
2025-04-17 10:11:14,983 - DEBUG - [connectionpool.py:544] - https://www.bungie.net:443 "GET /Platform/Destiny2/3/Profile/4611686018536948250/Character/2305843010596444327/?components=205%2C300%2C302 HTTP/1.1" 200 3083
2025-04-17 10:11:14,984 - INFO - [equipment_page.py:273] - === Affichage de l'équipement ===
2025-04-17 10:11:14,986 - INFO - [equipment_page.py:323] - Affichage terminé - 3 armes, 5 pièces d'armure
2025-04-17 10:11:14,986 - DEBUG - [main_window.py:117] - ✓ Page équipement créée
2025-04-17 10:11:14,988 - DEBUG - [main_window.py:120] - ✓ Page missions créée
2025-04-17 10:11:14,993 - DEBUG - [main_window.py:123] - ✓ Page meta créée
2025-04-17 10:11:14,996 - INFO - [meta_page.py:28] - === Début du scraping des armes meta ===
2025-04-17 10:11:14,996 - INFO - [meta_page.py:41] - === Début de l'extraction depuis light.gg ===
2025-04-17 10:11:14,996 - INFO - [main_window.py:141] - ✅ Pages ajoutées avec succès
2025-04-17 10:11:14,997 - INFO - [main_window.py:148] - Configuration de la barre de statut
2025-04-17 10:11:14,998 - DEBUG - [connectionpool.py:1049] - Starting new HTTPS connection (1): www.light.gg:443
2025-04-17 10:11:14,998 - INFO - [main_window.py:161] - ✅ Barre de statut configurée
2025-04-17 10:11:15,000 - INFO - [main_window.py:167] - Application des styles
2025-04-17 10:11:15,007 - INFO - [main_window.py:172] - ✅ Styles appliqués
2025-04-17 10:11:15,008 - INFO - [main_window.py:26] - ✅ Interface principale initialisée avec succès
2025-04-17 10:11:15,243 - DEBUG - [connectionpool.py:544] - https://www.light.gg:443 "GET /god-roll/hub/?v=2.2.9228.27988 HTTP/1.1" 403 None
2025-04-17 10:11:15,249 - ERROR - [meta_page.py:36] - Erreur critique: Aucune arme n'a pu être récupérée
2025-04-17 10:11:16,216 - INFO - [main_window.py:178] - Changement de page vers l'index 3
2025-04-17 10:11:16,218 - DEBUG - [main_window.py:187] - ✓ Page changée avec succès vers 3
2025-04-17 10:11:17,676 - INFO - [meta_page.py:28] - === Début du scraping des armes meta ===
2025-04-17 10:11:17,678 - INFO - [meta_page.py:41] - === Début de l'extraction depuis light.gg ===
2025-04-17 10:11:17,680 - DEBUG - [connectionpool.py:1049] - Starting new HTTPS connection (1): www.light.gg:443
2025-04-17 10:11:17,845 - DEBUG - [connectionpool.py:544] - https://www.light.gg:443 "GET /god-roll/hub/?v=2.2.9228.27988 HTTP/1.1" 403 None
2025-04-17 10:11:17,851 - ERROR - [meta_page.py:36] - Erreur critique: Aucune arme n'a pu être récupérée
