2025-04-17 09:24:53,498 - INFO - [logger.py:31] - === Démarrage de Destiny Hub ===
2025-04-17 09:24:53,499 - INFO - [logger.py:32] - Version Python: 3.11.6 (tags/v3.11.6:8b6ee5b, Oct  2 2023, 14:57:12) [MSC v.1935 64 bit (AMD64)]
2025-04-17 09:24:53,499 - INFO - [logger.py:33] - Système d'exploitation: win32
2025-04-17 09:24:53,499 - INFO - [logger.py:34] - Fichier de log créé: logs/destiny_hub_20250417_092453.log
2025-04-17 09:24:53,500 - INFO - [logger.py:55] - === Informations Système ===
2025-04-17 09:24:53,500 - INFO - [logger.py:56] - OS: Windows 10
2025-04-17 09:24:53,518 - INFO - [logger.py:57] - Architecture: AMD64
2025-04-17 09:24:53,518 - INFO - [logger.py:58] - Processeur: AMD64 Family 25 Model 68 Stepping 1, AuthenticAMD
2025-04-17 09:24:53,529 - INFO - [logger.py:62] - Mémoire totale: 31.25 GB
2025-04-17 09:24:53,529 - INFO - [logger.py:63] - Mémoire disponible: 16.34 GB
2025-04-17 09:24:53,529 - INFO - [logger.py:64] - Utilisation mémoire: 47.7%
2025-04-17 09:24:53,531 - INFO - [logger.py:68] - Espace disque total: 952.48 GB
2025-04-17 09:24:53,531 - INFO - [logger.py:69] - Espace disque libre: 219.46 GB
2025-04-17 09:24:53,531 - INFO - [logger.py:70] - Utilisation disque: 77.0%
2025-04-17 09:24:53,531 - INFO - [logger.py:77] - === Vérification de l'environnement ===
2025-04-17 09:24:53,533 - INFO - [logger.py:93] - ✓ BUNGIE_API_KEY trouvée
2025-04-17 09:24:53,533 - DEBUG - [logger.py:94] - Longueur de BUNGIE_API_KEY: 32
2025-04-17 09:24:53,533 - ERROR - [logger.py:96] - ✗ CLIENT_ID non trouvée dans .env
2025-04-17 09:24:53,533 - ERROR - [logger.py:96] - ✗ CLIENT_SECRET non trouvée dans .env
2025-04-17 09:24:53,533 - INFO - [logger.py:105] - === Vérification des dépendances ===
2025-04-17 09:24:53,533 - INFO - [logger.py:119] - ✓ PyQt6 version: Version inconnue
2025-04-17 09:24:53,533 - INFO - [logger.py:119] - ✓ requests version: 2.32.3
2025-04-17 09:24:53,534 - INFO - [logger.py:119] - ✓ python-dotenv version: Version inconnue
2025-04-17 09:24:53,534 - INFO - [logger.py:119] - ✓ psutil version: 5.9.5
2025-04-17 09:24:53,534 - INFO - [logger.py:119] - ✓ beautifulsoup4 version: 4.13.4
2025-04-17 09:24:53,534 - INFO - [logger.py:126] - === Vérification des fichiers ===
2025-04-17 09:24:53,534 - INFO - [logger.py:148] - ✓ .env trouvé (Configuration)
2025-04-17 09:24:53,535 - INFO - [logger.py:148] - ✓ main.py trouvé (Point d'entrée)
2025-04-17 09:24:53,535 - INFO - [logger.py:148] - ✓ requirements.txt trouvé (Dépendances)
2025-04-17 09:24:53,535 - DEBUG - [logger.py:173] - === Contenu de requirements.txt ===
2025-04-17 09:24:53,535 - DEBUG - [logger.py:177] - - requests==2.31.0
2025-04-17 09:24:53,535 - DEBUG - [logger.py:177] - - customtkinter==5.2.1
2025-04-17 09:24:53,535 - DEBUG - [logger.py:177] - - pillow==10.2.0
2025-04-17 09:24:53,537 - DEBUG - [logger.py:177] - - python-dotenv==1.0.0
2025-04-17 09:24:53,537 - INFO - [logger.py:158] - ✓ Dossier ui trouvé (Interface utilisateur) - 4 fichiers
2025-04-17 09:24:53,537 - DEBUG - [logger.py:159] - Contenu de ui: main_window.py, pages, styles.py, __pycache__
2025-04-17 09:24:53,537 - INFO - [logger.py:158] - ✓ Dossier ui/pages trouvé (Pages de l'interface) - 5 fichiers
2025-04-17 09:24:53,537 - DEBUG - [logger.py:159] - Contenu de ui/pages: account_page.py, equipment_page.py, meta_page.py, missions_page.py, __pycache__
2025-04-17 09:24:53,538 - INFO - [logger.py:158] - ✓ Dossier api trouvé (API Bungie) - 3 fichiers
2025-04-17 09:24:53,538 - DEBUG - [logger.py:159] - Contenu de api: bungie_client.py, oauth_handler.py, __pycache__
2025-04-17 09:24:53,538 - INFO - [logger.py:158] - ✓ Dossier utils trouvé (Utilitaires) - 3 fichiers
2025-04-17 09:24:53,538 - DEBUG - [logger.py:159] - Contenu de utils: config.py, logger.py, __pycache__
2025-04-17 09:24:53,538 - INFO - [logger.py:158] - ✓ Dossier data trouvé (Données) - 4 fichiers
2025-04-17 09:24:53,538 - DEBUG - [logger.py:159] - Contenu de data: account.json, full_account.json, icons, profile_data.json
2025-04-17 09:24:53,540 - INFO - [logger.py:158] - ✓ Dossier icons trouvé (Icônes) - 64 fichiers
2025-04-17 09:24:53,540 - DEBUG - [logger.py:159] - Contenu de icons: 1003860281.png, 1183187516.png, 1197771438.png, 129332559.png, 1320342774.png, 1457394908.png, 1484009400.png, 1522633034.png, 152583919.png, 1533314821.png, 1616346845.png, 1907110519.png, 1911060537.png, 1958630864.png, 2012043039.png, 2134769653.png, 2151724216.png, 2185244404.png, 2190967049.png, 2198166292.png, 2286507447.png, 241462142.png, 2441435355.png, 2550323932.png, 2591586261.png, 2629014079.png, 266021826.png, 2738060683.png, 2741258862.png, 2742930797.png, 2783831726.png, 2809120022.png, 2827764482.png, 287888126.png, 2907129557.png, 2949538030.png, 2962546549.png, 3001229473.png, 3158812152.png, 3183180185.png, 3264721770.png, 331602521.png, 3434301337.png, 3569802112.png, 3628991658.png, 3733702440.png, 3797572280.png, 3828080585.png, 3844610113.png, 3906357376.png, 3947966653.png, 4026763349.png, 4062934448.png, 4146702548.png, 4282591831.png, 4293588774.png, 537041732.png, 557165046.png, 568611923.png, 643145875.png, 788073488.png, 810612804.png, 952431286.png, 991314988.png
2025-04-17 09:24:53,540 - INFO - [logger.py:158] - ✓ Dossier logs trouvé (Fichiers de log) - 6 fichiers
2025-04-17 09:24:53,540 - DEBUG - [logger.py:159] - Contenu de logs: destiny_hub_20250417_090308.log, destiny_hub_20250417_090501.log, destiny_hub_20250417_091449.log, destiny_hub_20250417_091744.log, destiny_hub_20250417_092047.log, destiny_hub_20250417_092453.log
2025-04-17 09:24:53,541 - INFO - [logger.py:158] - ✓ Dossier cache trouvé (Cache des images) - 0 fichiers
2025-04-17 09:24:53,542 - DEBUG - [logger.py:159] - Contenu de cache: 
2025-04-17 09:24:53,585 - INFO - [main_window.py:17] - === Initialisation de la fenêtre principale ===
2025-04-17 09:24:53,585 - INFO - [main_window.py:32] - Configuration de l'interface utilisateur
2025-04-17 09:24:53,590 - DEBUG - [main_window.py:112] - Création des pages...
2025-04-17 09:24:53,609 - DEBUG - [main_window.py:114] - ✓ Page compte créée
2025-04-17 09:24:53,638 - INFO - [equipment_page.py:164] - === Chargement des personnages ===
2025-04-17 09:24:53,643 - DEBUG - [connectionpool.py:1049] - Starting new HTTPS connection (1): www.bungie.net:443
2025-04-17 09:24:54,282 - DEBUG - [connectionpool.py:544] - https://www.bungie.net:443 "GET /Platform/Destiny2/3/Profile/4611686018536948250/?components=200%2C205 HTTP/1.1" 200 2477
2025-04-17 09:24:54,289 - INFO - [equipment_page.py:332] - Changement de personnage vers ID: 2305843010596444327
2025-04-17 09:24:54,290 - DEBUG - [connectionpool.py:1049] - Starting new HTTPS connection (1): www.bungie.net:443
2025-04-17 09:24:55,428 - DEBUG - [connectionpool.py:544] - https://www.bungie.net:443 "GET /Platform/Destiny2/3/Profile/4611686018536948250/?components=200 HTTP/1.1" 200 993
2025-04-17 09:24:55,429 - INFO - [equipment_page.py:361] - Lumière mise à jour pour le nouveau personnage: 2019
2025-04-17 09:24:55,430 - INFO - [equipment_page.py:219] - === Chargement de l'équipement pour le personnage 2305843010596444327 ===
2025-04-17 09:24:55,432 - DEBUG - [connectionpool.py:1049] - Starting new HTTPS connection (1): www.bungie.net:443
2025-04-17 09:24:56,135 - DEBUG - [connectionpool.py:544] - https://www.bungie.net:443 "GET /Platform/Destiny2/3/Profile/4611686018536948250/Character/2305843010596444327/?components=205%2C300%2C302 HTTP/1.1" 200 3083
2025-04-17 09:24:56,137 - INFO - [equipment_page.py:273] - === Affichage de l'équipement ===
2025-04-17 09:24:56,162 - INFO - [equipment_page.py:323] - Affichage terminé - 3 armes, 5 pièces d'armure
2025-04-17 09:24:56,163 - INFO - [equipment_page.py:219] - === Chargement de l'équipement pour le personnage 2305843010596444327 ===
2025-04-17 09:24:56,165 - DEBUG - [connectionpool.py:1049] - Starting new HTTPS connection (1): www.bungie.net:443
2025-04-17 09:24:56,241 - DEBUG - [connectionpool.py:544] - https://www.bungie.net:443 "GET /Platform/Destiny2/3/Profile/4611686018536948250/Character/2305843010596444327/?components=205%2C300%2C302 HTTP/1.1" 200 3083
2025-04-17 09:24:56,243 - INFO - [equipment_page.py:273] - === Affichage de l'équipement ===
2025-04-17 09:24:56,245 - INFO - [equipment_page.py:323] - Affichage terminé - 3 armes, 5 pièces d'armure
2025-04-17 09:24:56,246 - DEBUG - [main_window.py:117] - ✓ Page équipement créée
2025-04-17 09:24:56,248 - DEBUG - [main_window.py:120] - ✓ Page missions créée
2025-04-17 09:24:56,252 - DEBUG - [main_window.py:123] - ✓ Page meta créée
2025-04-17 09:24:56,254 - INFO - [meta_page.py:28] - === Début du scraping des armes meta ===
2025-04-17 09:24:56,254 - INFO - [main_window.py:141] - ✅ Pages ajoutées avec succès
2025-04-17 09:24:56,255 - INFO - [meta_page.py:41] - === Début de la récupération des stats depuis light.gg ===
2025-04-17 09:24:56,255 - INFO - [main_window.py:148] - Configuration de la barre de statut
2025-04-17 09:24:56,255 - INFO - [meta_page.py:56] - Initialisation du navigateur en mode headless
2025-04-17 09:24:56,255 - INFO - [main_window.py:161] - ✅ Barre de statut configurée
2025-04-17 09:24:56,257 - INFO - [main_window.py:167] - Application des styles
2025-04-17 09:24:56,266 - INFO - [main_window.py:172] - ✅ Styles appliqués
2025-04-17 09:24:56,266 - INFO - [main_window.py:26] - ✅ Interface principale initialisée avec succès
2025-04-17 09:24:56,348 - DEBUG - [selenium_manager.py:101] - Selenium Manager binary found at: C:\Users\perio\AppData\Local\Programs\Python\Python311\Lib\site-packages\selenium\webdriver\common\windows\selenium-manager.exe
2025-04-17 09:24:56,348 - DEBUG - [selenium_manager.py:114] - Executing process: C:\Users\perio\AppData\Local\Programs\Python\Python311\Lib\site-packages\selenium\webdriver\common\windows\selenium-manager.exe --browser chrome --debug --language-binding python --output json
2025-04-17 09:24:56,628 - DEBUG - [selenium_manager.py:140] - chromedriver not found in PATH
2025-04-17 09:24:56,630 - DEBUG - [selenium_manager.py:140] - chrome detected at C:\Program Files\Google\Chrome\Application\chrome.exe
2025-04-17 09:24:56,630 - DEBUG - [selenium_manager.py:140] - Running command: wmic datafile where name='C:\\Program Files\\Google\\Chrome\\Application\\chrome.exe' get Version /value
2025-04-17 09:24:56,630 - DEBUG - [selenium_manager.py:140] - Output: "\r\r\n\r\r\nVersion=135.0.7049.85\r\r\n\r\r\n\r\r\n\r"
2025-04-17 09:24:56,630 - DEBUG - [selenium_manager.py:140] - Detected browser: chrome 135.0.7049.85
2025-04-17 09:24:56,630 - DEBUG - [selenium_manager.py:140] - Required driver: chromedriver 135.0.7049.95
2025-04-17 09:24:56,630 - DEBUG - [selenium_manager.py:140] - chromedriver 135.0.7049.95 already in the cache
2025-04-17 09:24:56,630 - DEBUG - [selenium_manager.py:140] - Driver path: C:\Users\perio\.cache\selenium\chromedriver\win64\135.0.7049.95\chromedriver.exe
2025-04-17 09:24:56,630 - DEBUG - [selenium_manager.py:140] - Browser path: C:\Program Files\Google\Chrome\Application\chrome.exe
2025-04-17 09:24:56,637 - DEBUG - [service.py:231] - Started executable: `C:\Users\perio\.cache\selenium\chromedriver\win64\135.0.7049.95\chromedriver.exe` in a child process with pid: 24788 using 0 to output -3
2025-04-17 09:24:57,146 - DEBUG - [remote_connection.py:403] - POST http://localhost:61113/session {'capabilities': {'firstMatch': [{}], 'alwaysMatch': {'browserName': 'chrome', 'pageLoadStrategy': <PageLoadStrategy.normal: 'normal'>, 'browserVersion': None, 'goog:chromeOptions': {'excludeSwitches': ['enable-automation'], 'useAutomationExtension': False, 'extensions': [], 'binary': 'C:\\Program Files\\Google\\Chrome\\Application\\chrome.exe', 'args': ['--headless=new', '--disable-gpu', '--no-sandbox', '--disable-dev-shm-usage', '--window-size=1920,1080', '--disable-blink-features=AutomationControlled', 'user-agent=Mozilla/5.0 (Windows NT 10.0; Win64; x64) AppleWebKit/537.36']}}}}
2025-04-17 09:24:57,147 - DEBUG - [connectionpool.py:241] - Starting new HTTP connection (1): localhost:61113
2025-04-17 09:24:57,705 - INFO - [main_window.py:178] - Changement de page vers l'index 3
2025-04-17 09:24:57,705 - DEBUG - [main_window.py:187] - ✓ Page changée avec succès vers 3
2025-04-17 09:24:57,741 - DEBUG - [connectionpool.py:544] - http://localhost:61113 "POST /session HTTP/1.1" 200 0
2025-04-17 09:24:57,741 - DEBUG - [remote_connection.py:436] - Remote response: status=200 | data={"value":{"capabilities":{"acceptInsecureCerts":false,"browserName":"chrome","browserVersion":"135.0.7049.85","chrome":{"chromedriverVersion":"135.0.7049.95 (de2eb485a1951079e63bdb57ce25544d2dc79c15-refs/branch-heads/7049@{#1836})","userDataDir":"C:\\Users\\perio\\AppData\\Local\\Temp\\scoped_dir24788_537895904"},"fedcm:accounts":true,"goog:chromeOptions":{"debuggerAddress":"localhost:61118"},"networkConnectionEnabled":false,"pageLoadStrategy":"normal","platformName":"windows","proxy":{},"setWindowRect":true,"strictFileInteractability":false,"timeouts":{"implicit":0,"pageLoad":300000,"script":30000},"unhandledPromptBehavior":"dismiss and notify","webauthn:extension:credBlob":true,"webauthn:extension:largeBlob":true,"webauthn:extension:minPinLength":true,"webauthn:extension:prf":true,"webauthn:virtualAuthenticators":true},"sessionId":"655164c2e6db67f4439622cf3e4f9147"}} | headers=HTTPHeaderDict({'Content-Length': '881', 'Content-Type': 'application/json; charset=utf-8', 'cache-control': 'no-cache'})
2025-04-17 09:24:57,741 - DEBUG - [remote_connection.py:465] - Finished Request
2025-04-17 09:24:57,741 - INFO - [meta_page.py:62] - Accès à https://www.light.gg/god-roll/
2025-04-17 09:24:57,741 - DEBUG - [remote_connection.py:403] - POST http://localhost:61113/session/655164c2e6db67f4439622cf3e4f9147/url {'url': 'https://www.light.gg/god-roll/'}
2025-04-17 09:24:59,048 - DEBUG - [connectionpool.py:544] - http://localhost:61113 "POST /session/655164c2e6db67f4439622cf3e4f9147/url HTTP/1.1" 200 0
2025-04-17 09:24:59,050 - DEBUG - [remote_connection.py:436] - Remote response: status=200 | data={"value":null} | headers=HTTPHeaderDict({'Content-Length': '14', 'Content-Type': 'application/json; charset=utf-8', 'cache-control': 'no-cache'})
2025-04-17 09:24:59,050 - DEBUG - [remote_connection.py:465] - Finished Request
2025-04-17 09:24:59,050 - INFO - [meta_page.py:67] - Attente du chargement des données...
2025-04-17 09:24:59,051 - DEBUG - [remote_connection.py:403] - POST http://localhost:61113/session/655164c2e6db67f4439622cf3e4f9147/element {'using': 'css selector', 'value': '.trending-weapons .weapon-row'}
2025-04-17 09:24:59,065 - DEBUG - [connectionpool.py:544] - http://localhost:61113 "POST /session/655164c2e6db67f4439622cf3e4f9147/element HTTP/1.1" 404 0
2025-04-17 09:24:59,066 - DEBUG - [remote_connection.py:436] - Remote response: status=404 | data={"value":{"error":"no such element","message":"no such element: Unable to locate element: {\"method\":\"css selector\",\"selector\":\".trending-weapons .weapon-row\"}\n  (Session info: chrome=135.0.7049.85)","stacktrace":"\tGetHandleVerifier [0x00007FF657335355+78597]\n\tGetHandleVerifier [0x00007FF6573353B0+78688]\n\t(No symbol) [0x00007FF6570E91AA]\n\t(No symbol) [0x00007FF65713F149]\n\t(No symbol) [0x00007FF65713F3FC]\n\t(No symbol) [0x00007FF657192467]\n\t(No symbol) [0x00007FF65716712F]\n\t(No symbol) [0x00007FF65718F2BB]\n\t(No symbol) [0x00007FF657166EC3]\n\t(No symbol) [0x00007FF6571303F8]\n\t(No symbol) [0x00007FF657131163]\n\tGetHandleVerifier [0x00007FF6575DEF0D+2870973]\n\tGetHandleVerifier [0x00007FF6575D96B8+2848360]\n\tGetHandleVerifier [0x00007FF6575F6993+2967875]\n\tGetHandleVerifier [0x00007FF65735019A+188746]\n\tGetHandleVerifier [0x00007FF65735847F+222255]\n\tGetHandleVerifier [0x00007FF65733D2D4+111236]\n\tGetHandleVerifier [0x00007FF65733D482+111666]\n\tGetHandleVerifier [0x00007FF6573235A9+5465]\n\tBaseThreadInitThunk [0x00007FFA9441E8D7+23]\n\tRtlUserThreadStart [0x00007FFA959314FC+44]\n"}} | headers=HTTPHeaderDict({'Content-Length': '1131', 'Content-Type': 'application/json; charset=utf-8', 'cache-control': 'no-cache'})
2025-04-17 09:24:59,066 - DEBUG - [remote_connection.py:465] - Finished Request
2025-04-17 09:24:59,567 - DEBUG - [remote_connection.py:403] - POST http://localhost:61113/session/655164c2e6db67f4439622cf3e4f9147/element {'using': 'css selector', 'value': '.trending-weapons .weapon-row'}
2025-04-17 09:24:59,576 - DEBUG - [connectionpool.py:544] - http://localhost:61113 "POST /session/655164c2e6db67f4439622cf3e4f9147/element HTTP/1.1" 404 0
2025-04-17 09:24:59,577 - DEBUG - [remote_connection.py:436] - Remote response: status=404 | data={"value":{"error":"no such element","message":"no such element: Unable to locate element: {\"method\":\"css selector\",\"selector\":\".trending-weapons .weapon-row\"}\n  (Session info: chrome=135.0.7049.85)","stacktrace":"\tGetHandleVerifier [0x00007FF657335355+78597]\n\tGetHandleVerifier [0x00007FF6573353B0+78688]\n\t(No symbol) [0x00007FF6570E91AA]\n\t(No symbol) [0x00007FF65713F149]\n\t(No symbol) [0x00007FF65713F3FC]\n\t(No symbol) [0x00007FF657192467]\n\t(No symbol) [0x00007FF65716712F]\n\t(No symbol) [0x00007FF65718F2BB]\n\t(No symbol) [0x00007FF657166EC3]\n\t(No symbol) [0x00007FF6571303F8]\n\t(No symbol) [0x00007FF657131163]\n\tGetHandleVerifier [0x00007FF6575DEF0D+2870973]\n\tGetHandleVerifier [0x00007FF6575D96B8+2848360]\n\tGetHandleVerifier [0x00007FF6575F6993+2967875]\n\tGetHandleVerifier [0x00007FF65735019A+188746]\n\tGetHandleVerifier [0x00007FF65735847F+222255]\n\tGetHandleVerifier [0x00007FF65733D2D4+111236]\n\tGetHandleVerifier [0x00007FF65733D482+111666]\n\tGetHandleVerifier [0x00007FF6573235A9+5465]\n\tBaseThreadInitThunk [0x00007FFA9441E8D7+23]\n\tRtlUserThreadStart [0x00007FFA959314FC+44]\n"}} | headers=HTTPHeaderDict({'Content-Length': '1131', 'Content-Type': 'application/json; charset=utf-8', 'cache-control': 'no-cache'})
2025-04-17 09:24:59,577 - DEBUG - [remote_connection.py:465] - Finished Request
2025-04-17 09:25:00,079 - DEBUG - [remote_connection.py:403] - POST http://localhost:61113/session/655164c2e6db67f4439622cf3e4f9147/element {'using': 'css selector', 'value': '.trending-weapons .weapon-row'}
2025-04-17 09:25:00,160 - DEBUG - [connectionpool.py:544] - http://localhost:61113 "POST /session/655164c2e6db67f4439622cf3e4f9147/element HTTP/1.1" 404 0
2025-04-17 09:25:00,160 - DEBUG - [remote_connection.py:436] - Remote response: status=404 | data={"value":{"error":"no such element","message":"no such element: Unable to locate element: {\"method\":\"css selector\",\"selector\":\".trending-weapons .weapon-row\"}\n  (Session info: chrome=135.0.7049.85)","stacktrace":"\tGetHandleVerifier [0x00007FF657335355+78597]\n\tGetHandleVerifier [0x00007FF6573353B0+78688]\n\t(No symbol) [0x00007FF6570E91AA]\n\t(No symbol) [0x00007FF65713F149]\n\t(No symbol) [0x00007FF65713F3FC]\n\t(No symbol) [0x00007FF657192467]\n\t(No symbol) [0x00007FF65716712F]\n\t(No symbol) [0x00007FF65718F2BB]\n\t(No symbol) [0x00007FF657166EC3]\n\t(No symbol) [0x00007FF6571303F8]\n\t(No symbol) [0x00007FF657131163]\n\tGetHandleVerifier [0x00007FF6575DEF0D+2870973]\n\tGetHandleVerifier [0x00007FF6575D96B8+2848360]\n\tGetHandleVerifier [0x00007FF6575F6993+2967875]\n\tGetHandleVerifier [0x00007FF65735019A+188746]\n\tGetHandleVerifier [0x00007FF65735847F+222255]\n\tGetHandleVerifier [0x00007FF65733D2D4+111236]\n\tGetHandleVerifier [0x00007FF65733D482+111666]\n\tGetHandleVerifier [0x00007FF6573235A9+5465]\n\tBaseThreadInitThunk [0x00007FFA9441E8D7+23]\n\tRtlUserThreadStart [0x00007FFA959314FC+44]\n"}} | headers=HTTPHeaderDict({'Content-Length': '1131', 'Content-Type': 'application/json; charset=utf-8', 'cache-control': 'no-cache'})
2025-04-17 09:25:00,160 - DEBUG - [remote_connection.py:465] - Finished Request
2025-04-17 09:25:00,662 - DEBUG - [remote_connection.py:403] - POST http://localhost:61113/session/655164c2e6db67f4439622cf3e4f9147/element {'using': 'css selector', 'value': '.trending-weapons .weapon-row'}
2025-04-17 09:25:00,670 - DEBUG - [connectionpool.py:544] - http://localhost:61113 "POST /session/655164c2e6db67f4439622cf3e4f9147/element HTTP/1.1" 404 0
2025-04-17 09:25:00,670 - DEBUG - [remote_connection.py:436] - Remote response: status=404 | data={"value":{"error":"no such element","message":"no such element: Unable to locate element: {\"method\":\"css selector\",\"selector\":\".trending-weapons .weapon-row\"}\n  (Session info: chrome=135.0.7049.85)","stacktrace":"\tGetHandleVerifier [0x00007FF657335355+78597]\n\tGetHandleVerifier [0x00007FF6573353B0+78688]\n\t(No symbol) [0x00007FF6570E91AA]\n\t(No symbol) [0x00007FF65713F149]\n\t(No symbol) [0x00007FF65713F3FC]\n\t(No symbol) [0x00007FF657192467]\n\t(No symbol) [0x00007FF65716712F]\n\t(No symbol) [0x00007FF65718F2BB]\n\t(No symbol) [0x00007FF657166EC3]\n\t(No symbol) [0x00007FF6571303F8]\n\t(No symbol) [0x00007FF657131163]\n\tGetHandleVerifier [0x00007FF6575DEF0D+2870973]\n\tGetHandleVerifier [0x00007FF6575D96B8+2848360]\n\tGetHandleVerifier [0x00007FF6575F6993+2967875]\n\tGetHandleVerifier [0x00007FF65735019A+188746]\n\tGetHandleVerifier [0x00007FF65735847F+222255]\n\tGetHandleVerifier [0x00007FF65733D2D4+111236]\n\tGetHandleVerifier [0x00007FF65733D482+111666]\n\tGetHandleVerifier [0x00007FF6573235A9+5465]\n\tBaseThreadInitThunk [0x00007FFA9441E8D7+23]\n\tRtlUserThreadStart [0x00007FFA959314FC+44]\n"}} | headers=HTTPHeaderDict({'Content-Length': '1131', 'Content-Type': 'application/json; charset=utf-8', 'cache-control': 'no-cache'})
2025-04-17 09:25:00,670 - DEBUG - [remote_connection.py:465] - Finished Request
2025-04-17 09:25:01,173 - DEBUG - [remote_connection.py:403] - POST http://localhost:61113/session/655164c2e6db67f4439622cf3e4f9147/element {'using': 'css selector', 'value': '.trending-weapons .weapon-row'}
2025-04-17 09:25:01,181 - DEBUG - [connectionpool.py:544] - http://localhost:61113 "POST /session/655164c2e6db67f4439622cf3e4f9147/element HTTP/1.1" 404 0
2025-04-17 09:25:01,181 - DEBUG - [remote_connection.py:436] - Remote response: status=404 | data={"value":{"error":"no such element","message":"no such element: Unable to locate element: {\"method\":\"css selector\",\"selector\":\".trending-weapons .weapon-row\"}\n  (Session info: chrome=135.0.7049.85)","stacktrace":"\tGetHandleVerifier [0x00007FF657335355+78597]\n\tGetHandleVerifier [0x00007FF6573353B0+78688]\n\t(No symbol) [0x00007FF6570E91AA]\n\t(No symbol) [0x00007FF65713F149]\n\t(No symbol) [0x00007FF65713F3FC]\n\t(No symbol) [0x00007FF657192467]\n\t(No symbol) [0x00007FF65716712F]\n\t(No symbol) [0x00007FF65718F2BB]\n\t(No symbol) [0x00007FF657166EC3]\n\t(No symbol) [0x00007FF6571303F8]\n\t(No symbol) [0x00007FF657131163]\n\tGetHandleVerifier [0x00007FF6575DEF0D+2870973]\n\tGetHandleVerifier [0x00007FF6575D96B8+2848360]\n\tGetHandleVerifier [0x00007FF6575F6993+2967875]\n\tGetHandleVerifier [0x00007FF65735019A+188746]\n\tGetHandleVerifier [0x00007FF65735847F+222255]\n\tGetHandleVerifier [0x00007FF65733D2D4+111236]\n\tGetHandleVerifier [0x00007FF65733D482+111666]\n\tGetHandleVerifier [0x00007FF6573235A9+5465]\n\tBaseThreadInitThunk [0x00007FFA9441E8D7+23]\n\tRtlUserThreadStart [0x00007FFA959314FC+44]\n"}} | headers=HTTPHeaderDict({'Content-Length': '1131', 'Content-Type': 'application/json; charset=utf-8', 'cache-control': 'no-cache'})
2025-04-17 09:25:01,181 - DEBUG - [remote_connection.py:465] - Finished Request
2025-04-17 09:25:01,697 - DEBUG - [remote_connection.py:403] - POST http://localhost:61113/session/655164c2e6db67f4439622cf3e4f9147/element {'using': 'css selector', 'value': '.trending-weapons .weapon-row'}
2025-04-17 09:25:01,861 - DEBUG - [connectionpool.py:544] - http://localhost:61113 "POST /session/655164c2e6db67f4439622cf3e4f9147/element HTTP/1.1" 404 0
2025-04-17 09:25:01,898 - DEBUG - [remote_connection.py:436] - Remote response: status=404 | data={"value":{"error":"no such element","message":"no such element: Unable to locate element: {\"method\":\"css selector\",\"selector\":\".trending-weapons .weapon-row\"}\n  (Session info: chrome=135.0.7049.85)","stacktrace":"\tGetHandleVerifier [0x00007FF657335355+78597]\n\tGetHandleVerifier [0x00007FF6573353B0+78688]\n\t(No symbol) [0x00007FF6570E91AA]\n\t(No symbol) [0x00007FF65713F149]\n\t(No symbol) [0x00007FF65713F3FC]\n\t(No symbol) [0x00007FF657192467]\n\t(No symbol) [0x00007FF65716712F]\n\t(No symbol) [0x00007FF65718F2BB]\n\t(No symbol) [0x00007FF657166EC3]\n\t(No symbol) [0x00007FF6571303F8]\n\t(No symbol) [0x00007FF657131163]\n\tGetHandleVerifier [0x00007FF6575DEF0D+2870973]\n\tGetHandleVerifier [0x00007FF6575D96B8+2848360]\n\tGetHandleVerifier [0x00007FF6575F6993+2967875]\n\tGetHandleVerifier [0x00007FF65735019A+188746]\n\tGetHandleVerifier [0x00007FF65735847F+222255]\n\tGetHandleVerifier [0x00007FF65733D2D4+111236]\n\tGetHandleVerifier [0x00007FF65733D482+111666]\n\tGetHandleVerifier [0x00007FF6573235A9+5465]\n\tBaseThreadInitThunk [0x00007FFA9441E8D7+23]\n\tRtlUserThreadStart [0x00007FFA959314FC+44]\n"}} | headers=HTTPHeaderDict({'Content-Length': '1131', 'Content-Type': 'application/json; charset=utf-8', 'cache-control': 'no-cache'})
2025-04-17 09:25:01,930 - DEBUG - [remote_connection.py:465] - Finished Request
2025-04-17 09:25:02,489 - DEBUG - [remote_connection.py:403] - POST http://localhost:61113/session/655164c2e6db67f4439622cf3e4f9147/element {'using': 'css selector', 'value': '.trending-weapons .weapon-row'}
2025-04-17 09:25:02,615 - DEBUG - [connectionpool.py:544] - http://localhost:61113 "POST /session/655164c2e6db67f4439622cf3e4f9147/element HTTP/1.1" 404 0
2025-04-17 09:25:02,647 - DEBUG - [remote_connection.py:436] - Remote response: status=404 | data={"value":{"error":"no such element","message":"no such element: Unable to locate element: {\"method\":\"css selector\",\"selector\":\".trending-weapons .weapon-row\"}\n  (Session info: chrome=135.0.7049.85)","stacktrace":"\tGetHandleVerifier [0x00007FF657335355+78597]\n\tGetHandleVerifier [0x00007FF6573353B0+78688]\n\t(No symbol) [0x00007FF6570E91AA]\n\t(No symbol) [0x00007FF65713F149]\n\t(No symbol) [0x00007FF65713F3FC]\n\t(No symbol) [0x00007FF657192467]\n\t(No symbol) [0x00007FF65716712F]\n\t(No symbol) [0x00007FF65718F2BB]\n\t(No symbol) [0x00007FF657166EC3]\n\t(No symbol) [0x00007FF6571303F8]\n\t(No symbol) [0x00007FF657131163]\n\tGetHandleVerifier [0x00007FF6575DEF0D+2870973]\n\tGetHandleVerifier [0x00007FF6575D96B8+2848360]\n\tGetHandleVerifier [0x00007FF6575F6993+2967875]\n\tGetHandleVerifier [0x00007FF65735019A+188746]\n\tGetHandleVerifier [0x00007FF65735847F+222255]\n\tGetHandleVerifier [0x00007FF65733D2D4+111236]\n\tGetHandleVerifier [0x00007FF65733D482+111666]\n\tGetHandleVerifier [0x00007FF6573235A9+5465]\n\tBaseThreadInitThunk [0x00007FFA9441E8D7+23]\n\tRtlUserThreadStart [0x00007FFA959314FC+44]\n"}} | headers=HTTPHeaderDict({'Content-Length': '1131', 'Content-Type': 'application/json; charset=utf-8', 'cache-control': 'no-cache'})
2025-04-17 09:25:02,679 - DEBUG - [remote_connection.py:465] - Finished Request
2025-04-17 09:25:03,203 - DEBUG - [remote_connection.py:403] - POST http://localhost:61113/session/655164c2e6db67f4439622cf3e4f9147/element {'using': 'css selector', 'value': '.trending-weapons .weapon-row'}
2025-04-17 09:25:03,211 - DEBUG - [connectionpool.py:544] - http://localhost:61113 "POST /session/655164c2e6db67f4439622cf3e4f9147/element HTTP/1.1" 404 0
2025-04-17 09:25:03,212 - DEBUG - [remote_connection.py:436] - Remote response: status=404 | data={"value":{"error":"no such element","message":"no such element: Unable to locate element: {\"method\":\"css selector\",\"selector\":\".trending-weapons .weapon-row\"}\n  (Session info: chrome=135.0.7049.85)","stacktrace":"\tGetHandleVerifier [0x00007FF657335355+78597]\n\tGetHandleVerifier [0x00007FF6573353B0+78688]\n\t(No symbol) [0x00007FF6570E91AA]\n\t(No symbol) [0x00007FF65713F149]\n\t(No symbol) [0x00007FF65713F3FC]\n\t(No symbol) [0x00007FF657192467]\n\t(No symbol) [0x00007FF65716712F]\n\t(No symbol) [0x00007FF65718F2BB]\n\t(No symbol) [0x00007FF657166EC3]\n\t(No symbol) [0x00007FF6571303F8]\n\t(No symbol) [0x00007FF657131163]\n\tGetHandleVerifier [0x00007FF6575DEF0D+2870973]\n\tGetHandleVerifier [0x00007FF6575D96B8+2848360]\n\tGetHandleVerifier [0x00007FF6575F6993+2967875]\n\tGetHandleVerifier [0x00007FF65735019A+188746]\n\tGetHandleVerifier [0x00007FF65735847F+222255]\n\tGetHandleVerifier [0x00007FF65733D2D4+111236]\n\tGetHandleVerifier [0x00007FF65733D482+111666]\n\tGetHandleVerifier [0x00007FF6573235A9+5465]\n\tBaseThreadInitThunk [0x00007FFA9441E8D7+23]\n\tRtlUserThreadStart [0x00007FFA959314FC+44]\n"}} | headers=HTTPHeaderDict({'Content-Length': '1131', 'Content-Type': 'application/json; charset=utf-8', 'cache-control': 'no-cache'})
2025-04-17 09:25:03,212 - DEBUG - [remote_connection.py:465] - Finished Request
2025-04-17 09:25:03,713 - DEBUG - [remote_connection.py:403] - POST http://localhost:61113/session/655164c2e6db67f4439622cf3e4f9147/element {'using': 'css selector', 'value': '.trending-weapons .weapon-row'}
2025-04-17 09:25:03,720 - DEBUG - [connectionpool.py:544] - http://localhost:61113 "POST /session/655164c2e6db67f4439622cf3e4f9147/element HTTP/1.1" 404 0
2025-04-17 09:25:03,720 - DEBUG - [remote_connection.py:436] - Remote response: status=404 | data={"value":{"error":"no such element","message":"no such element: Unable to locate element: {\"method\":\"css selector\",\"selector\":\".trending-weapons .weapon-row\"}\n  (Session info: chrome=135.0.7049.85)","stacktrace":"\tGetHandleVerifier [0x00007FF657335355+78597]\n\tGetHandleVerifier [0x00007FF6573353B0+78688]\n\t(No symbol) [0x00007FF6570E91AA]\n\t(No symbol) [0x00007FF65713F149]\n\t(No symbol) [0x00007FF65713F3FC]\n\t(No symbol) [0x00007FF657192467]\n\t(No symbol) [0x00007FF65716712F]\n\t(No symbol) [0x00007FF65718F2BB]\n\t(No symbol) [0x00007FF657166EC3]\n\t(No symbol) [0x00007FF6571303F8]\n\t(No symbol) [0x00007FF657131163]\n\tGetHandleVerifier [0x00007FF6575DEF0D+2870973]\n\tGetHandleVerifier [0x00007FF6575D96B8+2848360]\n\tGetHandleVerifier [0x00007FF6575F6993+2967875]\n\tGetHandleVerifier [0x00007FF65735019A+188746]\n\tGetHandleVerifier [0x00007FF65735847F+222255]\n\tGetHandleVerifier [0x00007FF65733D2D4+111236]\n\tGetHandleVerifier [0x00007FF65733D482+111666]\n\tGetHandleVerifier [0x00007FF6573235A9+5465]\n\tBaseThreadInitThunk [0x00007FFA9441E8D7+23]\n\tRtlUserThreadStart [0x00007FFA959314FC+44]\n"}} | headers=HTTPHeaderDict({'Content-Length': '1131', 'Content-Type': 'application/json; charset=utf-8', 'cache-control': 'no-cache'})
2025-04-17 09:25:03,721 - DEBUG - [remote_connection.py:465] - Finished Request
2025-04-17 09:25:04,222 - DEBUG - [remote_connection.py:403] - POST http://localhost:61113/session/655164c2e6db67f4439622cf3e4f9147/element {'using': 'css selector', 'value': '.trending-weapons .weapon-row'}
2025-04-17 09:25:04,230 - DEBUG - [connectionpool.py:544] - http://localhost:61113 "POST /session/655164c2e6db67f4439622cf3e4f9147/element HTTP/1.1" 404 0
2025-04-17 09:25:04,231 - DEBUG - [remote_connection.py:436] - Remote response: status=404 | data={"value":{"error":"no such element","message":"no such element: Unable to locate element: {\"method\":\"css selector\",\"selector\":\".trending-weapons .weapon-row\"}\n  (Session info: chrome=135.0.7049.85)","stacktrace":"\tGetHandleVerifier [0x00007FF657335355+78597]\n\tGetHandleVerifier [0x00007FF6573353B0+78688]\n\t(No symbol) [0x00007FF6570E91AA]\n\t(No symbol) [0x00007FF65713F149]\n\t(No symbol) [0x00007FF65713F3FC]\n\t(No symbol) [0x00007FF657192467]\n\t(No symbol) [0x00007FF65716712F]\n\t(No symbol) [0x00007FF65718F2BB]\n\t(No symbol) [0x00007FF657166EC3]\n\t(No symbol) [0x00007FF6571303F8]\n\t(No symbol) [0x00007FF657131163]\n\tGetHandleVerifier [0x00007FF6575DEF0D+2870973]\n\tGetHandleVerifier [0x00007FF6575D96B8+2848360]\n\tGetHandleVerifier [0x00007FF6575F6993+2967875]\n\tGetHandleVerifier [0x00007FF65735019A+188746]\n\tGetHandleVerifier [0x00007FF65735847F+222255]\n\tGetHandleVerifier [0x00007FF65733D2D4+111236]\n\tGetHandleVerifier [0x00007FF65733D482+111666]\n\tGetHandleVerifier [0x00007FF6573235A9+5465]\n\tBaseThreadInitThunk [0x00007FFA9441E8D7+23]\n\tRtlUserThreadStart [0x00007FFA959314FC+44]\n"}} | headers=HTTPHeaderDict({'Content-Length': '1131', 'Content-Type': 'application/json; charset=utf-8', 'cache-control': 'no-cache'})
2025-04-17 09:25:04,231 - DEBUG - [remote_connection.py:465] - Finished Request
2025-04-17 09:25:04,733 - DEBUG - [remote_connection.py:403] - POST http://localhost:61113/session/655164c2e6db67f4439622cf3e4f9147/element {'using': 'css selector', 'value': '.trending-weapons .weapon-row'}
2025-04-17 09:25:04,741 - DEBUG - [connectionpool.py:544] - http://localhost:61113 "POST /session/655164c2e6db67f4439622cf3e4f9147/element HTTP/1.1" 404 0
2025-04-17 09:25:04,742 - DEBUG - [remote_connection.py:436] - Remote response: status=404 | data={"value":{"error":"no such element","message":"no such element: Unable to locate element: {\"method\":\"css selector\",\"selector\":\".trending-weapons .weapon-row\"}\n  (Session info: chrome=135.0.7049.85)","stacktrace":"\tGetHandleVerifier [0x00007FF657335355+78597]\n\tGetHandleVerifier [0x00007FF6573353B0+78688]\n\t(No symbol) [0x00007FF6570E91AA]\n\t(No symbol) [0x00007FF65713F149]\n\t(No symbol) [0x00007FF65713F3FC]\n\t(No symbol) [0x00007FF657192467]\n\t(No symbol) [0x00007FF65716712F]\n\t(No symbol) [0x00007FF65718F2BB]\n\t(No symbol) [0x00007FF657166EC3]\n\t(No symbol) [0x00007FF6571303F8]\n\t(No symbol) [0x00007FF657131163]\n\tGetHandleVerifier [0x00007FF6575DEF0D+2870973]\n\tGetHandleVerifier [0x00007FF6575D96B8+2848360]\n\tGetHandleVerifier [0x00007FF6575F6993+2967875]\n\tGetHandleVerifier [0x00007FF65735019A+188746]\n\tGetHandleVerifier [0x00007FF65735847F+222255]\n\tGetHandleVerifier [0x00007FF65733D2D4+111236]\n\tGetHandleVerifier [0x00007FF65733D482+111666]\n\tGetHandleVerifier [0x00007FF6573235A9+5465]\n\tBaseThreadInitThunk [0x00007FFA9441E8D7+23]\n\tRtlUserThreadStart [0x00007FFA959314FC+44]\n"}} | headers=HTTPHeaderDict({'Content-Length': '1131', 'Content-Type': 'application/json; charset=utf-8', 'cache-control': 'no-cache'})
2025-04-17 09:25:04,742 - DEBUG - [remote_connection.py:465] - Finished Request
2025-04-17 09:25:05,243 - DEBUG - [remote_connection.py:403] - POST http://localhost:61113/session/655164c2e6db67f4439622cf3e4f9147/element {'using': 'css selector', 'value': '.trending-weapons .weapon-row'}
2025-04-17 09:25:05,250 - DEBUG - [connectionpool.py:544] - http://localhost:61113 "POST /session/655164c2e6db67f4439622cf3e4f9147/element HTTP/1.1" 404 0
2025-04-17 09:25:05,251 - DEBUG - [remote_connection.py:436] - Remote response: status=404 | data={"value":{"error":"no such element","message":"no such element: Unable to locate element: {\"method\":\"css selector\",\"selector\":\".trending-weapons .weapon-row\"}\n  (Session info: chrome=135.0.7049.85)","stacktrace":"\tGetHandleVerifier [0x00007FF657335355+78597]\n\tGetHandleVerifier [0x00007FF6573353B0+78688]\n\t(No symbol) [0x00007FF6570E91AA]\n\t(No symbol) [0x00007FF65713F149]\n\t(No symbol) [0x00007FF65713F3FC]\n\t(No symbol) [0x00007FF657192467]\n\t(No symbol) [0x00007FF65716712F]\n\t(No symbol) [0x00007FF65718F2BB]\n\t(No symbol) [0x00007FF657166EC3]\n\t(No symbol) [0x00007FF6571303F8]\n\t(No symbol) [0x00007FF657131163]\n\tGetHandleVerifier [0x00007FF6575DEF0D+2870973]\n\tGetHandleVerifier [0x00007FF6575D96B8+2848360]\n\tGetHandleVerifier [0x00007FF6575F6993+2967875]\n\tGetHandleVerifier [0x00007FF65735019A+188746]\n\tGetHandleVerifier [0x00007FF65735847F+222255]\n\tGetHandleVerifier [0x00007FF65733D2D4+111236]\n\tGetHandleVerifier [0x00007FF65733D482+111666]\n\tGetHandleVerifier [0x00007FF6573235A9+5465]\n\tBaseThreadInitThunk [0x00007FFA9441E8D7+23]\n\tRtlUserThreadStart [0x00007FFA959314FC+44]\n"}} | headers=HTTPHeaderDict({'Content-Length': '1131', 'Content-Type': 'application/json; charset=utf-8', 'cache-control': 'no-cache'})
2025-04-17 09:25:05,251 - DEBUG - [remote_connection.py:465] - Finished Request
2025-04-17 09:25:05,753 - DEBUG - [remote_connection.py:403] - POST http://localhost:61113/session/655164c2e6db67f4439622cf3e4f9147/element {'using': 'css selector', 'value': '.trending-weapons .weapon-row'}
2025-04-17 09:25:05,765 - DEBUG - [connectionpool.py:544] - http://localhost:61113 "POST /session/655164c2e6db67f4439622cf3e4f9147/element HTTP/1.1" 404 0
2025-04-17 09:25:05,766 - DEBUG - [remote_connection.py:436] - Remote response: status=404 | data={"value":{"error":"no such element","message":"no such element: Unable to locate element: {\"method\":\"css selector\",\"selector\":\".trending-weapons .weapon-row\"}\n  (Session info: chrome=135.0.7049.85)","stacktrace":"\tGetHandleVerifier [0x00007FF657335355+78597]\n\tGetHandleVerifier [0x00007FF6573353B0+78688]\n\t(No symbol) [0x00007FF6570E91AA]\n\t(No symbol) [0x00007FF65713F149]\n\t(No symbol) [0x00007FF65713F3FC]\n\t(No symbol) [0x00007FF657192467]\n\t(No symbol) [0x00007FF65716712F]\n\t(No symbol) [0x00007FF65718F2BB]\n\t(No symbol) [0x00007FF657166EC3]\n\t(No symbol) [0x00007FF6571303F8]\n\t(No symbol) [0x00007FF657131163]\n\tGetHandleVerifier [0x00007FF6575DEF0D+2870973]\n\tGetHandleVerifier [0x00007FF6575D96B8+2848360]\n\tGetHandleVerifier [0x00007FF6575F6993+2967875]\n\tGetHandleVerifier [0x00007FF65735019A+188746]\n\tGetHandleVerifier [0x00007FF65735847F+222255]\n\tGetHandleVerifier [0x00007FF65733D2D4+111236]\n\tGetHandleVerifier [0x00007FF65733D482+111666]\n\tGetHandleVerifier [0x00007FF6573235A9+5465]\n\tBaseThreadInitThunk [0x00007FFA9441E8D7+23]\n\tRtlUserThreadStart [0x00007FFA959314FC+44]\n"}} | headers=HTTPHeaderDict({'Content-Length': '1131', 'Content-Type': 'application/json; charset=utf-8', 'cache-control': 'no-cache'})
2025-04-17 09:25:05,767 - DEBUG - [remote_connection.py:465] - Finished Request
2025-04-17 09:25:06,268 - DEBUG - [remote_connection.py:403] - POST http://localhost:61113/session/655164c2e6db67f4439622cf3e4f9147/element {'using': 'css selector', 'value': '.trending-weapons .weapon-row'}
2025-04-17 09:25:06,305 - DEBUG - [connectionpool.py:544] - http://localhost:61113 "POST /session/655164c2e6db67f4439622cf3e4f9147/element HTTP/1.1" 404 0
2025-04-17 09:25:06,345 - DEBUG - [remote_connection.py:436] - Remote response: status=404 | data={"value":{"error":"no such element","message":"no such element: Unable to locate element: {\"method\":\"css selector\",\"selector\":\".trending-weapons .weapon-row\"}\n  (Session info: chrome=135.0.7049.85)","stacktrace":"\tGetHandleVerifier [0x00007FF657335355+78597]\n\tGetHandleVerifier [0x00007FF6573353B0+78688]\n\t(No symbol) [0x00007FF6570E91AA]\n\t(No symbol) [0x00007FF65713F149]\n\t(No symbol) [0x00007FF65713F3FC]\n\t(No symbol) [0x00007FF657192467]\n\t(No symbol) [0x00007FF65716712F]\n\t(No symbol) [0x00007FF65718F2BB]\n\t(No symbol) [0x00007FF657166EC3]\n\t(No symbol) [0x00007FF6571303F8]\n\t(No symbol) [0x00007FF657131163]\n\tGetHandleVerifier [0x00007FF6575DEF0D+2870973]\n\tGetHandleVerifier [0x00007FF6575D96B8+2848360]\n\tGetHandleVerifier [0x00007FF6575F6993+2967875]\n\tGetHandleVerifier [0x00007FF65735019A+188746]\n\tGetHandleVerifier [0x00007FF65735847F+222255]\n\tGetHandleVerifier [0x00007FF65733D2D4+111236]\n\tGetHandleVerifier [0x00007FF65733D482+111666]\n\tGetHandleVerifier [0x00007FF6573235A9+5465]\n\tBaseThreadInitThunk [0x00007FFA9441E8D7+23]\n\tRtlUserThreadStart [0x00007FFA959314FC+44]\n"}} | headers=HTTPHeaderDict({'Content-Length': '1131', 'Content-Type': 'application/json; charset=utf-8', 'cache-control': 'no-cache'})
2025-04-17 09:25:06,366 - DEBUG - [remote_connection.py:465] - Finished Request
2025-04-17 09:25:06,927 - DEBUG - [remote_connection.py:403] - POST http://localhost:61113/session/655164c2e6db67f4439622cf3e4f9147/element {'using': 'css selector', 'value': '.trending-weapons .weapon-row'}
2025-04-17 09:25:07,060 - DEBUG - [connectionpool.py:544] - http://localhost:61113 "POST /session/655164c2e6db67f4439622cf3e4f9147/element HTTP/1.1" 404 0
2025-04-17 09:25:07,093 - DEBUG - [remote_connection.py:436] - Remote response: status=404 | data={"value":{"error":"no such element","message":"no such element: Unable to locate element: {\"method\":\"css selector\",\"selector\":\".trending-weapons .weapon-row\"}\n  (Session info: chrome=135.0.7049.85)","stacktrace":"\tGetHandleVerifier [0x00007FF657335355+78597]\n\tGetHandleVerifier [0x00007FF6573353B0+78688]\n\t(No symbol) [0x00007FF6570E91AA]\n\t(No symbol) [0x00007FF65713F149]\n\t(No symbol) [0x00007FF65713F3FC]\n\t(No symbol) [0x00007FF657192467]\n\t(No symbol) [0x00007FF65716712F]\n\t(No symbol) [0x00007FF65718F2BB]\n\t(No symbol) [0x00007FF657166EC3]\n\t(No symbol) [0x00007FF6571303F8]\n\t(No symbol) [0x00007FF657131163]\n\tGetHandleVerifier [0x00007FF6575DEF0D+2870973]\n\tGetHandleVerifier [0x00007FF6575D96B8+2848360]\n\tGetHandleVerifier [0x00007FF6575F6993+2967875]\n\tGetHandleVerifier [0x00007FF65735019A+188746]\n\tGetHandleVerifier [0x00007FF65735847F+222255]\n\tGetHandleVerifier [0x00007FF65733D2D4+111236]\n\tGetHandleVerifier [0x00007FF65733D482+111666]\n\tGetHandleVerifier [0x00007FF6573235A9+5465]\n\tBaseThreadInitThunk [0x00007FFA9441E8D7+23]\n\tRtlUserThreadStart [0x00007FFA959314FC+44]\n"}} | headers=HTTPHeaderDict({'Content-Length': '1131', 'Content-Type': 'application/json; charset=utf-8', 'cache-control': 'no-cache'})
2025-04-17 09:25:07,148 - DEBUG - [remote_connection.py:465] - Finished Request
2025-04-17 09:25:07,693 - DEBUG - [remote_connection.py:403] - POST http://localhost:61113/session/655164c2e6db67f4439622cf3e4f9147/element {'using': 'css selector', 'value': '.trending-weapons .weapon-row'}
2025-04-17 09:25:07,852 - DEBUG - [connectionpool.py:544] - http://localhost:61113 "POST /session/655164c2e6db67f4439622cf3e4f9147/element HTTP/1.1" 404 0
2025-04-17 09:25:07,875 - DEBUG - [remote_connection.py:436] - Remote response: status=404 | data={"value":{"error":"no such element","message":"no such element: Unable to locate element: {\"method\":\"css selector\",\"selector\":\".trending-weapons .weapon-row\"}\n  (Session info: chrome=135.0.7049.85)","stacktrace":"\tGetHandleVerifier [0x00007FF657335355+78597]\n\tGetHandleVerifier [0x00007FF6573353B0+78688]\n\t(No symbol) [0x00007FF6570E91AA]\n\t(No symbol) [0x00007FF65713F149]\n\t(No symbol) [0x00007FF65713F3FC]\n\t(No symbol) [0x00007FF657192467]\n\t(No symbol) [0x00007FF65716712F]\n\t(No symbol) [0x00007FF65718F2BB]\n\t(No symbol) [0x00007FF657166EC3]\n\t(No symbol) [0x00007FF6571303F8]\n\t(No symbol) [0x00007FF657131163]\n\tGetHandleVerifier [0x00007FF6575DEF0D+2870973]\n\tGetHandleVerifier [0x00007FF6575D96B8+2848360]\n\tGetHandleVerifier [0x00007FF6575F6993+2967875]\n\tGetHandleVerifier [0x00007FF65735019A+188746]\n\tGetHandleVerifier [0x00007FF65735847F+222255]\n\tGetHandleVerifier [0x00007FF65733D2D4+111236]\n\tGetHandleVerifier [0x00007FF65733D482+111666]\n\tGetHandleVerifier [0x00007FF6573235A9+5465]\n\tBaseThreadInitThunk [0x00007FFA9441E8D7+23]\n\tRtlUserThreadStart [0x00007FFA959314FC+44]\n"}} | headers=HTTPHeaderDict({'Content-Length': '1131', 'Content-Type': 'application/json; charset=utf-8', 'cache-control': 'no-cache'})
2025-04-17 09:25:07,875 - DEBUG - [remote_connection.py:465] - Finished Request
2025-04-17 09:25:08,378 - DEBUG - [remote_connection.py:403] - POST http://localhost:61113/session/655164c2e6db67f4439622cf3e4f9147/element {'using': 'css selector', 'value': '.trending-weapons .weapon-row'}
2025-04-17 09:25:08,387 - DEBUG - [connectionpool.py:544] - http://localhost:61113 "POST /session/655164c2e6db67f4439622cf3e4f9147/element HTTP/1.1" 404 0
2025-04-17 09:25:08,388 - DEBUG - [remote_connection.py:436] - Remote response: status=404 | data={"value":{"error":"no such element","message":"no such element: Unable to locate element: {\"method\":\"css selector\",\"selector\":\".trending-weapons .weapon-row\"}\n  (Session info: chrome=135.0.7049.85)","stacktrace":"\tGetHandleVerifier [0x00007FF657335355+78597]\n\tGetHandleVerifier [0x00007FF6573353B0+78688]\n\t(No symbol) [0x00007FF6570E91AA]\n\t(No symbol) [0x00007FF65713F149]\n\t(No symbol) [0x00007FF65713F3FC]\n\t(No symbol) [0x00007FF657192467]\n\t(No symbol) [0x00007FF65716712F]\n\t(No symbol) [0x00007FF65718F2BB]\n\t(No symbol) [0x00007FF657166EC3]\n\t(No symbol) [0x00007FF6571303F8]\n\t(No symbol) [0x00007FF657131163]\n\tGetHandleVerifier [0x00007FF6575DEF0D+2870973]\n\tGetHandleVerifier [0x00007FF6575D96B8+2848360]\n\tGetHandleVerifier [0x00007FF6575F6993+2967875]\n\tGetHandleVerifier [0x00007FF65735019A+188746]\n\tGetHandleVerifier [0x00007FF65735847F+222255]\n\tGetHandleVerifier [0x00007FF65733D2D4+111236]\n\tGetHandleVerifier [0x00007FF65733D482+111666]\n\tGetHandleVerifier [0x00007FF6573235A9+5465]\n\tBaseThreadInitThunk [0x00007FFA9441E8D7+23]\n\tRtlUserThreadStart [0x00007FFA959314FC+44]\n"}} | headers=HTTPHeaderDict({'Content-Length': '1131', 'Content-Type': 'application/json; charset=utf-8', 'cache-control': 'no-cache'})
2025-04-17 09:25:08,388 - DEBUG - [remote_connection.py:465] - Finished Request
2025-04-17 09:25:08,889 - DEBUG - [remote_connection.py:403] - POST http://localhost:61113/session/655164c2e6db67f4439622cf3e4f9147/element {'using': 'css selector', 'value': '.trending-weapons .weapon-row'}
2025-04-17 09:25:08,898 - DEBUG - [connectionpool.py:544] - http://localhost:61113 "POST /session/655164c2e6db67f4439622cf3e4f9147/element HTTP/1.1" 404 0
2025-04-17 09:25:08,898 - DEBUG - [remote_connection.py:436] - Remote response: status=404 | data={"value":{"error":"no such element","message":"no such element: Unable to locate element: {\"method\":\"css selector\",\"selector\":\".trending-weapons .weapon-row\"}\n  (Session info: chrome=135.0.7049.85)","stacktrace":"\tGetHandleVerifier [0x00007FF657335355+78597]\n\tGetHandleVerifier [0x00007FF6573353B0+78688]\n\t(No symbol) [0x00007FF6570E91AA]\n\t(No symbol) [0x00007FF65713F149]\n\t(No symbol) [0x00007FF65713F3FC]\n\t(No symbol) [0x00007FF657192467]\n\t(No symbol) [0x00007FF65716712F]\n\t(No symbol) [0x00007FF65718F2BB]\n\t(No symbol) [0x00007FF657166EC3]\n\t(No symbol) [0x00007FF6571303F8]\n\t(No symbol) [0x00007FF657131163]\n\tGetHandleVerifier [0x00007FF6575DEF0D+2870973]\n\tGetHandleVerifier [0x00007FF6575D96B8+2848360]\n\tGetHandleVerifier [0x00007FF6575F6993+2967875]\n\tGetHandleVerifier [0x00007FF65735019A+188746]\n\tGetHandleVerifier [0x00007FF65735847F+222255]\n\tGetHandleVerifier [0x00007FF65733D2D4+111236]\n\tGetHandleVerifier [0x00007FF65733D482+111666]\n\tGetHandleVerifier [0x00007FF6573235A9+5465]\n\tBaseThreadInitThunk [0x00007FFA9441E8D7+23]\n\tRtlUserThreadStart [0x00007FFA959314FC+44]\n"}} | headers=HTTPHeaderDict({'Content-Length': '1131', 'Content-Type': 'application/json; charset=utf-8', 'cache-control': 'no-cache'})
2025-04-17 09:25:08,898 - DEBUG - [remote_connection.py:465] - Finished Request
2025-04-17 09:25:09,108 - INFO - [meta_page.py:28] - === Début du scraping des armes meta ===
2025-04-17 09:25:09,109 - INFO - [meta_page.py:41] - === Début de la récupération des stats depuis light.gg ===
2025-04-17 09:25:09,109 - INFO - [meta_page.py:56] - Initialisation du navigateur en mode headless
2025-04-17 09:25:09,111 - DEBUG - [selenium_manager.py:101] - Selenium Manager binary found at: C:\Users\perio\AppData\Local\Programs\Python\Python311\Lib\site-packages\selenium\webdriver\common\windows\selenium-manager.exe
2025-04-17 09:25:09,111 - DEBUG - [selenium_manager.py:114] - Executing process: C:\Users\perio\AppData\Local\Programs\Python\Python311\Lib\site-packages\selenium\webdriver\common\windows\selenium-manager.exe --browser chrome --debug --language-binding python --output json
2025-04-17 09:25:09,345 - DEBUG - [selenium_manager.py:140] - chromedriver not found in PATH
2025-04-17 09:25:09,346 - DEBUG - [selenium_manager.py:140] - chrome detected at C:\Program Files\Google\Chrome\Application\chrome.exe
2025-04-17 09:25:09,346 - DEBUG - [selenium_manager.py:140] - Running command: wmic datafile where name='C:\\Program Files\\Google\\Chrome\\Application\\chrome.exe' get Version /value
2025-04-17 09:25:09,346 - DEBUG - [selenium_manager.py:140] - Output: "\r\r\n\r\r\nVersion=135.0.7049.85\r\r\n\r\r\n\r\r\n\r"
2025-04-17 09:25:09,346 - DEBUG - [selenium_manager.py:140] - Detected browser: chrome 135.0.7049.85
2025-04-17 09:25:09,346 - DEBUG - [selenium_manager.py:140] - Required driver: chromedriver 135.0.7049.95
2025-04-17 09:25:09,347 - DEBUG - [selenium_manager.py:140] - chromedriver 135.0.7049.95 already in the cache
2025-04-17 09:25:09,347 - DEBUG - [selenium_manager.py:140] - Driver path: C:\Users\perio\.cache\selenium\chromedriver\win64\135.0.7049.95\chromedriver.exe
2025-04-17 09:25:09,347 - DEBUG - [selenium_manager.py:140] - Browser path: C:\Program Files\Google\Chrome\Application\chrome.exe
2025-04-17 09:25:09,352 - DEBUG - [service.py:231] - Started executable: `C:\Users\perio\.cache\selenium\chromedriver\win64\135.0.7049.95\chromedriver.exe` in a child process with pid: 13896 using 0 to output -3
2025-04-17 09:25:09,400 - DEBUG - [remote_connection.py:403] - POST http://localhost:61113/session/655164c2e6db67f4439622cf3e4f9147/element {'using': 'css selector', 'value': '.trending-weapons .weapon-row'}
2025-04-17 09:25:09,408 - DEBUG - [connectionpool.py:544] - http://localhost:61113 "POST /session/655164c2e6db67f4439622cf3e4f9147/element HTTP/1.1" 404 0
2025-04-17 09:25:09,409 - DEBUG - [remote_connection.py:436] - Remote response: status=404 | data={"value":{"error":"no such element","message":"no such element: Unable to locate element: {\"method\":\"css selector\",\"selector\":\".trending-weapons .weapon-row\"}\n  (Session info: chrome=135.0.7049.85)","stacktrace":"\tGetHandleVerifier [0x00007FF657335355+78597]\n\tGetHandleVerifier [0x00007FF6573353B0+78688]\n\t(No symbol) [0x00007FF6570E91AA]\n\t(No symbol) [0x00007FF65713F149]\n\t(No symbol) [0x00007FF65713F3FC]\n\t(No symbol) [0x00007FF657192467]\n\t(No symbol) [0x00007FF65716712F]\n\t(No symbol) [0x00007FF65718F2BB]\n\t(No symbol) [0x00007FF657166EC3]\n\t(No symbol) [0x00007FF6571303F8]\n\t(No symbol) [0x00007FF657131163]\n\tGetHandleVerifier [0x00007FF6575DEF0D+2870973]\n\tGetHandleVerifier [0x00007FF6575D96B8+2848360]\n\tGetHandleVerifier [0x00007FF6575F6993+2967875]\n\tGetHandleVerifier [0x00007FF65735019A+188746]\n\tGetHandleVerifier [0x00007FF65735847F+222255]\n\tGetHandleVerifier [0x00007FF65733D2D4+111236]\n\tGetHandleVerifier [0x00007FF65733D482+111666]\n\tGetHandleVerifier [0x00007FF6573235A9+5465]\n\tBaseThreadInitThunk [0x00007FFA9441E8D7+23]\n\tRtlUserThreadStart [0x00007FFA959314FC+44]\n"}} | headers=HTTPHeaderDict({'Content-Length': '1131', 'Content-Type': 'application/json; charset=utf-8', 'cache-control': 'no-cache'})
2025-04-17 09:25:09,409 - DEBUG - [remote_connection.py:465] - Finished Request
2025-04-17 09:25:09,868 - DEBUG - [remote_connection.py:403] - POST http://localhost:61153/session {'capabilities': {'firstMatch': [{}], 'alwaysMatch': {'browserName': 'chrome', 'pageLoadStrategy': <PageLoadStrategy.normal: 'normal'>, 'browserVersion': None, 'goog:chromeOptions': {'excludeSwitches': ['enable-automation'], 'useAutomationExtension': False, 'extensions': [], 'binary': 'C:\\Program Files\\Google\\Chrome\\Application\\chrome.exe', 'args': ['--headless=new', '--disable-gpu', '--no-sandbox', '--disable-dev-shm-usage', '--window-size=1920,1080', '--disable-blink-features=AutomationControlled', 'user-agent=Mozilla/5.0 (Windows NT 10.0; Win64; x64) AppleWebKit/537.36']}}}}
2025-04-17 09:25:09,870 - DEBUG - [connectionpool.py:241] - Starting new HTTP connection (1): localhost:61153
2025-04-17 09:25:09,911 - DEBUG - [remote_connection.py:403] - POST http://localhost:61113/session/655164c2e6db67f4439622cf3e4f9147/element {'using': 'css selector', 'value': '.trending-weapons .weapon-row'}
2025-04-17 09:25:09,919 - DEBUG - [connectionpool.py:544] - http://localhost:61113 "POST /session/655164c2e6db67f4439622cf3e4f9147/element HTTP/1.1" 404 0
2025-04-17 09:25:09,920 - DEBUG - [remote_connection.py:436] - Remote response: status=404 | data={"value":{"error":"no such element","message":"no such element: Unable to locate element: {\"method\":\"css selector\",\"selector\":\".trending-weapons .weapon-row\"}\n  (Session info: chrome=135.0.7049.85)","stacktrace":"\tGetHandleVerifier [0x00007FF657335355+78597]\n\tGetHandleVerifier [0x00007FF6573353B0+78688]\n\t(No symbol) [0x00007FF6570E91AA]\n\t(No symbol) [0x00007FF65713F149]\n\t(No symbol) [0x00007FF65713F3FC]\n\t(No symbol) [0x00007FF657192467]\n\t(No symbol) [0x00007FF65716712F]\n\t(No symbol) [0x00007FF65718F2BB]\n\t(No symbol) [0x00007FF657166EC3]\n\t(No symbol) [0x00007FF6571303F8]\n\t(No symbol) [0x00007FF657131163]\n\tGetHandleVerifier [0x00007FF6575DEF0D+2870973]\n\tGetHandleVerifier [0x00007FF6575D96B8+2848360]\n\tGetHandleVerifier [0x00007FF6575F6993+2967875]\n\tGetHandleVerifier [0x00007FF65735019A+188746]\n\tGetHandleVerifier [0x00007FF65735847F+222255]\n\tGetHandleVerifier [0x00007FF65733D2D4+111236]\n\tGetHandleVerifier [0x00007FF65733D482+111666]\n\tGetHandleVerifier [0x00007FF6573235A9+5465]\n\tBaseThreadInitThunk [0x00007FFA9441E8D7+23]\n\tRtlUserThreadStart [0x00007FFA959314FC+44]\n"}} | headers=HTTPHeaderDict({'Content-Length': '1131', 'Content-Type': 'application/json; charset=utf-8', 'cache-control': 'no-cache'})
2025-04-17 09:25:09,920 - DEBUG - [remote_connection.py:465] - Finished Request
2025-04-17 09:25:10,422 - DEBUG - [remote_connection.py:403] - POST http://localhost:61113/session/655164c2e6db67f4439622cf3e4f9147/element {'using': 'css selector', 'value': '.trending-weapons .weapon-row'}
2025-04-17 09:25:10,431 - DEBUG - [connectionpool.py:544] - http://localhost:61113 "POST /session/655164c2e6db67f4439622cf3e4f9147/element HTTP/1.1" 404 0
2025-04-17 09:25:10,432 - DEBUG - [remote_connection.py:436] - Remote response: status=404 | data={"value":{"error":"no such element","message":"no such element: Unable to locate element: {\"method\":\"css selector\",\"selector\":\".trending-weapons .weapon-row\"}\n  (Session info: chrome=135.0.7049.85)","stacktrace":"\tGetHandleVerifier [0x00007FF657335355+78597]\n\tGetHandleVerifier [0x00007FF6573353B0+78688]\n\t(No symbol) [0x00007FF6570E91AA]\n\t(No symbol) [0x00007FF65713F149]\n\t(No symbol) [0x00007FF65713F3FC]\n\t(No symbol) [0x00007FF657192467]\n\t(No symbol) [0x00007FF65716712F]\n\t(No symbol) [0x00007FF65718F2BB]\n\t(No symbol) [0x00007FF657166EC3]\n\t(No symbol) [0x00007FF6571303F8]\n\t(No symbol) [0x00007FF657131163]\n\tGetHandleVerifier [0x00007FF6575DEF0D+2870973]\n\tGetHandleVerifier [0x00007FF6575D96B8+2848360]\n\tGetHandleVerifier [0x00007FF6575F6993+2967875]\n\tGetHandleVerifier [0x00007FF65735019A+188746]\n\tGetHandleVerifier [0x00007FF65735847F+222255]\n\tGetHandleVerifier [0x00007FF65733D2D4+111236]\n\tGetHandleVerifier [0x00007FF65733D482+111666]\n\tGetHandleVerifier [0x00007FF6573235A9+5465]\n\tBaseThreadInitThunk [0x00007FFA9441E8D7+23]\n\tRtlUserThreadStart [0x00007FFA959314FC+44]\n"}} | headers=HTTPHeaderDict({'Content-Length': '1131', 'Content-Type': 'application/json; charset=utf-8', 'cache-control': 'no-cache'})
2025-04-17 09:25:10,432 - DEBUG - [remote_connection.py:465] - Finished Request
2025-04-17 09:25:10,484 - DEBUG - [connectionpool.py:544] - http://localhost:61153 "POST /session HTTP/1.1" 200 0
2025-04-17 09:25:10,485 - DEBUG - [remote_connection.py:436] - Remote response: status=200 | data={"value":{"capabilities":{"acceptInsecureCerts":false,"browserName":"chrome","browserVersion":"135.0.7049.85","chrome":{"chromedriverVersion":"135.0.7049.95 (de2eb485a1951079e63bdb57ce25544d2dc79c15-refs/branch-heads/7049@{#1836})","userDataDir":"C:\\Users\\perio\\AppData\\Local\\Temp\\scoped_dir13896_1482073690"},"fedcm:accounts":true,"goog:chromeOptions":{"debuggerAddress":"localhost:61157"},"networkConnectionEnabled":false,"pageLoadStrategy":"normal","platformName":"windows","proxy":{},"setWindowRect":true,"strictFileInteractability":false,"timeouts":{"implicit":0,"pageLoad":300000,"script":30000},"unhandledPromptBehavior":"dismiss and notify","webauthn:extension:credBlob":true,"webauthn:extension:largeBlob":true,"webauthn:extension:minPinLength":true,"webauthn:extension:prf":true,"webauthn:virtualAuthenticators":true},"sessionId":"95cd82ba90675a5ec279db30f48d317e"}} | headers=HTTPHeaderDict({'Content-Length': '882', 'Content-Type': 'application/json; charset=utf-8', 'cache-control': 'no-cache'})
2025-04-17 09:25:10,485 - DEBUG - [remote_connection.py:465] - Finished Request
2025-04-17 09:25:10,486 - INFO - [meta_page.py:62] - Accès à https://www.light.gg/god-roll/
2025-04-17 09:25:10,486 - DEBUG - [remote_connection.py:403] - POST http://localhost:61153/session/95cd82ba90675a5ec279db30f48d317e/url {'url': 'https://www.light.gg/god-roll/'}
2025-04-17 09:25:10,934 - DEBUG - [remote_connection.py:403] - POST http://localhost:61113/session/655164c2e6db67f4439622cf3e4f9147/element {'using': 'css selector', 'value': '.trending-weapons .weapon-row'}
2025-04-17 09:25:10,945 - DEBUG - [connectionpool.py:544] - http://localhost:61113 "POST /session/655164c2e6db67f4439622cf3e4f9147/element HTTP/1.1" 404 0
2025-04-17 09:25:10,945 - DEBUG - [remote_connection.py:436] - Remote response: status=404 | data={"value":{"error":"no such element","message":"no such element: Unable to locate element: {\"method\":\"css selector\",\"selector\":\".trending-weapons .weapon-row\"}\n  (Session info: chrome=135.0.7049.85)","stacktrace":"\tGetHandleVerifier [0x00007FF657335355+78597]\n\tGetHandleVerifier [0x00007FF6573353B0+78688]\n\t(No symbol) [0x00007FF6570E91AA]\n\t(No symbol) [0x00007FF65713F149]\n\t(No symbol) [0x00007FF65713F3FC]\n\t(No symbol) [0x00007FF657192467]\n\t(No symbol) [0x00007FF65716712F]\n\t(No symbol) [0x00007FF65718F2BB]\n\t(No symbol) [0x00007FF657166EC3]\n\t(No symbol) [0x00007FF6571303F8]\n\t(No symbol) [0x00007FF657131163]\n\tGetHandleVerifier [0x00007FF6575DEF0D+2870973]\n\tGetHandleVerifier [0x00007FF6575D96B8+2848360]\n\tGetHandleVerifier [0x00007FF6575F6993+2967875]\n\tGetHandleVerifier [0x00007FF65735019A+188746]\n\tGetHandleVerifier [0x00007FF65735847F+222255]\n\tGetHandleVerifier [0x00007FF65733D2D4+111236]\n\tGetHandleVerifier [0x00007FF65733D482+111666]\n\tGetHandleVerifier [0x00007FF6573235A9+5465]\n\tBaseThreadInitThunk [0x00007FFA9441E8D7+23]\n\tRtlUserThreadStart [0x00007FFA959314FC+44]\n"}} | headers=HTTPHeaderDict({'Content-Length': '1131', 'Content-Type': 'application/json; charset=utf-8', 'cache-control': 'no-cache'})
2025-04-17 09:25:10,946 - DEBUG - [remote_connection.py:465] - Finished Request
2025-04-17 09:25:11,470 - DEBUG - [remote_connection.py:403] - POST http://localhost:61113/session/655164c2e6db67f4439622cf3e4f9147/element {'using': 'css selector', 'value': '.trending-weapons .weapon-row'}
2025-04-17 09:25:11,619 - DEBUG - [connectionpool.py:544] - http://localhost:61113 "POST /session/655164c2e6db67f4439622cf3e4f9147/element HTTP/1.1" 404 0
2025-04-17 09:25:11,655 - DEBUG - [remote_connection.py:436] - Remote response: status=404 | data={"value":{"error":"no such element","message":"no such element: Unable to locate element: {\"method\":\"css selector\",\"selector\":\".trending-weapons .weapon-row\"}\n  (Session info: chrome=135.0.7049.85)","stacktrace":"\tGetHandleVerifier [0x00007FF657335355+78597]\n\tGetHandleVerifier [0x00007FF6573353B0+78688]\n\t(No symbol) [0x00007FF6570E91AA]\n\t(No symbol) [0x00007FF65713F149]\n\t(No symbol) [0x00007FF65713F3FC]\n\t(No symbol) [0x00007FF657192467]\n\t(No symbol) [0x00007FF65716712F]\n\t(No symbol) [0x00007FF65718F2BB]\n\t(No symbol) [0x00007FF657166EC3]\n\t(No symbol) [0x00007FF6571303F8]\n\t(No symbol) [0x00007FF657131163]\n\tGetHandleVerifier [0x00007FF6575DEF0D+2870973]\n\tGetHandleVerifier [0x00007FF6575D96B8+2848360]\n\tGetHandleVerifier [0x00007FF6575F6993+2967875]\n\tGetHandleVerifier [0x00007FF65735019A+188746]\n\tGetHandleVerifier [0x00007FF65735847F+222255]\n\tGetHandleVerifier [0x00007FF65733D2D4+111236]\n\tGetHandleVerifier [0x00007FF65733D482+111666]\n\tGetHandleVerifier [0x00007FF6573235A9+5465]\n\tBaseThreadInitThunk [0x00007FFA9441E8D7+23]\n\tRtlUserThreadStart [0x00007FFA959314FC+44]\n"}} | headers=HTTPHeaderDict({'Content-Length': '1131', 'Content-Type': 'application/json; charset=utf-8', 'cache-control': 'no-cache'})
2025-04-17 09:25:11,681 - DEBUG - [remote_connection.py:465] - Finished Request
2025-04-17 09:25:11,758 - DEBUG - [connectionpool.py:544] - http://localhost:61153 "POST /session/95cd82ba90675a5ec279db30f48d317e/url HTTP/1.1" 200 0
2025-04-17 09:25:11,792 - DEBUG - [remote_connection.py:436] - Remote response: status=200 | data={"value":null} | headers=HTTPHeaderDict({'Content-Length': '14', 'Content-Type': 'application/json; charset=utf-8', 'cache-control': 'no-cache'})
2025-04-17 09:25:11,818 - DEBUG - [remote_connection.py:465] - Finished Request
2025-04-17 09:25:11,852 - INFO - [meta_page.py:67] - Attente du chargement des données...
2025-04-17 09:25:11,878 - DEBUG - [remote_connection.py:403] - POST http://localhost:61153/session/95cd82ba90675a5ec279db30f48d317e/element {'using': 'css selector', 'value': '.trending-weapons .weapon-row'}
2025-04-17 09:25:12,036 - DEBUG - [connectionpool.py:544] - http://localhost:61153 "POST /session/95cd82ba90675a5ec279db30f48d317e/element HTTP/1.1" 404 0
2025-04-17 09:25:12,069 - DEBUG - [remote_connection.py:436] - Remote response: status=404 | data={"value":{"error":"no such element","message":"no such element: Unable to locate element: {\"method\":\"css selector\",\"selector\":\".trending-weapons .weapon-row\"}\n  (Session info: chrome=135.0.7049.85)","stacktrace":"\tGetHandleVerifier [0x00007FF657335355+78597]\n\tGetHandleVerifier [0x00007FF6573353B0+78688]\n\t(No symbol) [0x00007FF6570E91AA]\n\t(No symbol) [0x00007FF65713F149]\n\t(No symbol) [0x00007FF65713F3FC]\n\t(No symbol) [0x00007FF657192467]\n\t(No symbol) [0x00007FF65716712F]\n\t(No symbol) [0x00007FF65718F2BB]\n\t(No symbol) [0x00007FF657166EC3]\n\t(No symbol) [0x00007FF6571303F8]\n\t(No symbol) [0x00007FF657131163]\n\tGetHandleVerifier [0x00007FF6575DEF0D+2870973]\n\tGetHandleVerifier [0x00007FF6575D96B8+2848360]\n\tGetHandleVerifier [0x00007FF6575F6993+2967875]\n\tGetHandleVerifier [0x00007FF65735019A+188746]\n\tGetHandleVerifier [0x00007FF65735847F+222255]\n\tGetHandleVerifier [0x00007FF65733D2D4+111236]\n\tGetHandleVerifier [0x00007FF65733D482+111666]\n\tGetHandleVerifier [0x00007FF6573235A9+5465]\n\tBaseThreadInitThunk [0x00007FFA9441E8D7+23]\n\tRtlUserThreadStart [0x00007FFA959314FC+44]\n"}} | headers=HTTPHeaderDict({'Content-Length': '1131', 'Content-Type': 'application/json; charset=utf-8', 'cache-control': 'no-cache'})
2025-04-17 09:25:12,104 - DEBUG - [remote_connection.py:465] - Finished Request
2025-04-17 09:25:12,228 - DEBUG - [remote_connection.py:403] - POST http://localhost:61113/session/655164c2e6db67f4439622cf3e4f9147/element {'using': 'css selector', 'value': '.trending-weapons .weapon-row'}
2025-04-17 09:25:12,397 - DEBUG - [connectionpool.py:544] - http://localhost:61113 "POST /session/655164c2e6db67f4439622cf3e4f9147/element HTTP/1.1" 404 0
2025-04-17 09:25:12,425 - DEBUG - [remote_connection.py:436] - Remote response: status=404 | data={"value":{"error":"no such element","message":"no such element: Unable to locate element: {\"method\":\"css selector\",\"selector\":\".trending-weapons .weapon-row\"}\n  (Session info: chrome=135.0.7049.85)","stacktrace":"\tGetHandleVerifier [0x00007FF657335355+78597]\n\tGetHandleVerifier [0x00007FF6573353B0+78688]\n\t(No symbol) [0x00007FF6570E91AA]\n\t(No symbol) [0x00007FF65713F149]\n\t(No symbol) [0x00007FF65713F3FC]\n\t(No symbol) [0x00007FF657192467]\n\t(No symbol) [0x00007FF65716712F]\n\t(No symbol) [0x00007FF65718F2BB]\n\t(No symbol) [0x00007FF657166EC3]\n\t(No symbol) [0x00007FF6571303F8]\n\t(No symbol) [0x00007FF657131163]\n\tGetHandleVerifier [0x00007FF6575DEF0D+2870973]\n\tGetHandleVerifier [0x00007FF6575D96B8+2848360]\n\tGetHandleVerifier [0x00007FF6575F6993+2967875]\n\tGetHandleVerifier [0x00007FF65735019A+188746]\n\tGetHandleVerifier [0x00007FF65735847F+222255]\n\tGetHandleVerifier [0x00007FF65733D2D4+111236]\n\tGetHandleVerifier [0x00007FF65733D482+111666]\n\tGetHandleVerifier [0x00007FF6573235A9+5465]\n\tBaseThreadInitThunk [0x00007FFA9441E8D7+23]\n\tRtlUserThreadStart [0x00007FFA959314FC+44]\n"}} | headers=HTTPHeaderDict({'Content-Length': '1131', 'Content-Type': 'application/json; charset=utf-8', 'cache-control': 'no-cache'})
2025-04-17 09:25:12,453 - DEBUG - [remote_connection.py:465] - Finished Request
2025-04-17 09:25:12,641 - DEBUG - [remote_connection.py:403] - POST http://localhost:61153/session/95cd82ba90675a5ec279db30f48d317e/element {'using': 'css selector', 'value': '.trending-weapons .weapon-row'}
2025-04-17 09:25:12,747 - DEBUG - [connectionpool.py:544] - http://localhost:61153 "POST /session/95cd82ba90675a5ec279db30f48d317e/element HTTP/1.1" 404 0
2025-04-17 09:25:12,748 - DEBUG - [remote_connection.py:436] - Remote response: status=404 | data={"value":{"error":"no such element","message":"no such element: Unable to locate element: {\"method\":\"css selector\",\"selector\":\".trending-weapons .weapon-row\"}\n  (Session info: chrome=135.0.7049.85)","stacktrace":"\tGetHandleVerifier [0x00007FF657335355+78597]\n\tGetHandleVerifier [0x00007FF6573353B0+78688]\n\t(No symbol) [0x00007FF6570E91AA]\n\t(No symbol) [0x00007FF65713F149]\n\t(No symbol) [0x00007FF65713F3FC]\n\t(No symbol) [0x00007FF657192467]\n\t(No symbol) [0x00007FF65716712F]\n\t(No symbol) [0x00007FF65718F2BB]\n\t(No symbol) [0x00007FF657166EC3]\n\t(No symbol) [0x00007FF6571303F8]\n\t(No symbol) [0x00007FF657131163]\n\tGetHandleVerifier [0x00007FF6575DEF0D+2870973]\n\tGetHandleVerifier [0x00007FF6575D96B8+2848360]\n\tGetHandleVerifier [0x00007FF6575F6993+2967875]\n\tGetHandleVerifier [0x00007FF65735019A+188746]\n\tGetHandleVerifier [0x00007FF65735847F+222255]\n\tGetHandleVerifier [0x00007FF65733D2D4+111236]\n\tGetHandleVerifier [0x00007FF65733D482+111666]\n\tGetHandleVerifier [0x00007FF6573235A9+5465]\n\tBaseThreadInitThunk [0x00007FFA9441E8D7+23]\n\tRtlUserThreadStart [0x00007FFA959314FC+44]\n"}} | headers=HTTPHeaderDict({'Content-Length': '1131', 'Content-Type': 'application/json; charset=utf-8', 'cache-control': 'no-cache'})
2025-04-17 09:25:12,748 - DEBUG - [remote_connection.py:465] - Finished Request
